========================================================================
||
||     PSStat - Static Solver
||     Version 8.0 U, Release 17, Build 2459, Aug 18 2023 08:49:32 
||
========================================================================

Loading system ...

System has been loaded successfully.
System analysis ...
========================================================================
System model contains 313 variables
106 variables set to fixed values
System to be solved contains 207 variables and 207 equations
159 groups found. Largest group contains 49 variables.
========================================================================
System analysis finished.


Starting system solution .... 
========================================================================
--------------------------------------------------
Solving group 1, a group with 1 elements

Group contains the following variables:
retentate_organic.SubstNr

Group contains the following equations:
retentate_organic.fSubstNr1

Initializing ...
Group converged with errf= 0 (<=5.65233e-05)
--------------------------------------------------
Solving group 2, a group with 1 elements

Group contains the following variables:
permeate_before_cmp.water_content

Group contains the following equations:
cmp_permeate.f_water

Initializing ...
errf = 1 (>5.65233e-05)


1. iteration step
errx = 0.0102041 (>5.65233e-05)
Group converged with errf= 0 (<=5.65233e-05)
--------------------------------------------------
Solving group 3, a group with 1 elements

Group contains the following variables:
permeate_before_cmp.ash_content

Group contains the following equations:
cmp_permeate.f_ash

Initializing ...
Group converged with errf= 4.44089e-16 (<=5.65233e-05)
--------------------------------------------------
Solving group 4, a group with 1 elements

Group contains the following variables:
permeate_organic.wH

Group contains the following equations:
cmp_permeate.fH_wf

Initializing ...
errf = 0.05 (>5.65233e-05)


1. iteration step
errx = 0.005 (>5.65233e-05)
Group converged with errf= 0 (<=5.65233e-05)
--------------------------------------------------
Solving group 5, a group with 1 elements

Group contains the following variables:
feed_before_cmp.water_content

Group contains the following equations:
cmp_feed.f_water

Initializing ...
Group converged with errf= 0 (<=5.65233e-05)
--------------------------------------------------
Solving group 6, a group with 1 elements

Group contains the following variables:
feed_before_cmp.ash_content

Group contains the following equations:
cmp_feed.f_ash

Initializing ...
errf = 2.85 (>5.65233e-05)


1. iteration step
errx = 0.95 (>5.65233e-05)
Group converged with errf= 0 (<=5.65233e-05)
--------------------------------------------------
Solving group 7, a group with 1 elements

Group contains the following variables:
feed_organic.wH

Group contains the following equations:
cmp_feed.fH_wf

Initializing ...
errf = 0.21 (>5.65233e-05)


1. iteration step
errx = 0.03 (>5.65233e-05)
Group converged with errf= 8.88178e-16 (<=5.65233e-05)
--------------------------------------------------
Solving group 8, a group with 1 elements

Group contains the following variables:
retentate_before_cmp.water_content

Group contains the following equations:
cmp_retentate.f_water

Initializing ...
Group converged with errf= 0 (<=5.65233e-05)
--------------------------------------------------
Solving group 9, a group with 1 elements

Group contains the following variables:
permeate_organic.wO

Group contains the following equations:
cmp_permeate.fO_wf

Initializing ...
errf = 0.225 (>5.65233e-05)


1. iteration step
errx = 0.005 (>5.65233e-05)
Group converged with errf= 7.10543e-15 (<=5.65233e-05)
--------------------------------------------------
Solving group 10, a group with 1 elements

Group contains the following variables:
permeate_organic.wN

Group contains the following equations:
cmp_permeate.fN_wf

Initializing ...
errf = 0.03 (>5.65233e-05)


1. iteration step
errx = 0.005 (>5.65233e-05)
Group converged with errf= 8.88178e-16 (<=5.65233e-05)
--------------------------------------------------
Solving group 11, a group with 1 elements

Group contains the following variables:
permeate_organic.wS

Group contains the following equations:
cmp_permeate.fS_wf

Initializing ...
errf = 0.01 (>5.65233e-05)


1. iteration step
errx = 0.005 (>5.65233e-05)
Group converged with errf= 0 (<=5.65233e-05)
--------------------------------------------------
Solving group 12, a group with 1 elements

Group contains the following variables:
permeate_organic.wCl

Group contains the following equations:
cmp_permeate.fCl_wf

Initializing ...
errf = 0.01 (>5.65233e-05)


1. iteration step
errx = 0.005 (>5.65233e-05)
Group converged with errf= 0 (<=5.65233e-05)
--------------------------------------------------
Solving group 13, a group with 1 elements

Group contains the following variables:
permeate_organic.wC

Group contains the following equations:
permeate_organic.fmass_sum

Initializing ...
errf = 0.00226633 (>5.65233e-05)


1. iteration step
errx = 0.00653623 (>5.65233e-05)
Group converged with errf= 1.11022e-16 (<=5.65233e-05)
--------------------------------------------------
Solving group 14, a group with 1 elements

Group contains the following variables:
feed_organic.wO

Group contains the following equations:
cmp_feed.fO_wf

Initializing ...
errf = 0.75 (>5.65233e-05)


1. iteration step
errx = 0.03 (>5.65233e-05)
Group converged with errf= 3.55271e-15 (<=5.65233e-05)
--------------------------------------------------
Solving group 15, a group with 1 elements

Group contains the following variables:
feed_organic.wN

Group contains the following equations:
cmp_feed.fN_wf

Initializing ...
errf = 0.09 (>5.65233e-05)


1. iteration step
errx = 0.03 (>5.65233e-05)
Group converged with errf= 0 (<=5.65233e-05)
--------------------------------------------------
Solving group 16, a group with 1 elements

Group contains the following variables:
feed_organic.wS

Group contains the following equations:
cmp_feed.fS_wf

Initializing ...
errf = 0.03 (>5.65233e-05)


1. iteration step
errx = 0.03 (>5.65233e-05)
Group converged with errf= 1.11022e-16 (<=5.65233e-05)
--------------------------------------------------
Solving group 17, a group with 1 elements

Group contains the following variables:
feed_organic.wCl

Group contains the following equations:
cmp_feed.fCl_wf

Initializing ...
errf = 0.03 (>5.65233e-05)


1. iteration step
errx = 0.03 (>5.65233e-05)
Group converged with errf= 1.11022e-16 (<=5.65233e-05)
--------------------------------------------------
Solving group 18, a group with 1 elements

Group contains the following variables:
feed_organic.wC

Group contains the following equations:
feed_organic.fmass_sum

Initializing ...
errf = 0.0185567 (>5.65233e-05)


1. iteration step
errx = 0.03 (>5.65233e-05)
Group converged with errf= 0 (<=5.65233e-05)
--------------------------------------------------
Solving group 19, a group with 1 elements

Group contains the following variables:
feed_after_cmp.water_content

Group contains the following equations:
cmp_feed.f_water_content

Initializing ...
Group converged with errf= 0 (<=5.65233e-05)
--------------------------------------------------
Solving group 20, a group with 1 elements

Group contains the following variables:
feed_after_cmp.ash_content

Group contains the following equations:
cmp_feed.f_ash_content

Initializing ...
errf = 0.0057 (>5.65233e-05)


1. iteration step
errx = 0.95 (>5.65233e-05)
Group converged with errf= 0 (<=5.65233e-05)
--------------------------------------------------
Solving group 21, a group with 1 elements

Group contains the following variables:
feed_after_cmp.massflow

Group contains the following equations:
cmp_feed.f_mass

Initializing ...
Group converged with errf= 0 (<=5.65233e-05)
--------------------------------------------------
Solving group 22, a group with 1 elements

Group contains the following variables:
permeate_ash.wAsh

Group contains the following equations:
permeate_ash.fmass

Initializing ...
Group converged with errf= 0 (<=5.65233e-05)
--------------------------------------------------
Solving group 23, a group with 1 elements

Group contains the following variables:
feed_ash.wAsh

Group contains the following equations:
feed_ash.fmass

Initializing ...
Group converged with errf= 0 (<=5.65233e-05)
--------------------------------------------------
Solving group 24, a group with 49 elements

Group contains the following variables:
retentate_organic.wCl	retentate_organic.wS	retentate_organic.wN	retentate_organic.wO
retentate_ash.wZrO2	retentate_ash.wZnS	retentate_ash.wZnO	retentate_ash.wTiO2
retentate_ash.wSiO2	retentate_ash.wNiAl2O4	retentate_ash.wNiO	retentate_ash.wNi
retentate_ash.wNa2O	retentate_ash.wNaCl	retentate_ash.wMnO2	retentate_ash.wMn2O3
retentate_ash.wMn3O4	retentate_ash.wMnO	retentate_ash.wMn	retentate_ash.wMg2SiO4
retentate_ash.wMgO	retentate_ash.wMgCO3	retentate_ash.wMgAl2O4	retentate_ash.wK2O
retentate_ash.wFe2SiO4	retentate_ash.wFe2O3	retentate_ash.wFe3O4	retentate_ash.wFeO
retentate_ash.wFe	retentate_ash.wCuS	retentate_ash.wCuAl2O4	retentate_ash.wCuO
retentate_ash.wCu2O	retentate_ash.wCu	retentate_ash.wCoO	retentate_ash.wCo
retentate_ash.wCaSO4	retentate_ash.wCaS	retentate_ash.wCaOH2	retentate_ash.wCaO
retentate_ash.wCaCO3	retentate_ash.wCaCl2	retentate_ash.wCaAl2O4	retentate_before_cmp.massflow
retentate_ash.wAl2O3	retentate_ash.wAsh	retentate_before_cmp.ash_content	retentate_organic.wH
retentate_organic.wC

Group contains the following equations:
membrane_unit.f1Cl	membrane_unit.f1S	membrane_unit.f1N	membrane_unit.f1O
membrane_unit.fZrO2	membrane_unit.fZnS	membrane_unit.fZnO	membrane_unit.fTiO2
membrane_unit.fSiO2	membrane_unit.fNiAl2O4	membrane_unit.fNiO	membrane_unit.fNi
membrane_unit.fNa2O	membrane_unit.fNaCl	membrane_unit.fMnO2	membrane_unit.fMn2O3
membrane_unit.fMn3O4	membrane_unit.fMnO	membrane_unit.fMn	membrane_unit.fMg2SiO4
membrane_unit.fMgO	membrane_unit.fMgCO3	membrane_unit.fMgAl2O4	membrane_unit.fK2O
membrane_unit.fFe2SiO4	membrane_unit.fFe2O3	membrane_unit.fFe3O4	membrane_unit.fFeO
membrane_unit.fFe	membrane_unit.fCuS	membrane_unit.fCuAl2O4	membrane_unit.fCuO
membrane_unit.fCu2O	membrane_unit.fCu	membrane_unit.fCoO	membrane_unit.fCo
membrane_unit.fCaSO4	membrane_unit.fCaS	membrane_unit.fCaOH2	membrane_unit.fCaO
membrane_unit.fCaCO3	membrane_unit.fCaCl2	membrane_unit.fCaAl2O4	membrane_unit.f1C
membrane_unit.fAl2O3	retentate_ash.fmass	membrane_unit.fAsh	membrane_unit.f1H
retentate_organic.fmass_sum

Initializing ...
errf = 12327.1 (>0.000395663)


1. iteration step
errx = 4.66375 (>0.000395663)
errf = 22569.3 (>0.000395663)


2. iteration step
errx = 2.07805 (>0.000395663)
errf = 37144.6 (>0.000395663)


3. iteration step
errx = 403.711 (>0.000395663)
errf = 2866.65 (>0.000395663)


4. iteration step
errx = 68.2447 (>0.000395663)
Group converged with errf= 5.74557e-11 (<=0.000395663)
--------------------------------------------------
Solving group 25, a group with 1 elements

Group contains the following variables:
retentate_organic.lhv

Group contains the following equations:
retentate_organic.flhv_boie

Initializing ...
errf = 26208.1 (>5.65233e-05)


1. iteration step
errx = 0.999962 (>5.65233e-05)
Group converged with errf= 0 (<=5.65233e-05)
--------------------------------------------------
Solving group 26, a group with 1 elements

Group contains the following variables:
retentate_organic.hhv

Group contains the following equations:
retentate_organic.fhhv

Initializing ...
errf = 27756.9 (>5.65233e-05)


1. iteration step
errx = 0.999964 (>5.65233e-05)
Group converged with errf= 0 (<=5.65233e-05)
--------------------------------------------------
Solving group 27, a group with 1 elements

Group contains the following variables:
retentate_organic.hf298

Group contains the following equations:
retentate_organic.fhf1

Initializing ...
errf = 3041.44 (>5.65233e-05)


1. iteration step
errx = 1.00033 (>5.65233e-05)
Group converged with errf= 0 (<=5.65233e-05)
--------------------------------------------------
Solving group 28, a group with 1 elements

Group contains the following variables:
retentate_organic.e_chem

Group contains the following equations:
retentate_organic.fe_chem

Initializing ...
errf = 27756.9 (>5.65233e-05)


1. iteration step
errx = 0.999964 (>5.65233e-05)
Group converged with errf= 0 (<=5.65233e-05)
--------------------------------------------------
Solving group 29, a group with 1 elements

Group contains the following variables:
permeate_organic.SubstNr

Group contains the following equations:
permeate_organic.fSubstNr1

Initializing ...
Group converged with errf= 0 (<=5.65233e-05)
--------------------------------------------------
Solving group 30, a group with 1 elements

Group contains the following variables:
permeate_organic.lhv

Group contains the following equations:
permeate_organic.flhv_boie

Initializing ...
errf = 17216.3 (>5.65233e-05)


1. iteration step
errx = 0.999942 (>5.65233e-05)
Group converged with errf= 0 (<=5.65233e-05)
--------------------------------------------------
Solving group 31, a group with 1 elements

Group contains the following variables:
permeate_organic.hhv

Group contains the following equations:
permeate_organic.fhhv

Initializing ...
errf = 19410.1 (>5.65233e-05)


1. iteration step
errx = 0.999948 (>5.65233e-05)
Group converged with errf= 0 (<=5.65233e-05)
--------------------------------------------------
Solving group 32, a group with 1 elements

Group contains the following variables:
permeate_organic.hf298

Group contains the following equations:
permeate_organic.fhf1

Initializing ...
errf = 6385.99 (>5.65233e-05)


1. iteration step
errx = 1.00016 (>5.65233e-05)
Group converged with errf= 0 (<=5.65233e-05)
--------------------------------------------------
Solving group 33, a group with 1 elements

Group contains the following variables:
permeate_organic.e_chem

Group contains the following equations:
permeate_organic.fe_chem

Initializing ...
errf = 19410.1 (>5.65233e-05)


1. iteration step
errx = 0.999948 (>5.65233e-05)
Group converged with errf= 0 (<=5.65233e-05)
--------------------------------------------------
Solving group 34, a group with 1 elements

Group contains the following variables:
feed_organic.SubstNr

Group contains the following equations:
feed_organic.fSubstNr1

Initializing ...
Group converged with errf= 0 (<=5.65233e-05)
--------------------------------------------------
Solving group 35, a group with 1 elements

Group contains the following variables:
feed_organic.lhv

Group contains the following equations:
feed_organic.flhv_boie

Initializing ...
errf = 25839.2 (>5.65233e-05)


1. iteration step
errx = 0.999961 (>5.65233e-05)
Group converged with errf= 0 (<=5.65233e-05)
--------------------------------------------------
Solving group 36, a group with 1 elements

Group contains the following variables:
feed_organic.hhv

Group contains the following equations:
feed_organic.fhhv

Initializing ...
errf = 27414.4 (>5.65233e-05)


1. iteration step
errx = 0.999964 (>5.65233e-05)
Group converged with errf= 0 (<=5.65233e-05)
--------------------------------------------------
Solving group 37, a group with 1 elements

Group contains the following variables:
feed_organic.hf298

Group contains the following equations:
feed_organic.fhf1

Initializing ...
errf = 3178.67 (>5.65233e-05)


1. iteration step
errx = 1.00031 (>5.65233e-05)
Group converged with errf= 0 (<=5.65233e-05)
--------------------------------------------------
Solving group 38, a group with 1 elements

Group contains the following variables:
feed_organic.e_chem

Group contains the following equations:
feed_organic.fe_chem

Initializing ...
errf = 27414.4 (>5.65233e-05)


1. iteration step
errx = 0.999964 (>5.65233e-05)
Group converged with errf= 0 (<=5.65233e-05)
--------------------------------------------------
Solving group 39, a group with 1 elements

Group contains the following variables:
retentate_ash.rho

Group contains the following equations:
retentate_ash.frho

Initializing ...
errf = 2649 (>5.65233e-05)


1. iteration step
errx = 2649 (>5.65233e-05)
Group converged with errf= 0 (<=5.65233e-05)
--------------------------------------------------
Solving group 40, a group with 1 elements

Group contains the following variables:
permeate_ash.rho

Group contains the following equations:
permeate_ash.frho

Initializing ...
errf = 2649 (>5.65233e-05)


1. iteration step
errx = 2649 (>5.65233e-05)
Group converged with errf= 0 (<=5.65233e-05)
--------------------------------------------------
Solving group 41, a group with 1 elements

Group contains the following variables:
feed_ash.rho

Group contains the following equations:
feed_ash.frho

Initializing ...
errf = 2649 (>5.65233e-05)


1. iteration step
errx = 2649 (>5.65233e-05)
Group converged with errf= 0 (<=5.65233e-05)
--------------------------------------------------
Solving group 42, a group with 1 elements

Group contains the following variables:
feed_after_cmp.p

Group contains the following equations:
cmp_feed.f_press

Initializing ...
Group converged with errf= 0 (<=5.65233e-05)
--------------------------------------------------
Solving group 43, a group with 1 elements

Group contains the following variables:
retentate_before_cmp.p

Group contains the following equations:
membrane_unit.fpress2

Initializing ...
Group converged with errf= 0 (<=5.65233e-05)
--------------------------------------------------
Solving group 44, a group with 1 elements

Group contains the following variables:
retentate_after_cmp.p

Group contains the following equations:
cmp_retentate.f_press

Initializing ...
Group converged with errf= 0 (<=5.65233e-05)
--------------------------------------------------
Solving group 45, a group with 1 elements

Group contains the following variables:
feed_after_cmp.t

Group contains the following equations:
cmp_feed.f_temp

Initializing ...
Group converged with errf= 0 (<=5.65233e-05)
--------------------------------------------------
Solving group 46, a group with 1 elements

Group contains the following variables:
retentate_before_cmp.t

Group contains the following equations:
membrane_unit.ftemp2

Initializing ...
Group converged with errf= 0 (<=5.65233e-05)
--------------------------------------------------
Solving group 47, a group with 1 elements

Group contains the following variables:
retentate_after_cmp.t

Group contains the following equations:
cmp_retentate.f_temp

Initializing ...
Group converged with errf= 0 (<=5.65233e-05)
--------------------------------------------------
Solving group 48, a group with 1 elements

Group contains the following variables:
feed_after_cmp.rho

Group contains the following equations:
cmp_feed.f_dens

Initializing ...
Group converged with errf= 0 (<=5.65233e-05)
--------------------------------------------------
Solving group 49, a group with 1 elements

Group contains the following variables:
retentate_before_cmp.rho

Group contains the following equations:
membrane_unit.fdens2

Initializing ...
Group converged with errf= 0 (<=5.65233e-05)
--------------------------------------------------
Solving group 50, a group with 1 elements

Group contains the following variables:
retentate_after_cmp.rho

Group contains the following equations:
cmp_retentate.f_dens

Initializing ...
Group converged with errf= 0 (<=5.65233e-05)
--------------------------------------------------
Solving group 51, a group with 1 elements

Group contains the following variables:
retentate_after_cmp.h_waf

Group contains the following equations:
retentate_after_cmp.fh

Initializing ...
errf = 60.6448 (>5.65233e-05)


1. iteration step
errx = 0.983778 (>5.65233e-05)
Group converged with errf= 0 (<=5.65233e-05)
--------------------------------------------------
Solving group 52, a group with 1 elements

Group contains the following variables:
retentate_after_cmp.s_waf

Group contains the following equations:
retentate_after_cmp.fs

Initializing ...
errf = 0.197037 (>5.65233e-05)


1. iteration step
errx = 0.245387 (>5.65233e-05)
Group converged with errf= 0 (<=5.65233e-05)
--------------------------------------------------
Solving group 53, a group with 1 elements

Group contains the following variables:
retentate_after_cmp.e_waf

Group contains the following equations:
retentate_after_cmp.fe

Initializing ...
errf = 27758.2 (>5.65233e-05)


1. iteration step
errx = 0.999964 (>5.65233e-05)
Group converged with errf= 0 (<=5.65233e-05)
--------------------------------------------------
Solving group 54, a group with 1 elements

Group contains the following variables:
retentate_after_cmp.water_content

Group contains the following equations:
cmp_retentate.f_water_content

Initializing ...
Group converged with errf= 0 (<=5.65233e-05)
--------------------------------------------------
Solving group 55, a group with 1 elements

Group contains the following variables:
retentate_after_cmp.ash_content

Group contains the following equations:
cmp_retentate.f_ash_content

Initializing ...
errf = 0.990067 (>5.65233e-05)


1. iteration step
errx = 99.6711 (>5.65233e-05)
Group converged with errf= 1.9082e-17 (<=5.65233e-05)
--------------------------------------------------
Solving group 56, a group with 1 elements

Group contains the following variables:
retentate_after_cmp.h_total

Group contains the following equations:
retentate_after_cmp.fh_total2

Initializing ...
errf = 11754.8 (>5.65233e-05)


1. iteration step
errx = 1.00009 (>5.65233e-05)
Group converged with errf= 0 (<=5.65233e-05)
--------------------------------------------------
Solving group 57, a group with 1 elements

Group contains the following variables:
retentate_after_cmp.lhv

Group contains the following equations:
retentate_after_cmp.flhv

Initializing ...
errf = 6464.6 (>5.65233e-05)


1. iteration step
errx = 0.999845 (>5.65233e-05)
Group converged with errf= 0 (<=5.65233e-05)
--------------------------------------------------
Solving group 58, a group with 1 elements

Group contains the following variables:
retentate_after_cmp.hhv

Group contains the following equations:
retentate_after_cmp.fhhv

Initializing ...
errf = 8605.8 (>5.65233e-05)


1. iteration step
errx = 0.999884 (>5.65233e-05)
Group converged with errf= 0 (<=5.65233e-05)
--------------------------------------------------
Solving group 59, a group with 1 elements

Group contains the following variables:
retentate_after_cmp.massflow

Group contains the following equations:
cmp_retentate.f_mass

Initializing ...
Group converged with errf= 9.09495e-13 (<=5.65233e-05)
--------------------------------------------------
Solving group 60, a group with 1 elements

Group contains the following variables:
retentate_after_cmp.volflow

Group contains the following equations:
retentate_after_cmp.fvolflow

Initializing ...
Group converged with errf= 0 (<=5.65233e-05)
--------------------------------------------------
Solving group 61, a group with 1 elements

Group contains the following variables:
retentate_after_cmp.Energy

Group contains the following equations:
retentate_after_cmp.fEnergy2

Initializing ...
errf = 3.97638e+07 (>5.65233e-05)


1. iteration step
errx = 0.999909 (>5.65233e-05)
Group converged with errf= 0 (<=5.65233e-05)
--------------------------------------------------
Solving group 62, a group with 1 elements

Group contains the following variables:
retentate_after_cmp.Exergy

Group contains the following equations:
retentate_after_cmp.fExergy2

Initializing ...
errf = 5.18662e+07 (>5.65233e-05)


1. iteration step
errx = 0.999931 (>5.65233e-05)
Group converged with errf= 0 (<=5.65233e-05)
--------------------------------------------------
Solving group 63, a group with 1 elements

Group contains the following variables:
permeate_before_cmp.p

Group contains the following equations:
membrane_unit.fpress1

Initializing ...
Group converged with errf= 0 (<=5.65233e-05)
--------------------------------------------------
Solving group 64, a group with 1 elements

Group contains the following variables:
permeate_after_cmp.p

Group contains the following equations:
cmp_permeate.f_press

Initializing ...
errf = 1 (>5.65233e-05)


1. iteration step
errx = 0.5 (>5.65233e-05)
Group converged with errf= 0 (<=5.65233e-05)
--------------------------------------------------
Solving group 65, a group with 1 elements

Group contains the following variables:
permeate_before_cmp.t

Group contains the following equations:
membrane_unit.ftemp1

Initializing ...
Group converged with errf= 0 (<=5.65233e-05)
--------------------------------------------------
Solving group 66, a group with 1 elements

Group contains the following variables:
permeate_after_cmp.t

Group contains the following equations:
cmp_permeate.f_temp

Initializing ...
errf = 49 (>5.65233e-05)


1. iteration step
errx = 0.98 (>5.65233e-05)
Group converged with errf= 0 (<=5.65233e-05)
--------------------------------------------------
Solving group 67, a group with 1 elements

Group contains the following variables:
permeate_before_cmp.rho

Group contains the following equations:
membrane_unit.fdens1

Initializing ...
Group converged with errf= 0 (<=5.65233e-05)
--------------------------------------------------
Solving group 68, a group with 1 elements

Group contains the following variables:
permeate_after_cmp.rho

Group contains the following equations:
cmp_permeate.f_dens

Initializing ...
errf = 999 (>5.65233e-05)


1. iteration step
errx = 0.999 (>5.65233e-05)
Group converged with errf= 0 (<=5.65233e-05)
--------------------------------------------------
Solving group 69, a group with 1 elements

Group contains the following variables:
permeate_after_cmp.h_waf

Group contains the following equations:
permeate_after_cmp.fh

Initializing ...
errf = 69.8987 (>5.65233e-05)


1. iteration step
errx = 0.985895 (>5.65233e-05)
Group converged with errf= 0 (<=5.65233e-05)
--------------------------------------------------
Solving group 70, a group with 1 elements

Group contains the following variables:
permeate_after_cmp.s_waf

Group contains the following equations:
permeate_after_cmp.fs

Initializing ...
errf = 0.18158 (>5.65233e-05)


1. iteration step
errx = 0.221867 (>5.65233e-05)
Group converged with errf= 0 (<=5.65233e-05)
--------------------------------------------------
Solving group 71, a group with 1 elements

Group contains the following variables:
permeate_after_cmp.e_waf

Group contains the following equations:
permeate_after_cmp.fe

Initializing ...
errf = 19411.6 (>5.65233e-05)


1. iteration step
errx = 0.999948 (>5.65233e-05)
Group converged with errf= 0 (<=5.65233e-05)
--------------------------------------------------
Solving group 72, a group with 1 elements

Group contains the following variables:
permeate_after_cmp.water_content

Group contains the following equations:
cmp_permeate.f_water_content

Initializing ...
errf = 0.02 (>5.65233e-05)


1. iteration step
errx = 0.0204082 (>5.65233e-05)
Group converged with errf= 0 (<=5.65233e-05)
--------------------------------------------------
Solving group 73, a group with 1 elements

Group contains the following variables:
permeate_after_cmp.ash_content

Group contains the following equations:
cmp_permeate.f_ash_content

Initializing ...
errf = 0.9999 (>5.65233e-05)


1. iteration step
errx = 999.9 (>5.65233e-05)
Group converged with errf= 1.10182e-17 (<=5.65233e-05)
--------------------------------------------------
Solving group 74, a group with 1 elements

Group contains the following variables:
permeate_after_cmp.h_total

Group contains the following equations:
permeate_after_cmp.fh_total2

Initializing ...
errf = 15574.6 (>5.65233e-05)


1. iteration step
errx = 1.00006 (>5.65233e-05)
Group converged with errf= 0 (<=5.65233e-05)
--------------------------------------------------
Solving group 75, a group with 1 elements

Group contains the following variables:
permeate_after_cmp.lhv

Group contains the following equations:
permeate_after_cmp.flhv

Initializing ...
errf = 2052.12 (>5.65233e-05)


1. iteration step
errx = 1.00049 (>5.65233e-05)
Group converged with errf= 0 (<=5.65233e-05)
--------------------------------------------------
Solving group 76, a group with 1 elements

Group contains the following variables:
permeate_after_cmp.hhv

Group contains the following equations:
permeate_after_cmp.fhhv

Initializing ...
errf = 385.281 (>5.65233e-05)


1. iteration step
errx = 0.997411 (>5.65233e-05)
Group converged with errf= 0 (<=5.65233e-05)
--------------------------------------------------
Solving group 77, a group with 1 elements

Group contains the following variables:
permeate_after_cmp.massflow

Group contains the following equations:
cmp_permeate.f_mass

Initializing ...
errf = 3999 (>5.65233e-05)


1. iteration step
errx = 0.99975 (>5.65233e-05)
Group converged with errf= 0 (<=5.65233e-05)
--------------------------------------------------
Solving group 78, a group with 1 elements

Group contains the following variables:
permeate_after_cmp.volflow

Group contains the following equations:
permeate_after_cmp.fvolflow

Initializing ...
errf = 3000 (>5.65233e-05)


1. iteration step
errx = 0.75 (>5.65233e-05)
Group converged with errf= 0 (<=5.65233e-05)
--------------------------------------------------
Solving group 79, a group with 1 elements

Group contains the following variables:
permeate_after_cmp.Energy

Group contains the following equations:
permeate_after_cmp.fEnergy2

Initializing ...
errf = 7.38121e+06 (>5.65233e-05)


1. iteration step
errx = 1.00049 (>5.65233e-05)
Group converged with errf= 9.31323e-10 (<=5.65233e-05)
--------------------------------------------------
Solving group 80, a group with 1 elements

Group contains the following variables:
permeate_after_cmp.Exergy

Group contains the following equations:
permeate_after_cmp.fExergy2

Initializing ...
errf = 1.56653e+06 (>5.65233e-05)


1. iteration step
errx = 0.997707 (>5.65233e-05)
Group converged with errf= 0 (<=5.65233e-05)
--------------------------------------------------
Solving group 81, a group with 1 elements

Group contains the following variables:
feed_before_cmp.h_waf

Group contains the following equations:
feed_before_cmp.fh

Initializing ...
errf = 61.0245 (>5.65233e-05)


1. iteration step
errx = 0.983877 (>5.65233e-05)
Group converged with errf= 0 (<=5.65233e-05)
--------------------------------------------------
Solving group 82, a group with 1 elements

Group contains the following variables:
feed_before_cmp.s_waf

Group contains the following equations:
feed_before_cmp.fs

Initializing ...
errf = 0.196403 (>5.65233e-05)


1. iteration step
errx = 0.244404 (>5.65233e-05)
Group converged with errf= 0 (<=5.65233e-05)
--------------------------------------------------
Solving group 83, a group with 1 elements

Group contains the following variables:
feed_before_cmp.e_waf

Group contains the following equations:
feed_before_cmp.fe

Initializing ...
errf = 27415.7 (>5.65233e-05)


1. iteration step
errx = 0.999964 (>5.65233e-05)
Group converged with errf= 0 (<=5.65233e-05)
--------------------------------------------------
Solving group 84, a group with 1 elements

Group contains the following variables:
feed_before_cmp.h_total

Group contains the following equations:
feed_before_cmp.fh_total2

Initializing ...
errf = 13282.3 (>5.65233e-05)


1. iteration step
errx = 1.00008 (>5.65233e-05)
Group converged with errf= 0 (<=5.65233e-05)
--------------------------------------------------
Solving group 85, a group with 1 elements

Group contains the following variables:
feed_before_cmp.lhv

Group contains the following equations:
feed_before_cmp.flhv

Initializing ...
errf = 3057.91 (>5.65233e-05)


1. iteration step
errx = 0.999673 (>5.65233e-05)
Group converged with errf= 0 (<=5.65233e-05)
--------------------------------------------------
Solving group 86, a group with 1 elements

Group contains the following variables:
feed_before_cmp.hhv

Group contains the following equations:
feed_before_cmp.fhhv

Initializing ...
errf = 5317.59 (>5.65233e-05)


1. iteration step
errx = 0.999812 (>5.65233e-05)
Group converged with errf= 0 (<=5.65233e-05)
--------------------------------------------------
Solving group 87, a group with 1 elements

Group contains the following variables:
feed_before_cmp.volflow

Group contains the following equations:
feed_before_cmp.fvolflow

Initializing ...
Group converged with errf= 0 (<=5.65233e-05)
--------------------------------------------------
Solving group 88, a group with 1 elements

Group contains the following variables:
feed_before_cmp.Energy

Group contains the following equations:
feed_before_cmp.fEnergy2

Initializing ...
errf = 3.23896e+07 (>5.65233e-05)


1. iteration step
errx = 0.999889 (>5.65233e-05)
Group converged with errf= 3.72529e-09 (<=5.65233e-05)
--------------------------------------------------
Solving group 89, a group with 1 elements

Group contains the following variables:
feed_before_cmp.Exergy

Group contains the following equations:
feed_before_cmp.fExergy2

Initializing ...
errf = 5.34403e+07 (>5.65233e-05)


1. iteration step
errx = 0.999933 (>5.65233e-05)
Group converged with errf= 0 (<=5.65233e-05)
--------------------------------------------------
Solving group 90, a group with 1 elements

Group contains the following variables:
retentate_before_cmp.h_waf

Group contains the following equations:
retentate_before_cmp.fh

Initializing ...
errf = 60.6448 (>5.65233e-05)


1. iteration step
errx = 0.983778 (>5.65233e-05)
Group converged with errf= 0 (<=5.65233e-05)
--------------------------------------------------
Solving group 91, a group with 1 elements

Group contains the following variables:
retentate_before_cmp.s_waf

Group contains the following equations:
retentate_before_cmp.fs

Initializing ...
errf = 0.197037 (>5.65233e-05)


1. iteration step
errx = 0.245387 (>5.65233e-05)
Group converged with errf= 0 (<=5.65233e-05)
--------------------------------------------------
Solving group 92, a group with 1 elements

Group contains the following variables:
retentate_before_cmp.e_waf

Group contains the following equations:
retentate_before_cmp.fe

Initializing ...
errf = 27758.2 (>5.65233e-05)


1. iteration step
errx = 0.999964 (>5.65233e-05)
Group converged with errf= 0 (<=5.65233e-05)
--------------------------------------------------
Solving group 93, a group with 1 elements

Group contains the following variables:
retentate_before_cmp.h_total

Group contains the following equations:
retentate_before_cmp.fh_total2

Initializing ...
errf = 11754.8 (>5.65233e-05)


1. iteration step
errx = 1.00009 (>5.65233e-05)
Group converged with errf= 0 (<=5.65233e-05)
--------------------------------------------------
Solving group 94, a group with 1 elements

Group contains the following variables:
retentate_before_cmp.lhv

Group contains the following equations:
retentate_before_cmp.flhv

Initializing ...
errf = 6464.6 (>5.65233e-05)


1. iteration step
errx = 0.999845 (>5.65233e-05)
Group converged with errf= 0 (<=5.65233e-05)
--------------------------------------------------
Solving group 95, a group with 1 elements

Group contains the following variables:
retentate_before_cmp.hhv

Group contains the following equations:
retentate_before_cmp.fhhv

Initializing ...
errf = 8605.8 (>5.65233e-05)


1. iteration step
errx = 0.999884 (>5.65233e-05)
Group converged with errf= 0 (<=5.65233e-05)
--------------------------------------------------
Solving group 96, a group with 1 elements

Group contains the following variables:
retentate_before_cmp.volflow

Group contains the following equations:
retentate_before_cmp.fvolflow

Initializing ...
Group converged with errf= 9.09495e-13 (<=5.65233e-05)
--------------------------------------------------
Solving group 97, a group with 1 elements

Group contains the following variables:
retentate_before_cmp.Energy

Group contains the following equations:
retentate_before_cmp.fEnergy2

Initializing ...
errf = 3.97638e+07 (>5.65233e-05)


1. iteration step
errx = 0.999909 (>5.65233e-05)
Group converged with errf= 0 (<=5.65233e-05)
--------------------------------------------------
Solving group 98, a group with 1 elements

Group contains the following variables:
retentate_before_cmp.Exergy

Group contains the following equations:
retentate_before_cmp.fExergy2

Initializing ...
errf = 5.18662e+07 (>5.65233e-05)


1. iteration step
errx = 0.999931 (>5.65233e-05)
Group converged with errf= 0 (<=5.65233e-05)
--------------------------------------------------
Solving group 99, a group with 1 elements

Group contains the following variables:
permeate_before_cmp.h_waf

Group contains the following equations:
permeate_before_cmp.fh

Initializing ...
errf = 69.8987 (>5.65233e-05)


1. iteration step
errx = 0.985895 (>5.65233e-05)
Group converged with errf= 0 (<=5.65233e-05)
--------------------------------------------------
Solving group 100, a group with 1 elements

Group contains the following variables:
permeate_before_cmp.s_waf

Group contains the following equations:
permeate_before_cmp.fs

Initializing ...
errf = 0.18158 (>5.65233e-05)


1. iteration step
errx = 0.221867 (>5.65233e-05)
Group converged with errf= 0 (<=5.65233e-05)
--------------------------------------------------
Solving group 101, a group with 1 elements

Group contains the following variables:
permeate_before_cmp.e_waf

Group contains the following equations:
permeate_before_cmp.fe

Initializing ...
errf = 19411.6 (>5.65233e-05)


1. iteration step
errx = 0.999948 (>5.65233e-05)
Group converged with errf= 0 (<=5.65233e-05)
--------------------------------------------------
Solving group 102, a group with 1 elements

Group contains the following variables:
permeate_before_cmp.h_total

Group contains the following equations:
permeate_before_cmp.fh_total2

Initializing ...
errf = 15574.6 (>5.65233e-05)


1. iteration step
errx = 1.00006 (>5.65233e-05)
Group converged with errf= 0 (<=5.65233e-05)
--------------------------------------------------
Solving group 103, a group with 1 elements

Group contains the following variables:
permeate_before_cmp.lhv

Group contains the following equations:
permeate_before_cmp.flhv

Initializing ...
errf = 2052.12 (>5.65233e-05)


1. iteration step
errx = 1.00049 (>5.65233e-05)
Group converged with errf= 0 (<=5.65233e-05)
--------------------------------------------------
Solving group 104, a group with 1 elements

Group contains the following variables:
permeate_before_cmp.hhv

Group contains the following equations:
permeate_before_cmp.fhhv

Initializing ...
errf = 385.281 (>5.65233e-05)


1. iteration step
errx = 0.997411 (>5.65233e-05)
Group converged with errf= 0 (<=5.65233e-05)
--------------------------------------------------
Solving group 105, a group with 1 elements

Group contains the following variables:
permeate_before_cmp.volflow

Group contains the following equations:
permeate_before_cmp.fvolflow

Initializing ...
Group converged with errf= 0 (<=5.65233e-05)
--------------------------------------------------
Solving group 106, a group with 1 elements

Group contains the following variables:
permeate_before_cmp.Energy

Group contains the following equations:
permeate_before_cmp.fEnergy2

Initializing ...
errf = 7.38121e+06 (>5.65233e-05)


1. iteration step
errx = 1.00049 (>5.65233e-05)
Group converged with errf= 9.31323e-10 (<=5.65233e-05)
--------------------------------------------------
Solving group 107, a group with 1 elements

Group contains the following variables:
permeate_before_cmp.Exergy

Group contains the following equations:
permeate_before_cmp.fExergy2

Initializing ...
errf = 1.56653e+06 (>5.65233e-05)


1. iteration step
errx = 0.997707 (>5.65233e-05)
Group converged with errf= 0 (<=5.65233e-05)
--------------------------------------------------
Solving group 108, a group with 1 elements

Group contains the following variables:
feed_after_cmp.h_waf

Group contains the following equations:
feed_after_cmp.fh

Initializing ...
errf = 61.0245 (>5.65233e-05)


1. iteration step
errx = 0.983877 (>5.65233e-05)
Group converged with errf= 0 (<=5.65233e-05)
--------------------------------------------------
Solving group 109, a group with 1 elements

Group contains the following variables:
feed_after_cmp.s_waf

Group contains the following equations:
feed_after_cmp.fs

Initializing ...
errf = 0.196403 (>5.65233e-05)


1. iteration step
errx = 0.244404 (>5.65233e-05)
Group converged with errf= 0 (<=5.65233e-05)
--------------------------------------------------
Solving group 110, a group with 1 elements

Group contains the following variables:
feed_after_cmp.e_waf

Group contains the following equations:
feed_after_cmp.fe

Initializing ...
errf = 27415.7 (>5.65233e-05)


1. iteration step
errx = 0.999964 (>5.65233e-05)
Group converged with errf= 0 (<=5.65233e-05)
--------------------------------------------------
Solving group 111, a group with 1 elements

Group contains the following variables:
feed_after_cmp.h_total

Group contains the following equations:
feed_after_cmp.fh_total2

Initializing ...
errf = 13282.3 (>5.65233e-05)


1. iteration step
errx = 1.00008 (>5.65233e-05)
Group converged with errf= 0 (<=5.65233e-05)
--------------------------------------------------
Solving group 112, a group with 1 elements

Group contains the following variables:
feed_after_cmp.lhv

Group contains the following equations:
feed_after_cmp.flhv

Initializing ...
errf = 3057.91 (>5.65233e-05)


1. iteration step
errx = 0.999673 (>5.65233e-05)
Group converged with errf= 0 (<=5.65233e-05)
--------------------------------------------------
Solving group 113, a group with 1 elements

Group contains the following variables:
feed_after_cmp.hhv

Group contains the following equations:
feed_after_cmp.fhhv

Initializing ...
errf = 5317.59 (>5.65233e-05)


1. iteration step
errx = 0.999812 (>5.65233e-05)
Group converged with errf= 0 (<=5.65233e-05)
--------------------------------------------------
Solving group 114, a group with 1 elements

Group contains the following variables:
feed_after_cmp.volflow

Group contains the following equations:
feed_after_cmp.fvolflow

Initializing ...
Group converged with errf= 0 (<=5.65233e-05)
--------------------------------------------------
Solving group 115, a group with 1 elements

Group contains the following variables:
feed_after_cmp.Energy

Group contains the following equations:
feed_after_cmp.fEnergy2

Initializing ...
errf = 3.23896e+07 (>5.65233e-05)


1. iteration step
errx = 0.999889 (>5.65233e-05)
Group converged with errf= 3.72529e-09 (<=5.65233e-05)
--------------------------------------------------
Solving group 116, a group with 1 elements

Group contains the following variables:
feed_after_cmp.Exergy

Group contains the following equations:
feed_after_cmp.fExergy2

Initializing ...
errf = 5.34403e+07 (>5.65233e-05)


1. iteration step
errx = 0.999933 (>5.65233e-05)
Group converged with errf= 0 (<=5.65233e-05)
--------------------------------------------------
Solving group 117, a group with 1 elements

Group contains the following variables:
sink_retentate.massflow

Group contains the following equations:
sink_retentate.fmassflow

Initializing ...
Group converged with errf= 0 (<=5.65233e-05)
--------------------------------------------------
Solving group 118, a group with 1 elements

Group contains the following variables:
sink_retentate.volflow

Group contains the following equations:
sink_retentate.fvolflow

Initializing ...
Group converged with errf= 0 (<=5.65233e-05)
--------------------------------------------------
Solving group 119, a group with 1 elements

Group contains the following variables:
sink_retentate.p

Group contains the following equations:
sink_retentate.fp

Initializing ...
Group converged with errf= 0 (<=5.65233e-05)
--------------------------------------------------
Solving group 120, a group with 1 elements

Group contains the following variables:
sink_retentate.t

Group contains the following equations:
sink_retentate.ft

Initializing ...
Group converged with errf= 0 (<=5.65233e-05)
--------------------------------------------------
Solving group 121, a group with 1 elements

Group contains the following variables:
sink_permeate.massflow

Group contains the following equations:
sink_permeate.fmassflow

Initializing ...
Group converged with errf= 0 (<=5.65233e-05)
--------------------------------------------------
Solving group 122, a group with 1 elements

Group contains the following variables:
sink_permeate.volflow

Group contains the following equations:
sink_permeate.fvolflow

Initializing ...
Group converged with errf= 0 (<=5.65233e-05)
--------------------------------------------------
Solving group 123, a group with 1 elements

Group contains the following variables:
sink_permeate.p

Group contains the following equations:
sink_permeate.fp

Initializing ...
Group converged with errf= 0 (<=5.65233e-05)
--------------------------------------------------
Solving group 124, a group with 1 elements

Group contains the following variables:
sink_permeate.t

Group contains the following equations:
sink_permeate.ft

Initializing ...
Group converged with errf= 0 (<=5.65233e-05)
--------------------------------------------------
Solving group 125, a group with 1 elements

Group contains the following variables:
source_feed.massflow

Group contains the following equations:
source_feed.fmassflow

Initializing ...
Group converged with errf= 0 (<=5.65233e-05)
--------------------------------------------------
Solving group 126, a group with 1 elements

Group contains the following variables:
source_feed.volflow

Group contains the following equations:
source_feed.fvolflow

Initializing ...
Group converged with errf= 0 (<=5.65233e-05)
--------------------------------------------------
Solving group 127, a group with 1 elements

Group contains the following variables:
source_feed.p

Group contains the following equations:
source_feed.fp

Initializing ...
Group converged with errf= 0 (<=5.65233e-05)
--------------------------------------------------
Solving group 128, a group with 1 elements

Group contains the following variables:
source_feed.t

Group contains the following equations:
source_feed.ft

Initializing ...
Group converged with errf= 0 (<=5.65233e-05)
--------------------------------------------------
Solving group 129, a group with 1 elements

Group contains the following variables:
cmp_retentate.ash_content_wf

Group contains the following equations:
cmp_retentate.f_ash

Initializing ...
errf = 2.10417 (>5.65233e-05)


1. iteration step
errx = 0.677852 (>5.65233e-05)
Group converged with errf= 0 (<=5.65233e-05)
--------------------------------------------------
Solving group 130, a group with 1 elements

Group contains the following variables:
cmp_retentate.C_wf

Group contains the following equations:
cmp_retentate.fC_wf

Initializing ...
errf = 60.0625 (>5.65233e-05)


1. iteration step
errx = 0.983623 (>5.65233e-05)
Group converged with errf= 0 (<=5.65233e-05)
--------------------------------------------------
Solving group 131, a group with 1 elements

Group contains the following variables:
cmp_retentate.H_wf

Group contains the following equations:
cmp_retentate.fH_wf

Initializing ...
errf = 5.875 (>5.65233e-05)


1. iteration step
errx = 0.854545 (>5.65233e-05)
Group converged with errf= 0 (<=5.65233e-05)
--------------------------------------------------
Solving group 132, a group with 1 elements

Group contains the following variables:
cmp_retentate.O_wf

Group contains the following equations:
cmp_retentate.fO_wf

Initializing ...
errf = 23.1667 (>5.65233e-05)


1. iteration step
errx = 0.958621 (>5.65233e-05)
Group converged with errf= 0 (<=5.65233e-05)
--------------------------------------------------
Solving group 133, a group with 1 elements

Group contains the following variables:
cmp_retentate.N_wf

Group contains the following equations:
cmp_retentate.fN_wf

Initializing ...
errf = 1.875 (>5.65233e-05)


1. iteration step
errx = 0.652174 (>5.65233e-05)
Group converged with errf= 0 (<=5.65233e-05)
--------------------------------------------------
Solving group 134, a group with 1 elements

Group contains the following variables:
cmp_retentate.S_wf

Group contains the following equations:
cmp_retentate.fS_wf

Initializing ...
errf = 0.0416667 (>5.65233e-05)


1. iteration step
errx = 0.0434783 (>5.65233e-05)
Group converged with errf= 0 (<=5.65233e-05)
--------------------------------------------------
Solving group 135, a group with 1 elements

Group contains the following variables:
cmp_retentate.Cl_wf

Group contains the following equations:
cmp_retentate.fCl_wf

Initializing ...
errf = 0.0416667 (>5.65233e-05)


1. iteration step
errx = 0.0434783 (>5.65233e-05)
Group converged with errf= 0 (<=5.65233e-05)
--------------------------------------------------
Solving group 136, a group with 1 elements

Group contains the following variables:
cmp_retentate.lhv_wf

Group contains the following equations:
cmp_retentate.flhv_wf

Initializing ...
errf = 25394.5 (>5.65233e-05)


1. iteration step
errx = 0.999961 (>5.65233e-05)
Group converged with errf= 0 (<=5.65233e-05)
--------------------------------------------------
Solving group 137, a group with 1 elements

Group contains the following variables:
cmp_retentate.hhv_wf

Group contains the following equations:
cmp_retentate.fhhv_wf

Initializing ...
errf = 26895.2 (>5.65233e-05)


1. iteration step
errx = 0.999963 (>5.65233e-05)
Group converged with errf= 0 (<=5.65233e-05)
--------------------------------------------------
Solving group 138, a group with 1 elements

Group contains the following variables:
cmp_permeate.C_wf

Group contains the following equations:
cmp_permeate.fC_wf

Initializing ...
Group converged with errf= 4.9738e-14 (<=5.65233e-05)
--------------------------------------------------
Solving group 139, a group with 1 elements

Group contains the following variables:
cmp_permeate.lhv_wf

Group contains the following equations:
cmp_permeate.flhv_wf

Initializing ...
errf = 17130.2 (>5.65233e-05)


1. iteration step
errx = 0.999942 (>5.65233e-05)
Group converged with errf= 0 (<=5.65233e-05)
--------------------------------------------------
Solving group 140, a group with 1 elements

Group contains the following variables:
cmp_permeate.hhv_wf

Group contains the following equations:
cmp_permeate.fhhv_wf

Initializing ...
errf = 19313 (>5.65233e-05)


1. iteration step
errx = 0.999948 (>5.65233e-05)
Group converged with errf= 0 (<=5.65233e-05)
--------------------------------------------------
Solving group 141, a group with 1 elements

Group contains the following variables:
cmp_feed.C_wf

Group contains the following equations:
cmp_feed.fC_wf

Initializing ...
Group converged with errf= 1.42109e-14 (<=5.65233e-05)
--------------------------------------------------
Solving group 142, a group with 1 elements

Group contains the following variables:
cmp_feed.lhv_wf

Group contains the following equations:
cmp_feed.flhv_wf

Initializing ...
errf = 7064.95 (>5.65233e-05)


1. iteration step
errx = 0.281866 (>5.65233e-05)
Group converged with errf= 0 (<=5.65233e-05)
--------------------------------------------------
Solving group 143, a group with 1 elements

Group contains the following variables:
cmp_feed.hhv_wf

Group contains the following equations:
cmp_feed.fhhv_wf

Initializing ...
errf = 6592.96 (>5.65233e-05)


1. iteration step
errx = 0.247921 (>5.65233e-05)
Group converged with errf= 0 (<=5.65233e-05)
--------------------------------------------------
Solving group 144, a group with 1 elements

Group contains the following variables:
membrane_unit.W_tot

Group contains the following equations:
membrane_unit.fenergy2

Initializing ...
errf = 47 (>5.65233e-05)


1. iteration step
errx = 0.979167 (>5.65233e-05)
Group converged with errf= 0 (<=5.65233e-05)
--------------------------------------------------
Solving group 145, a group with 1 elements

Group contains the following variables:
membrane_unit.Q_loss

Group contains the following equations:
membrane_unit.fenergy1

Initializing ...
errf = 172608 (>5.65233e-05)


1. iteration step
errx = 0.97957 (>5.65233e-05)
Group converged with errf= 0 (<=5.65233e-05)
--------------------------------------------------
Solving group 146, a group with 1 elements

Group contains the following variables:
membrane_unit.membrane_area

Group contains the following equations:
membrane_unit.farea1

Initializing ...
errf = 199 (>5.65233e-05)


1. iteration step
errx = 0.995 (>5.65233e-05)
Group converged with errf= 0 (<=5.65233e-05)
--------------------------------------------------
Solving group 147, a group with 1 elements

Group contains the following variables:
membrane_unit.membrane_constant

Group contains the following equations:
membrane_unit.farea2

Initializing ...
errf = 2.88e+07 (>5.65233e-05)


1. iteration step
errx = 999.999 (>5.65233e-05)
Group converged with errf= 1.4677e-09 (<=5.65233e-05)
--------------------------------------------------
Solving group 148, a group with 1 elements

Group contains the following variables:
membrane_unit.enrichment_factor_C

Group contains the following equations:
membrane_unit.enrfacC

Initializing ...
errf = 0.942211 (>5.65233e-05)


1. iteration step
errx = 16.3043 (>5.65233e-05)
Group converged with errf= 1.38778e-17 (<=5.65233e-05)
--------------------------------------------------
Solving group 149, a group with 1 elements

Group contains the following variables:
membrane_unit.enrichment_factor_H

Group contains the following equations:
membrane_unit.enrfacH

Initializing ...
errf = 0.856425 (>5.65233e-05)


1. iteration step
errx = 5.965 (>5.65233e-05)
Group converged with errf= 0 (<=5.65233e-05)
--------------------------------------------------
Solving group 150, a group with 1 elements

Group contains the following variables:
membrane_unit.enrichment_factor_O

Group contains the following equations:
membrane_unit.enrfacO

Initializing ...
errf = 0.819095 (>5.65233e-05)


1. iteration step
errx = 4.52778 (>5.65233e-05)
Group converged with errf= 0 (<=5.65233e-05)
--------------------------------------------------
Solving group 151, a group with 1 elements

Group contains the following variables:
membrane_unit.enrichment_factor_N

Group contains the following equations:
membrane_unit.enrfacN

Initializing ...
errf = 0.798995 (>5.65233e-05)


1. iteration step
errx = 3.975 (>5.65233e-05)
Group converged with errf= 0 (<=5.65233e-05)
--------------------------------------------------
Solving group 152, a group with 1 elements

Group contains the following variables:
membrane_unit.enrichment_factor_S

Group contains the following equations:
membrane_unit.enrfacS

Initializing ...
errf = 0.798995 (>5.65233e-05)


1. iteration step
errx = 3.975 (>5.65233e-05)
Group converged with errf= 2.77556e-17 (<=5.65233e-05)
--------------------------------------------------
Solving group 153, a group with 1 elements

Group contains the following variables:
membrane_unit.enrichment_factor_Cl

Group contains the following equations:
membrane_unit.enrfacCl

Initializing ...
errf = 0.798995 (>5.65233e-05)


1. iteration step
errx = 3.975 (>5.65233e-05)
Group converged with errf= 2.77556e-17 (<=5.65233e-05)
--------------------------------------------------
Solving group 154, a group with 1 elements

Group contains the following variables:
membrane_unit.retention_coefficient_C

Group contains the following equations:
membrane_unit.retcoeffC

Initializing ...
errf = 0.023 (>5.65233e-05)


1. iteration step
errx = 0.0235415 (>5.65233e-05)
Group converged with errf= 0 (<=5.65233e-05)
--------------------------------------------------
Solving group 155, a group with 1 elements

Group contains the following variables:
membrane_unit.retention_coefficient_H

Group contains the following equations:
membrane_unit.retcoeffH

Initializing ...
errf = 0.0571429 (>5.65233e-05)


1. iteration step
errx = 0.0606061 (>5.65233e-05)
Group converged with errf= 0 (<=5.65233e-05)
--------------------------------------------------
Solving group 156, a group with 1 elements

Group contains the following variables:
membrane_unit.retention_coefficient_O

Group contains the following equations:
membrane_unit.retcoeffO

Initializing ...
errf = 0.072 (>5.65233e-05)


1. iteration step
errx = 0.0775862 (>5.65233e-05)
Group converged with errf= 0 (<=5.65233e-05)
--------------------------------------------------
Solving group 157, a group with 1 elements

Group contains the following variables:
membrane_unit.retention_coefficient_N

Group contains the following equations:
membrane_unit.retcoeffN

Initializing ...
errf = 0.08 (>5.65233e-05)


1. iteration step
errx = 0.0869565 (>5.65233e-05)
Group converged with errf= 0 (<=5.65233e-05)
--------------------------------------------------
Solving group 158, a group with 1 elements

Group contains the following variables:
membrane_unit.retention_coefficient_S

Group contains the following equations:
membrane_unit.retcoeffS

Initializing ...
errf = 0.08 (>5.65233e-05)


1. iteration step
errx = 0.0869565 (>5.65233e-05)
Group converged with errf= 0 (<=5.65233e-05)
--------------------------------------------------
Solving group 159, a group with 1 elements

Group contains the following variables:
membrane_unit.retention_coefficient_Cl

Group contains the following equations:
membrane_unit.retcoeffCl

Initializing ...
errf = 0.08 (>5.65233e-05)


1. iteration step
errx = 0.0869565 (>5.65233e-05)
Group converged with errf= 0 (<=5.65233e-05)

========================================================================
System solution finished.


========================================================================
Results:

x[1]     <retentate_organic.SubstNr>      =          1  converged
x[2]     <retentate_organic.wC>           =    0.63019  converged
x[3]     <retentate_organic.wH>           =   0.070952  converged
x[4]     <retentate_organic.wO>           =    0.24941  converged
x[5]     <retentate_organic.wN>           =   0.029671  converged
x[6]     <retentate_organic.wS>           =  0.0098903  converged
x[7]     <retentate_organic.wCl>          =  0.0098903  converged
x[8]     <retentate_organic.lhv>          =      26209  converged
x[9]     <retentate_organic.hhv>          =      27758  converged
x[10]    <retentate_organic.hf298>        =    -3040.4  converged
x[11]    <retentate_organic.e_chem>       =      27758  converged
x[12]    <permeate_organic.SubstNr>       =          1  converged
x[13]    <permeate_organic.wC>            =    0.34673  converged
x[14]    <permeate_organic.wH>            =     0.1005  converged
x[15]    <permeate_organic.wO>            =    0.45226  converged
x[16]    <permeate_organic.wN>            =   0.060302  converged
x[17]    <permeate_organic.wS>            =   0.020101  converged
x[18]    <permeate_organic.wCl>           =   0.020101  converged
x[19]    <permeate_organic.lhv>           =      17217  converged
x[20]    <permeate_organic.hhv>           =      19411  converged
x[21]    <permeate_organic.hf298>         =      -6385  converged
x[22]    <permeate_organic.e_chem>        =      19411  converged
x[23]    <feed_organic.SubstNr>           =          1  converged
x[24]    <feed_organic.wC>                =    0.61856  converged
x[25]    <feed_organic.wH>                =   0.072165  converged
x[26]    <feed_organic.wO>                =    0.25773  converged
x[27]    <feed_organic.wN>                =   0.030928  converged
x[28]    <feed_organic.wS>                =   0.010309  converged
x[29]    <feed_organic.wCl>               =   0.010309  converged
x[30]    <feed_organic.lhv>               =      25840  converged
x[31]    <feed_organic.hhv>               =      27415  converged
x[32]    <feed_organic.hf298>             =    -3177.7  converged
x[33]    <feed_organic.e_chem>            =      27415  converged
x[34]    <retentate_ash.wAsh>             =          1  converged
x[35]    <retentate_ash.wAl2O3>           =          0  converged
x[36]    <retentate_ash.wCaAl2O4>         =          0  converged
x[37]    <retentate_ash.wCaCl2>           =          0  converged
x[38]    <retentate_ash.wCaCO3>           =          0  converged
x[39]    <retentate_ash.wCaO>             =          0  converged
x[40]    <retentate_ash.wCaOH2>           =          0  converged
x[41]    <retentate_ash.wCaS>             =          0  converged
x[42]    <retentate_ash.wCaSO4>           =          0  converged
x[43]    <retentate_ash.wCo>              =          0  converged
x[44]    <retentate_ash.wCoO>             =          0  converged
x[45]    <retentate_ash.wCu>              =          0  converged
x[46]    <retentate_ash.wCu2O>            =          0  converged
x[47]    <retentate_ash.wCuO>             =          0  converged
x[48]    <retentate_ash.wCuAl2O4>         =          0  converged
x[49]    <retentate_ash.wCuS>             =          0  converged
x[50]    <retentate_ash.wFe>              =          0  converged
x[51]    <retentate_ash.wFeO>             =          0  converged
x[52]    <retentate_ash.wFe3O4>           =          0  converged
x[53]    <retentate_ash.wFe2O3>           =          0  converged
x[54]    <retentate_ash.wFe2SiO4>         =          0  converged
x[55]    <retentate_ash.wK2O>             =          0  converged
x[56]    <retentate_ash.wMgAl2O4>         =          0  converged
x[57]    <retentate_ash.wMgCO3>           =          0  converged
x[58]    <retentate_ash.wMgO>             =          0  converged
x[59]    <retentate_ash.wMg2SiO4>         =          0  converged
x[60]    <retentate_ash.wMn>              =          0  converged
x[61]    <retentate_ash.wMnO>             =          0  converged
x[62]    <retentate_ash.wMn3O4>           =          0  converged
x[63]    <retentate_ash.wMn2O3>           =          0  converged
x[64]    <retentate_ash.wMnO2>            =          0  converged
x[65]    <retentate_ash.wNaCl>            =          0  converged
x[66]    <retentate_ash.wNa2O>            =          0  converged
x[67]    <retentate_ash.wNi>              =          0  converged
x[68]    <retentate_ash.wNiO>             =          0  converged
x[69]    <retentate_ash.wNiAl2O4>         =          0  converged
x[70]    <retentate_ash.wSiO2>            =          0  converged
x[71]    <retentate_ash.wTiO2>            =          0  converged
x[72]    <retentate_ash.wZnO>             =          0  converged
x[73]    <retentate_ash.wZnS>             =          0  converged
x[74]    <retentate_ash.wZrO2>            =          0  converged
x[75]    <retentate_ash.rho>              =          1  converged
x[76]    <permeate_ash.wAsh>              =          1  converged
x[77]    <permeate_ash.wAl2O3>            =          0  set
x[78]    <permeate_ash.wCaAl2O4>          =          0  set
x[79]    <permeate_ash.wCaCl2>            =          0  set
x[80]    <permeate_ash.wCaCO3>            =          0  set
x[81]    <permeate_ash.wCaO>              =          0  set
x[82]    <permeate_ash.wCaOH2>            =          0  set
x[83]    <permeate_ash.wCaS>              =          0  set
x[84]    <permeate_ash.wCaSO4>            =          0  set
x[85]    <permeate_ash.wCo>               =          0  set
x[86]    <permeate_ash.wCoO>              =          0  set
x[87]    <permeate_ash.wCu>               =          0  set
x[88]    <permeate_ash.wCu2O>             =          0  set
x[89]    <permeate_ash.wCuO>              =          0  set
x[90]    <permeate_ash.wCuAl2O4>          =          0  set
x[91]    <permeate_ash.wCuS>              =          0  set
x[92]    <permeate_ash.wFe>               =          0  set
x[93]    <permeate_ash.wFeO>              =          0  set
x[94]    <permeate_ash.wFe3O4>            =          0  set
x[95]    <permeate_ash.wFe2O3>            =          0  set
x[96]    <permeate_ash.wFe2SiO4>          =          0  set
x[97]    <permeate_ash.wK2O>              =          0  set
x[98]    <permeate_ash.wMgAl2O4>          =          0  set
x[99]    <permeate_ash.wMgCO3>            =          0  set
x[100]   <permeate_ash.wMgO>              =          0  set
x[101]   <permeate_ash.wMg2SiO4>          =          0  set
x[102]   <permeate_ash.wMn>               =          0  set
x[103]   <permeate_ash.wMnO>              =          0  set
x[104]   <permeate_ash.wMn3O4>            =          0  set
x[105]   <permeate_ash.wMn2O3>            =          0  set
x[106]   <permeate_ash.wMnO2>             =          0  set
x[107]   <permeate_ash.wNaCl>             =          0  set
x[108]   <permeate_ash.wNa2O>             =          0  set
x[109]   <permeate_ash.wNi>               =          0  set
x[110]   <permeate_ash.wNiO>              =          0  set
x[111]   <permeate_ash.wNiAl2O4>          =          0  set
x[112]   <permeate_ash.wSiO2>             =          0  set
x[113]   <permeate_ash.wTiO2>             =          0  set
x[114]   <permeate_ash.wZnO>              =          0  set
x[115]   <permeate_ash.wZnS>              =          0  set
x[116]   <permeate_ash.wZrO2>             =          0  set
x[117]   <permeate_ash.rho>               =          1  converged
x[118]   <feed_ash.wAsh>                  =          1  converged
x[119]   <feed_ash.wAl2O3>                =          0  set
x[120]   <feed_ash.wCaAl2O4>              =          0  set
x[121]   <feed_ash.wCaCl2>                =          0  set
x[122]   <feed_ash.wCaCO3>                =          0  set
x[123]   <feed_ash.wCaO>                  =          0  set
x[124]   <feed_ash.wCaOH2>                =          0  set
x[125]   <feed_ash.wCaS>                  =          0  set
x[126]   <feed_ash.wCaSO4>                =          0  set
x[127]   <feed_ash.wCo>                   =          0  set
x[128]   <feed_ash.wCoO>                  =          0  set
x[129]   <feed_ash.wCu>                   =          0  set
x[130]   <feed_ash.wCu2O>                 =          0  set
x[131]   <feed_ash.wCuO>                  =          0  set
x[132]   <feed_ash.wCuAl2O4>              =          0  set
x[133]   <feed_ash.wCuS>                  =          0  set
x[134]   <feed_ash.wFe>                   =          0  set
x[135]   <feed_ash.wFeO>                  =          0  set
x[136]   <feed_ash.wFe3O4>                =          0  set
x[137]   <feed_ash.wFe2O3>                =          0  set
x[138]   <feed_ash.wFe2SiO4>              =          0  set
x[139]   <feed_ash.wK2O>                  =          0  set
x[140]   <feed_ash.wMgAl2O4>              =          0  set
x[141]   <feed_ash.wMgCO3>                =          0  set
x[142]   <feed_ash.wMgO>                  =          0  set
x[143]   <feed_ash.wMg2SiO4>              =          0  set
x[144]   <feed_ash.wMn>                   =          0  set
x[145]   <feed_ash.wMnO>                  =          0  set
x[146]   <feed_ash.wMn3O4>                =          0  set
x[147]   <feed_ash.wMn2O3>                =          0  set
x[148]   <feed_ash.wMnO2>                 =          0  set
x[149]   <feed_ash.wNaCl>                 =          0  set
x[150]   <feed_ash.wNa2O>                 =          0  set
x[151]   <feed_ash.wNi>                   =          0  set
x[152]   <feed_ash.wNiO>                  =          0  set
x[153]   <feed_ash.wNiAl2O4>              =          0  set
x[154]   <feed_ash.wSiO2>                 =          0  set
x[155]   <feed_ash.wTiO2>                 =          0  set
x[156]   <feed_ash.wZnO>                  =          0  set
x[157]   <feed_ash.wZnS>                  =          0  set
x[158]   <feed_ash.wZrO2>                 =          0  set
x[159]   <feed_ash.rho>                   =          1  converged
x[160]   <retentate_after_cmp.p>          =          8  converged
x[161]   <retentate_after_cmp.t>          =         50  converged
x[162]   <retentate_after_cmp.rho>        =       1000  converged
x[163]   <retentate_after_cmp.h_waf>      =     61.645  converged
x[164]   <retentate_after_cmp.s_waf>      =    0.80296  converged
x[165]   <retentate_after_cmp.e_waf>      =      27759  converged
x[166]   <retentate_after_cmp.water_content> =       0.68  converged
x[167]   <retentate_after_cmp.ash_content> =  0.0099333  converged
x[168]   <retentate_after_cmp.h_total>    =     -11754  converged
x[169]   <retentate_after_cmp.lhv>        =     6465.6  converged
x[170]   <retentate_after_cmp.hhv>        =     8606.8  converged
x[171]   <retentate_after_cmp.massflow>   =       6000  converged
x[172]   <retentate_after_cmp.volflow>    =          6  converged
x[173]   <retentate_after_cmp.Energy>     =      11047  converged
x[174]   <retentate_after_cmp.Exergy>     =      14408  converged
x[175]   <permeate_after_cmp.p>           =          2  converged
x[176]   <permeate_after_cmp.t>           =         50  converged
x[177]   <permeate_after_cmp.rho>         =       1000  converged
x[178]   <permeate_after_cmp.h_waf>       =     70.899  converged
x[179]   <permeate_after_cmp.s_waf>       =    0.81842  converged
x[180]   <permeate_after_cmp.e_waf>       =      19413  converged
x[181]   <permeate_after_cmp.water_content> =       0.98  converged
x[182]   <permeate_after_cmp.ash_content> =     0.0001  converged
x[183]   <permeate_after_cmp.h_total>     =     -15574  converged
x[184]   <permeate_after_cmp.lhv>         =    -2051.1  converged
x[185]   <permeate_after_cmp.hhv>         =     386.28  converged
x[186]   <permeate_after_cmp.massflow>    =       4000  converged
x[187]   <permeate_after_cmp.volflow>     =          4  converged
x[188]   <permeate_after_cmp.Energy>      =    -2049.3  converged
x[189]   <permeate_after_cmp.Exergy>      =     436.15  converged
x[190]   <feed_before_cmp.p>              =         10  set
x[191]   <feed_before_cmp.t>              =         50  set
x[192]   <feed_before_cmp.rho>            =       1000  set
x[193]   <feed_before_cmp.h_waf>          =     62.025  converged
x[194]   <feed_before_cmp.s_waf>          =     0.8036  converged
x[195]   <feed_before_cmp.e_waf>          =      27417  converged
x[196]   <feed_before_cmp.water_content>  =        0.8  converged
x[197]   <feed_before_cmp.ash_content>    =      0.006  converged
x[198]   <feed_before_cmp.h_total>        =     -13281  converged
x[199]   <feed_before_cmp.lhv>            =     3058.9  converged
x[200]   <feed_before_cmp.hhv>            =     5318.6  converged
x[201]   <feed_before_cmp.massflow>       =      10000  set
x[202]   <feed_before_cmp.volflow>        =         10  converged
x[203]   <feed_before_cmp.Energy>         =     8998.1  converged
x[204]   <feed_before_cmp.Exergy>         =      14846  converged
x[205]   <retentate_before_cmp.p>         =          8  converged
x[206]   <retentate_before_cmp.t>         =         50  converged
x[207]   <retentate_before_cmp.rho>       =       1000  converged
x[208]   <retentate_before_cmp.h_waf>     =     61.645  converged
x[209]   <retentate_before_cmp.s_waf>     =    0.80296  converged
x[210]   <retentate_before_cmp.e_waf>     =      27759  converged
x[211]   <retentate_before_cmp.water_content> =       0.68  converged
x[212]   <retentate_before_cmp.ash_content> =  0.0099333  converged
x[213]   <retentate_before_cmp.h_total>   =     -11754  converged
x[214]   <retentate_before_cmp.lhv>       =     6465.6  converged
x[215]   <retentate_before_cmp.hhv>       =     8606.8  converged
x[216]   <retentate_before_cmp.massflow>  =       6000  converged
x[217]   <retentate_before_cmp.volflow>   =          6  converged
x[218]   <retentate_before_cmp.Energy>    =      11047  converged
x[219]   <retentate_before_cmp.Exergy>    =      14408  converged
x[220]   <permeate_before_cmp.p>          =          2  converged
x[221]   <permeate_before_cmp.t>          =         50  converged
x[222]   <permeate_before_cmp.rho>        =       1000  converged
x[223]   <permeate_before_cmp.h_waf>      =     70.899  converged
x[224]   <permeate_before_cmp.s_waf>      =    0.81842  converged
x[225]   <permeate_before_cmp.e_waf>      =      19413  converged
x[226]   <permeate_before_cmp.water_content> =       0.98  converged
x[227]   <permeate_before_cmp.ash_content> =     0.0001  converged
x[228]   <permeate_before_cmp.h_total>    =     -15574  converged
x[229]   <permeate_before_cmp.lhv>        =    -2051.1  converged
x[230]   <permeate_before_cmp.hhv>        =     386.28  converged
x[231]   <permeate_before_cmp.massflow>   =       4000  set
x[232]   <permeate_before_cmp.volflow>    =          4  converged
x[233]   <permeate_before_cmp.Energy>     =    -2049.3  converged
x[234]   <permeate_before_cmp.Exergy>     =     436.15  converged
x[235]   <feed_after_cmp.p>               =         10  converged
x[236]   <feed_after_cmp.t>               =         50  converged
x[237]   <feed_after_cmp.rho>             =       1000  converged
x[238]   <feed_after_cmp.h_waf>           =     62.025  converged
x[239]   <feed_after_cmp.s_waf>           =     0.8036  converged
x[240]   <feed_after_cmp.e_waf>           =      27417  converged
x[241]   <feed_after_cmp.water_content>   =        0.8  converged
x[242]   <feed_after_cmp.ash_content>     =      0.006  converged
x[243]   <feed_after_cmp.h_total>         =     -13281  converged
x[244]   <feed_after_cmp.lhv>             =     3058.9  converged
x[245]   <feed_after_cmp.hhv>             =     5318.6  converged
x[246]   <feed_after_cmp.massflow>        =      10000  converged
x[247]   <feed_after_cmp.volflow>         =         10  converged
x[248]   <feed_after_cmp.Energy>          =     8998.1  converged
x[249]   <feed_after_cmp.Exergy>          =      14846  converged
x[250]   <sink_retentate.massflow>        =       6000  converged
x[251]   <sink_retentate.volflow>         =          6  converged
x[252]   <sink_retentate.p>               =          8  converged
x[253]   <sink_retentate.t>               =         50  converged
x[254]   <sink_permeate.massflow>         =       4000  converged
x[255]   <sink_permeate.volflow>          =          4  converged
x[256]   <sink_permeate.p>                =          2  converged
x[257]   <sink_permeate.t>                =         50  converged
x[258]   <source_feed.massflow>           =      10000  converged
x[259]   <source_feed.volflow>            =         10  converged
x[260]   <source_feed.p>                  =         10  converged
x[261]   <source_feed.t>                  =         50  converged
x[262]   <cmp_retentate.water_content>    =         68  set
x[263]   <cmp_retentate.ash_content_wf>   =     3.1042  converged
x[264]   <cmp_retentate.C_wf>             =     61.063  converged
x[265]   <cmp_retentate.H_wf>             =      6.875  converged
x[266]   <cmp_retentate.O_wf>             =     24.167  converged
x[267]   <cmp_retentate.N_wf>             =      2.875  converged
x[268]   <cmp_retentate.S_wf>             =    0.95833  converged
x[269]   <cmp_retentate.Cl_wf>            =    0.95833  converged
x[270]   <cmp_retentate.lhv_wf>           =      25396  converged
x[271]   <cmp_retentate.hhv_wf>           =      26896  converged
x[272]   <cmp_permeate.water_content>     =         98  set
x[273]   <cmp_permeate.ash_content_wf>    =        0.5  set
x[274]   <cmp_permeate.C_wf>              =       34.5  converged
x[275]   <cmp_permeate.H_wf>              =         10  set
x[276]   <cmp_permeate.O_wf>              =         45  set
x[277]   <cmp_permeate.N_wf>              =          6  set
x[278]   <cmp_permeate.S_wf>              =          2  set
x[279]   <cmp_permeate.Cl_wf>             =          2  set
x[280]   <cmp_permeate.lhv_wf>            =      17131  converged
x[281]   <cmp_permeate.hhv_wf>            =      19314  converged
x[282]   <cmp_feed.water_content>         =         80  set
x[283]   <cmp_feed.ash_content_wf>        =          3  set
x[284]   <cmp_feed.C_wf>                  =         60  converged
x[285]   <cmp_feed.H_wf>                  =          7  set
x[286]   <cmp_feed.O_wf>                  =         25  set
x[287]   <cmp_feed.N_wf>                  =          3  set
x[288]   <cmp_feed.S_wf>                  =          1  set
x[289]   <cmp_feed.Cl_wf>                 =          1  set
x[290]   <cmp_feed.lhv_wf>                =      25065  converged
x[291]   <cmp_feed.hhv_wf>                =      26593  converged
x[292]   <membrane_unit.dp_permeate>      =          8  set
x[293]   <membrane_unit.dp_retentate>     =          2  set
x[294]   <membrane_unit.dT_permeate>      =          0  set
x[295]   <membrane_unit.dT_retentate>     =          0  set
x[296]   <membrane_unit.spec_energy>      =         12  set
x[297]   <membrane_unit.W_tot>            =         48  converged
x[298]   <membrane_unit.Q_loss>           =     48.947  converged
x[299]   <membrane_unit.flux>             =         20  set
x[300]   <membrane_unit.membrane_area>    =        200  converged
x[301]   <membrane_unit.membrane_constant> = 6.9444e-07  converged
x[302]   <membrane_unit.enrichment_factor_C> =   0.057789  converged
x[303]   <membrane_unit.enrichment_factor_H> =    0.14358  converged
x[304]   <membrane_unit.enrichment_factor_O> =     0.1809  converged
x[305]   <membrane_unit.enrichment_factor_N> =    0.20101  converged
x[306]   <membrane_unit.enrichment_factor_S> =    0.20101  converged
x[307]   <membrane_unit.enrichment_factor_Cl> =    0.20101  converged
x[308]   <membrane_unit.retention_coefficient_C> =      0.977  converged
x[309]   <membrane_unit.retention_coefficient_H> =    0.94286  converged
x[310]   <membrane_unit.retention_coefficient_O> =      0.928  converged
x[311]   <membrane_unit.retention_coefficient_N> =       0.92  converged
x[312]   <membrane_unit.retention_coefficient_S> =       0.92  converged
x[313]   <membrane_unit.retention_coefficient_Cl> =       0.92  converged

%Error: BaseMessageHandler::SendError: Invalide Error Code : >4116

========================================================================
Solution
Start:	Jun 03 2024, 16:56:56.360
End:  	Jun 03 2024, 16:56:56.576
Actual Time:	0.216000 seconds
CPU Time:   	0.203000 seconds
CPU Percentage:	23%
1 errors (0 recovered errors)
0 warnings (0 recovered warnings)
========================================================================
