========================================================================
||
||     PSStat - Static Solver
||     Version 8.0 U, Release 17, Build 2459, Aug 18 2023 08:49:32 
||
========================================================================

Loading system ...

System has been loaded successfully.
System analysis ...
========================================================================
System model contains 151 variables
66 variables set to fixed values
System to be solved contains 85 variables and 85 equations
84 groups found. Largest group contains 2 variables.
========================================================================
System analysis finished.


Starting system solution .... 
========================================================================
--------------------------------------------------
Solving group 1, a group with 1 elements

Group contains the following variables:
organic_compound.SubstNr

Group contains the following equations:
organic_compound.fSubstNr1

Initializing ...
Group converged with errf= 0 (<=8.13788e-05)
--------------------------------------------------
Solving group 2, a group with 1 elements

Group contains the following variables:
organic_compound.wC

Group contains the following equations:
organic_compound.fmass_sum

Initializing ...
Group converged with errf= 0 (<=8.13788e-05)
--------------------------------------------------
Solving group 3, a group with 1 elements

Group contains the following variables:
organic_compound.lhv

Group contains the following equations:
organic_compound.flhv_boie

Initializing ...
errf = 25284.7 (>8.13788e-05)


1. iteration step
errx = 0.99996 (>8.13788e-05)
Group converged with errf= 0 (<=8.13788e-05)
--------------------------------------------------
Solving group 4, a group with 1 elements

Group contains the following variables:
organic_compound.hhv

Group contains the following equations:
organic_compound.fhhv

Initializing ...
errf = 27031 (>8.13788e-05)


1. iteration step
errx = 0.999963 (>8.13788e-05)
Group converged with errf= 0 (<=8.13788e-05)
--------------------------------------------------
Solving group 5, a group with 1 elements

Group contains the following variables:
organic_compound.hf298

Group contains the following equations:
organic_compound.fhf1

Initializing ...
errf = 4015.88 (>8.13788e-05)


1. iteration step
errx = 1.00025 (>8.13788e-05)
Group converged with errf= 0 (<=8.13788e-05)
--------------------------------------------------
Solving group 6, a group with 1 elements

Group contains the following variables:
organic_compound.e_chem

Group contains the following equations:
organic_compound.fe_chem

Initializing ...
errf = 27031 (>8.13788e-05)


1. iteration step
errx = 0.999963 (>8.13788e-05)
Group converged with errf= 0 (<=8.13788e-05)
--------------------------------------------------
Solving group 7, a group with 1 elements

Group contains the following variables:
ash.wAsh

Group contains the following equations:
ash.fmass

Initializing ...
Group converged with errf= 0 (<=8.13788e-05)
--------------------------------------------------
Solving group 8, a group with 1 elements

Group contains the following variables:
ash.rho

Group contains the following equations:
ash.frho

Initializing ...
errf = 2649 (>8.13788e-05)


1. iteration step
errx = 2649 (>8.13788e-05)
Group converged with errf= 0 (<=8.13788e-05)
--------------------------------------------------
Solving group 9, a group with 1 elements

Group contains the following variables:
feed_I.p

Group contains the following equations:
u_source_o_001.fp

Initializing ...
Group converged with errf= 0 (<=8.13788e-05)
--------------------------------------------------
Solving group 10, a group with 1 elements

Group contains the following variables:
feed_II.p

Group contains the following equations:
u_pump_o_001.fpress_ratio

Initializing ...
Group converged with errf= 0 (<=8.13788e-05)
--------------------------------------------------
Solving group 11, a group with 1 elements

Group contains the following variables:
retentate.p

Group contains the following equations:
u_membrane001.fpress2

Initializing ...
Group converged with errf= 0 (<=8.13788e-05)
--------------------------------------------------
Solving group 12, a group with 1 elements

Group contains the following variables:
feed_II.water_content

Group contains the following equations:
u_pump_o_001.fwater_cont

Initializing ...
Group converged with errf= 0 (<=8.13788e-05)
--------------------------------------------------
Solving group 13, a group with 1 elements

Group contains the following variables:
feed_II.ash_content

Group contains the following equations:
u_pump_o_001.fash_cont

Initializing ...
Group converged with errf= 0 (<=8.13788e-05)
--------------------------------------------------
Solving group 14, a group with 1 elements

Group contains the following variables:
feed_I.t

Group contains the following equations:
u_source_o_001.ft

Initializing ...
Group converged with errf= 0 (<=8.13788e-05)
--------------------------------------------------
Solving group 15, a group with 1 elements

Group contains the following variables:
feed_I.h_waf

Group contains the following equations:
feed_I.fh

Initializing ...
errf = 64.1081 (>8.13788e-05)


1. iteration step
errx = 0.984641 (>8.13788e-05)
Group converged with errf= 0 (<=8.13788e-05)
--------------------------------------------------
Solving group 16, a group with 1 elements

Group contains the following variables:
feed_I.h_total

Group contains the following equations:
feed_I.fh_total2

Initializing ...
errf = 13470.9 (>8.13788e-05)


1. iteration step
errx = 1.00007 (>8.13788e-05)
Group converged with errf= 0 (<=8.13788e-05)
--------------------------------------------------
Solving group 17, a group with 1 elements

Group contains the following variables:
feed_II.h_total

Group contains the following equations:
u_pump_o_001.fcompr

Initializing ...
errf = 1.27964e+06 (>8.13788e-05)


1. iteration step
errx = 1.00007 (>8.13788e-05)
Group converged with errf= 7.27596e-11 (<=8.13788e-05)
--------------------------------------------------
Solving group 18, a group with 2 elements

Group contains the following variables:
feed_II.h_waf	feed_II.t

Group contains the following equations:
feed_II.fh	feed_II.fh_total2

Initializing ...
errf = 65.3167 (>0.000115087)


1. iteration step
errx = 0.984672 (>0.000115087)
Group converged with errf= 1.66019e-05 (<=0.000115087)
--------------------------------------------------
Solving group 19, a group with 1 elements

Group contains the following variables:
retentate.t

Group contains the following equations:
u_membrane001.ftemp2

Initializing ...
errf = 0.0902861 (>8.13788e-05)


1. iteration step
errx = 0.00225207 (>8.13788e-05)
Group converged with errf= 0 (<=8.13788e-05)
--------------------------------------------------
Solving group 20, a group with 1 elements

Group contains the following variables:
feed_II.rho

Group contains the following equations:
u_pump_o_001.f_dens

Initializing ...
Group converged with errf= 0 (<=8.13788e-05)
--------------------------------------------------
Solving group 21, a group with 1 elements

Group contains the following variables:
retentate.rho

Group contains the following equations:
u_membrane001.fdens2

Initializing ...
Group converged with errf= 0 (<=8.13788e-05)
--------------------------------------------------
Solving group 22, a group with 1 elements

Group contains the following variables:
retentate.h_waf

Group contains the following equations:
retentate.fh

Initializing ...
errf = 50.4199 (>8.13788e-05)


1. iteration step
errx = 0.980552 (>8.13788e-05)
Group converged with errf= 0 (<=8.13788e-05)
--------------------------------------------------
Solving group 23, a group with 1 elements

Group contains the following variables:
retentate.s_waf

Group contains the following equations:
retentate.fs

Initializing ...
errf = 0.230322 (>8.13788e-05)


1. iteration step
errx = 0.299244 (>8.13788e-05)
Group converged with errf= 0 (<=8.13788e-05)
--------------------------------------------------
Solving group 24, a group with 1 elements

Group contains the following variables:
retentate.e_waf

Group contains the following equations:
retentate.fe

Initializing ...
errf = 27030.3 (>8.13788e-05)


1. iteration step
errx = 0.999963 (>8.13788e-05)
Group converged with errf= 0 (<=8.13788e-05)
--------------------------------------------------
Solving group 25, a group with 1 elements

Group contains the following variables:
feed_I.massflow

Group contains the following equations:
u_source_o_001.fmassflow

Initializing ...
Group converged with errf= 0 (<=8.13788e-05)
--------------------------------------------------
Solving group 26, a group with 1 elements

Group contains the following variables:
feed_II.massflow

Group contains the following equations:
u_pump_o_001.fmassflow

Initializing ...
Group converged with errf= 0 (<=8.13788e-05)
--------------------------------------------------
Solving group 27, a group with 1 elements

Group contains the following variables:
permeate.massflow

Group contains the following equations:
u_membrane001.fmass1

Initializing ...
Group converged with errf= 0 (<=8.13788e-05)
--------------------------------------------------
Solving group 28, a group with 1 elements

Group contains the following variables:
retentate.massflow

Group contains the following equations:
u_membrane001.fmass2

Initializing ...
Group converged with errf= 0 (<=8.13788e-05)
--------------------------------------------------
Solving group 29, a group with 1 elements

Group contains the following variables:
permeate.water_content

Group contains the following equations:
u_membrane001.fdrym1

Initializing ...
errf = 0.009 (>8.13788e-05)


1. iteration step
errx = 0.00900901 (>8.13788e-05)
Group converged with errf= 0 (<=8.13788e-05)
--------------------------------------------------
Solving group 30, a group with 1 elements

Group contains the following variables:
retentate.water_content

Group contains the following equations:
u_membrane001.fmass3

Initializing ...
errf = 4.5 (>8.13788e-05)


1. iteration step
errx = 0.014975 (>8.13788e-05)
Group converged with errf= 0 (<=8.13788e-05)
--------------------------------------------------
Solving group 31, a group with 1 elements

Group contains the following variables:
retentate.ash_content

Group contains the following equations:
u_membrane001.fmass4

Initializing ...
Group converged with errf= 0 (<=8.13788e-05)
--------------------------------------------------
Solving group 32, a group with 1 elements

Group contains the following variables:
retentate.h_total

Group contains the following equations:
retentate.fh_total2

Initializing ...
errf = 11220.8 (>8.13788e-05)


1. iteration step
errx = 1.00009 (>8.13788e-05)
Group converged with errf= 0 (<=8.13788e-05)
--------------------------------------------------
Solving group 33, a group with 1 elements

Group contains the following variables:
retentate.lhv

Group contains the following equations:
retentate.flhv

Initializing ...
errf = 8114.29 (>8.13788e-05)


1. iteration step
errx = 0.999877 (>8.13788e-05)
Group converged with errf= 0 (<=8.13788e-05)
--------------------------------------------------
Solving group 34, a group with 1 elements

Group contains the following variables:
retentate.hhv

Group contains the following equations:
retentate.fhhv

Initializing ...
errf = 10244.1 (>8.13788e-05)


1. iteration step
errx = 0.999902 (>8.13788e-05)
Group converged with errf= 0 (<=8.13788e-05)
--------------------------------------------------
Solving group 35, a group with 1 elements

Group contains the following variables:
retentate.volflow

Group contains the following equations:
retentate.fvolflow

Initializing ...
Group converged with errf= 0 (<=8.13788e-05)
--------------------------------------------------
Solving group 36, a group with 1 elements

Group contains the following variables:
retentate.Energy

Group contains the following equations:
retentate.fEnergy2

Initializing ...
errf = 4.11476e+06 (>8.13788e-05)


1. iteration step
errx = 0.999126 (>8.13788e-05)
Group converged with errf= 4.65661e-10 (<=8.13788e-05)
--------------------------------------------------
Solving group 37, a group with 1 elements

Group contains the following variables:
retentate.Exergy

Group contains the following equations:
retentate.fExergy2

Initializing ...
errf = 5.15353e+06 (>8.13788e-05)


1. iteration step
errx = 0.999302 (>8.13788e-05)
Group converged with errf= 0 (<=8.13788e-05)
--------------------------------------------------
Solving group 38, a group with 1 elements

Group contains the following variables:
permeate.p

Group contains the following equations:
u_membrane001.fpress1

Initializing ...
Group converged with errf= 0 (<=8.13788e-05)
--------------------------------------------------
Solving group 39, a group with 1 elements

Group contains the following variables:
permeate.t

Group contains the following equations:
u_membrane001.ftemp1

Initializing ...
errf = 0.0902861 (>8.13788e-05)


1. iteration step
errx = 0.00225207 (>8.13788e-05)
Group converged with errf= 0 (<=8.13788e-05)
--------------------------------------------------
Solving group 40, a group with 1 elements

Group contains the following variables:
permeate.rho

Group contains the following equations:
u_membrane001.fdens1

Initializing ...
Group converged with errf= 0 (<=8.13788e-05)
--------------------------------------------------
Solving group 41, a group with 1 elements

Group contains the following variables:
permeate.h_waf

Group contains the following equations:
permeate.fh

Initializing ...
errf = 50.4199 (>8.13788e-05)


1. iteration step
errx = 0.980552 (>8.13788e-05)
Group converged with errf= 0 (<=8.13788e-05)
--------------------------------------------------
Solving group 42, a group with 1 elements

Group contains the following variables:
permeate.s_waf

Group contains the following equations:
permeate.fs

Initializing ...
errf = 0.230322 (>8.13788e-05)


1. iteration step
errx = 0.299244 (>8.13788e-05)
Group converged with errf= 0 (<=8.13788e-05)
--------------------------------------------------
Solving group 43, a group with 1 elements

Group contains the following variables:
permeate.e_waf

Group contains the following equations:
permeate.fe

Initializing ...
errf = 27030.3 (>8.13788e-05)


1. iteration step
errx = 0.999963 (>8.13788e-05)
Group converged with errf= 0 (<=8.13788e-05)
--------------------------------------------------
Solving group 44, a group with 1 elements

Group contains the following variables:
permeate.h_total

Group contains the following equations:
permeate.fh_total2

Initializing ...
errf = 15792.1 (>8.13788e-05)


1. iteration step
errx = 1.00006 (>8.13788e-05)
Group converged with errf= 0 (<=8.13788e-05)
--------------------------------------------------
Solving group 45, a group with 1 elements

Group contains the following variables:
permeate.lhv

Group contains the following equations:
permeate.flhv

Initializing ...
errf = 2415.87 (>8.13788e-05)


1. iteration step
errx = 1.00041 (>8.13788e-05)
Group converged with errf= 0 (<=8.13788e-05)
--------------------------------------------------
Solving group 46, a group with 1 elements

Group contains the following variables:
permeate.hhv

Group contains the following equations:
permeate.fhhv

Initializing ...
errf = 26.032 (>8.13788e-05)


1. iteration step
errx = 0.963007 (>8.13788e-05)
Group converged with errf= 0 (<=8.13788e-05)
--------------------------------------------------
Solving group 47, a group with 1 elements

Group contains the following variables:
permeate.volflow

Group contains the following equations:
permeate.fvolflow

Initializing ...
Group converged with errf= 0 (<=8.13788e-05)
--------------------------------------------------
Solving group 48, a group with 1 elements

Group contains the following variables:
permeate.Energy

Group contains the following equations:
permeate.fEnergy2

Initializing ...
errf = 1.12709e+06 (>8.13788e-05)


1. iteration step
errx = 1.0032 (>8.13788e-05)
Group converged with errf= 0 (<=8.13788e-05)
--------------------------------------------------
Solving group 49, a group with 1 elements

Group contains the following variables:
permeate.Exergy

Group contains the following equations:
permeate.fExergy2

Initializing ...
errf = 11551.6 (>8.13788e-05)


1. iteration step
errx = 0.762401 (>8.13788e-05)
Group converged with errf= 1.81899e-12 (<=8.13788e-05)
--------------------------------------------------
Solving group 50, a group with 1 elements

Group contains the following variables:
feed_II.s_waf

Group contains the following equations:
feed_II.fs

Initializing ...
errf = 0.186916 (>8.13788e-05)


1. iteration step
errx = 0.229885 (>8.13788e-05)
Group converged with errf= 0 (<=8.13788e-05)
--------------------------------------------------
Solving group 51, a group with 1 elements

Group contains the following variables:
feed_II.e_waf

Group contains the following equations:
feed_II.fe

Initializing ...
errf = 27031.2 (>8.13788e-05)


1. iteration step
errx = 0.999963 (>8.13788e-05)
Group converged with errf= 0 (<=8.13788e-05)
--------------------------------------------------
Solving group 52, a group with 1 elements

Group contains the following variables:
feed_II.lhv

Group contains the following equations:
feed_II.flhv

Initializing ...
errf = 2849.21 (>8.13788e-05)


1. iteration step
errx = 0.999649 (>8.13788e-05)
Group converged with errf= 0 (<=8.13788e-05)
--------------------------------------------------
Solving group 53, a group with 1 elements

Group contains the following variables:
feed_II.hhv

Group contains the following equations:
feed_II.fhhv

Initializing ...
errf = 5135.08 (>8.13788e-05)


1. iteration step
errx = 0.999805 (>8.13788e-05)
Group converged with errf= 0 (<=8.13788e-05)
--------------------------------------------------
Solving group 54, a group with 1 elements

Group contains the following variables:
feed_II.volflow

Group contains the following equations:
feed_II.fvolflow

Initializing ...
Group converged with errf= 0 (<=8.13788e-05)
--------------------------------------------------
Solving group 55, a group with 1 elements

Group contains the following variables:
feed_II.Energy

Group contains the following equations:
feed_II.fEnergy2

Initializing ...
errf = 3.02783e+06 (>8.13788e-05)


1. iteration step
errx = 0.998812 (>8.13788e-05)
Group converged with errf= 0 (<=8.13788e-05)
--------------------------------------------------
Solving group 56, a group with 1 elements

Group contains the following variables:
feed_II.Exergy

Group contains the following equations:
feed_II.fExergy2

Initializing ...
errf = 5.17149e+06 (>8.13788e-05)


1. iteration step
errx = 0.999304 (>8.13788e-05)
Group converged with errf= 0 (<=8.13788e-05)
--------------------------------------------------
Solving group 57, a group with 1 elements

Group contains the following variables:
power_connection.power

Group contains the following equations:
u_pump_o_001.f2h

Initializing ...
errf = 2547.37 (>8.13788e-05)


1. iteration step
errx = 2.42 (>8.13788e-05)
Group converged with errf= 2.27374e-13 (<=8.13788e-05)
--------------------------------------------------
Solving group 58, a group with 1 elements

Group contains the following variables:
feed_I.s_waf

Group contains the following equations:
feed_I.fs

Initializing ...
errf = 0.191252 (>8.13788e-05)


1. iteration step
errx = 0.23648 (>8.13788e-05)
Group converged with errf= 0 (<=8.13788e-05)
--------------------------------------------------
Solving group 59, a group with 1 elements

Group contains the following variables:
feed_I.e_waf

Group contains the following equations:
feed_I.fe

Initializing ...
errf = 27032.4 (>8.13788e-05)


1. iteration step
errx = 0.999963 (>8.13788e-05)
Group converged with errf= 0 (<=8.13788e-05)
--------------------------------------------------
Solving group 60, a group with 1 elements

Group contains the following variables:
feed_I.lhv

Group contains the following equations:
feed_I.flhv

Initializing ...
errf = 2849.21 (>8.13788e-05)


1. iteration step
errx = 0.999649 (>8.13788e-05)
Group converged with errf= 0 (<=8.13788e-05)
--------------------------------------------------
Solving group 61, a group with 1 elements

Group contains the following variables:
feed_I.hhv

Group contains the following equations:
feed_I.fhhv

Initializing ...
errf = 5135.08 (>8.13788e-05)


1. iteration step
errx = 0.999805 (>8.13788e-05)
Group converged with errf= 0 (<=8.13788e-05)
--------------------------------------------------
Solving group 62, a group with 1 elements

Group contains the following variables:
feed_I.volflow

Group contains the following equations:
feed_I.fvolflow

Initializing ...
Group converged with errf= 0 (<=8.13788e-05)
--------------------------------------------------
Solving group 63, a group with 1 elements

Group contains the following variables:
feed_I.Energy

Group contains the following equations:
feed_I.fEnergy2

Initializing ...
errf = 3.02689e+06 (>8.13788e-05)


1. iteration step
errx = 0.998812 (>8.13788e-05)
Group converged with errf= 0 (<=8.13788e-05)
--------------------------------------------------
Solving group 64, a group with 1 elements

Group contains the following variables:
feed_I.Exergy

Group contains the following equations:
feed_I.fExergy2

Initializing ...
errf = 5.17097e+06 (>8.13788e-05)


1. iteration step
errx = 0.999304 (>8.13788e-05)
Group converged with errf= 0 (<=8.13788e-05)
--------------------------------------------------
Solving group 65, a group with 1 elements

Group contains the following variables:
u_sink_o_002.massflow

Group contains the following equations:
u_sink_o_002.fmassflow

Initializing ...
Group converged with errf= 0 (<=8.13788e-05)
--------------------------------------------------
Solving group 66, a group with 1 elements

Group contains the following variables:
u_sink_o_002.volflow

Group contains the following equations:
u_sink_o_002.fvolflow

Initializing ...
Group converged with errf= 0 (<=8.13788e-05)
--------------------------------------------------
Solving group 67, a group with 1 elements

Group contains the following variables:
u_sink_o_002.p

Group contains the following equations:
u_sink_o_002.fp

Initializing ...
Group converged with errf= 0 (<=8.13788e-05)
--------------------------------------------------
Solving group 68, a group with 1 elements

Group contains the following variables:
u_sink_o_002.t

Group contains the following equations:
u_sink_o_002.ft

Initializing ...
errf = 0.0902861 (>8.13788e-05)


1. iteration step
errx = 0.00225207 (>8.13788e-05)
Group converged with errf= 0 (<=8.13788e-05)
--------------------------------------------------
Solving group 69, a group with 1 elements

Group contains the following variables:
u_sink_o_001.massflow

Group contains the following equations:
u_sink_o_001.fmassflow

Initializing ...
Group converged with errf= 0 (<=8.13788e-05)
--------------------------------------------------
Solving group 70, a group with 1 elements

Group contains the following variables:
u_sink_o_001.volflow

Group contains the following equations:
u_sink_o_001.fvolflow

Initializing ...
Group converged with errf= 0 (<=8.13788e-05)
--------------------------------------------------
Solving group 71, a group with 1 elements

Group contains the following variables:
u_sink_o_001.p

Group contains the following equations:
u_sink_o_001.fp

Initializing ...
Group converged with errf= 0 (<=8.13788e-05)
--------------------------------------------------
Solving group 72, a group with 1 elements

Group contains the following variables:
u_sink_o_001.t

Group contains the following equations:
u_sink_o_001.ft

Initializing ...
errf = 0.0902861 (>8.13788e-05)


1. iteration step
errx = 0.00225207 (>8.13788e-05)
Group converged with errf= 0 (<=8.13788e-05)
--------------------------------------------------
Solving group 73, a group with 1 elements

Group contains the following variables:
u_mot_el_001.power

Group contains the following equations:
u_mot_el_001.f1b

Initializing ...
errf = 0.677802 (>8.13788e-05)


1. iteration step
errx = 2.31808 (>8.13788e-05)
Group converged with errf= 5.55112e-17 (<=8.13788e-05)
--------------------------------------------------
Solving group 74, a group with 1 elements

Group contains the following variables:
u_mot_el_001.E_loss

Group contains the following equations:
u_mot_el_001.f_E_loss_b

Initializing ...
errf = 0.991019 (>8.13788e-05)


1. iteration step
errx = 110.345 (>8.13788e-05)
Group converged with errf= 1.11022e-16 (<=8.13788e-05)
--------------------------------------------------
Solving group 75, a group with 1 elements

Group contains the following variables:
u_source_o_001.volflow

Group contains the following equations:
u_source_o_001.fvolflow

Initializing ...
Group converged with errf= 0 (<=8.13788e-05)
--------------------------------------------------
Solving group 76, a group with 1 elements

Group contains the following variables:
u_pump_o_001.E_loss

Group contains the following equations:
u_pump_o_001.f2_E_loss

Initializing ...
errf = 0.853686 (>8.13788e-05)


1. iteration step
errx = 5.83459 (>8.13788e-05)
Group converged with errf= 0 (<=8.13788e-05)
--------------------------------------------------
Solving group 77, a group with 1 elements

Group contains the following variables:
u_membrane001.Q_loss

Group contains the following equations:
u_membrane001.fenergy1

Initializing ...
errf = 74767.7 (>8.13788e-05)


1. iteration step
errx = 0.954063 (>8.13788e-05)
Group converged with errf= 0 (<=8.13788e-05)
--------------------------------------------------
Solving group 78, a group with 1 elements

Group contains the following variables:
u_membrane001.membrane_constant

Group contains the following equations:
u_membrane001.area3

Initializing ...
errf = 0.999992 (>8.13788e-05)


1. iteration step
errx = 999.992 (>8.13788e-05)
Group converged with errf= 5.39187e-17 (<=8.13788e-05)
--------------------------------------------------
Solving group 79, a group with 1 elements

Group contains the following variables:
u_membrane001.flux

Group contains the following equations:
u_membrane001.area2

Initializing ...
errf = 256.667 (>8.13788e-05)


1. iteration step
errx = 0.9625 (>8.13788e-05)
Group converged with errf= 0 (<=8.13788e-05)
--------------------------------------------------
Solving group 80, a group with 1 elements

Group contains the following variables:
u_membrane001.drymatter_retentate

Group contains the following equations:
u_membrane001.fdrym2

Initializing ...
errf = 0.601 (>8.13788e-05)


1. iteration step
errx = 1.50627 (>8.13788e-05)
Group converged with errf= 0 (<=8.13788e-05)
--------------------------------------------------
Solving group 81, a group with 1 elements

Group contains the following variables:
u_membrane001.enrichment_factor

Group contains the following equations:
u_membrane001.enrfac1

Initializing ...
errf = 0.995 (>8.13788e-05)


1. iteration step
errx = 199 (>8.13788e-05)
Group converged with errf= 8.67362e-19 (<=8.13788e-05)
--------------------------------------------------
Solving group 82, a group with 1 elements

Group contains the following variables:
u_membrane001.retention_coefficient

Group contains the following equations:
u_membrane001.retcof1

Initializing ...
errf = 0.005 (>8.13788e-05)


1. iteration step
errx = 0.00502513 (>8.13788e-05)
Group converged with errf= 0 (<=8.13788e-05)
--------------------------------------------------
Solving group 83, a group with 1 elements

Group contains the following variables:
u_membrane001.separation_factor

Group contains the following equations:
u_membrane001.sepfac1

Initializing ...
errf = 0.995996 (>8.13788e-05)


1. iteration step
errx = 248.75 (>8.13788e-05)
Group converged with errf= 1.56125e-17 (<=8.13788e-05)
--------------------------------------------------
Solving group 84, a group with 1 elements

Group contains the following variables:
u_membrane001.membrane_area

Group contains the following equations:
u_membrane001.area1

Initializing ...
errf = 0.875 (>8.13788e-05)


1. iteration step
errx = 0.466667 (>8.13788e-05)
Group converged with errf= 0 (<=8.13788e-05)

========================================================================
System solution finished.


========================================================================
Results:

x[1]     <organic_compound.SubstNr>       =          1  converged
x[2]     <organic_compound.wC>            =        0.6  converged
x[3]     <organic_compound.wH>            =       0.08  set
x[4]     <organic_compound.wO>            =        0.3  set
x[5]     <organic_compound.wN>            =       0.01  set
x[6]     <organic_compound.wS>            =      0.005  set
x[7]     <organic_compound.wCl>           =      0.005  set
x[8]     <organic_compound.lhv>           =      25286  converged
x[9]     <organic_compound.hhv>           =      27032  converged
x[10]    <organic_compound.hf298>         =    -4014.9  converged
x[11]    <organic_compound.e_chem>        =      27032  converged
x[12]    <ash.wAsh>                       =          1  converged
x[13]    <ash.wAl2O3>                     =          0  set
x[14]    <ash.wCaAl2O4>                   =          0  set
x[15]    <ash.wCaCl2>                     =          0  set
x[16]    <ash.wCaCO3>                     =          0  set
x[17]    <ash.wCaO>                       =          0  set
x[18]    <ash.wCaOH2>                     =          0  set
x[19]    <ash.wCaS>                       =          0  set
x[20]    <ash.wCaSO4>                     =          0  set
x[21]    <ash.wCo>                        =          0  set
x[22]    <ash.wCoO>                       =          0  set
x[23]    <ash.wCu>                        =          0  set
x[24]    <ash.wCu2O>                      =          0  set
x[25]    <ash.wCuO>                       =          0  set
x[26]    <ash.wCuAl2O4>                   =          0  set
x[27]    <ash.wCuS>                       =          0  set
x[28]    <ash.wFe>                        =          0  set
x[29]    <ash.wFeO>                       =          0  set
x[30]    <ash.wFe3O4>                     =          0  set
x[31]    <ash.wFe2O3>                     =          0  set
x[32]    <ash.wFe2SiO4>                   =          0  set
x[33]    <ash.wK2O>                       =          0  set
x[34]    <ash.wMgAl2O4>                   =          0  set
x[35]    <ash.wMgCO3>                     =          0  set
x[36]    <ash.wMgO>                       =          0  set
x[37]    <ash.wMg2SiO4>                   =          0  set
x[38]    <ash.wMn>                        =          0  set
x[39]    <ash.wMnO>                       =          0  set
x[40]    <ash.wMn3O4>                     =          0  set
x[41]    <ash.wMn2O3>                     =          0  set
x[42]    <ash.wMnO2>                      =          0  set
x[43]    <ash.wNaCl>                      =          0  set
x[44]    <ash.wNa2O>                      =          0  set
x[45]    <ash.wNi>                        =          0  set
x[46]    <ash.wNiO>                       =          0  set
x[47]    <ash.wNiAl2O4>                   =          0  set
x[48]    <ash.wSiO2>                      =          0  set
x[49]    <ash.wTiO2>                      =          0  set
x[50]    <ash.wZnO>                       =          0  set
x[51]    <ash.wZnS>                       =          0  set
x[52]    <ash.wZrO2>                      =          0  set
x[53]    <ash.rho>                        =          1  converged
x[54]    <retentate.p>                    =          8  converged
x[55]    <retentate.t>                    =      40.09  converged
x[56]    <retentate.rho>                  =       1000  converged
x[57]    <retentate.h_waf>                =      51.42  converged
x[58]    <retentate.s_waf>                =    0.76968  converged
x[59]    <retentate.e_waf>                =      27031  converged
x[60]    <retentate.water_content>        =      0.601  converged
x[61]    <retentate.ash_content>          =       0.02  converged
x[62]    <retentate.h_total>              =     -11220  converged
x[63]    <retentate.lhv>                  =     8115.3  converged
x[64]    <retentate.hhv>                  =      10245  converged
x[65]    <retentate.massflow>             =        500  converged
x[66]    <retentate.volflow>              =        0.5  converged
x[67]    <retentate.Energy>               =       1144  converged
x[68]    <retentate.Exergy>               =     1432.5  converged
x[69]    <permeate.p>                     =          1  converged
x[70]    <permeate.t>                     =      40.09  converged
x[71]    <permeate.rho>                   =       1000  converged
x[72]    <permeate.h_waf>                 =      51.42  converged
x[73]    <permeate.s_waf>                 =    0.76968  converged
x[74]    <permeate.e_waf>                 =      27031  converged
x[75]    <permeate.water_content>         =      0.999  converged
x[76]    <permeate.ash_content>           =          0  set
x[77]    <permeate.h_total>               =     -15791  converged
x[78]    <permeate.lhv>                   =    -2414.9  converged
x[79]    <permeate.hhv>                   =     27.032  converged
x[80]    <permeate.massflow>              =        500  converged
x[81]    <permeate.volflow>               =        0.5  converged
x[82]    <permeate.Energy>                =    -312.08  converged
x[83]    <permeate.Exergy>                =     4.2088  converged
x[84]    <feed_II.p>                      =         10  converged
x[85]    <feed_II.t>                      =      50.09  converged
x[86]    <feed_II.rho>                    =       1000  converged
x[87]    <feed_II.h_waf>                  =     65.235  converged
x[88]    <feed_II.s_waf>                  =    0.81308  converged
x[89]    <feed_II.e_waf>                  =      27032  converged
x[90]    <feed_II.water_content>          =        0.8  converged
x[91]    <feed_II.ash_content>            =       0.01  converged
x[92]    <feed_II.h_total>                =     -13469  converged
x[93]    <feed_II.lhv>                    =     2850.2  converged
x[94]    <feed_II.hhv>                    =     5136.1  converged
x[95]    <feed_II.massflow>               =       1000  converged
x[96]    <feed_II.volflow>                =          1  converged
x[97]    <feed_II.Energy>                 =     842.06  converged
x[98]    <feed_II.Exergy>                 =     1437.5  converged
x[99]    <power_connection.power>         =     0.2924  converged
x[100]   <feed_I.p>                       =          1  converged
x[101]   <feed_I.t>                       =         50  converged
x[102]   <feed_I.rho>                     =       1000  set
x[103]   <feed_I.h_waf>                   =     65.108  converged
x[104]   <feed_I.s_waf>                   =    0.80875  converged
x[105]   <feed_I.e_waf>                   =      27033  converged
x[106]   <feed_I.water_content>           =        0.8  set
x[107]   <feed_I.ash_content>             =       0.01  set
x[108]   <feed_I.h_total>                 =     -13470  converged
x[109]   <feed_I.lhv>                     =     2850.2  converged
x[110]   <feed_I.hhv>                     =     5136.1  converged
x[111]   <feed_I.massflow>                =       1000  converged
x[112]   <feed_I.volflow>                 =          1  converged
x[113]   <feed_I.Energy>                  =      841.8  converged
x[114]   <feed_I.Exergy>                  =     1437.4  converged
x[115]   <u_sink_o_002.massflow>          =        500  converged
x[116]   <u_sink_o_002.volflow>           =        0.5  converged
x[117]   <u_sink_o_002.p>                 =          8  converged
x[118]   <u_sink_o_002.t>                 =      40.09  converged
x[119]   <u_sink_o_001.massflow>          =        500  converged
x[120]   <u_sink_o_001.volflow>           =        0.5  converged
x[121]   <u_sink_o_001.p>                 =          1  converged
x[122]   <u_sink_o_001.t>                 =      40.09  converged
x[123]   <u_mot_el_001.power>             =    0.30138  converged
x[124]   <u_mot_el_001.E_loss>            =  0.0089811  converged
x[125]   <u_source_o_001.massflow>        =       1000  set
x[126]   <u_source_o_001.volflow>         =          1  converged
x[127]   <u_source_o_001.p>               =          1  set
x[128]   <u_source_o_001.t>               =         50  set
x[129]   <u_pump_o_001.eta_s>             =         95  set
x[130]   <u_pump_o_001.press_ratio>       =         10  set
x[131]   <u_pump_o_001.E_loss>            =    0.14631  converged
x[132]   <u_membrane001.dp_permeate>      =          9  set
x[133]   <u_membrane001.dp_retentate>     =          2  set
x[134]   <u_membrane001.dT_permeate>      =         10  set
x[135]   <u_membrane001.dT_retentate>     =         10  set
x[136]   <u_membrane001.yield>            =        0.5  set
x[137]   <u_membrane001.Q_loss>           =     21.769  converged
x[138]   <u_membrane001.flux>             =     266.67  converged
x[139]   <u_membrane001.drymatter_permeate> =      0.001  set
x[140]   <u_membrane001.drymatter_retentate> =      0.399  converged
x[141]   <u_membrane001.enrichment_factor> =      0.005  converged
x[142]   <u_membrane001.retention_coefficient> =      0.995  converged
x[143]   <u_membrane001.separation_factor> =   0.004004  converged
x[144]   <u_membrane001.cp_org>           =       4.18  set
x[145]   <u_membrane001.membrane_area>    =      1.875  converged
x[146]   <u_membrane001.membrane_constant> = 8.2305e-06  converged
x[147]   <u_membrane001.spec_surface>     =       1000  set
x[148]   <u_membrane001.porosity>         =        0.1  set
x[149]   <u_membrane001.dyn_viscosity>    =      0.003  set
x[150]   <u_membrane001.membrane_thickness> =        0.1  set
x[151]   <u_membrane001.tortuosity>       =        2.5  set

========================================================================
Solution
Start:	Jun 26 2024, 09:31:04.834
End:  	Jun 26 2024, 09:31:05.015
Actual Time:	0.181000 seconds
CPU Time:   	0.156000 seconds
CPU Percentage:	22%
0 errors (0 recovered errors)
0 warnings (0 recovered warnings)
========================================================================
