========================================================================
||
||     PSStat - Static Solver
||     Version 8.0 U, Release 17, Build 2459, Aug 18 2023 08:49:32 
||
========================================================================

Loading system ...

System has been loaded successfully.
System analysis ...
========================================================================
System model contains 145 variables
61 variables set to fixed values
System to be solved contains 84 variables and 84 equations
83 groups found. Largest group contains 2 variables.
========================================================================
System analysis finished.


Starting system solution .... 
========================================================================
--------------------------------------------------
Solving group 1, a group with 1 elements

Group contains the following variables:
ash.wAsh

Group contains the following equations:
ash.fmass

Initializing ...
Group converged with errf= 0 (<=8.30455e-05)
--------------------------------------------------
Solving group 2, a group with 1 elements

Group contains the following variables:
ash.rho

Group contains the following equations:
ash.frho

Initializing ...
errf = 2649 (>8.30455e-05)


1. iteration step
errx = 2649 (>8.30455e-05)
Group converged with errf= 0 (<=8.30455e-05)
--------------------------------------------------
Solving group 3, a group with 1 elements

Group contains the following variables:
organic_compound.SubstNr

Group contains the following equations:
organic_compound.fSubstNr1

Initializing ...
Group converged with errf= 0 (<=8.30455e-05)
--------------------------------------------------
Solving group 4, a group with 1 elements

Group contains the following variables:
organic_compound.wC

Group contains the following equations:
organic_compound.fmass_sum

Initializing ...
Group converged with errf= 0 (<=8.30455e-05)
--------------------------------------------------
Solving group 5, a group with 1 elements

Group contains the following variables:
organic_compound.lhv

Group contains the following equations:
organic_compound.flhv_tar

Initializing ...
errf = 38488.5 (>8.30455e-05)


1. iteration step
errx = 0.999974 (>8.30455e-05)
Group converged with errf= 0 (<=8.30455e-05)
--------------------------------------------------
Solving group 6, a group with 1 elements

Group contains the following variables:
organic_compound.hhv

Group contains the following equations:
organic_compound.fhhv

Initializing ...
errf = 40234.8 (>8.30455e-05)


1. iteration step
errx = 0.999975 (>8.30455e-05)
Group converged with errf= 0 (<=8.30455e-05)
--------------------------------------------------
Solving group 7, a group with 1 elements

Group contains the following variables:
organic_compound.hf298

Group contains the following equations:
organic_compound.fhf1

Initializing ...
errf = 9187.89 (>8.30455e-05)


1. iteration step
errx = 0.999891 (>8.30455e-05)
Group converged with errf= 0 (<=8.30455e-05)
--------------------------------------------------
Solving group 8, a group with 1 elements

Group contains the following variables:
organic_compound.e_chem

Group contains the following equations:
organic_compound.fe_chem

Initializing ...
errf = 40234.8 (>8.30455e-05)


1. iteration step
errx = 0.999975 (>8.30455e-05)
Group converged with errf= 0 (<=8.30455e-05)
--------------------------------------------------
Solving group 9, a group with 1 elements

Group contains the following variables:
feed.p

Group contains the following equations:
u_source_o_001.fp

Initializing ...
Group converged with errf= 0 (<=8.30455e-05)
--------------------------------------------------
Solving group 10, a group with 1 elements

Group contains the following variables:
feed_pressurized.p

Group contains the following equations:
u_pump_o_001.fpress_ratio

Initializing ...
Group converged with errf= 0 (<=8.30455e-05)
--------------------------------------------------
Solving group 11, a group with 1 elements

Group contains the following variables:
retentate.p

Group contains the following equations:
u_membrane001.fpress2

Initializing ...
Group converged with errf= 0 (<=8.30455e-05)
--------------------------------------------------
Solving group 12, a group with 1 elements

Group contains the following variables:
feed_pressurized.water_content

Group contains the following equations:
u_pump_o_001.fwater_cont

Initializing ...
Group converged with errf= 0 (<=8.30455e-05)
--------------------------------------------------
Solving group 13, a group with 1 elements

Group contains the following variables:
feed_pressurized.ash_content

Group contains the following equations:
u_pump_o_001.fash_cont

Initializing ...
Group converged with errf= 0 (<=8.30455e-05)
--------------------------------------------------
Solving group 14, a group with 1 elements

Group contains the following variables:
feed.t

Group contains the following equations:
u_source_o_001.ft

Initializing ...
Group converged with errf= 0 (<=8.30455e-05)
--------------------------------------------------
Solving group 15, a group with 1 elements

Group contains the following variables:
feed.h_waf

Group contains the following equations:
feed.fh

Initializing ...
errf = 64.1081 (>8.30455e-05)


1. iteration step
errx = 0.984641 (>8.30455e-05)
Group converged with errf= 0 (<=8.30455e-05)
--------------------------------------------------
Solving group 16, a group with 1 elements

Group contains the following variables:
feed.h_total

Group contains the following equations:
feed.fh_total2

Initializing ...
errf = 10962.1 (>8.30455e-05)


1. iteration step
errx = 1.00009 (>8.30455e-05)
Group converged with errf= 0 (<=8.30455e-05)
--------------------------------------------------
Solving group 17, a group with 1 elements

Group contains the following variables:
feed_pressurized.h_total

Group contains the following equations:
u_pump_o_001.fcompr

Initializing ...
errf = 1.04131e+06 (>8.30455e-05)


1. iteration step
errx = 1.00009 (>8.30455e-05)
Group converged with errf= 1.00044e-10 (<=8.30455e-05)
--------------------------------------------------
Solving group 18, a group with 2 elements

Group contains the following variables:
feed_pressurized.h_waf	feed_pressurized.t

Group contains the following equations:
feed_pressurized.fh	feed_pressurized.fh_total2

Initializing ...
errf = 65.3167 (>0.000117444)


1. iteration step
errx = 0.984672 (>0.000117444)
Group converged with errf= 1.66019e-05 (<=0.000117444)
--------------------------------------------------
Solving group 19, a group with 1 elements

Group contains the following variables:
retentate.t

Group contains the following equations:
u_membrane001.ftemp2

Initializing ...
errf = 0.0902861 (>8.30455e-05)


1. iteration step
errx = 0.00200234 (>8.30455e-05)
Group converged with errf= 0 (<=8.30455e-05)
--------------------------------------------------
Solving group 20, a group with 1 elements

Group contains the following variables:
feed_pressurized.rho

Group contains the following equations:
u_pump_o_001.f_dens

Initializing ...
errf = 999 (>8.30455e-05)


1. iteration step
errx = 0.999 (>8.30455e-05)
Group converged with errf= 0 (<=8.30455e-05)
--------------------------------------------------
Solving group 21, a group with 1 elements

Group contains the following variables:
retentate.rho

Group contains the following equations:
u_membrane001.fdens2

Initializing ...
Group converged with errf= 0 (<=8.30455e-05)
--------------------------------------------------
Solving group 22, a group with 1 elements

Group contains the following variables:
retentate.h_waf

Group contains the following equations:
retentate.fh

Initializing ...
errf = 57.2766 (>8.30455e-05)


1. iteration step
errx = 0.98284 (>8.30455e-05)
Group converged with errf= 0 (<=8.30455e-05)
--------------------------------------------------
Solving group 23, a group with 1 elements

Group contains the following variables:
retentate.s_waf

Group contains the following equations:
retentate.fs

Initializing ...
errf = 0.208607 (>8.30455e-05)


1. iteration step
errx = 0.263595 (>8.30455e-05)
Group converged with errf= 0 (<=8.30455e-05)
--------------------------------------------------
Solving group 24, a group with 1 elements

Group contains the following variables:
retentate.e_waf

Group contains the following equations:
retentate.fe

Initializing ...
errf = 40234.5 (>8.30455e-05)


1. iteration step
errx = 0.999975 (>8.30455e-05)
Group converged with errf= 0 (<=8.30455e-05)
--------------------------------------------------
Solving group 25, a group with 1 elements

Group contains the following variables:
feed.massflow

Group contains the following equations:
u_source_o_001.fmassflow

Initializing ...
Group converged with errf= 0 (<=8.30455e-05)
--------------------------------------------------
Solving group 26, a group with 1 elements

Group contains the following variables:
feed_pressurized.massflow

Group contains the following equations:
u_pump_o_001.fmassflow

Initializing ...
Group converged with errf= 0 (<=8.30455e-05)
--------------------------------------------------
Solving group 27, a group with 1 elements

Group contains the following variables:
permeate.massflow

Group contains the following equations:
u_membrane001.fmass1

Initializing ...
Group converged with errf= 0 (<=8.30455e-05)
--------------------------------------------------
Solving group 28, a group with 1 elements

Group contains the following variables:
retentate.massflow

Group contains the following equations:
u_membrane001.fmass2

Initializing ...
Group converged with errf= 0 (<=8.30455e-05)
--------------------------------------------------
Solving group 29, a group with 1 elements

Group contains the following variables:
permeate.water_content

Group contains the following equations:
u_membrane001.fdrym2

Initializing ...
errf = 0.001 (>8.30455e-05)


1. iteration step
errx = 0.00101112 (>8.30455e-05)
Group converged with errf= 8.67362e-18 (<=8.30455e-05)
--------------------------------------------------
Solving group 30, a group with 1 elements

Group contains the following variables:
retentate.water_content

Group contains the following equations:
u_membrane001.fmass3

Initializing ...
errf = 0.5 (>8.30455e-05)


1. iteration step
errx = 0.00163666 (>8.30455e-05)
Group converged with errf= 0 (<=8.30455e-05)
--------------------------------------------------
Solving group 31, a group with 1 elements

Group contains the following variables:
retentate.ash_content

Group contains the following equations:
u_membrane001.fash_cont1

Initializing ...
errf = 0.5 (>8.30455e-05)


1. iteration step
errx = 0.0526316 (>8.30455e-05)
Group converged with errf= 0 (<=8.30455e-05)
--------------------------------------------------
Solving group 32, a group with 1 elements

Group contains the following variables:
retentate.h_total

Group contains the following equations:
retentate.fh_total2

Initializing ...
errf = 6431.72 (>8.30455e-05)


1. iteration step
errx = 1.00016 (>8.30455e-05)
Group converged with errf= 0 (<=8.30455e-05)
--------------------------------------------------
Solving group 33, a group with 1 elements

Group contains the following variables:
retentate.lhv

Group contains the following equations:
retentate.flhv

Initializing ...
errf = 12747.7 (>8.30455e-05)


1. iteration step
errx = 0.999922 (>8.30455e-05)
Group converged with errf= 0 (<=8.30455e-05)
--------------------------------------------------
Solving group 34, a group with 1 elements

Group contains the following variables:
retentate.hhv

Group contains the following equations:
retentate.fhhv

Initializing ...
errf = 14886.2 (>8.30455e-05)


1. iteration step
errx = 0.999933 (>8.30455e-05)
Group converged with errf= 0 (<=8.30455e-05)
--------------------------------------------------
Solving group 35, a group with 1 elements

Group contains the following variables:
retentate.volflow

Group contains the following equations:
retentate.fvolflow

Initializing ...
Group converged with errf= 0 (<=8.30455e-05)
--------------------------------------------------
Solving group 36, a group with 1 elements

Group contains the following variables:
retentate.Energy

Group contains the following equations:
retentate.fEnergy2

Initializing ...
errf = 6.43974e+06 (>8.30455e-05)


1. iteration step
errx = 0.999441 (>8.30455e-05)
Group converged with errf= 0 (<=8.30455e-05)
--------------------------------------------------
Solving group 37, a group with 1 elements

Group contains the following variables:
retentate.Exergy

Group contains the following equations:
retentate.fExergy2

Initializing ...
errf = 7.47337e+06 (>8.30455e-05)


1. iteration step
errx = 0.999519 (>8.30455e-05)
Group converged with errf= 0 (<=8.30455e-05)
--------------------------------------------------
Solving group 38, a group with 1 elements

Group contains the following variables:
permeate.p

Group contains the following equations:
u_membrane001.fpress1

Initializing ...
Group converged with errf= 0 (<=8.30455e-05)
--------------------------------------------------
Solving group 39, a group with 1 elements

Group contains the following variables:
permeate.t

Group contains the following equations:
u_membrane001.ftemp1

Initializing ...
errf = 0.0902861 (>8.30455e-05)


1. iteration step
errx = 0.00200234 (>8.30455e-05)
Group converged with errf= 0 (<=8.30455e-05)
--------------------------------------------------
Solving group 40, a group with 1 elements

Group contains the following variables:
permeate.rho

Group contains the following equations:
u_membrane001.fdens1

Initializing ...
Group converged with errf= 0 (<=8.30455e-05)
--------------------------------------------------
Solving group 41, a group with 1 elements

Group contains the following variables:
permeate.h_waf

Group contains the following equations:
permeate.fh

Initializing ...
errf = 57.2766 (>8.30455e-05)


1. iteration step
errx = 0.98284 (>8.30455e-05)
Group converged with errf= 0 (<=8.30455e-05)
--------------------------------------------------
Solving group 42, a group with 1 elements

Group contains the following variables:
permeate.s_waf

Group contains the following equations:
permeate.fs

Initializing ...
errf = 0.208607 (>8.30455e-05)


1. iteration step
errx = 0.263595 (>8.30455e-05)
Group converged with errf= 0 (<=8.30455e-05)
--------------------------------------------------
Solving group 43, a group with 1 elements

Group contains the following variables:
permeate.e_waf

Group contains the following equations:
permeate.fe

Initializing ...
errf = 40234.5 (>8.30455e-05)


1. iteration step
errx = 0.999975 (>8.30455e-05)
Group converged with errf= 0 (<=8.30455e-05)
--------------------------------------------------
Solving group 44, a group with 1 elements

Group contains the following variables:
permeate.h_total

Group contains the following equations:
permeate.fh_total2

Initializing ...
errf = 15527.7 (>8.30455e-05)


1. iteration step
errx = 1.00006 (>8.30455e-05)
Group converged with errf= 0 (<=8.30455e-05)
--------------------------------------------------
Solving group 45, a group with 1 elements

Group contains the following variables:
permeate.lhv

Group contains the following equations:
permeate.flhv

Initializing ...
errf = 2031.84 (>8.30455e-05)


1. iteration step
errx = 1.00049 (>8.30455e-05)
Group converged with errf= 0 (<=8.30455e-05)
--------------------------------------------------
Solving group 46, a group with 1 elements

Group contains the following variables:
permeate.hhv

Group contains the following equations:
permeate.fhhv

Initializing ...
errf = 401.358 (>8.30455e-05)


1. iteration step
errx = 0.997515 (>8.30455e-05)
Group converged with errf= 0 (<=8.30455e-05)
--------------------------------------------------
Solving group 47, a group with 1 elements

Group contains the following variables:
permeate.volflow

Group contains the following equations:
permeate.fvolflow

Initializing ...
Group converged with errf= 0 (<=8.30455e-05)
--------------------------------------------------
Solving group 48, a group with 1 elements

Group contains the following variables:
permeate.Energy

Group contains the following equations:
permeate.fEnergy2

Initializing ...
errf = 925302 (>8.30455e-05)


1. iteration step
errx = 1.00391 (>8.30455e-05)
Group converged with errf= 0 (<=8.30455e-05)
--------------------------------------------------
Solving group 49, a group with 1 elements

Group contains the following variables:
permeate.Exergy

Group contains the following equations:
permeate.fExergy2

Initializing ...
errf = 201454 (>8.30455e-05)


1. iteration step
errx = 0.982444 (>8.30455e-05)
Group converged with errf= 0 (<=8.30455e-05)
--------------------------------------------------
Solving group 50, a group with 1 elements

Group contains the following variables:
feed.s_waf

Group contains the following equations:
feed.fs

Initializing ...
errf = 0.191252 (>8.30455e-05)


1. iteration step
errx = 0.23648 (>8.30455e-05)
Group converged with errf= 0 (<=8.30455e-05)
--------------------------------------------------
Solving group 51, a group with 1 elements

Group contains the following variables:
feed.e_waf

Group contains the following equations:
feed.fe

Initializing ...
errf = 40236.1 (>8.30455e-05)


1. iteration step
errx = 0.999975 (>8.30455e-05)
Group converged with errf= 0 (<=8.30455e-05)
--------------------------------------------------
Solving group 52, a group with 1 elements

Group contains the following variables:
feed.lhv

Group contains the following equations:
feed.flhv

Initializing ...
errf = 5357.92 (>8.30455e-05)


1. iteration step
errx = 0.999813 (>8.30455e-05)
Group converged with errf= 0 (<=8.30455e-05)
--------------------------------------------------
Solving group 53, a group with 1 elements

Group contains the following variables:
feed.hhv

Group contains the following equations:
feed.fhhv

Initializing ...
errf = 7643.8 (>8.30455e-05)


1. iteration step
errx = 0.999869 (>8.30455e-05)
Group converged with errf= 0 (<=8.30455e-05)
--------------------------------------------------
Solving group 54, a group with 1 elements

Group contains the following variables:
feed.volflow

Group contains the following equations:
feed.fvolflow

Initializing ...
Group converged with errf= 0 (<=8.30455e-05)
--------------------------------------------------
Solving group 55, a group with 1 elements

Group contains the following variables:
feed.Energy

Group contains the following equations:
feed.fEnergy2

Initializing ...
errf = 5.5356e+06 (>8.30455e-05)


1. iteration step
errx = 0.99935 (>8.30455e-05)
Group converged with errf= 0 (<=8.30455e-05)
--------------------------------------------------
Solving group 56, a group with 1 elements

Group contains the following variables:
feed.Exergy

Group contains the following equations:
feed.fExergy2

Initializing ...
errf = 7.67969e+06 (>8.30455e-05)


1. iteration step
errx = 0.999531 (>8.30455e-05)
Group converged with errf= 9.31323e-10 (<=8.30455e-05)
--------------------------------------------------
Solving group 57, a group with 1 elements

Group contains the following variables:
c_sh_001.power

Group contains the following equations:
u_pump_o_001.f2h

Initializing ...
errf = 2547.37 (>8.30455e-05)


1. iteration step
errx = 2.42 (>8.30455e-05)
Group converged with errf= 2.27374e-13 (<=8.30455e-05)
--------------------------------------------------
Solving group 58, a group with 1 elements

Group contains the following variables:
feed_pressurized.s_waf

Group contains the following equations:
feed_pressurized.fs

Initializing ...
errf = 0.186916 (>8.30455e-05)


1. iteration step
errx = 0.229885 (>8.30455e-05)
Group converged with errf= 0 (<=8.30455e-05)
--------------------------------------------------
Solving group 59, a group with 1 elements

Group contains the following variables:
feed_pressurized.e_waf

Group contains the following equations:
feed_pressurized.fe

Initializing ...
errf = 40235 (>8.30455e-05)


1. iteration step
errx = 0.999975 (>8.30455e-05)
Group converged with errf= 0 (<=8.30455e-05)
--------------------------------------------------
Solving group 60, a group with 1 elements

Group contains the following variables:
feed_pressurized.lhv

Group contains the following equations:
feed_pressurized.flhv

Initializing ...
errf = 5357.92 (>8.30455e-05)


1. iteration step
errx = 0.999813 (>8.30455e-05)
Group converged with errf= 0 (<=8.30455e-05)
--------------------------------------------------
Solving group 61, a group with 1 elements

Group contains the following variables:
feed_pressurized.hhv

Group contains the following equations:
feed_pressurized.fhhv

Initializing ...
errf = 7643.8 (>8.30455e-05)


1. iteration step
errx = 0.999869 (>8.30455e-05)
Group converged with errf= 0 (<=8.30455e-05)
--------------------------------------------------
Solving group 62, a group with 1 elements

Group contains the following variables:
feed_pressurized.volflow

Group contains the following equations:
feed_pressurized.fvolflow

Initializing ...
Group converged with errf= 0 (<=8.30455e-05)
--------------------------------------------------
Solving group 63, a group with 1 elements

Group contains the following variables:
feed_pressurized.Energy

Group contains the following equations:
feed_pressurized.fEnergy2

Initializing ...
errf = 5.53655e+06 (>8.30455e-05)


1. iteration step
errx = 0.99935 (>8.30455e-05)
Group converged with errf= 0 (<=8.30455e-05)
--------------------------------------------------
Solving group 64, a group with 1 elements

Group contains the following variables:
feed_pressurized.Exergy

Group contains the following equations:
feed_pressurized.fExergy2

Initializing ...
errf = 7.68021e+06 (>8.30455e-05)


1. iteration step
errx = 0.999531 (>8.30455e-05)
Group converged with errf= 9.31323e-10 (<=8.30455e-05)
--------------------------------------------------
Solving group 65, a group with 1 elements

Group contains the following variables:
u_sink_o_002.massflow

Group contains the following equations:
u_sink_o_002.fmassflow

Initializing ...
Group converged with errf= 0 (<=8.30455e-05)
--------------------------------------------------
Solving group 66, a group with 1 elements

Group contains the following variables:
u_sink_o_002.volflow

Group contains the following equations:
u_sink_o_002.fvolflow

Initializing ...
Group converged with errf= 0 (<=8.30455e-05)
--------------------------------------------------
Solving group 67, a group with 1 elements

Group contains the following variables:
u_sink_o_002.p

Group contains the following equations:
u_sink_o_002.fp

Initializing ...
Group converged with errf= 0 (<=8.30455e-05)
--------------------------------------------------
Solving group 68, a group with 1 elements

Group contains the following variables:
u_sink_o_002.t

Group contains the following equations:
u_sink_o_002.ft

Initializing ...
errf = 0.0902861 (>8.30455e-05)


1. iteration step
errx = 0.00200234 (>8.30455e-05)
Group converged with errf= 0 (<=8.30455e-05)
--------------------------------------------------
Solving group 69, a group with 1 elements

Group contains the following variables:
u_sink_o_001.massflow

Group contains the following equations:
u_sink_o_001.fmassflow

Initializing ...
Group converged with errf= 0 (<=8.30455e-05)
--------------------------------------------------
Solving group 70, a group with 1 elements

Group contains the following variables:
u_sink_o_001.volflow

Group contains the following equations:
u_sink_o_001.fvolflow

Initializing ...
Group converged with errf= 0 (<=8.30455e-05)
--------------------------------------------------
Solving group 71, a group with 1 elements

Group contains the following variables:
u_sink_o_001.p

Group contains the following equations:
u_sink_o_001.fp

Initializing ...
Group converged with errf= 0 (<=8.30455e-05)
--------------------------------------------------
Solving group 72, a group with 1 elements

Group contains the following variables:
u_sink_o_001.t

Group contains the following equations:
u_sink_o_001.ft

Initializing ...
errf = 0.0902861 (>8.30455e-05)


1. iteration step
errx = 0.00200234 (>8.30455e-05)
Group converged with errf= 0 (<=8.30455e-05)
--------------------------------------------------
Solving group 73, a group with 1 elements

Group contains the following variables:
u_source_o_001.volflow

Group contains the following equations:
u_source_o_001.fvolflow

Initializing ...
Group converged with errf= 0 (<=8.30455e-05)
--------------------------------------------------
Solving group 74, a group with 1 elements

Group contains the following variables:
u_mot_el_001.power

Group contains the following equations:
u_mot_el_001.f1b

Initializing ...
errf = 0.00133766 (>8.30455e-05)


1. iteration step
errx = 0.0045748 (>8.30455e-05)
Group converged with errf= 0 (<=8.30455e-05)
--------------------------------------------------
Solving group 75, a group with 1 elements

Group contains the following variables:
u_mot_el_001.E_loss

Group contains the following equations:
u_mot_el_001.f_E_loss_b

Initializing ...
errf = 0.991019 (>8.30455e-05)


1. iteration step
errx = 110.345 (>8.30455e-05)
Group converged with errf= 1.11022e-16 (<=8.30455e-05)
--------------------------------------------------
Solving group 76, a group with 1 elements

Group contains the following variables:
u_pump_o_001.E_loss

Group contains the following equations:
u_pump_o_001.f2_E_loss

Initializing ...
errf = 0.853686 (>8.30455e-05)


1. iteration step
errx = 5.83459 (>8.30455e-05)
Group converged with errf= 0 (<=8.30455e-05)
--------------------------------------------------
Solving group 77, a group with 1 elements

Group contains the following variables:
u_membrane001.Q_loss

Group contains the following equations:
u_membrane001.fenergy1

Initializing ...
errf = 14911.3 (>8.30455e-05)


1. iteration step
errx = 0.805524 (>8.30455e-05)
Group converged with errf= 0 (<=8.30455e-05)
--------------------------------------------------
Solving group 78, a group with 1 elements

Group contains the following variables:
u_membrane001.membrane_area

Group contains the following equations:
u_membrane001.area1

Initializing ...
errf = 10.1111 (>8.30455e-05)


1. iteration step
errx = 0.91 (>8.30455e-05)
Group converged with errf= 0 (<=8.30455e-05)
--------------------------------------------------
Solving group 79, a group with 1 elements

Group contains the following variables:
u_membrane001.membrane_constant

Group contains the following equations:
u_membrane001.area2

Initializing ...
errf = 3.24e+07 (>8.30455e-05)


1. iteration step
errx = 999.999 (>8.30455e-05)
Group converged with errf= 2.94804e-10 (<=8.30455e-05)
--------------------------------------------------
Solving group 80, a group with 1 elements

Group contains the following variables:
u_membrane001.drymatter_retentate

Group contains the following equations:
u_membrane001.fdrym1

Initializing ...
errf = 0.63 (>8.30455e-05)


1. iteration step
errx = 1.7027 (>8.30455e-05)
Group converged with errf= 0 (<=8.30455e-05)
--------------------------------------------------
Solving group 81, a group with 1 elements

Group contains the following variables:
u_membrane001.retention_coefficient

Group contains the following equations:
u_membrane001.retcof1

Initializing ...
errf = 0.027027 (>8.30455e-05)


1. iteration step
errx = 0.0277778 (>8.30455e-05)
Group converged with errf= 0 (<=8.30455e-05)
--------------------------------------------------
Solving group 82, a group with 1 elements

Group contains the following variables:
u_membrane001.enrichment_factor

Group contains the following equations:
u_membrane001.enrfac1

Initializing ...
errf = 0.945 (>8.30455e-05)


1. iteration step
errx = 17.1818 (>8.30455e-05)
Group converged with errf= 1.38778e-17 (<=8.30455e-05)
--------------------------------------------------
Solving group 83, a group with 1 elements

Group contains the following variables:
u_membrane001.separation_factor

Group contains the following equations:
u_membrane001.sepfac1

Initializing ...
errf = 0.955511 (>8.30455e-05)


1. iteration step
errx = 21.4773 (>8.30455e-05)
Group converged with errf= 6.93889e-18 (<=8.30455e-05)

========================================================================
System solution finished.


========================================================================
Results:

x[1]     <ash.wAsh>                       =          1  converged
x[2]     <ash.wAl2O3>                     =          0  set
x[3]     <ash.wCaAl2O4>                   =          0  set
x[4]     <ash.wCaCl2>                     =          0  set
x[5]     <ash.wCaCO3>                     =          0  set
x[6]     <ash.wCaO>                       =          0  set
x[7]     <ash.wCaOH2>                     =          0  set
x[8]     <ash.wCaS>                       =          0  set
x[9]     <ash.wCaSO4>                     =          0  set
x[10]    <ash.wCo>                        =          0  set
x[11]    <ash.wCoO>                       =          0  set
x[12]    <ash.wCu>                        =          0  set
x[13]    <ash.wCu2O>                      =          0  set
x[14]    <ash.wCuO>                       =          0  set
x[15]    <ash.wCuAl2O4>                   =          0  set
x[16]    <ash.wCuS>                       =          0  set
x[17]    <ash.wFe>                        =          0  set
x[18]    <ash.wFeO>                       =          0  set
x[19]    <ash.wFe3O4>                     =          0  set
x[20]    <ash.wFe2O3>                     =          0  set
x[21]    <ash.wFe2SiO4>                   =          0  set
x[22]    <ash.wK2O>                       =          0  set
x[23]    <ash.wMgAl2O4>                   =          0  set
x[24]    <ash.wMgCO3>                     =          0  set
x[25]    <ash.wMgO>                       =          0  set
x[26]    <ash.wMg2SiO4>                   =          0  set
x[27]    <ash.wMn>                        =          0  set
x[28]    <ash.wMnO>                       =          0  set
x[29]    <ash.wMn3O4>                     =          0  set
x[30]    <ash.wMn2O3>                     =          0  set
x[31]    <ash.wMnO2>                      =          0  set
x[32]    <ash.wNaCl>                      =          0  set
x[33]    <ash.wNa2O>                      =          0  set
x[34]    <ash.wNi>                        =          0  set
x[35]    <ash.wNiO>                       =          0  set
x[36]    <ash.wNiAl2O4>                   =          0  set
x[37]    <ash.wSiO2>                      =          0  set
x[38]    <ash.wTiO2>                      =          0  set
x[39]    <ash.wZnO>                       =          0  set
x[40]    <ash.wZnS>                       =          0  set
x[41]    <ash.wZrO2>                      =          0  set
x[42]    <ash.rho>                        =          1  converged
x[43]    <organic_compound.SubstNr>       =          1  converged
x[44]    <organic_compound.wC>            =        0.6  converged
x[45]    <organic_compound.wH>            =       0.08  set
x[46]    <organic_compound.wO>            =        0.3  set
x[47]    <organic_compound.wN>            =       0.01  set
x[48]    <organic_compound.wS>            =      0.005  set
x[49]    <organic_compound.wCl>           =      0.005  set
x[50]    <organic_compound.lhv>           =      38490  converged
x[51]    <organic_compound.hhv>           =      40236  converged
x[52]    <organic_compound.hf298>         =     9188.9  converged
x[53]    <organic_compound.e_chem>        =      40236  converged
x[54]    <retentate.p>                    =          8  converged
x[55]    <retentate.t>                    =      45.09  converged
x[56]    <retentate.rho>                  =       1000  converged
x[57]    <retentate.h_waf>                =     58.277  converged
x[58]    <retentate.s_waf>                =    0.79139  converged
x[59]    <retentate.e_waf>                =      40235  converged
x[60]    <retentate.water_content>        =      0.611  converged
x[61]    <retentate.ash_content>          =      0.019  converged
x[62]    <retentate.h_total>              =    -6430.7  converged
x[63]    <retentate.lhv>                  =      12749  converged
x[64]    <retentate.hhv>                  =      14887  converged
x[65]    <retentate.massflow>             =        500  converged
x[66]    <retentate.volflow>              =        0.5  converged
x[67]    <retentate.Energy>               =     1789.8  converged
x[68]    <retentate.Exergy>               =     2076.9  converged
x[69]    <permeate.p>                     =          1  converged
x[70]    <permeate.t>                     =      45.09  converged
x[71]    <permeate.rho>                   =       1000  converged
x[72]    <permeate.h_waf>                 =     58.277  converged
x[73]    <permeate.s_waf>                 =    0.79139  converged
x[74]    <permeate.e_waf>                 =      40235  converged
x[75]    <permeate.water_content>         =      0.989  converged
x[76]    <permeate.ash_content>           =      0.001  set
x[77]    <permeate.h_total>               =     -15527  converged
x[78]    <permeate.lhv>                   =    -2030.8  converged
x[79]    <permeate.hhv>                   =     402.36  converged
x[80]    <permeate.massflow>              =        500  converged
x[81]    <permeate.volflow>               =        0.5  converged
x[82]    <permeate.Energy>                =    -256.03  converged
x[83]    <permeate.Exergy>                =     56.959  converged
x[84]    <feed.p>                         =          1  converged
x[85]    <feed.t>                         =         50  converged
x[86]    <feed.rho>                       =       1000  set
x[87]    <feed.h_waf>                     =     65.108  converged
x[88]    <feed.s_waf>                     =    0.80875  converged
x[89]    <feed.e_waf>                     =      40237  converged
x[90]    <feed.water_content>             =        0.8  set
x[91]    <feed.ash_content>               =       0.01  set
x[92]    <feed.h_total>                   =     -10961  converged
x[93]    <feed.lhv>                       =     5358.9  converged
x[94]    <feed.hhv>                       =     7644.8  converged
x[95]    <feed.massflow>                  =       1000  converged
x[96]    <feed.volflow>                   =          1  converged
x[97]    <feed.Energy>                    =     1538.7  converged
x[98]    <feed.Exergy>                    =     2134.2  converged
x[99]    <c_sh_001.power>                 =     0.2924  converged
x[100]   <feed_pressurized.p>             =         10  converged
x[101]   <feed_pressurized.t>             =      50.09  converged
x[102]   <feed_pressurized.rho>           =       1000  converged
x[103]   <feed_pressurized.h_waf>         =     65.235  converged
x[104]   <feed_pressurized.s_waf>         =    0.81308  converged
x[105]   <feed_pressurized.e_waf>         =      40236  converged
x[106]   <feed_pressurized.water_content> =        0.8  converged
x[107]   <feed_pressurized.ash_content>   =       0.01  converged
x[108]   <feed_pressurized.h_total>       =     -10960  converged
x[109]   <feed_pressurized.lhv>           =     5358.9  converged
x[110]   <feed_pressurized.hhv>           =     7644.8  converged
x[111]   <feed_pressurized.massflow>      =       1000  converged
x[112]   <feed_pressurized.volflow>       =          1  converged
x[113]   <feed_pressurized.Energy>        =     1538.9  converged
x[114]   <feed_pressurized.Exergy>        =     2134.4  converged
x[115]   <u_sink_o_002.massflow>          =        500  converged
x[116]   <u_sink_o_002.volflow>           =        0.5  converged
x[117]   <u_sink_o_002.p>                 =          8  converged
x[118]   <u_sink_o_002.t>                 =      45.09  converged
x[119]   <u_sink_o_001.massflow>          =        500  converged
x[120]   <u_sink_o_001.volflow>           =        0.5  converged
x[121]   <u_sink_o_001.p>                 =          1  converged
x[122]   <u_sink_o_001.t>                 =      45.09  converged
x[123]   <u_source_o_001.massflow>        =       1000  set
x[124]   <u_source_o_001.volflow>         =          1  converged
x[125]   <u_source_o_001.p>               =          1  set
x[126]   <u_source_o_001.t>               =         50  set
x[127]   <u_mot_el_001.power>             =    0.30138  converged
x[128]   <u_mot_el_001.E_loss>            =  0.0089811  converged
x[129]   <u_pump_o_001.eta_s>             =         95  set
x[130]   <u_pump_o_001.press_ratio>       =         10  set
x[131]   <u_pump_o_001.E_loss>            =    0.14631  converged
x[132]   <u_membrane001.dp_permeate>      =          9  set
x[133]   <u_membrane001.dp_retentate>     =          2  set
x[134]   <u_membrane001.dT_permeate>      =          5  set
x[135]   <u_membrane001.dT_retentate>     =          5  set
x[136]   <u_membrane001.yield>            =        0.5  set
x[137]   <u_membrane001.Q_loss>           =      5.142  converged
x[138]   <u_membrane001.flux>             =         45  set
x[139]   <u_membrane001.membrane_area>    =     11.111  converged
x[140]   <u_membrane001.membrane_constant> = 1.3889e-06  converged
x[141]   <u_membrane001.drymatter_permeate> =       0.01  set
x[142]   <u_membrane001.drymatter_retentate> =       0.37  converged
x[143]   <u_membrane001.retention_coefficient> =    0.97297  converged
x[144]   <u_membrane001.enrichment_factor> =      0.055  converged
x[145]   <u_membrane001.separation_factor> =   0.044489  converged

========================================================================
Solution
Start:	Jul 09 2024, 19:56:03.454
End:  	Jul 09 2024, 19:56:04.056
Actual Time:	0.602000 seconds
CPU Time:   	0.156000 seconds
CPU Percentage:	6%
0 errors (0 recovered errors)
0 warnings (0 recovered warnings)
========================================================================
