========================================================================
||
||     PSStat - Static Solver
||     Version 8.0 U, Release 17, Build 2459, Aug 18 2023 08:49:32 
||
========================================================================

Loading system ...

System has been loaded successfully.
System analysis ...
========================================================================
System model contains 333 variables
108 variables set to fixed values
System to be solved contains 225 variables and 225 equations
176 groups found. Largest group contains 49 variables.
========================================================================
System analysis finished.


Starting system solution .... 
========================================================================
--------------------------------------------------
Solving group 1, a group with 1 elements

Group contains the following variables:
org_retentate.SubstNr

Group contains the following equations:
org_retentate.fSubstNr1

Initializing ...
Group converged with errf= 0 (<=5.47997e-05)
--------------------------------------------------
Solving group 2, a group with 1 elements

Group contains the following variables:
c_st_o_004.water_content

Group contains the following equations:
u_cmp_o_002.f_water

Initializing ...
Group converged with errf= 0 (<=5.47997e-05)
--------------------------------------------------
Solving group 3, a group with 1 elements

Group contains the following variables:
c_st_o_004.ash_content

Group contains the following equations:
u_cmp_o_002.f_ash

Initializing ...
errf = 9 (>5.47997e-05)


1. iteration step
errx = 0.9 (>5.47997e-05)
Group converged with errf= 3.33067e-16 (<=5.47997e-05)
--------------------------------------------------
Solving group 4, a group with 1 elements

Group contains the following variables:
org_permeate.wH

Group contains the following equations:
u_cmp_o_002.fH_wf

Initializing ...
errf = 89 (>5.47997e-05)


1. iteration step
errx = 8.9 (>5.47997e-05)
Group converged with errf= 1.24345e-14 (<=5.47997e-05)
--------------------------------------------------
Solving group 5, a group with 1 elements

Group contains the following variables:
c_st_o_003.water_content

Group contains the following equations:
u_cmp_o_001.f_water

Initializing ...
Group converged with errf= 0 (<=5.47997e-05)
--------------------------------------------------
Solving group 6, a group with 1 elements

Group contains the following variables:
c_st_o_003.ash_content

Group contains the following equations:
u_cmp_o_001.f_ash

Initializing ...
Group converged with errf= 8.88178e-16 (<=5.47997e-05)
--------------------------------------------------
Solving group 7, a group with 1 elements

Group contains the following variables:
org_feed.wH

Group contains the following equations:
u_cmp_o_001.fH_wf

Initializing ...
errf = 87 (>5.47997e-05)


1. iteration step
errx = 10.875 (>5.47997e-05)
Group converged with errf= 5.32907e-15 (<=5.47997e-05)
--------------------------------------------------
Solving group 8, a group with 1 elements

Group contains the following variables:
c_st_o_007.water_content

Group contains the following equations:
u_cmp_o_003.f_water

Initializing ...
Group converged with errf= 0 (<=5.47997e-05)
--------------------------------------------------
Solving group 9, a group with 1 elements

Group contains the following variables:
ash_retentate.wAsh

Group contains the following equations:
ash_retentate.fmass

Initializing ...
Group converged with errf= 0 (<=5.47997e-05)
--------------------------------------------------
Solving group 10, a group with 1 elements

Group contains the following variables:
org_permeate.wO

Group contains the following equations:
u_cmp_o_002.fO_wf

Initializing ...
errf = 44 (>5.47997e-05)


1. iteration step
errx = 0.8 (>5.47997e-05)
Group converged with errf= 0 (<=5.47997e-05)
--------------------------------------------------
Solving group 11, a group with 1 elements

Group contains the following variables:
org_permeate.wN

Group contains the following equations:
u_cmp_o_002.fN_wf

Initializing ...
errf = 97 (>5.47997e-05)


1. iteration step
errx = 48.5 (>5.47997e-05)
Group converged with errf= 1.77636e-14 (<=5.47997e-05)
--------------------------------------------------
Solving group 12, a group with 1 elements

Group contains the following variables:
org_permeate.wS

Group contains the following equations:
u_cmp_o_002.fS_wf

Initializing ...
errf = 98 (>5.47997e-05)


1. iteration step
errx = 98 (>5.47997e-05)
Group converged with errf= 1.44329e-14 (<=5.47997e-05)
--------------------------------------------------
Solving group 13, a group with 1 elements

Group contains the following variables:
org_permeate.wCl

Group contains the following equations:
u_cmp_o_002.fCl_wf

Initializing ...
errf = 98 (>5.47997e-05)


1. iteration step
errx = 98 (>5.47997e-05)
Group converged with errf= 1.44329e-14 (<=5.47997e-05)
--------------------------------------------------
Solving group 14, a group with 1 elements

Group contains the following variables:
org_permeate.wC

Group contains the following equations:
org_permeate.fmass_sum

Initializing ...
errf = 0.69697 (>5.47997e-05)


1. iteration step
errx = 2.3 (>5.47997e-05)
Group converged with errf= 0 (<=5.47997e-05)
--------------------------------------------------
Solving group 15, a group with 1 elements

Group contains the following variables:
org_feed.wO

Group contains the following equations:
u_cmp_o_001.fO_wf

Initializing ...
errf = 65 (>5.47997e-05)


1. iteration step
errx = 2.16667 (>5.47997e-05)
Group converged with errf= 7.10543e-15 (<=5.47997e-05)
--------------------------------------------------
Solving group 16, a group with 1 elements

Group contains the following variables:
org_feed.wN

Group contains the following equations:
u_cmp_o_001.fN_wf

Initializing ...
errf = 94 (>5.47997e-05)


1. iteration step
errx = 94 (>5.47997e-05)
Group converged with errf= 3.10862e-15 (<=5.47997e-05)
--------------------------------------------------
Solving group 17, a group with 1 elements

Group contains the following variables:
org_feed.wS

Group contains the following equations:
u_cmp_o_001.fS_wf

Initializing ...
errf = 94.5 (>5.47997e-05)


1. iteration step
errx = 189 (>5.47997e-05)
Group converged with errf= 1.55431e-15 (<=5.47997e-05)
--------------------------------------------------
Solving group 18, a group with 1 elements

Group contains the following variables:
org_feed.wCl

Group contains the following equations:
u_cmp_o_001.fCl_wf

Initializing ...
errf = 94.5 (>5.47997e-05)


1. iteration step
errx = 189 (>5.47997e-05)
Group converged with errf= 1.55431e-15 (<=5.47997e-05)
--------------------------------------------------
Solving group 19, a group with 1 elements

Group contains the following variables:
org_feed.wC

Group contains the following equations:
org_feed.fmass_sum

Initializing ...
errf = 0.421053 (>5.47997e-05)


1. iteration step
errx = 0.727273 (>5.47997e-05)
Group converged with errf= 0 (<=5.47997e-05)
--------------------------------------------------
Solving group 20, a group with 1 elements

Group contains the following variables:
c_st_o_002.water_content

Group contains the following equations:
u_cmp_o_001.f_water_content

Initializing ...
Group converged with errf= 0 (<=5.47997e-05)
--------------------------------------------------
Solving group 21, a group with 1 elements

Group contains the following variables:
c_st_o_001.water_content

Group contains the following equations:
u_pump_o_001.fwater_cont

Initializing ...
errf = 0.2 (>5.47997e-05)


1. iteration step
errx = 0.25 (>5.47997e-05)
Group converged with errf= 0 (<=5.47997e-05)
--------------------------------------------------
Solving group 22, a group with 1 elements

Group contains the following variables:
c_st_o_002.ash_content

Group contains the following equations:
u_cmp_o_001.f_ash_content

Initializing ...
Group converged with errf= 0 (<=5.47997e-05)
--------------------------------------------------
Solving group 23, a group with 1 elements

Group contains the following variables:
c_st_o_001.ash_content

Group contains the following equations:
u_pump_o_001.fash_cont

Initializing ...
errf = 0.99 (>5.47997e-05)


1. iteration step
errx = 99 (>5.47997e-05)
Group converged with errf= 8.67362e-18 (<=5.47997e-05)
--------------------------------------------------
Solving group 24, a group with 1 elements

Group contains the following variables:
c_st_o_003.massflow

Group contains the following equations:
u_source_o_001.fmassflow

Initializing ...
Group converged with errf= 0 (<=5.47997e-05)
--------------------------------------------------
Solving group 25, a group with 1 elements

Group contains the following variables:
c_st_o_002.massflow

Group contains the following equations:
u_cmp_o_001.f_mass

Initializing ...
Group converged with errf= 0 (<=5.47997e-05)
--------------------------------------------------
Solving group 26, a group with 1 elements

Group contains the following variables:
c_st_o_001.massflow

Group contains the following equations:
u_pump_o_001.fmassflow

Initializing ...
Group converged with errf= 0 (<=5.47997e-05)
--------------------------------------------------
Solving group 27, a group with 1 elements

Group contains the following variables:
ash_feed.wAsh

Group contains the following equations:
ash_feed.fmass

Initializing ...
Group converged with errf= 0 (<=5.47997e-05)
--------------------------------------------------
Solving group 28, a group with 49 elements

Group contains the following variables:
org_retentate.wCl	org_retentate.wS	org_retentate.wN	org_retentate.wO
ash_permeate.wZrO2	ash_permeate.wZnS	ash_permeate.wZnO	ash_permeate.wTiO2
ash_permeate.wSiO2	ash_permeate.wNiAl2O4	ash_permeate.wNiO	ash_permeate.wNi
ash_permeate.wNa2O	ash_permeate.wNaCl	ash_permeate.wMnO2	ash_permeate.wMn2O3
ash_permeate.wMn3O4	ash_permeate.wMnO	ash_permeate.wMn	ash_permeate.wMg2SiO4
ash_permeate.wMgO	ash_permeate.wMgCO3	ash_permeate.wMgAl2O4	ash_permeate.wK2O
ash_permeate.wFe2SiO4	ash_permeate.wFe2O3	ash_permeate.wFe3O4	ash_permeate.wFeO
ash_permeate.wFe	ash_permeate.wCuS	ash_permeate.wCuAl2O4	ash_permeate.wCuO
ash_permeate.wCu2O	ash_permeate.wCu	ash_permeate.wCoO	ash_permeate.wCo
ash_permeate.wCaSO4	ash_permeate.wCaS	ash_permeate.wCaOH2	ash_permeate.wCaO
ash_permeate.wCaCO3	ash_permeate.wCaCl2	ash_permeate.wCaAl2O4	c_st_o_007.massflow
ash_permeate.wAl2O3	ash_permeate.wAsh	c_st_o_007.ash_content	org_retentate.wH
org_retentate.wC

Group contains the following equations:
u_membrane001.f1Cl	u_membrane001.f1S	u_membrane001.f1N	u_membrane001.f1O
u_membrane001.fZrO2	u_membrane001.fZnS	u_membrane001.fZnO	u_membrane001.fTiO2
u_membrane001.fSiO2	u_membrane001.fNiAl2O4	u_membrane001.fNiO	u_membrane001.fNi
u_membrane001.fNa2O	u_membrane001.fNaCl	u_membrane001.fMnO2	u_membrane001.fMn2O3
u_membrane001.fMn3O4	u_membrane001.fMnO	u_membrane001.fMn	u_membrane001.fMg2SiO4
u_membrane001.fMgO	u_membrane001.fMgCO3	u_membrane001.fMgAl2O4	u_membrane001.fK2O
u_membrane001.fFe2SiO4	u_membrane001.fFe2O3	u_membrane001.fFe3O4	u_membrane001.fFeO
u_membrane001.fFe	u_membrane001.fCuS	u_membrane001.fCuAl2O4	u_membrane001.fCuO
u_membrane001.fCu2O	u_membrane001.fCu	u_membrane001.fCoO	u_membrane001.fCo
u_membrane001.fCaSO4	u_membrane001.fCaS	u_membrane001.fCaOH2	u_membrane001.fCaO
u_membrane001.fCaCO3	u_membrane001.fCaCl2	u_membrane001.fCaAl2O4	u_membrane001.f1C
u_membrane001.fAl2O3	ash_permeate.fmass	u_membrane001.fAsh	u_membrane001.f1H
org_retentate.fmass_sum

Initializing ...
errf = 390.131 (>0.000383598)


1. iteration step
errx = 295.662 (>0.000383598)
errf = 0.0357439 (>0.000383598)


2. iteration step
errx = 0.0263402 (>0.000383598)
Group converged with errf= 9.69475e-06 (<=0.000383598)
--------------------------------------------------
Solving group 29, a group with 1 elements

Group contains the following variables:
org_retentate.lhv

Group contains the following equations:
org_retentate.flhv_boie

Initializing ...
errf = 25063.3 (>5.47997e-05)


1. iteration step
errx = 0.99996 (>5.47997e-05)
Group converged with errf= 0 (<=5.47997e-05)
--------------------------------------------------
Solving group 30, a group with 1 elements

Group contains the following variables:
org_retentate.hhv

Group contains the following equations:
org_retentate.fhhv

Initializing ...
errf = 26891.7 (>5.47997e-05)


1. iteration step
errx = 0.999963 (>5.47997e-05)
Group converged with errf= 0 (<=5.47997e-05)
--------------------------------------------------
Solving group 31, a group with 1 elements

Group contains the following variables:
org_retentate.hf298

Group contains the following equations:
org_retentate.fhf1

Initializing ...
errf = 4241.76 (>5.47997e-05)


1. iteration step
errx = 1.00024 (>5.47997e-05)
Group converged with errf= 0 (<=5.47997e-05)
--------------------------------------------------
Solving group 32, a group with 1 elements

Group contains the following variables:
org_retentate.e_chem

Group contains the following equations:
org_retentate.fe_chem

Initializing ...
errf = 26891.7 (>5.47997e-05)


1. iteration step
errx = 0.999963 (>5.47997e-05)
Group converged with errf= 0 (<=5.47997e-05)
--------------------------------------------------
Solving group 33, a group with 1 elements

Group contains the following variables:
org_permeate.SubstNr

Group contains the following equations:
org_permeate.fSubstNr1

Initializing ...
Group converged with errf= 0 (<=5.47997e-05)
--------------------------------------------------
Solving group 34, a group with 1 elements

Group contains the following variables:
org_permeate.lhv

Group contains the following equations:
org_permeate.flhv_boie

Initializing ...
errf = 14269.5 (>5.47997e-05)


1. iteration step
errx = 0.99993 (>5.47997e-05)
Group converged with errf= 0 (<=5.47997e-05)
--------------------------------------------------
Solving group 35, a group with 1 elements

Group contains the following variables:
org_permeate.hhv

Group contains the following equations:
org_permeate.fhhv

Initializing ...
errf = 16474.4 (>5.47997e-05)


1. iteration step
errx = 0.999939 (>5.47997e-05)
Group converged with errf= 0 (<=5.47997e-05)
--------------------------------------------------
Solving group 36, a group with 1 elements

Group contains the following variables:
org_permeate.hf298

Group contains the following equations:
org_permeate.fhf1

Initializing ...
errf = 7869.29 (>5.47997e-05)


1. iteration step
errx = 1.00013 (>5.47997e-05)
Group converged with errf= 0 (<=5.47997e-05)
--------------------------------------------------
Solving group 37, a group with 1 elements

Group contains the following variables:
org_permeate.e_chem

Group contains the following equations:
org_permeate.fe_chem

Initializing ...
errf = 16474.4 (>5.47997e-05)


1. iteration step
errx = 0.999939 (>5.47997e-05)
Group converged with errf= 0 (<=5.47997e-05)
--------------------------------------------------
Solving group 38, a group with 1 elements

Group contains the following variables:
org_feed.SubstNr

Group contains the following equations:
org_feed.fSubstNr1

Initializing ...
Group converged with errf= 0 (<=5.47997e-05)
--------------------------------------------------
Solving group 39, a group with 1 elements

Group contains the following variables:
org_feed.lhv

Group contains the following equations:
org_feed.flhv_boie

Initializing ...
errf = 24782.1 (>5.47997e-05)


1. iteration step
errx = 0.99996 (>5.47997e-05)
Group converged with errf= 0 (<=5.47997e-05)
--------------------------------------------------
Solving group 40, a group with 1 elements

Group contains the following variables:
org_feed.hhv

Group contains the following equations:
org_feed.fhhv

Initializing ...
errf = 26620.3 (>5.47997e-05)


1. iteration step
errx = 0.999962 (>5.47997e-05)
Group converged with errf= 0 (<=5.47997e-05)
--------------------------------------------------
Solving group 41, a group with 1 elements

Group contains the following variables:
org_feed.hf298

Group contains the following equations:
org_feed.fhf1

Initializing ...
errf = 4336.27 (>5.47997e-05)


1. iteration step
errx = 1.00023 (>5.47997e-05)
Group converged with errf= 0 (<=5.47997e-05)
--------------------------------------------------
Solving group 42, a group with 1 elements

Group contains the following variables:
org_feed.e_chem

Group contains the following equations:
org_feed.fe_chem

Initializing ...
errf = 26620.3 (>5.47997e-05)


1. iteration step
errx = 0.999962 (>5.47997e-05)
Group converged with errf= 0 (<=5.47997e-05)
--------------------------------------------------
Solving group 43, a group with 1 elements

Group contains the following variables:
ash_retentate.rho

Group contains the following equations:
ash_retentate.frho

Initializing ...
errf = 2649 (>5.47997e-05)


1. iteration step
errx = 2649 (>5.47997e-05)
Group converged with errf= 0 (<=5.47997e-05)
--------------------------------------------------
Solving group 44, a group with 1 elements

Group contains the following variables:
ash_permeate.rho

Group contains the following equations:
ash_permeate.frho

Initializing ...
errf = 2649 (>5.47997e-05)


1. iteration step
errx = 2649 (>5.47997e-05)
Group converged with errf= 0 (<=5.47997e-05)
--------------------------------------------------
Solving group 45, a group with 1 elements

Group contains the following variables:
ash_feed.rho

Group contains the following equations:
ash_feed.frho

Initializing ...
errf = 2649 (>5.47997e-05)


1. iteration step
errx = 2649 (>5.47997e-05)
Group converged with errf= 0 (<=5.47997e-05)
--------------------------------------------------
Solving group 46, a group with 1 elements

Group contains the following variables:
c_st_o_003.p

Group contains the following equations:
u_source_o_001.fp

Initializing ...
Group converged with errf= 0 (<=5.47997e-05)
--------------------------------------------------
Solving group 47, a group with 1 elements

Group contains the following variables:
c_st_o_002.p

Group contains the following equations:
u_cmp_o_001.f_press

Initializing ...
Group converged with errf= 0 (<=5.47997e-05)
--------------------------------------------------
Solving group 48, a group with 1 elements

Group contains the following variables:
c_st_o_001.p

Group contains the following equations:
u_pump_o_001.fpress_ratio

Initializing ...
Group converged with errf= 0 (<=5.47997e-05)
--------------------------------------------------
Solving group 49, a group with 1 elements

Group contains the following variables:
c_st_o_007.p

Group contains the following equations:
u_membrane001.fpress2

Initializing ...
Group converged with errf= 0 (<=5.47997e-05)
--------------------------------------------------
Solving group 50, a group with 1 elements

Group contains the following variables:
c_st_o_006.p

Group contains the following equations:
u_cmp_o_003.f_press

Initializing ...
errf = 7 (>5.47997e-05)


1. iteration step
errx = 0.875 (>5.47997e-05)
Group converged with errf= 0 (<=5.47997e-05)
--------------------------------------------------
Solving group 51, a group with 1 elements

Group contains the following variables:
c_st_o_003.t

Group contains the following equations:
u_source_o_001.ft

Initializing ...
Group converged with errf= 0 (<=5.47997e-05)
--------------------------------------------------
Solving group 52, a group with 1 elements

Group contains the following variables:
c_st_o_002.t

Group contains the following equations:
u_cmp_o_001.f_temp

Initializing ...
Group converged with errf= 0 (<=5.47997e-05)
--------------------------------------------------
Solving group 53, a group with 1 elements

Group contains the following variables:
c_st_o_002.h_waf

Group contains the following equations:
c_st_o_002.fh

Initializing ...
errf = 65.6211 (>5.47997e-05)


1. iteration step
errx = 0.98499 (>5.47997e-05)
Group converged with errf= 0 (<=5.47997e-05)
--------------------------------------------------
Solving group 54, a group with 1 elements

Group contains the following variables:
c_st_o_002.h_total

Group contains the following equations:
c_st_o_002.fh_total2

Initializing ...
errf = 13531.6 (>5.47997e-05)


1. iteration step
errx = 1.00007 (>5.47997e-05)
Group converged with errf= 0 (<=5.47997e-05)
--------------------------------------------------
Solving group 55, a group with 1 elements

Group contains the following variables:
c_st_o_002.rho

Group contains the following equations:
u_cmp_o_001.f_dens

Initializing ...
Group converged with errf= 0 (<=5.47997e-05)
--------------------------------------------------
Solving group 56, a group with 1 elements

Group contains the following variables:
c_st_o_001.h_total

Group contains the following equations:
u_pump_o_001.fcompr

Initializing ...
errf = 1.28541e+06 (>5.47997e-05)


1. iteration step
errx = 1.00007 (>5.47997e-05)
Group converged with errf= 7.27596e-11 (<=5.47997e-05)
--------------------------------------------------
Solving group 57, a group with 2 elements

Group contains the following variables:
c_st_o_001.h_waf	c_st_o_001.t

Group contains the following equations:
c_st_o_001.fh	c_st_o_001.fh_total2

Initializing ...
errf = 66.8568 (>7.74984e-05)


1. iteration step
errx = 0.98502 (>7.74984e-05)
Group converged with errf= 1.69297e-05 (<=7.74984e-05)
--------------------------------------------------
Solving group 58, a group with 1 elements

Group contains the following variables:
c_st_o_007.t

Group contains the following equations:
u_membrane001.ftemp2

Initializing ...
errf = 0.0901318 (>5.47997e-05)


1. iteration step
errx = 0.00224823 (>5.47997e-05)
Group converged with errf= 0 (<=5.47997e-05)
--------------------------------------------------
Solving group 59, a group with 1 elements

Group contains the following variables:
c_st_o_006.t

Group contains the following equations:
u_cmp_o_003.f_temp

Initializing ...
errf = 39.0901 (>5.47997e-05)


1. iteration step
errx = 0.975056 (>5.47997e-05)
Group converged with errf= 0 (<=5.47997e-05)
--------------------------------------------------
Solving group 60, a group with 1 elements

Group contains the following variables:
c_st_o_001.rho

Group contains the following equations:
u_pump_o_001.f_dens

Initializing ...
Group converged with errf= 0 (<=5.47997e-05)
--------------------------------------------------
Solving group 61, a group with 1 elements

Group contains the following variables:
c_st_o_007.rho

Group contains the following equations:
u_membrane001.fdens2

Initializing ...
Group converged with errf= 0 (<=5.47997e-05)
--------------------------------------------------
Solving group 62, a group with 1 elements

Group contains the following variables:
c_st_o_006.rho

Group contains the following equations:
u_cmp_o_003.f_dens

Initializing ...
errf = 999 (>5.47997e-05)


1. iteration step
errx = 0.999 (>5.47997e-05)
Group converged with errf= 0 (<=5.47997e-05)
--------------------------------------------------
Solving group 63, a group with 1 elements

Group contains the following variables:
c_st_o_006.h_waf

Group contains the following equations:
c_st_o_006.fh

Initializing ...
errf = 51.5255 (>5.47997e-05)


1. iteration step
errx = 0.980962 (>5.47997e-05)
Group converged with errf= 0 (<=5.47997e-05)
--------------------------------------------------
Solving group 64, a group with 1 elements

Group contains the following variables:
c_st_o_006.s_waf

Group contains the following equations:
c_st_o_006.fs

Initializing ...
errf = 0.228823 (>5.47997e-05)


1. iteration step
errx = 0.29672 (>5.47997e-05)
Group converged with errf= 0 (<=5.47997e-05)
--------------------------------------------------
Solving group 65, a group with 1 elements

Group contains the following variables:
c_st_o_006.e_waf

Group contains the following equations:
c_st_o_006.fe

Initializing ...
errf = 26891 (>5.47997e-05)


1. iteration step
errx = 0.999963 (>5.47997e-05)
Group converged with errf= 0 (<=5.47997e-05)
--------------------------------------------------
Solving group 66, a group with 1 elements

Group contains the following variables:
c_st_o_006.water_content

Group contains the following equations:
u_cmp_o_003.f_water_content

Initializing ...
errf = 0.39 (>5.47997e-05)


1. iteration step
errx = 0.639344 (>5.47997e-05)
Group converged with errf= 0 (<=5.47997e-05)
--------------------------------------------------
Solving group 67, a group with 1 elements

Group contains the following variables:
c_st_o_006.ash_content

Group contains the following equations:
u_cmp_o_003.f_ash_content

Initializing ...
errf = 0.9801 (>5.47997e-05)


1. iteration step
errx = 49.2513 (>5.47997e-05)
Group converged with errf= 4.16334e-17 (<=5.47997e-05)
--------------------------------------------------
Solving group 68, a group with 1 elements

Group contains the following variables:
c_st_o_006.h_total

Group contains the following equations:
c_st_o_006.fh_total2

Initializing ...
errf = 11409.9 (>5.47997e-05)


1. iteration step
errx = 1.00009 (>5.47997e-05)
Group converged with errf= 0 (<=5.47997e-05)
--------------------------------------------------
Solving group 69, a group with 1 elements

Group contains the following variables:
c_st_o_006.lhv

Group contains the following equations:
c_st_o_006.flhv

Initializing ...
errf = 7785.33 (>5.47997e-05)


1. iteration step
errx = 0.999872 (>5.47997e-05)
Group converged with errf= 0 (<=5.47997e-05)
--------------------------------------------------
Solving group 70, a group with 1 elements

Group contains the following variables:
c_st_o_006.hhv

Group contains the following equations:
c_st_o_006.fhhv

Initializing ...
errf = 9952 (>5.47997e-05)


1. iteration step
errx = 0.9999 (>5.47997e-05)
Group converged with errf= 0 (<=5.47997e-05)
--------------------------------------------------
Solving group 71, a group with 1 elements

Group contains the following variables:
c_st_o_006.massflow

Group contains the following equations:
u_cmp_o_003.f_mass

Initializing ...
errf = 499 (>5.47997e-05)


1. iteration step
errx = 0.998 (>5.47997e-05)
Group converged with errf= 0 (<=5.47997e-05)
--------------------------------------------------
Solving group 72, a group with 1 elements

Group contains the following variables:
c_st_o_006.volflow

Group contains the following equations:
c_st_o_006.fvolflow

Initializing ...
errf = 500 (>5.47997e-05)


1. iteration step
errx = 1 (>5.47997e-05)
Group converged with errf= 0 (<=5.47997e-05)
--------------------------------------------------
Solving group 73, a group with 1 elements

Group contains the following variables:
c_st_o_006.Energy

Group contains the following equations:
c_st_o_006.fEnergy2

Initializing ...
errf = 3.95101e+06 (>5.47997e-05)


1. iteration step
errx = 0.99909 (>5.47997e-05)
Group converged with errf= 0 (<=5.47997e-05)
--------------------------------------------------
Solving group 74, a group with 1 elements

Group contains the following variables:
c_st_o_006.Exergy

Group contains the following equations:
c_st_o_006.fExergy2

Initializing ...
errf = 5.00732e+06 (>5.47997e-05)


1. iteration step
errx = 0.999282 (>5.47997e-05)
Group converged with errf= 0 (<=5.47997e-05)
--------------------------------------------------
Solving group 75, a group with 1 elements

Group contains the following variables:
c_st_o_007.h_waf

Group contains the following equations:
c_st_o_007.fh

Initializing ...
errf = 51.5255 (>5.47997e-05)


1. iteration step
errx = 0.980962 (>5.47997e-05)
Group converged with errf= 0 (<=5.47997e-05)
--------------------------------------------------
Solving group 76, a group with 1 elements

Group contains the following variables:
c_st_o_007.s_waf

Group contains the following equations:
c_st_o_007.fs

Initializing ...
errf = 0.228823 (>5.47997e-05)


1. iteration step
errx = 0.29672 (>5.47997e-05)
Group converged with errf= 0 (<=5.47997e-05)
--------------------------------------------------
Solving group 77, a group with 1 elements

Group contains the following variables:
c_st_o_007.e_waf

Group contains the following equations:
c_st_o_007.fe

Initializing ...
errf = 26891 (>5.47997e-05)


1. iteration step
errx = 0.999963 (>5.47997e-05)
Group converged with errf= 0 (<=5.47997e-05)
--------------------------------------------------
Solving group 78, a group with 1 elements

Group contains the following variables:
c_st_o_007.h_total

Group contains the following equations:
c_st_o_007.fh_total2

Initializing ...
errf = 11409.9 (>5.47997e-05)


1. iteration step
errx = 1.00009 (>5.47997e-05)
Group converged with errf= 0 (<=5.47997e-05)
--------------------------------------------------
Solving group 79, a group with 1 elements

Group contains the following variables:
c_st_o_007.lhv

Group contains the following equations:
c_st_o_007.flhv

Initializing ...
errf = 7785.33 (>5.47997e-05)


1. iteration step
errx = 0.999872 (>5.47997e-05)
Group converged with errf= 0 (<=5.47997e-05)
--------------------------------------------------
Solving group 80, a group with 1 elements

Group contains the following variables:
c_st_o_007.hhv

Group contains the following equations:
c_st_o_007.fhhv

Initializing ...
errf = 9952 (>5.47997e-05)


1. iteration step
errx = 0.9999 (>5.47997e-05)
Group converged with errf= 0 (<=5.47997e-05)
--------------------------------------------------
Solving group 81, a group with 1 elements

Group contains the following variables:
c_st_o_007.volflow

Group contains the following equations:
c_st_o_007.fvolflow

Initializing ...
Group converged with errf= 0 (<=5.47997e-05)
--------------------------------------------------
Solving group 82, a group with 1 elements

Group contains the following variables:
c_st_o_007.Energy

Group contains the following equations:
c_st_o_007.fEnergy2

Initializing ...
errf = 3.95101e+06 (>5.47997e-05)


1. iteration step
errx = 0.99909 (>5.47997e-05)
Group converged with errf= 0 (<=5.47997e-05)
--------------------------------------------------
Solving group 83, a group with 1 elements

Group contains the following variables:
c_st_o_007.Exergy

Group contains the following equations:
c_st_o_007.fExergy2

Initializing ...
errf = 5.00732e+06 (>5.47997e-05)


1. iteration step
errx = 0.999282 (>5.47997e-05)
Group converged with errf= 0 (<=5.47997e-05)
--------------------------------------------------
Solving group 84, a group with 1 elements

Group contains the following variables:
c_st_o_004.p

Group contains the following equations:
u_membrane001.fpress1

Initializing ...
Group converged with errf= 0 (<=5.47997e-05)
--------------------------------------------------
Solving group 85, a group with 1 elements

Group contains the following variables:
c_st_o_005.p

Group contains the following equations:
u_cmp_o_002.f_press

Initializing ...
Group converged with errf= 0 (<=5.47997e-05)
--------------------------------------------------
Solving group 86, a group with 1 elements

Group contains the following variables:
c_st_o_004.t

Group contains the following equations:
u_membrane001.ftemp1

Initializing ...
errf = 0.0901318 (>5.47997e-05)


1. iteration step
errx = 0.00224823 (>5.47997e-05)
Group converged with errf= 0 (<=5.47997e-05)
--------------------------------------------------
Solving group 87, a group with 1 elements

Group contains the following variables:
c_st_o_005.t

Group contains the following equations:
u_cmp_o_002.f_temp

Initializing ...
errf = 0.0901318 (>5.47997e-05)


1. iteration step
errx = 0.00224823 (>5.47997e-05)
Group converged with errf= 0 (<=5.47997e-05)
--------------------------------------------------
Solving group 88, a group with 1 elements

Group contains the following variables:
c_st_o_004.rho

Group contains the following equations:
u_membrane001.fdens1

Initializing ...
Group converged with errf= 0 (<=5.47997e-05)
--------------------------------------------------
Solving group 89, a group with 1 elements

Group contains the following variables:
c_st_o_005.rho

Group contains the following equations:
u_cmp_o_002.f_dens

Initializing ...
Group converged with errf= 0 (<=5.47997e-05)
--------------------------------------------------
Solving group 90, a group with 1 elements

Group contains the following variables:
c_st_o_005.h_waf

Group contains the following equations:
c_st_o_005.fh

Initializing ...
errf = 54.9461 (>5.47997e-05)


1. iteration step
errx = 0.982126 (>5.47997e-05)
Group converged with errf= 0 (<=5.47997e-05)
--------------------------------------------------
Solving group 91, a group with 1 elements

Group contains the following variables:
c_st_o_005.s_waf

Group contains the following equations:
c_st_o_005.fs

Initializing ...
errf = 0.224188 (>5.47997e-05)


1. iteration step
errx = 0.288972 (>5.47997e-05)
Group converged with errf= 0 (<=5.47997e-05)
--------------------------------------------------
Solving group 92, a group with 1 elements

Group contains the following variables:
c_st_o_005.e_waf

Group contains the following equations:
c_st_o_005.fe

Initializing ...
errf = 16473.6 (>5.47997e-05)


1. iteration step
errx = 0.999939 (>5.47997e-05)
Group converged with errf= 0 (<=5.47997e-05)
--------------------------------------------------
Solving group 93, a group with 1 elements

Group contains the following variables:
c_st_o_005.water_content

Group contains the following equations:
u_cmp_o_002.f_water_content

Initializing ...
Group converged with errf= 0 (<=5.47997e-05)
--------------------------------------------------
Solving group 94, a group with 1 elements

Group contains the following variables:
c_st_o_005.ash_content

Group contains the following equations:
u_cmp_o_002.f_ash_content

Initializing ...
errf = 0.0009 (>5.47997e-05)


1. iteration step
errx = 0.9 (>5.47997e-05)
Group converged with errf= 0 (<=5.47997e-05)
--------------------------------------------------
Solving group 95, a group with 1 elements

Group contains the following variables:
c_st_o_005.h_total

Group contains the following equations:
c_st_o_005.fh_total2

Initializing ...
errf = 15724.6 (>5.47997e-05)


1. iteration step
errx = 1.00006 (>5.47997e-05)
Group converged with errf= 0 (<=5.47997e-05)
--------------------------------------------------
Solving group 96, a group with 1 elements

Group contains the following variables:
c_st_o_005.lhv

Group contains the following equations:
c_st_o_005.flhv

Initializing ...
errf = 2277.9 (>5.47997e-05)


1. iteration step
errx = 1.00044 (>5.47997e-05)
Group converged with errf= 0 (<=5.47997e-05)
--------------------------------------------------
Solving group 97, a group with 1 elements

Group contains the following variables:
c_st_o_005.hhv

Group contains the following equations:
c_st_o_005.fhhv

Initializing ...
errf = 162.106 (>5.47997e-05)


1. iteration step
errx = 0.993869 (>5.47997e-05)
Group converged with errf= 0 (<=5.47997e-05)
--------------------------------------------------
Solving group 98, a group with 1 elements

Group contains the following variables:
c_st_o_005.massflow

Group contains the following equations:
u_cmp_o_002.f_mass

Initializing ...
Group converged with errf= 0 (<=5.47997e-05)
--------------------------------------------------
Solving group 99, a group with 1 elements

Group contains the following variables:
c_st_o_005.volflow

Group contains the following equations:
c_st_o_005.fvolflow

Initializing ...
Group converged with errf= 0 (<=5.47997e-05)
--------------------------------------------------
Solving group 100, a group with 1 elements

Group contains the following variables:
c_st_o_005.Energy

Group contains the following equations:
c_st_o_005.fEnergy2

Initializing ...
errf = 1.05861e+06 (>5.47997e-05)


1. iteration step
errx = 1.00341 (>5.47997e-05)
Group converged with errf= 0 (<=5.47997e-05)
--------------------------------------------------
Solving group 101, a group with 1 elements

Group contains the following variables:
c_st_o_005.Exergy

Group contains the following equations:
c_st_o_005.fExergy2

Initializing ...
errf = 79738.1 (>5.47997e-05)


1. iteration step
errx = 0.956802 (>5.47997e-05)
Group converged with errf= 0 (<=5.47997e-05)
--------------------------------------------------
Solving group 102, a group with 1 elements

Group contains the following variables:
c_st_o_004.h_waf

Group contains the following equations:
c_st_o_004.fh

Initializing ...
errf = 54.9461 (>5.47997e-05)


1. iteration step
errx = 0.982126 (>5.47997e-05)
Group converged with errf= 0 (<=5.47997e-05)
--------------------------------------------------
Solving group 103, a group with 1 elements

Group contains the following variables:
c_st_o_004.s_waf

Group contains the following equations:
c_st_o_004.fs

Initializing ...
errf = 0.224188 (>5.47997e-05)


1. iteration step
errx = 0.288972 (>5.47997e-05)
Group converged with errf= 0 (<=5.47997e-05)
--------------------------------------------------
Solving group 104, a group with 1 elements

Group contains the following variables:
c_st_o_004.e_waf

Group contains the following equations:
c_st_o_004.fe

Initializing ...
errf = 16473.6 (>5.47997e-05)


1. iteration step
errx = 0.999939 (>5.47997e-05)
Group converged with errf= 0 (<=5.47997e-05)
--------------------------------------------------
Solving group 105, a group with 1 elements

Group contains the following variables:
c_st_o_004.h_total

Group contains the following equations:
c_st_o_004.fh_total2

Initializing ...
errf = 15724.6 (>5.47997e-05)


1. iteration step
errx = 1.00006 (>5.47997e-05)
Group converged with errf= 0 (<=5.47997e-05)
--------------------------------------------------
Solving group 106, a group with 1 elements

Group contains the following variables:
c_st_o_004.lhv

Group contains the following equations:
c_st_o_004.flhv

Initializing ...
errf = 2277.9 (>5.47997e-05)


1. iteration step
errx = 1.00044 (>5.47997e-05)
Group converged with errf= 0 (<=5.47997e-05)
--------------------------------------------------
Solving group 107, a group with 1 elements

Group contains the following variables:
c_st_o_004.hhv

Group contains the following equations:
c_st_o_004.fhhv

Initializing ...
errf = 162.106 (>5.47997e-05)


1. iteration step
errx = 0.993869 (>5.47997e-05)
Group converged with errf= 0 (<=5.47997e-05)
--------------------------------------------------
Solving group 108, a group with 1 elements

Group contains the following variables:
c_st_o_004.volflow

Group contains the following equations:
c_st_o_004.fvolflow

Initializing ...
Group converged with errf= 0 (<=5.47997e-05)
--------------------------------------------------
Solving group 109, a group with 1 elements

Group contains the following variables:
c_st_o_004.Energy

Group contains the following equations:
c_st_o_004.fEnergy2

Initializing ...
errf = 1.05861e+06 (>5.47997e-05)


1. iteration step
errx = 1.00341 (>5.47997e-05)
Group converged with errf= 0 (<=5.47997e-05)
--------------------------------------------------
Solving group 110, a group with 1 elements

Group contains the following variables:
c_st_o_004.Exergy

Group contains the following equations:
c_st_o_004.fExergy2

Initializing ...
errf = 79738.1 (>5.47997e-05)


1. iteration step
errx = 0.956802 (>5.47997e-05)
Group converged with errf= 0 (<=5.47997e-05)
--------------------------------------------------
Solving group 111, a group with 1 elements

Group contains the following variables:
c_st_o_003.h_waf

Group contains the following equations:
c_st_o_003.fh

Initializing ...
errf = 65.6211 (>5.47997e-05)


1. iteration step
errx = 0.98499 (>5.47997e-05)
Group converged with errf= 0 (<=5.47997e-05)
--------------------------------------------------
Solving group 112, a group with 1 elements

Group contains the following variables:
c_st_o_003.s_waf

Group contains the following equations:
c_st_o_003.fs

Initializing ...
errf = 0.188725 (>5.47997e-05)


1. iteration step
errx = 0.232628 (>5.47997e-05)
Group converged with errf= 0 (<=5.47997e-05)
--------------------------------------------------
Solving group 113, a group with 1 elements

Group contains the following variables:
c_st_o_003.e_waf

Group contains the following equations:
c_st_o_003.fe

Initializing ...
errf = 26621.7 (>5.47997e-05)


1. iteration step
errx = 0.999962 (>5.47997e-05)
Group converged with errf= 0 (<=5.47997e-05)
--------------------------------------------------
Solving group 114, a group with 1 elements

Group contains the following variables:
c_st_o_003.h_total

Group contains the following equations:
c_st_o_003.fh_total2

Initializing ...
errf = 13531.6 (>5.47997e-05)


1. iteration step
errx = 1.00007 (>5.47997e-05)
Group converged with errf= 0 (<=5.47997e-05)
--------------------------------------------------
Solving group 115, a group with 1 elements

Group contains the following variables:
c_st_o_003.lhv

Group contains the following equations:
c_st_o_003.flhv

Initializing ...
errf = 2753.71 (>5.47997e-05)


1. iteration step
errx = 0.999637 (>5.47997e-05)
Group converged with errf= 0 (<=5.47997e-05)
--------------------------------------------------
Solving group 116, a group with 1 elements

Group contains the following variables:
c_st_o_003.hhv

Group contains the following equations:
c_st_o_003.fhhv

Initializing ...
errf = 5057.05 (>5.47997e-05)


1. iteration step
errx = 0.999802 (>5.47997e-05)
Group converged with errf= 0 (<=5.47997e-05)
--------------------------------------------------
Solving group 117, a group with 1 elements

Group contains the following variables:
c_st_o_003.volflow

Group contains the following equations:
c_st_o_003.fvolflow

Initializing ...
Group converged with errf= 0 (<=5.47997e-05)
--------------------------------------------------
Solving group 118, a group with 1 elements

Group contains the following variables:
c_st_o_003.Energy

Group contains the following equations:
c_st_o_003.fEnergy2

Initializing ...
errf = 2.93168e+06 (>5.47997e-05)


1. iteration step
errx = 0.998774 (>5.47997e-05)
Group converged with errf= 0 (<=5.47997e-05)
--------------------------------------------------
Solving group 119, a group with 1 elements

Group contains the following variables:
c_st_o_003.Exergy

Group contains the following equations:
c_st_o_003.fExergy2

Initializing ...
errf = 5.09295e+06 (>5.47997e-05)


1. iteration step
errx = 0.999294 (>5.47997e-05)
Group converged with errf= 0 (<=5.47997e-05)
--------------------------------------------------
Solving group 120, a group with 1 elements

Group contains the following variables:
c_st_o_002.s_waf

Group contains the following equations:
c_st_o_002.fs

Initializing ...
errf = 0.188725 (>5.47997e-05)


1. iteration step
errx = 0.232628 (>5.47997e-05)
Group converged with errf= 0 (<=5.47997e-05)
--------------------------------------------------
Solving group 121, a group with 1 elements

Group contains the following variables:
c_st_o_002.e_waf

Group contains the following equations:
c_st_o_002.fe

Initializing ...
errf = 26621.7 (>5.47997e-05)


1. iteration step
errx = 0.999962 (>5.47997e-05)
Group converged with errf= 0 (<=5.47997e-05)
--------------------------------------------------
Solving group 122, a group with 1 elements

Group contains the following variables:
c_st_o_002.lhv

Group contains the following equations:
c_st_o_002.flhv

Initializing ...
errf = 2753.71 (>5.47997e-05)


1. iteration step
errx = 0.999637 (>5.47997e-05)
Group converged with errf= 0 (<=5.47997e-05)
--------------------------------------------------
Solving group 123, a group with 1 elements

Group contains the following variables:
c_st_o_002.hhv

Group contains the following equations:
c_st_o_002.fhhv

Initializing ...
errf = 5057.05 (>5.47997e-05)


1. iteration step
errx = 0.999802 (>5.47997e-05)
Group converged with errf= 0 (<=5.47997e-05)
--------------------------------------------------
Solving group 124, a group with 1 elements

Group contains the following variables:
c_st_o_002.volflow

Group contains the following equations:
c_st_o_002.fvolflow

Initializing ...
Group converged with errf= 0 (<=5.47997e-05)
--------------------------------------------------
Solving group 125, a group with 1 elements

Group contains the following variables:
c_st_o_002.Energy

Group contains the following equations:
c_st_o_002.fEnergy2

Initializing ...
errf = 2.93168e+06 (>5.47997e-05)


1. iteration step
errx = 0.998774 (>5.47997e-05)
Group converged with errf= 0 (<=5.47997e-05)
--------------------------------------------------
Solving group 126, a group with 1 elements

Group contains the following variables:
c_st_o_002.Exergy

Group contains the following equations:
c_st_o_002.fExergy2

Initializing ...
errf = 5.09295e+06 (>5.47997e-05)


1. iteration step
errx = 0.999294 (>5.47997e-05)
Group converged with errf= 0 (<=5.47997e-05)
--------------------------------------------------
Solving group 127, a group with 1 elements

Group contains the following variables:
c_sh_001.power

Group contains the following equations:
u_pump_o_001.f2h

Initializing ...
errf = 2547.37 (>5.47997e-05)


1. iteration step
errx = 2.42 (>5.47997e-05)
Group converged with errf= 2.27374e-13 (<=5.47997e-05)
--------------------------------------------------
Solving group 128, a group with 1 elements

Group contains the following variables:
c_st_o_001.s_waf

Group contains the following equations:
c_st_o_001.fs

Initializing ...
errf = 0.184288 (>5.47997e-05)


1. iteration step
errx = 0.225922 (>5.47997e-05)
Group converged with errf= 0 (<=5.47997e-05)
--------------------------------------------------
Solving group 129, a group with 1 elements

Group contains the following variables:
c_st_o_001.e_waf

Group contains the following equations:
c_st_o_001.fe

Initializing ...
errf = 26620.5 (>5.47997e-05)


1. iteration step
errx = 0.999962 (>5.47997e-05)
Group converged with errf= 0 (<=5.47997e-05)
--------------------------------------------------
Solving group 130, a group with 1 elements

Group contains the following variables:
c_st_o_001.lhv

Group contains the following equations:
c_st_o_001.flhv

Initializing ...
errf = 2753.71 (>5.47997e-05)


1. iteration step
errx = 0.999637 (>5.47997e-05)
Group converged with errf= 0 (<=5.47997e-05)
--------------------------------------------------
Solving group 131, a group with 1 elements

Group contains the following variables:
c_st_o_001.hhv

Group contains the following equations:
c_st_o_001.fhhv

Initializing ...
errf = 5057.05 (>5.47997e-05)


1. iteration step
errx = 0.999802 (>5.47997e-05)
Group converged with errf= 0 (<=5.47997e-05)
--------------------------------------------------
Solving group 132, a group with 1 elements

Group contains the following variables:
c_st_o_001.volflow

Group contains the following equations:
c_st_o_001.fvolflow

Initializing ...
Group converged with errf= 0 (<=5.47997e-05)
--------------------------------------------------
Solving group 133, a group with 1 elements

Group contains the following variables:
c_st_o_001.Energy

Group contains the following equations:
c_st_o_001.fEnergy2

Initializing ...
errf = 2.93263e+06 (>5.47997e-05)


1. iteration step
errx = 0.998774 (>5.47997e-05)
Group converged with errf= 0 (<=5.47997e-05)
--------------------------------------------------
Solving group 134, a group with 1 elements

Group contains the following variables:
c_st_o_001.Exergy

Group contains the following equations:
c_st_o_001.fExergy2

Initializing ...
errf = 5.09347e+06 (>5.47997e-05)


1. iteration step
errx = 0.999294 (>5.47997e-05)
Group converged with errf= 0 (<=5.47997e-05)
--------------------------------------------------
Solving group 135, a group with 1 elements

Group contains the following variables:
u_cmp_o_003.ash_content_wf

Group contains the following equations:
u_cmp_o_003.f_ash

Initializing ...
errf = 4.10256 (>5.47997e-05)


1. iteration step
errx = 0.80402 (>5.47997e-05)
Group converged with errf= 0 (<=5.47997e-05)
--------------------------------------------------
Solving group 136, a group with 1 elements

Group contains the following variables:
u_cmp_o_003.C_wf

Group contains the following equations:
u_cmp_o_003.fC_wf

Initializing ...
errf = 54.641 (>5.47997e-05)


1. iteration step
errx = 0.982028 (>5.47997e-05)
Group converged with errf= 0 (<=5.47997e-05)
--------------------------------------------------
Solving group 137, a group with 1 elements

Group contains the following variables:
u_cmp_o_003.H_wf

Group contains the following equations:
u_cmp_o_003.fH_wf

Initializing ...
errf = 6.94872 (>5.47997e-05)


1. iteration step
errx = 0.874194 (>5.47997e-05)
Group converged with errf= 0 (<=5.47997e-05)
--------------------------------------------------
Solving group 138, a group with 1 elements

Group contains the following variables:
u_cmp_o_003.O_wf

Group contains the following equations:
u_cmp_o_003.fO_wf

Initializing ...
errf = 28.359 (>5.47997e-05)


1. iteration step
errx = 0.965939 (>5.47997e-05)
Group converged with errf= 0 (<=5.47997e-05)
--------------------------------------------------
Solving group 139, a group with 1 elements

Group contains the following variables:
u_cmp_o_003.N_wf

Group contains the following equations:
u_cmp_o_003.fN_wf

Initializing ...
errf = 0.0256395 (>5.47997e-05)


1. iteration step
errx = 0.0263142 (>5.47997e-05)
Group converged with errf= 0 (<=5.47997e-05)
--------------------------------------------------
Solving group 140, a group with 1 elements

Group contains the following variables:
u_cmp_o_003.S_wf

Group contains the following equations:
u_cmp_o_003.fS_wf

Initializing ...
errf = 0.512819 (>5.47997e-05)


1. iteration step
errx = 1.05263 (>5.47997e-05)
Group converged with errf= 0 (<=5.47997e-05)
--------------------------------------------------
Solving group 141, a group with 1 elements

Group contains the following variables:
u_cmp_o_003.Cl_wf

Group contains the following equations:
u_cmp_o_003.fCl_wf

Initializing ...
errf = 0.512819 (>5.47997e-05)


1. iteration step
errx = 1.05263 (>5.47997e-05)
Group converged with errf= 0 (<=5.47997e-05)
--------------------------------------------------
Solving group 142, a group with 1 elements

Group contains the following variables:
u_cmp_o_003.lhv_wf

Group contains the following equations:
u_cmp_o_003.flhv_wf

Initializing ...
errf = 23784.4 (>5.47997e-05)


1. iteration step
errx = 0.999958 (>5.47997e-05)
Group converged with errf= 0 (<=5.47997e-05)
--------------------------------------------------
Solving group 143, a group with 1 elements

Group contains the following variables:
u_cmp_o_003.hhv_wf

Group contains the following equations:
u_cmp_o_003.fhhv_wf

Initializing ...
errf = 25519.5 (>5.47997e-05)


1. iteration step
errx = 0.999961 (>5.47997e-05)
Group converged with errf= 0 (<=5.47997e-05)
--------------------------------------------------
Solving group 144, a group with 1 elements

Group contains the following variables:
u_sink_o_002.massflow

Group contains the following equations:
u_sink_o_002.fmassflow

Initializing ...
Group converged with errf= 0 (<=5.47997e-05)
--------------------------------------------------
Solving group 145, a group with 1 elements

Group contains the following variables:
u_sink_o_002.volflow

Group contains the following equations:
u_sink_o_002.fvolflow

Initializing ...
Group converged with errf= 0 (<=5.47997e-05)
--------------------------------------------------
Solving group 146, a group with 1 elements

Group contains the following variables:
u_sink_o_002.p

Group contains the following equations:
u_sink_o_002.fp

Initializing ...
Group converged with errf= 0 (<=5.47997e-05)
--------------------------------------------------
Solving group 147, a group with 1 elements

Group contains the following variables:
u_sink_o_002.t

Group contains the following equations:
u_sink_o_002.ft

Initializing ...
errf = 0.0901318 (>5.47997e-05)


1. iteration step
errx = 0.00224823 (>5.47997e-05)
Group converged with errf= 0 (<=5.47997e-05)
--------------------------------------------------
Solving group 148, a group with 1 elements

Group contains the following variables:
u_sink_o_001.massflow

Group contains the following equations:
u_sink_o_001.fmassflow

Initializing ...
Group converged with errf= 0 (<=5.47997e-05)
--------------------------------------------------
Solving group 149, a group with 1 elements

Group contains the following variables:
u_sink_o_001.volflow

Group contains the following equations:
u_sink_o_001.fvolflow

Initializing ...
Group converged with errf= 0 (<=5.47997e-05)
--------------------------------------------------
Solving group 150, a group with 1 elements

Group contains the following variables:
u_sink_o_001.p

Group contains the following equations:
u_sink_o_001.fp

Initializing ...
Group converged with errf= 0 (<=5.47997e-05)
--------------------------------------------------
Solving group 151, a group with 1 elements

Group contains the following variables:
u_sink_o_001.t

Group contains the following equations:
u_sink_o_001.ft

Initializing ...
errf = 0.0901318 (>5.47997e-05)


1. iteration step
errx = 0.00224823 (>5.47997e-05)
Group converged with errf= 0 (<=5.47997e-05)
--------------------------------------------------
Solving group 152, a group with 1 elements

Group contains the following variables:
u_cmp_o_002.C_wf

Group contains the following equations:
u_cmp_o_002.fC_wf

Initializing ...
Group converged with errf= 1.84741e-13 (<=5.47997e-05)
--------------------------------------------------
Solving group 153, a group with 1 elements

Group contains the following variables:
u_cmp_o_002.lhv_wf

Group contains the following equations:
u_cmp_o_002.flhv_wf

Initializing ...
errf = 14126.8 (>5.47997e-05)


1. iteration step
errx = 0.999929 (>5.47997e-05)
Group converged with errf= 0 (<=5.47997e-05)
--------------------------------------------------
Solving group 154, a group with 1 elements

Group contains the following variables:
u_cmp_o_002.hhv_wf

Group contains the following equations:
u_cmp_o_002.fhhv_wf

Initializing ...
errf = 16309.6 (>5.47997e-05)


1. iteration step
errx = 0.999939 (>5.47997e-05)
Group converged with errf= 0 (<=5.47997e-05)
--------------------------------------------------
Solving group 155, a group with 1 elements

Group contains the following variables:
u_source_o_001.volflow

Group contains the following equations:
u_source_o_001.fvolflow

Initializing ...
Group converged with errf= 0 (<=5.47997e-05)
--------------------------------------------------
Solving group 156, a group with 1 elements

Group contains the following variables:
u_cmp_o_001.C_wf

Group contains the following equations:
u_cmp_o_001.fC_wf

Initializing ...
Group converged with errf= 2.13163e-14 (<=5.47997e-05)
--------------------------------------------------
Solving group 157, a group with 1 elements

Group contains the following variables:
u_cmp_o_001.lhv_wf

Group contains the following equations:
u_cmp_o_001.flhv_wf

Initializing ...
errf = 23543 (>5.47997e-05)


1. iteration step
errx = 0.999958 (>5.47997e-05)
Group converged with errf= 0 (<=5.47997e-05)
--------------------------------------------------
Solving group 158, a group with 1 elements

Group contains the following variables:
u_cmp_o_001.hhv_wf

Group contains the following equations:
u_cmp_o_001.fhhv_wf

Initializing ...
errf = 25289.3 (>5.47997e-05)


1. iteration step
errx = 0.99996 (>5.47997e-05)
Group converged with errf= 0 (<=5.47997e-05)
--------------------------------------------------
Solving group 159, a group with 1 elements

Group contains the following variables:
u_mot_el_001.power

Group contains the following equations:
u_mot_el_001.f1b

Initializing ...
errf = 0.677802 (>5.47997e-05)


1. iteration step
errx = 2.31808 (>5.47997e-05)
Group converged with errf= 5.55112e-17 (<=5.47997e-05)
--------------------------------------------------
Solving group 160, a group with 1 elements

Group contains the following variables:
u_mot_el_001.E_loss

Group contains the following equations:
u_mot_el_001.f_E_loss_b

Initializing ...
errf = 0.991019 (>5.47997e-05)


1. iteration step
errx = 110.345 (>5.47997e-05)
Group converged with errf= 1.11022e-16 (<=5.47997e-05)
--------------------------------------------------
Solving group 161, a group with 1 elements

Group contains the following variables:
u_pump_o_001.E_loss

Group contains the following equations:
u_pump_o_001.f2_E_loss

Initializing ...
errf = 0.852232 (>5.47997e-05)


1. iteration step
errx = 5.76736 (>5.47997e-05)
Group converged with errf= 0 (<=5.47997e-05)
--------------------------------------------------
Solving group 162, a group with 1 elements

Group contains the following variables:
u_membrane001.Q_loss

Group contains the following equations:
u_membrane001.fenergy1

Initializing ...
errf = 74825.8 (>5.47997e-05)


1. iteration step
errx = 0.954097 (>5.47997e-05)
Group converged with errf= 0 (<=5.47997e-05)
--------------------------------------------------
Solving group 163, a group with 1 elements

Group contains the following variables:
u_membrane001.membrane_area

Group contains the following equations:
u_membrane001.farea1

Initializing ...
errf = 10.1111 (>5.47997e-05)


1. iteration step
errx = 0.91 (>5.47997e-05)
Group converged with errf= 0 (<=5.47997e-05)
--------------------------------------------------
Solving group 164, a group with 1 elements

Group contains the following variables:
u_membrane001.membrane_constant

Group contains the following equations:
u_membrane001.farea2

Initializing ...
errf = 3.24e+07 (>5.47997e-05)


1. iteration step
errx = 999.999 (>5.47997e-05)
Group converged with errf= 2.94804e-10 (<=5.47997e-05)
--------------------------------------------------
Solving group 165, a group with 1 elements

Group contains the following variables:
u_membrane001.enrichment_factor_C

Group contains the following equations:
u_membrane001.enrfacC

Initializing ...
errf = 0.972452 (>5.47997e-05)


1. iteration step
errx = 35.3 (>5.47997e-05)
Group converged with errf= 1.04083e-17 (<=5.47997e-05)
--------------------------------------------------
Solving group 166, a group with 1 elements

Group contains the following variables:
u_membrane001.enrichment_factor_H

Group contains the following equations:
u_membrane001.enrfacH

Initializing ...
errf = 0.936869 (>5.47997e-05)


1. iteration step
errx = 14.84 (>5.47997e-05)
Group converged with errf= 1.38778e-17 (<=5.47997e-05)
--------------------------------------------------
Solving group 167, a group with 1 elements

Group contains the following variables:
u_membrane001.enrichment_factor_O

Group contains the following equations:
u_membrane001.enrfacO

Initializing ...
errf = 0.907407 (>5.47997e-05)


1. iteration step
errx = 9.8 (>5.47997e-05)
Group converged with errf= 1.38778e-17 (<=5.47997e-05)
--------------------------------------------------
Solving group 168, a group with 1 elements

Group contains the following variables:
u_membrane001.enrichment_factor_N

Group contains the following equations:
u_membrane001.enrfacN

Initializing ...
errf = 0.89899 (>5.47997e-05)


1. iteration step
errx = 8.9 (>5.47997e-05)
Group converged with errf= 2.77556e-17 (<=5.47997e-05)
--------------------------------------------------
Solving group 169, a group with 1 elements

Group contains the following variables:
u_membrane001.enrichment_factor_S

Group contains the following equations:
u_membrane001.enrfacS

Initializing ...
errf = 0.89899 (>5.47997e-05)


1. iteration step
errx = 8.9 (>5.47997e-05)
Group converged with errf= 2.77556e-17 (<=5.47997e-05)
--------------------------------------------------
Solving group 170, a group with 1 elements

Group contains the following variables:
u_membrane001.enrichment_factor_Cl

Group contains the following equations:
u_membrane001.enrfacCl

Initializing ...
errf = 0.89899 (>5.47997e-05)


1. iteration step
errx = 8.9 (>5.47997e-05)
Group converged with errf= 2.77556e-17 (<=5.47997e-05)
--------------------------------------------------
Solving group 171, a group with 1 elements

Group contains the following variables:
u_membrane001.retention_coefficient_C

Group contains the following equations:
u_membrane001.retcoeffC

Initializing ...
errf = 0.0136364 (>5.47997e-05)


1. iteration step
errx = 0.0138249 (>5.47997e-05)
Group converged with errf= 0 (<=5.47997e-05)
--------------------------------------------------
Solving group 172, a group with 1 elements

Group contains the following variables:
u_membrane001.retention_coefficient_H

Group contains the following equations:
u_membrane001.retcoeffH

Initializing ...
errf = 0.0312499 (>5.47997e-05)


1. iteration step
errx = 0.032258 (>5.47997e-05)
Group converged with errf= 0 (<=5.47997e-05)
--------------------------------------------------
Solving group 173, a group with 1 elements

Group contains the following variables:
u_membrane001.retention_coefficient_O

Group contains the following equations:
u_membrane001.retcoeffO

Initializing ...
errf = 0.0458335 (>5.47997e-05)


1. iteration step
errx = 0.0480351 (>5.47997e-05)
Group converged with errf= 0 (<=5.47997e-05)
--------------------------------------------------
Solving group 174, a group with 1 elements

Group contains the following variables:
u_membrane001.retention_coefficient_N

Group contains the following equations:
u_membrane001.retcoeffN

Initializing ...
errf = 0.0499985 (>5.47997e-05)


1. iteration step
errx = 0.0526299 (>5.47997e-05)
Group converged with errf= 0 (<=5.47997e-05)
--------------------------------------------------
Solving group 175, a group with 1 elements

Group contains the following variables:
u_membrane001.retention_coefficient_S

Group contains the following equations:
u_membrane001.retcoeffS

Initializing ...
errf = 0.049997 (>5.47997e-05)


1. iteration step
errx = 0.0526283 (>5.47997e-05)
Group converged with errf= 0 (<=5.47997e-05)
--------------------------------------------------
Solving group 176, a group with 1 elements

Group contains the following variables:
u_membrane001.retention_coefficient_Cl

Group contains the following equations:
u_membrane001.retcoeffCl

Initializing ...
errf = 0.049997 (>5.47997e-05)


1. iteration step
errx = 0.0526283 (>5.47997e-05)
Group converged with errf= 0 (<=5.47997e-05)

========================================================================
System solution finished.


========================================================================
Results:

x[1]     <org_retentate.SubstNr>          =          1  converged
x[2]     <org_retentate.wC>               =    0.58633  converged
x[3]     <org_retentate.wH>               =   0.083761  converged
x[4]     <org_retentate.wO>               =    0.30938  converged
x[5]     <org_retentate.wN>               =   0.010268  converged
x[6]     <org_retentate.wS>               =  0.0051338  converged
x[7]     <org_retentate.wCl>              =  0.0051338  converged
x[8]     <org_retentate.lhv>              =      25064  converged
x[9]     <org_retentate.hhv>              =      26893  converged
x[10]    <org_retentate.hf298>            =    -4240.8  converged
x[11]    <org_retentate.e_chem>           =      26893  converged
x[12]    <org_permeate.SubstNr>           =          1  converged
x[13]    <org_permeate.wC>                =    0.30303  converged
x[14]    <org_permeate.wH>                =    0.10101  converged
x[15]    <org_permeate.wO>                =    0.55556  converged
x[16]    <org_permeate.wN>                =   0.020202  converged
x[17]    <org_permeate.wS>                =   0.010101  converged
x[18]    <org_permeate.wCl>               =   0.010101  converged
x[19]    <org_permeate.lhv>               =      14270  converged
x[20]    <org_permeate.hhv>               =      16475  converged
x[21]    <org_permeate.hf298>             =    -7868.3  converged
x[22]    <org_permeate.e_chem>            =      16475  converged
x[23]    <org_feed.SubstNr>               =          1  converged
x[24]    <org_feed.wC>                    =    0.57895  converged
x[25]    <org_feed.wH>                    =   0.084211  converged
x[26]    <org_feed.wO>                    =    0.31579  converged
x[27]    <org_feed.wN>                    =   0.010526  converged
x[28]    <org_feed.wS>                    =  0.0052632  converged
x[29]    <org_feed.wCl>                   =  0.0052632  converged
x[30]    <org_feed.lhv>                   =      24783  converged
x[31]    <org_feed.hhv>                   =      26621  converged
x[32]    <org_feed.hf298>                 =    -4335.3  converged
x[33]    <org_feed.e_chem>                =      26621  converged
x[34]    <ash_retentate.wAsh>             =          1  converged
x[35]    <ash_retentate.wAl2O3>           =          0  set
x[36]    <ash_retentate.wCaAl2O4>         =          0  set
x[37]    <ash_retentate.wCaCl2>           =          0  set
x[38]    <ash_retentate.wCaCO3>           =          0  set
x[39]    <ash_retentate.wCaO>             =          0  set
x[40]    <ash_retentate.wCaOH2>           =          0  set
x[41]    <ash_retentate.wCaS>             =          0  set
x[42]    <ash_retentate.wCaSO4>           =          0  set
x[43]    <ash_retentate.wCo>              =          0  set
x[44]    <ash_retentate.wCoO>             =          0  set
x[45]    <ash_retentate.wCu>              =          0  set
x[46]    <ash_retentate.wCu2O>            =          0  set
x[47]    <ash_retentate.wCuO>             =          0  set
x[48]    <ash_retentate.wCuAl2O4>         =          0  set
x[49]    <ash_retentate.wCuS>             =          0  set
x[50]    <ash_retentate.wFe>              =          0  set
x[51]    <ash_retentate.wFeO>             =          0  set
x[52]    <ash_retentate.wFe3O4>           =          0  set
x[53]    <ash_retentate.wFe2O3>           =          0  set
x[54]    <ash_retentate.wFe2SiO4>         =          0  set
x[55]    <ash_retentate.wK2O>             =          0  set
x[56]    <ash_retentate.wMgAl2O4>         =          0  set
x[57]    <ash_retentate.wMgCO3>           =          0  set
x[58]    <ash_retentate.wMgO>             =          0  set
x[59]    <ash_retentate.wMg2SiO4>         =          0  set
x[60]    <ash_retentate.wMn>              =          0  set
x[61]    <ash_retentate.wMnO>             =          0  set
x[62]    <ash_retentate.wMn3O4>           =          0  set
x[63]    <ash_retentate.wMn2O3>           =          0  set
x[64]    <ash_retentate.wMnO2>            =          0  set
x[65]    <ash_retentate.wNaCl>            =          0  set
x[66]    <ash_retentate.wNa2O>            =          0  set
x[67]    <ash_retentate.wNi>              =          0  set
x[68]    <ash_retentate.wNiO>             =          0  set
x[69]    <ash_retentate.wNiAl2O4>         =          0  set
x[70]    <ash_retentate.wSiO2>            =          0  set
x[71]    <ash_retentate.wTiO2>            =          0  set
x[72]    <ash_retentate.wZnO>             =          0  set
x[73]    <ash_retentate.wZnS>             =          0  set
x[74]    <ash_retentate.wZrO2>            =          0  set
x[75]    <ash_retentate.rho>              =          1  converged
x[76]    <ash_permeate.wAsh>              =          1  converged
x[77]    <ash_permeate.wAl2O3>            =          0  converged
x[78]    <ash_permeate.wCaAl2O4>          =          0  converged
x[79]    <ash_permeate.wCaCl2>            =          0  converged
x[80]    <ash_permeate.wCaCO3>            =          0  converged
x[81]    <ash_permeate.wCaO>              =          0  converged
x[82]    <ash_permeate.wCaOH2>            =          0  converged
x[83]    <ash_permeate.wCaS>              =          0  converged
x[84]    <ash_permeate.wCaSO4>            =          0  converged
x[85]    <ash_permeate.wCo>               =          0  converged
x[86]    <ash_permeate.wCoO>              =          0  converged
x[87]    <ash_permeate.wCu>               =          0  converged
x[88]    <ash_permeate.wCu2O>             =          0  converged
x[89]    <ash_permeate.wCuO>              =          0  converged
x[90]    <ash_permeate.wCuAl2O4>          =          0  converged
x[91]    <ash_permeate.wCuS>              =          0  converged
x[92]    <ash_permeate.wFe>               =          0  converged
x[93]    <ash_permeate.wFeO>              =          0  converged
x[94]    <ash_permeate.wFe3O4>            =          0  converged
x[95]    <ash_permeate.wFe2O3>            =          0  converged
x[96]    <ash_permeate.wFe2SiO4>          =          0  converged
x[97]    <ash_permeate.wK2O>              =          0  converged
x[98]    <ash_permeate.wMgAl2O4>          =          0  converged
x[99]    <ash_permeate.wMgCO3>            =          0  converged
x[100]   <ash_permeate.wMgO>              =          0  converged
x[101]   <ash_permeate.wMg2SiO4>          =          0  converged
x[102]   <ash_permeate.wMn>               =          0  converged
x[103]   <ash_permeate.wMnO>              =          0  converged
x[104]   <ash_permeate.wMn3O4>            =          0  converged
x[105]   <ash_permeate.wMn2O3>            =          0  converged
x[106]   <ash_permeate.wMnO2>             =          0  converged
x[107]   <ash_permeate.wNaCl>             =          0  converged
x[108]   <ash_permeate.wNa2O>             =          0  converged
x[109]   <ash_permeate.wNi>               =          0  converged
x[110]   <ash_permeate.wNiO>              =          0  converged
x[111]   <ash_permeate.wNiAl2O4>          =          0  converged
x[112]   <ash_permeate.wSiO2>             =          0  converged
x[113]   <ash_permeate.wTiO2>             =          0  converged
x[114]   <ash_permeate.wZnO>              =          0  converged
x[115]   <ash_permeate.wZnS>              =          0  converged
x[116]   <ash_permeate.wZrO2>             =          0  converged
x[117]   <ash_permeate.rho>               =          1  converged
x[118]   <ash_feed.wAsh>                  =          1  converged
x[119]   <ash_feed.wAl2O3>                =          0  set
x[120]   <ash_feed.wCaAl2O4>              =          0  set
x[121]   <ash_feed.wCaCl2>                =          0  set
x[122]   <ash_feed.wCaCO3>                =          0  set
x[123]   <ash_feed.wCaO>                  =          0  set
x[124]   <ash_feed.wCaOH2>                =          0  set
x[125]   <ash_feed.wCaS>                  =          0  set
x[126]   <ash_feed.wCaSO4>                =          0  set
x[127]   <ash_feed.wCo>                   =          0  set
x[128]   <ash_feed.wCoO>                  =          0  set
x[129]   <ash_feed.wCu>                   =          0  set
x[130]   <ash_feed.wCu2O>                 =          0  set
x[131]   <ash_feed.wCuO>                  =          0  set
x[132]   <ash_feed.wCuAl2O4>              =          0  set
x[133]   <ash_feed.wCuS>                  =          0  set
x[134]   <ash_feed.wFe>                   =          0  set
x[135]   <ash_feed.wFeO>                  =          0  set
x[136]   <ash_feed.wFe3O4>                =          0  set
x[137]   <ash_feed.wFe2O3>                =          0  set
x[138]   <ash_feed.wFe2SiO4>              =          0  set
x[139]   <ash_feed.wK2O>                  =          0  set
x[140]   <ash_feed.wMgAl2O4>              =          0  set
x[141]   <ash_feed.wMgCO3>                =          0  set
x[142]   <ash_feed.wMgO>                  =          0  set
x[143]   <ash_feed.wMg2SiO4>              =          0  set
x[144]   <ash_feed.wMn>                   =          0  set
x[145]   <ash_feed.wMnO>                  =          0  set
x[146]   <ash_feed.wMn3O4>                =          0  set
x[147]   <ash_feed.wMn2O3>                =          0  set
x[148]   <ash_feed.wMnO2>                 =          0  set
x[149]   <ash_feed.wNaCl>                 =          0  set
x[150]   <ash_feed.wNa2O>                 =          0  set
x[151]   <ash_feed.wNi>                   =          0  set
x[152]   <ash_feed.wNiO>                  =          0  set
x[153]   <ash_feed.wNiAl2O4>              =          0  set
x[154]   <ash_feed.wSiO2>                 =          0  set
x[155]   <ash_feed.wTiO2>                 =          0  set
x[156]   <ash_feed.wZnO>                  =          0  set
x[157]   <ash_feed.wZnS>                  =          0  set
x[158]   <ash_feed.wZrO2>                 =          0  set
x[159]   <ash_feed.rho>                   =          1  converged
x[160]   <c_st_o_006.p>                   =          8  converged
x[161]   <c_st_o_006.t>                   =      40.09  converged
x[162]   <c_st_o_006.rho>                 =       1000  converged
x[163]   <c_st_o_006.h_waf>               =     52.525  converged
x[164]   <c_st_o_006.s_waf>               =    0.77118  converged
x[165]   <c_st_o_006.e_waf>               =      26892  converged
x[166]   <c_st_o_006.water_content>       =       0.61  converged
x[167]   <c_st_o_006.ash_content>         =     0.0199  converged
x[168]   <c_st_o_006.h_total>             =     -11409  converged
x[169]   <c_st_o_006.lhv>                 =     7786.3  converged
x[170]   <c_st_o_006.hhv>                 =       9953  converged
x[171]   <c_st_o_006.massflow>            =        500  converged
x[172]   <c_st_o_006.volflow>             =        0.5  converged
x[173]   <c_st_o_006.Energy>              =     1098.5  converged
x[174]   <c_st_o_006.Exergy>              =     1391.9  converged
x[175]   <c_st_o_007.p>                   =          8  converged
x[176]   <c_st_o_007.t>                   =      40.09  converged
x[177]   <c_st_o_007.rho>                 =       1000  converged
x[178]   <c_st_o_007.h_waf>               =     52.525  converged
x[179]   <c_st_o_007.s_waf>               =    0.77118  converged
x[180]   <c_st_o_007.e_waf>               =      26892  converged
x[181]   <c_st_o_007.water_content>       =       0.61  converged
x[182]   <c_st_o_007.ash_content>         =     0.0199  converged
x[183]   <c_st_o_007.h_total>             =     -11409  converged
x[184]   <c_st_o_007.lhv>                 =     7786.3  converged
x[185]   <c_st_o_007.hhv>                 =       9953  converged
x[186]   <c_st_o_007.massflow>            =        500  converged
x[187]   <c_st_o_007.volflow>             =        0.5  converged
x[188]   <c_st_o_007.Energy>              =     1098.5  converged
x[189]   <c_st_o_007.Exergy>              =     1391.9  converged
x[190]   <c_st_o_005.p>                   =          1  converged
x[191]   <c_st_o_005.t>                   =      40.09  converged
x[192]   <c_st_o_005.rho>                 =       1000  converged
x[193]   <c_st_o_005.h_waf>               =     55.946  converged
x[194]   <c_st_o_005.s_waf>               =    0.77581  converged
x[195]   <c_st_o_005.e_waf>               =      16475  converged
x[196]   <c_st_o_005.water_content>       =       0.99  converged
x[197]   <c_st_o_005.ash_content>         =     0.0001  converged
x[198]   <c_st_o_005.h_total>             =     -15724  converged
x[199]   <c_st_o_005.lhv>                 =    -2276.9  converged
x[200]   <c_st_o_005.hhv>                 =     163.11  converged
x[201]   <c_st_o_005.massflow>            =        500  converged
x[202]   <c_st_o_005.volflow>             =        0.5  converged
x[203]   <c_st_o_005.Energy>              =    -293.06  converged
x[204]   <c_st_o_005.Exergy>              =     23.149  converged
x[205]   <c_st_o_004.p>                   =          1  converged
x[206]   <c_st_o_004.t>                   =      40.09  converged
x[207]   <c_st_o_004.rho>                 =       1000  converged
x[208]   <c_st_o_004.h_waf>               =     55.946  converged
x[209]   <c_st_o_004.s_waf>               =    0.77581  converged
x[210]   <c_st_o_004.e_waf>               =      16475  converged
x[211]   <c_st_o_004.water_content>       =       0.99  converged
x[212]   <c_st_o_004.ash_content>         =     0.0001  converged
x[213]   <c_st_o_004.h_total>             =     -15724  converged
x[214]   <c_st_o_004.lhv>                 =    -2276.9  converged
x[215]   <c_st_o_004.hhv>                 =     163.11  converged
x[216]   <c_st_o_004.massflow>            =        500  set
x[217]   <c_st_o_004.volflow>             =        0.5  converged
x[218]   <c_st_o_004.Energy>              =    -293.06  converged
x[219]   <c_st_o_004.Exergy>              =     23.149  converged
x[220]   <c_st_o_003.p>                   =          1  converged
x[221]   <c_st_o_003.t>                   =         50  converged
x[222]   <c_st_o_003.rho>                 =       1000  set
x[223]   <c_st_o_003.h_waf>               =     66.621  converged
x[224]   <c_st_o_003.s_waf>               =    0.81127  converged
x[225]   <c_st_o_003.e_waf>               =      26623  converged
x[226]   <c_st_o_003.water_content>       =        0.8  converged
x[227]   <c_st_o_003.ash_content>         =       0.01  converged
x[228]   <c_st_o_003.h_total>             =     -13531  converged
x[229]   <c_st_o_003.lhv>                 =     2754.7  converged
x[230]   <c_st_o_003.hhv>                 =     5058.1  converged
x[231]   <c_st_o_003.massflow>            =       1000  converged
x[232]   <c_st_o_003.volflow>             =          1  converged
x[233]   <c_st_o_003.Energy>              =     815.36  converged
x[234]   <c_st_o_003.Exergy>              =     1415.7  converged
x[235]   <c_st_o_002.p>                   =          1  converged
x[236]   <c_st_o_002.t>                   =         50  converged
x[237]   <c_st_o_002.rho>                 =       1000  converged
x[238]   <c_st_o_002.h_waf>               =     66.621  converged
x[239]   <c_st_o_002.s_waf>               =    0.81127  converged
x[240]   <c_st_o_002.e_waf>               =      26623  converged
x[241]   <c_st_o_002.water_content>       =        0.8  converged
x[242]   <c_st_o_002.ash_content>         =       0.01  converged
x[243]   <c_st_o_002.h_total>             =     -13531  converged
x[244]   <c_st_o_002.lhv>                 =     2754.7  converged
x[245]   <c_st_o_002.hhv>                 =     5058.1  converged
x[246]   <c_st_o_002.massflow>            =       1000  converged
x[247]   <c_st_o_002.volflow>             =          1  converged
x[248]   <c_st_o_002.Energy>              =     815.36  converged
x[249]   <c_st_o_002.Exergy>              =     1415.7  converged
x[250]   <c_sh_001.power>                 =     0.2924  converged
x[251]   <c_st_o_001.p>                   =         10  converged
x[252]   <c_st_o_001.t>                   =      50.09  converged
x[253]   <c_st_o_001.rho>                 =       1000  converged
x[254]   <c_st_o_001.h_waf>               =      66.75  converged
x[255]   <c_st_o_001.s_waf>               =    0.81571  converged
x[256]   <c_st_o_001.e_waf>               =      26622  converged
x[257]   <c_st_o_001.water_content>       =        0.8  converged
x[258]   <c_st_o_001.ash_content>         =       0.01  converged
x[259]   <c_st_o_001.h_total>             =     -13530  converged
x[260]   <c_st_o_001.lhv>                 =     2754.7  converged
x[261]   <c_st_o_001.hhv>                 =     5058.1  converged
x[262]   <c_st_o_001.massflow>            =       1000  converged
x[263]   <c_st_o_001.volflow>             =          1  converged
x[264]   <c_st_o_001.Energy>              =     815.62  converged
x[265]   <c_st_o_001.Exergy>              =     1415.9  converged
x[266]   <u_cmp_o_003.water_content>      =         61  set
x[267]   <u_cmp_o_003.ash_content_wf>     =     5.1026  converged
x[268]   <u_cmp_o_003.C_wf>               =     55.641  converged
x[269]   <u_cmp_o_003.H_wf>               =     7.9487  converged
x[270]   <u_cmp_o_003.O_wf>               =     29.359  converged
x[271]   <u_cmp_o_003.N_wf>               =    0.97436  converged
x[272]   <u_cmp_o_003.S_wf>               =    0.48718  converged
x[273]   <u_cmp_o_003.Cl_wf>              =    0.48718  converged
x[274]   <u_cmp_o_003.lhv_wf>             =      23785  converged
x[275]   <u_cmp_o_003.hhv_wf>             =      25521  converged
x[276]   <u_sink_o_002.massflow>          =        500  converged
x[277]   <u_sink_o_002.volflow>           =        0.5  converged
x[278]   <u_sink_o_002.p>                 =          8  converged
x[279]   <u_sink_o_002.t>                 =      40.09  converged
x[280]   <u_sink_o_001.massflow>          =        500  converged
x[281]   <u_sink_o_001.volflow>           =        0.5  converged
x[282]   <u_sink_o_001.p>                 =          1  converged
x[283]   <u_sink_o_001.t>                 =      40.09  converged
x[284]   <u_cmp_o_002.water_content>      =         99  set
x[285]   <u_cmp_o_002.ash_content_wf>     =          1  set
x[286]   <u_cmp_o_002.C_wf>               =         30  converged
x[287]   <u_cmp_o_002.H_wf>               =         10  set
x[288]   <u_cmp_o_002.O_wf>               =         55  set
x[289]   <u_cmp_o_002.N_wf>               =          2  set
x[290]   <u_cmp_o_002.S_wf>               =          1  set
x[291]   <u_cmp_o_002.Cl_wf>              =          1  set
x[292]   <u_cmp_o_002.lhv_wf>             =      14128  converged
x[293]   <u_cmp_o_002.hhv_wf>             =      16311  converged
x[294]   <u_source_o_001.massflow>        =       1000  set
x[295]   <u_source_o_001.volflow>         =          1  converged
x[296]   <u_source_o_001.p>               =          1  set
x[297]   <u_source_o_001.t>               =         50  set
x[298]   <u_cmp_o_001.water_content>      =         80  set
x[299]   <u_cmp_o_001.ash_content_wf>     =          5  set
x[300]   <u_cmp_o_001.C_wf>               =         55  converged
x[301]   <u_cmp_o_001.H_wf>               =          8  set
x[302]   <u_cmp_o_001.O_wf>               =         30  set
x[303]   <u_cmp_o_001.N_wf>               =          1  set
x[304]   <u_cmp_o_001.S_wf>               =        0.5  set
x[305]   <u_cmp_o_001.Cl_wf>              =        0.5  set
x[306]   <u_cmp_o_001.lhv_wf>             =      23544  converged
x[307]   <u_cmp_o_001.hhv_wf>             =      25290  converged
x[308]   <u_mot_el_001.power>             =    0.30138  converged
x[309]   <u_mot_el_001.E_loss>            =  0.0089811  converged
x[310]   <u_pump_o_001.eta_s>             =         95  set
x[311]   <u_pump_o_001.press_ratio>       =         10  set
x[312]   <u_pump_o_001.E_loss>            =    0.14777  converged
x[313]   <u_membrane001.dp_permeate>      =          9  set
x[314]   <u_membrane001.dp_retentate>     =          2  set
x[315]   <u_membrane001.dT_permeate>      =         10  set
x[316]   <u_membrane001.dT_retentate>     =         10  set
x[317]   <u_membrane001.Q_loss>           =     21.785  converged
x[318]   <u_membrane001.flux>             =         45  set
x[319]   <u_membrane001.membrane_area>    =     11.111  converged
x[320]   <u_membrane001.membrane_constant> = 1.3889e-06  converged
x[321]   <u_membrane001.enrichment_factor_C> =   0.027548  converged
x[322]   <u_membrane001.enrichment_factor_H> =   0.063131  converged
x[323]   <u_membrane001.enrichment_factor_O> =   0.092593  converged
x[324]   <u_membrane001.enrichment_factor_N> =    0.10101  converged
x[325]   <u_membrane001.enrichment_factor_S> =    0.10101  converged
x[326]   <u_membrane001.enrichment_factor_Cl> =    0.10101  converged
x[327]   <u_membrane001.retention_coefficient_C> =    0.98636  converged
x[328]   <u_membrane001.retention_coefficient_H> =    0.96875  converged
x[329]   <u_membrane001.retention_coefficient_O> =    0.95417  converged
x[330]   <u_membrane001.retention_coefficient_N> =       0.95  converged
x[331]   <u_membrane001.retention_coefficient_S> =       0.95  converged
x[332]   <u_membrane001.retention_coefficient_Cl> =       0.95  converged
x[333]   <u_membrane001.cp_org>           =       4.18  set

%Error: BaseMessageHandler::SendError: Invalide Error Code : >4116

========================================================================
Solution
Start:	Jun 04 2024, 13:22:41.535
End:  	Jun 04 2024, 13:22:41.808
Actual Time:	0.273000 seconds
CPU Time:   	0.250000 seconds
CPU Percentage:	23%
1 errors (0 recovered errors)
0 warnings (0 recovered warnings)
========================================================================
