========================================================================
||
||     PSStat - Static Solver
||     Version 8.0 U, Release 17, Build 2459, Aug 18 2023 08:49:32 
||
========================================================================

Loading system ...

System has been loaded successfully.
System analysis ...
========================================================================
System model contains 668 variables
97 variables set to fixed values
System to be solved contains 571 variables and 638 equations

%Error: 
System structurally singular, 51 equations depending

u_pyrolyser_elc_heat001.fdust_CaSO4	u_pyrolyser_elc_heat001.fCaSO4	u_pyrolyser_elc_heat001.fdust_CaOH2	u_pyrolyser_elc_heat001.fdust_CaCO3
u_pyrolyser_elc_heat001.fCaCl2	u_pyrolyser_elc_heat001.fdust_Al2O3	u_pyrolyser_elc_heat001.fdust_Ash	u_pyrolyser_elc_heat001.fCaS
u_pyrolyser_elc_heat001.fCaO	u_pyrolyser_elc_heat001.fAsh	u_pyrolyser_elc_heat001.fCaAl2O4	u_pyrolyser_elc_heat001.fCaOH2
u_pyrolyser_elc_heat001.fCaCO3	u_pyrolyser_elc_heat001.fdust_CaCl2	u_pyrolyser_elc_heat001.fAl2O3	ASH.fmass
u_pyrolyser_elc_heat001.fdust_CaS	u_pyrolyser_elc_heat001.fdust_CaO	u_pyrolyser_elc_heat001.fdust_CaAl2O4	u_pyrolyser_elc_heat001.fCo
u_pyrolyser_elc_heat001.fCoO	u_pyrolyser_elc_heat001.fCu	u_pyrolyser_elc_heat001.fCu2O	u_pyrolyser_elc_heat001.fCuO
u_pyrolyser_elc_heat001.fCuAl2O4	u_pyrolyser_elc_heat001.fCuS	u_pyrolyser_elc_heat001.fFe	u_pyrolyser_elc_heat001.fFeO
u_pyrolyser_elc_heat001.fFe3O4	u_pyrolyser_elc_heat001.fFe2O3	u_pyrolyser_elc_heat001.fFe2SiO4	u_pyrolyser_elc_heat001.fK2O
u_pyrolyser_elc_heat001.fMgAl2O4	u_pyrolyser_elc_heat001.fMgCO3	u_pyrolyser_elc_heat001.fMgO	u_pyrolyser_elc_heat001.fMg2SiO4
u_pyrolyser_elc_heat001.fMn	u_pyrolyser_elc_heat001.fMnO	u_pyrolyser_elc_heat001.fMn3O4	u_pyrolyser_elc_heat001.fMn2O3
u_pyrolyser_elc_heat001.fMnO2	u_pyrolyser_elc_heat001.fNaCl	u_pyrolyser_elc_heat001.fNa2O	u_pyrolyser_elc_heat001.fNi
u_pyrolyser_elc_heat001.fNiO	u_pyrolyser_elc_heat001.fNiAl2O4	u_pyrolyser_elc_heat001.fSiO2	u_pyrolyser_elc_heat001.fTiO2
u_pyrolyser_elc_heat001.fZnO	u_pyrolyser_elc_heat001.fZnS	u_pyrolyser_elc_heat001.fZrO2
%Error: 
System structurally singular, 51 equations depending
	u_pyrolyser_elc_heat001.fdust_Co
u_pyrolyser_elc_heat001.fCo	u_pyrolyser_elc_heat001.fdust_CaOH2	u_pyrolyser_elc_heat001.fdust_CaCO3	u_pyrolyser_elc_heat001.fCaCl2
u_pyrolyser_elc_heat001.fdust_Al2O3	u_pyrolyser_elc_heat001.fdust_Ash	u_pyrolyser_elc_heat001.fCaS	u_pyrolyser_elc_heat001.fCaO
u_pyrolyser_elc_heat001.fAsh	u_pyrolyser_elc_heat001.fCaAl2O4	u_pyrolyser_elc_heat001.fCaOH2	u_pyrolyser_elc_heat001.fCaCO3
u_pyrolyser_elc_heat001.fdust_CaCl2	u_pyrolyser_elc_heat001.fAl2O3	ASH.fmass	u_pyrolyser_elc_heat001.fdust_CaS
u_pyrolyser_elc_heat001.fdust_CaO	u_pyrolyser_elc_heat001.fdust_CaAl2O4	u_pyrolyser_elc_heat001.fCaSO4	u_pyrolyser_elc_heat001.fCoO
u_pyrolyser_elc_heat001.fCu	u_pyrolyser_elc_heat001.fCu2O	u_pyrolyser_elc_heat001.fCuO	u_pyrolyser_elc_heat001.fCuAl2O4
u_pyrolyser_elc_heat001.fCuS	u_pyrolyser_elc_heat001.fFe	u_pyrolyser_elc_heat001.fFeO	u_pyrolyser_elc_heat001.fFe3O4
u_pyrolyser_elc_heat001.fFe2O3	u_pyrolyser_elc_heat001.fFe2SiO4	u_pyrolyser_elc_heat001.fK2O	u_pyrolyser_elc_heat001.fMgAl2O4
u_pyrolyser_elc_heat001.fMgCO3	u_pyrolyser_elc_heat001.fMgO	u_pyrolyser_elc_heat001.fMg2SiO4	u_pyrolyser_elc_heat001.fMn
u_pyrolyser_elc_heat001.fMnO	u_pyrolyser_elc_heat001.fMn3O4	u_pyrolyser_elc_heat001.fMn2O3	u_pyrolyser_elc_heat001.fMnO2
u_pyrolyser_elc_heat001.fNaCl	u_pyrolyser_elc_heat001.fNa2O	u_pyrolyser_elc_heat001.fNi	u_pyrolyser_elc_heat001.fNiO
u_pyrolyser_elc_heat001.fNiAl2O4	u_pyrolyser_elc_heat001.fSiO2	u_pyrolyser_elc_heat001.fTiO2	u_pyrolyser_elc_heat001.fZnO
u_pyrolyser_elc_heat001.fZnS	u_pyrolyser_elc_heat001.fZrO2
%Error: 
System structurally singular, 51 equations depending
	u_pyrolyser_elc_heat001.fdust_CoO	u_pyrolyser_elc_heat001.fCoO
u_pyrolyser_elc_heat001.fdust_CaOH2	u_pyrolyser_elc_heat001.fdust_CaCO3	u_pyrolyser_elc_heat001.fCaCl2	u_pyrolyser_elc_heat001.fdust_Al2O3
u_pyrolyser_elc_heat001.fdust_Ash	u_pyrolyser_elc_heat001.fCaS	u_pyrolyser_elc_heat001.fCaO	u_pyrolyser_elc_heat001.fAsh
u_pyrolyser_elc_heat001.fCaAl2O4	u_pyrolyser_elc_heat001.fCaOH2	u_pyrolyser_elc_heat001.fCaCO3	u_pyrolyser_elc_heat001.fdust_CaCl2
u_pyrolyser_elc_heat001.fAl2O3	ASH.fmass	u_pyrolyser_elc_heat001.fdust_CaS	u_pyrolyser_elc_heat001.fdust_CaO
u_pyrolyser_elc_heat001.fdust_CaAl2O4	u_pyrolyser_elc_heat001.fCaSO4	u_pyrolyser_elc_heat001.fCo	u_pyrolyser_elc_heat001.fCu
u_pyrolyser_elc_heat001.fCu2O	u_pyrolyser_elc_heat001.fCuO	u_pyrolyser_elc_heat001.fCuAl2O4	u_pyrolyser_elc_heat001.fCuS
u_pyrolyser_elc_heat001.fFe	u_pyrolyser_elc_heat001.fFeO	u_pyrolyser_elc_heat001.fFe3O4	u_pyrolyser_elc_heat001.fFe2O3
u_pyrolyser_elc_heat001.fFe2SiO4	u_pyrolyser_elc_heat001.fK2O	u_pyrolyser_elc_heat001.fMgAl2O4	u_pyrolyser_elc_heat001.fMgCO3
u_pyrolyser_elc_heat001.fMgO	u_pyrolyser_elc_heat001.fMg2SiO4	u_pyrolyser_elc_heat001.fMn	u_pyrolyser_elc_heat001.fMnO
u_pyrolyser_elc_heat001.fMn3O4	u_pyrolyser_elc_heat001.fMn2O3	u_pyrolyser_elc_heat001.fMnO2	u_pyrolyser_elc_heat001.fNaCl
u_pyrolyser_elc_heat001.fNa2O	u_pyrolyser_elc_heat001.fNi	u_pyrolyser_elc_heat001.fNiO	u_pyrolyser_elc_heat001.fNiAl2O4
u_pyrolyser_elc_heat001.fSiO2	u_pyrolyser_elc_heat001.fTiO2	u_pyrolyser_elc_heat001.fZnO	u_pyrolyser_elc_heat001.fZnS
u_pyrolyser_elc_heat001.fZrO2
%Error: 
System structurally singular, 51 equations depending
	u_pyrolyser_elc_heat001.fdust_Cu	u_pyrolyser_elc_heat001.fCu	u_pyrolyser_elc_heat001.fdust_CaOH2
u_pyrolyser_elc_heat001.fdust_CaCO3	u_pyrolyser_elc_heat001.fCaCl2	u_pyrolyser_elc_heat001.fdust_Al2O3	u_pyrolyser_elc_heat001.fdust_Ash
u_pyrolyser_elc_heat001.fCaS	u_pyrolyser_elc_heat001.fCaO	u_pyrolyser_elc_heat001.fAsh	u_pyrolyser_elc_heat001.fCaAl2O4
u_pyrolyser_elc_heat001.fCaOH2	u_pyrolyser_elc_heat001.fCaCO3	u_pyrolyser_elc_heat001.fdust_CaCl2	u_pyrolyser_elc_heat001.fAl2O3
ASH.fmass	u_pyrolyser_elc_heat001.fdust_CaS	u_pyrolyser_elc_heat001.fdust_CaO	u_pyrolyser_elc_heat001.fdust_CaAl2O4
u_pyrolyser_elc_heat001.fCaSO4	u_pyrolyser_elc_heat001.fCo	u_pyrolyser_elc_heat001.fCoO	u_pyrolyser_elc_heat001.fCu2O
u_pyrolyser_elc_heat001.fCuO	u_pyrolyser_elc_heat001.fCuAl2O4	u_pyrolyser_elc_heat001.fCuS	u_pyrolyser_elc_heat001.fFe
u_pyrolyser_elc_heat001.fFeO	u_pyrolyser_elc_heat001.fFe3O4	u_pyrolyser_elc_heat001.fFe2O3	u_pyrolyser_elc_heat001.fFe2SiO4
u_pyrolyser_elc_heat001.fK2O	u_pyrolyser_elc_heat001.fMgAl2O4	u_pyrolyser_elc_heat001.fMgCO3	u_pyrolyser_elc_heat001.fMgO
u_pyrolyser_elc_heat001.fMg2SiO4	u_pyrolyser_elc_heat001.fMn	u_pyrolyser_elc_heat001.fMnO	u_pyrolyser_elc_heat001.fMn3O4
u_pyrolyser_elc_heat001.fMn2O3	u_pyrolyser_elc_heat001.fMnO2	u_pyrolyser_elc_heat001.fNaCl	u_pyrolyser_elc_heat001.fNa2O
u_pyrolyser_elc_heat001.fNi	u_pyrolyser_elc_heat001.fNiO	u_pyrolyser_elc_heat001.fNiAl2O4	u_pyrolyser_elc_heat001.fSiO2
u_pyrolyser_elc_heat001.fTiO2	u_pyrolyser_elc_heat001.fZnO	u_pyrolyser_elc_heat001.fZnS	u_pyrolyser_elc_heat001.fZrO2
%Error: 
System structurally singular, 51 equations depending

u_pyrolyser_elc_heat001.fdust_Cu2O	u_pyrolyser_elc_heat001.fCu2O	u_pyrolyser_elc_heat001.fdust_CaOH2	u_pyrolyser_elc_heat001.fdust_CaCO3
u_pyrolyser_elc_heat001.fCaCl2	u_pyrolyser_elc_heat001.fdust_Al2O3	u_pyrolyser_elc_heat001.fdust_Ash	u_pyrolyser_elc_heat001.fCaS
u_pyrolyser_elc_heat001.fCaO	u_pyrolyser_elc_heat001.fAsh	u_pyrolyser_elc_heat001.fCaAl2O4	u_pyrolyser_elc_heat001.fCaOH2
u_pyrolyser_elc_heat001.fCaCO3	u_pyrolyser_elc_heat001.fdust_CaCl2	u_pyrolyser_elc_heat001.fAl2O3	ASH.fmass
u_pyrolyser_elc_heat001.fdust_CaS	u_pyrolyser_elc_heat001.fdust_CaO	u_pyrolyser_elc_heat001.fdust_CaAl2O4	u_pyrolyser_elc_heat001.fCaSO4
u_pyrolyser_elc_heat001.fCo	u_pyrolyser_elc_heat001.fCoO	u_pyrolyser_elc_heat001.fCu	u_pyrolyser_elc_heat001.fCuO
u_pyrolyser_elc_heat001.fCuAl2O4	u_pyrolyser_elc_heat001.fCuS	u_pyrolyser_elc_heat001.fFe	u_pyrolyser_elc_heat001.fFeO
u_pyrolyser_elc_heat001.fFe3O4	u_pyrolyser_elc_heat001.fFe2O3	u_pyrolyser_elc_heat001.fFe2SiO4	u_pyrolyser_elc_heat001.fK2O
u_pyrolyser_elc_heat001.fMgAl2O4	u_pyrolyser_elc_heat001.fMgCO3	u_pyrolyser_elc_heat001.fMgO	u_pyrolyser_elc_heat001.fMg2SiO4
u_pyrolyser_elc_heat001.fMn	u_pyrolyser_elc_heat001.fMnO	u_pyrolyser_elc_heat001.fMn3O4	u_pyrolyser_elc_heat001.fMn2O3
u_pyrolyser_elc_heat001.fMnO2	u_pyrolyser_elc_heat001.fNaCl	u_pyrolyser_elc_heat001.fNa2O	u_pyrolyser_elc_heat001.fNi
u_pyrolyser_elc_heat001.fNiO	u_pyrolyser_elc_heat001.fNiAl2O4	u_pyrolyser_elc_heat001.fSiO2	u_pyrolyser_elc_heat001.fTiO2
u_pyrolyser_elc_heat001.fZnO	u_pyrolyser_elc_heat001.fZnS	u_pyrolyser_elc_heat001.fZrO2
%Error: 
System structurally singular, 51 equations depending
	u_pyrolyser_elc_heat001.fdust_CuO
u_pyrolyser_elc_heat001.fCuO	u_pyrolyser_elc_heat001.fdust_CaOH2	u_pyrolyser_elc_heat001.fdust_CaCO3	u_pyrolyser_elc_heat001.fCaCl2
u_pyrolyser_elc_heat001.fdust_Al2O3	u_pyrolyser_elc_heat001.fdust_Ash	u_pyrolyser_elc_heat001.fCaS	u_pyrolyser_elc_heat001.fCaO
u_pyrolyser_elc_heat001.fAsh	u_pyrolyser_elc_heat001.fCaAl2O4	u_pyrolyser_elc_heat001.fCaOH2	u_pyrolyser_elc_heat001.fCaCO3
u_pyrolyser_elc_heat001.fdust_CaCl2	u_pyrolyser_elc_heat001.fAl2O3	ASH.fmass	u_pyrolyser_elc_heat001.fdust_CaS
u_pyrolyser_elc_heat001.fdust_CaO	u_pyrolyser_elc_heat001.fdust_CaAl2O4	u_pyrolyser_elc_heat001.fCaSO4	u_pyrolyser_elc_heat001.fCo
u_pyrolyser_elc_heat001.fCoO	u_pyrolyser_elc_heat001.fCu	u_pyrolyser_elc_heat001.fCu2O	u_pyrolyser_elc_heat001.fCuAl2O4
u_pyrolyser_elc_heat001.fCuS	u_pyrolyser_elc_heat001.fFe	u_pyrolyser_elc_heat001.fFeO	u_pyrolyser_elc_heat001.fFe3O4
u_pyrolyser_elc_heat001.fFe2O3	u_pyrolyser_elc_heat001.fFe2SiO4	u_pyrolyser_elc_heat001.fK2O	u_pyrolyser_elc_heat001.fMgAl2O4
u_pyrolyser_elc_heat001.fMgCO3	u_pyrolyser_elc_heat001.fMgO	u_pyrolyser_elc_heat001.fMg2SiO4	u_pyrolyser_elc_heat001.fMn
u_pyrolyser_elc_heat001.fMnO	u_pyrolyser_elc_heat001.fMn3O4	u_pyrolyser_elc_heat001.fMn2O3	u_pyrolyser_elc_heat001.fMnO2
u_pyrolyser_elc_heat001.fNaCl	u_pyrolyser_elc_heat001.fNa2O	u_pyrolyser_elc_heat001.fNi	u_pyrolyser_elc_heat001.fNiO
u_pyrolyser_elc_heat001.fNiAl2O4	u_pyrolyser_elc_heat001.fSiO2	u_pyrolyser_elc_heat001.fTiO2	u_pyrolyser_elc_heat001.fZnO
u_pyrolyser_elc_heat001.fZnS	u_pyrolyser_elc_heat001.fZrO2
%Error: 
System structurally singular, 51 equations depending
	u_pyrolyser_elc_heat001.fdust_CuAl2O4	u_pyrolyser_elc_heat001.fCuAl2O4
u_pyrolyser_elc_heat001.fdust_CaOH2	u_pyrolyser_elc_heat001.fdust_CaCO3	u_pyrolyser_elc_heat001.fCaCl2	u_pyrolyser_elc_heat001.fdust_Al2O3
u_pyrolyser_elc_heat001.fdust_Ash	u_pyrolyser_elc_heat001.fCaS	u_pyrolyser_elc_heat001.fCaO	u_pyrolyser_elc_heat001.fAsh
u_pyrolyser_elc_heat001.fCaAl2O4	u_pyrolyser_elc_heat001.fCaOH2	u_pyrolyser_elc_heat001.fCaCO3	u_pyrolyser_elc_heat001.fdust_CaCl2
u_pyrolyser_elc_heat001.fAl2O3	ASH.fmass	u_pyrolyser_elc_heat001.fdust_CaS	u_pyrolyser_elc_heat001.fdust_CaO
u_pyrolyser_elc_heat001.fdust_CaAl2O4	u_pyrolyser_elc_heat001.fCaSO4	u_pyrolyser_elc_heat001.fCo	u_pyrolyser_elc_heat001.fCoO
u_pyrolyser_elc_heat001.fCu	u_pyrolyser_elc_heat001.fCu2O	u_pyrolyser_elc_heat001.fCuO	u_pyrolyser_elc_heat001.fCuS
u_pyrolyser_elc_heat001.fFe	u_pyrolyser_elc_heat001.fFeO	u_pyrolyser_elc_heat001.fFe3O4	u_pyrolyser_elc_heat001.fFe2O3
u_pyrolyser_elc_heat001.fFe2SiO4	u_pyrolyser_elc_heat001.fK2O	u_pyrolyser_elc_heat001.fMgAl2O4	u_pyrolyser_elc_heat001.fMgCO3
u_pyrolyser_elc_heat001.fMgO	u_pyrolyser_elc_heat001.fMg2SiO4	u_pyrolyser_elc_heat001.fMn	u_pyrolyser_elc_heat001.fMnO
u_pyrolyser_elc_heat001.fMn3O4	u_pyrolyser_elc_heat001.fMn2O3	u_pyrolyser_elc_heat001.fMnO2	u_pyrolyser_elc_heat001.fNaCl
u_pyrolyser_elc_heat001.fNa2O	u_pyrolyser_elc_heat001.fNi	u_pyrolyser_elc_heat001.fNiO	u_pyrolyser_elc_heat001.fNiAl2O4
u_pyrolyser_elc_heat001.fSiO2	u_pyrolyser_elc_heat001.fTiO2	u_pyrolyser_elc_heat001.fZnO	u_pyrolyser_elc_heat001.fZnS
u_pyrolyser_elc_heat001.fZrO2
%Error: 
System structurally singular, 51 equations depending
	u_pyrolyser_elc_heat001.fdust_CuS	u_pyrolyser_elc_heat001.fCuS	u_pyrolyser_elc_heat001.fdust_CaOH2
u_pyrolyser_elc_heat001.fdust_CaCO3	u_pyrolyser_elc_heat001.fCaCl2	u_pyrolyser_elc_heat001.fdust_Al2O3	u_pyrolyser_elc_heat001.fdust_Ash
u_pyrolyser_elc_heat001.fCaS	u_pyrolyser_elc_heat001.fCaO	u_pyrolyser_elc_heat001.fAsh	u_pyrolyser_elc_heat001.fCaAl2O4
u_pyrolyser_elc_heat001.fCaOH2	u_pyrolyser_elc_heat001.fCaCO3	u_pyrolyser_elc_heat001.fdust_CaCl2	u_pyrolyser_elc_heat001.fAl2O3
ASH.fmass	u_pyrolyser_elc_heat001.fdust_CaS	u_pyrolyser_elc_heat001.fdust_CaO	u_pyrolyser_elc_heat001.fdust_CaAl2O4
u_pyrolyser_elc_heat001.fCaSO4	u_pyrolyser_elc_heat001.fCo	u_pyrolyser_elc_heat001.fCoO	u_pyrolyser_elc_heat001.fCu
u_pyrolyser_elc_heat001.fCu2O	u_pyrolyser_elc_heat001.fCuO	u_pyrolyser_elc_heat001.fCuAl2O4	u_pyrolyser_elc_heat001.fFe
u_pyrolyser_elc_heat001.fFeO	u_pyrolyser_elc_heat001.fFe3O4	u_pyrolyser_elc_heat001.fFe2O3	u_pyrolyser_elc_heat001.fFe2SiO4
u_pyrolyser_elc_heat001.fK2O	u_pyrolyser_elc_heat001.fMgAl2O4	u_pyrolyser_elc_heat001.fMgCO3	u_pyrolyser_elc_heat001.fMgO
u_pyrolyser_elc_heat001.fMg2SiO4	u_pyrolyser_elc_heat001.fMn	u_pyrolyser_elc_heat001.fMnO	u_pyrolyser_elc_heat001.fMn3O4
u_pyrolyser_elc_heat001.fMn2O3	u_pyrolyser_elc_heat001.fMnO2	u_pyrolyser_elc_heat001.fNaCl	u_pyrolyser_elc_heat001.fNa2O
u_pyrolyser_elc_heat001.fNi	u_pyrolyser_elc_heat001.fNiO	u_pyrolyser_elc_heat001.fNiAl2O4	u_pyrolyser_elc_heat001.fSiO2
u_pyrolyser_elc_heat001.fTiO2	u_pyrolyser_elc_heat001.fZnO	u_pyrolyser_elc_heat001.fZnS	u_pyrolyser_elc_heat001.fZrO2
%Error: 
System structurally singular, 51 equations depending

u_pyrolyser_elc_heat001.fdust_Fe	u_pyrolyser_elc_heat001.fFe	u_pyrolyser_elc_heat001.fdust_CaOH2	u_pyrolyser_elc_heat001.fdust_CaCO3
u_pyrolyser_elc_heat001.fCaCl2	u_pyrolyser_elc_heat001.fdust_Al2O3	u_pyrolyser_elc_heat001.fdust_Ash	u_pyrolyser_elc_heat001.fCaS
u_pyrolyser_elc_heat001.fCaO	u_pyrolyser_elc_heat001.fAsh	u_pyrolyser_elc_heat001.fCaAl2O4	u_pyrolyser_elc_heat001.fCaOH2
u_pyrolyser_elc_heat001.fCaCO3	u_pyrolyser_elc_heat001.fdust_CaCl2	u_pyrolyser_elc_heat001.fAl2O3	ASH.fmass
u_pyrolyser_elc_heat001.fdust_CaS	u_pyrolyser_elc_heat001.fdust_CaO	u_pyrolyser_elc_heat001.fdust_CaAl2O4	u_pyrolyser_elc_heat001.fCaSO4
u_pyrolyser_elc_heat001.fCo	u_pyrolyser_elc_heat001.fCoO	u_pyrolyser_elc_heat001.fCu	u_pyrolyser_elc_heat001.fCu2O
u_pyrolyser_elc_heat001.fCuO	u_pyrolyser_elc_heat001.fCuAl2O4	u_pyrolyser_elc_heat001.fCuS	u_pyrolyser_elc_heat001.fFeO
u_pyrolyser_elc_heat001.fFe3O4	u_pyrolyser_elc_heat001.fFe2O3	u_pyrolyser_elc_heat001.fFe2SiO4	u_pyrolyser_elc_heat001.fK2O
u_pyrolyser_elc_heat001.fMgAl2O4	u_pyrolyser_elc_heat001.fMgCO3	u_pyrolyser_elc_heat001.fMgO	u_pyrolyser_elc_heat001.fMg2SiO4
u_pyrolyser_elc_heat001.fMn	u_pyrolyser_elc_heat001.fMnO	u_pyrolyser_elc_heat001.fMn3O4	u_pyrolyser_elc_heat001.fMn2O3
u_pyrolyser_elc_heat001.fMnO2	u_pyrolyser_elc_heat001.fNaCl	u_pyrolyser_elc_heat001.fNa2O	u_pyrolyser_elc_heat001.fNi
u_pyrolyser_elc_heat001.fNiO	u_pyrolyser_elc_heat001.fNiAl2O4	u_pyrolyser_elc_heat001.fSiO2	u_pyrolyser_elc_heat001.fTiO2
u_pyrolyser_elc_heat001.fZnO	u_pyrolyser_elc_heat001.fZnS	u_pyrolyser_elc_heat001.fZrO2
%Error: 
System structurally singular, 51 equations depending
	u_pyrolyser_elc_heat001.fdust_FeO
u_pyrolyser_elc_heat001.fFeO	u_pyrolyser_elc_heat001.fdust_CaOH2	u_pyrolyser_elc_heat001.fdust_CaCO3	u_pyrolyser_elc_heat001.fCaCl2
u_pyrolyser_elc_heat001.fdust_Al2O3	u_pyrolyser_elc_heat001.fdust_Ash	u_pyrolyser_elc_heat001.fCaS	u_pyrolyser_elc_heat001.fCaO
u_pyrolyser_elc_heat001.fAsh	u_pyrolyser_elc_heat001.fCaAl2O4	u_pyrolyser_elc_heat001.fCaOH2	u_pyrolyser_elc_heat001.fCaCO3
u_pyrolyser_elc_heat001.fdust_CaCl2	u_pyrolyser_elc_heat001.fAl2O3	ASH.fmass	u_pyrolyser_elc_heat001.fdust_CaS
u_pyrolyser_elc_heat001.fdust_CaO	u_pyrolyser_elc_heat001.fdust_CaAl2O4	u_pyrolyser_elc_heat001.fCaSO4	u_pyrolyser_elc_heat001.fCo
u_pyrolyser_elc_heat001.fCoO	u_pyrolyser_elc_heat001.fCu	u_pyrolyser_elc_heat001.fCu2O	u_pyrolyser_elc_heat001.fCuO
u_pyrolyser_elc_heat001.fCuAl2O4	u_pyrolyser_elc_heat001.fCuS	u_pyrolyser_elc_heat001.fFe	u_pyrolyser_elc_heat001.fFe3O4
u_pyrolyser_elc_heat001.fFe2O3	u_pyrolyser_elc_heat001.fFe2SiO4	u_pyrolyser_elc_heat001.fK2O	u_pyrolyser_elc_heat001.fMgAl2O4
u_pyrolyser_elc_heat001.fMgCO3	u_pyrolyser_elc_heat001.fMgO	u_pyrolyser_elc_heat001.fMg2SiO4	u_pyrolyser_elc_heat001.fMn
u_pyrolyser_elc_heat001.fMnO	u_pyrolyser_elc_heat001.fMn3O4	u_pyrolyser_elc_heat001.fMn2O3	u_pyrolyser_elc_heat001.fMnO2
u_pyrolyser_elc_heat001.fNaCl	u_pyrolyser_elc_heat001.fNa2O	u_pyrolyser_elc_heat001.fNi	u_pyrolyser_elc_heat001.fNiO
u_pyrolyser_elc_heat001.fNiAl2O4	u_pyrolyser_elc_heat001.fSiO2	u_pyrolyser_elc_heat001.fTiO2	u_pyrolyser_elc_heat001.fZnO
u_pyrolyser_elc_heat001.fZnS	u_pyrolyser_elc_heat001.fZrO2
%Error: 
System structurally singular, 51 equations depending
	u_pyrolyser_elc_heat001.fdust_Fe3O4	u_pyrolyser_elc_heat001.fFe3O4
u_pyrolyser_elc_heat001.fdust_CaOH2	u_pyrolyser_elc_heat001.fdust_CaCO3	u_pyrolyser_elc_heat001.fCaCl2	u_pyrolyser_elc_heat001.fdust_Al2O3
u_pyrolyser_elc_heat001.fdust_Ash	u_pyrolyser_elc_heat001.fCaS	u_pyrolyser_elc_heat001.fCaO	u_pyrolyser_elc_heat001.fAsh
u_pyrolyser_elc_heat001.fCaAl2O4	u_pyrolyser_elc_heat001.fCaOH2	u_pyrolyser_elc_heat001.fCaCO3	u_pyrolyser_elc_heat001.fdust_CaCl2
u_pyrolyser_elc_heat001.fAl2O3	ASH.fmass	u_pyrolyser_elc_heat001.fdust_CaS	u_pyrolyser_elc_heat001.fdust_CaO
u_pyrolyser_elc_heat001.fdust_CaAl2O4	u_pyrolyser_elc_heat001.fCaSO4	u_pyrolyser_elc_heat001.fCo	u_pyrolyser_elc_heat001.fCoO
u_pyrolyser_elc_heat001.fCu	u_pyrolyser_elc_heat001.fCu2O	u_pyrolyser_elc_heat001.fCuO	u_pyrolyser_elc_heat001.fCuAl2O4
u_pyrolyser_elc_heat001.fCuS	u_pyrolyser_elc_heat001.fFe	u_pyrolyser_elc_heat001.fFeO	u_pyrolyser_elc_heat001.fFe2O3
u_pyrolyser_elc_heat001.fFe2SiO4	u_pyrolyser_elc_heat001.fK2O	u_pyrolyser_elc_heat001.fMgAl2O4	u_pyrolyser_elc_heat001.fMgCO3
u_pyrolyser_elc_heat001.fMgO	u_pyrolyser_elc_heat001.fMg2SiO4	u_pyrolyser_elc_heat001.fMn	u_pyrolyser_elc_heat001.fMnO
u_pyrolyser_elc_heat001.fMn3O4	u_pyrolyser_elc_heat001.fMn2O3	u_pyrolyser_elc_heat001.fMnO2	u_pyrolyser_elc_heat001.fNaCl
u_pyrolyser_elc_heat001.fNa2O	u_pyrolyser_elc_heat001.fNi	u_pyrolyser_elc_heat001.fNiO	u_pyrolyser_elc_heat001.fNiAl2O4
u_pyrolyser_elc_heat001.fSiO2	u_pyrolyser_elc_heat001.fTiO2	u_pyrolyser_elc_heat001.fZnO	u_pyrolyser_elc_heat001.fZnS
u_pyrolyser_elc_heat001.fZrO2
%Error: 
System structurally singular, 51 equations depending
	u_pyrolyser_elc_heat001.fdust_Fe2O3	u_pyrolyser_elc_heat001.fFe2O3	u_pyrolyser_elc_heat001.fdust_CaOH2
u_pyrolyser_elc_heat001.fdust_CaCO3	u_pyrolyser_elc_heat001.fCaCl2	u_pyrolyser_elc_heat001.fdust_Al2O3	u_pyrolyser_elc_heat001.fdust_Ash
u_pyrolyser_elc_heat001.fCaS	u_pyrolyser_elc_heat001.fCaO	u_pyrolyser_elc_heat001.fAsh	u_pyrolyser_elc_heat001.fCaAl2O4
u_pyrolyser_elc_heat001.fCaOH2	u_pyrolyser_elc_heat001.fCaCO3	u_pyrolyser_elc_heat001.fdust_CaCl2	u_pyrolyser_elc_heat001.fAl2O3
ASH.fmass	u_pyrolyser_elc_heat001.fdust_CaS	u_pyrolyser_elc_heat001.fdust_CaO	u_pyrolyser_elc_heat001.fdust_CaAl2O4
u_pyrolyser_elc_heat001.fCaSO4	u_pyrolyser_elc_heat001.fCo	u_pyrolyser_elc_heat001.fCoO	u_pyrolyser_elc_heat001.fCu
u_pyrolyser_elc_heat001.fCu2O	u_pyrolyser_elc_heat001.fCuO	u_pyrolyser_elc_heat001.fCuAl2O4	u_pyrolyser_elc_heat001.fCuS
u_pyrolyser_elc_heat001.fFe	u_pyrolyser_elc_heat001.fFeO	u_pyrolyser_elc_heat001.fFe3O4	u_pyrolyser_elc_heat001.fFe2SiO4
u_pyrolyser_elc_heat001.fK2O	u_pyrolyser_elc_heat001.fMgAl2O4	u_pyrolyser_elc_heat001.fMgCO3	u_pyrolyser_elc_heat001.fMgO
u_pyrolyser_elc_heat001.fMg2SiO4	u_pyrolyser_elc_heat001.fMn	u_pyrolyser_elc_heat001.fMnO	u_pyrolyser_elc_heat001.fMn3O4
u_pyrolyser_elc_heat001.fMn2O3	u_pyrolyser_elc_heat001.fMnO2	u_pyrolyser_elc_heat001.fNaCl	u_pyrolyser_elc_heat001.fNa2O
u_pyrolyser_elc_heat001.fNi	u_pyrolyser_elc_heat001.fNiO	u_pyrolyser_elc_heat001.fNiAl2O4	u_pyrolyser_elc_heat001.fSiO2
u_pyrolyser_elc_heat001.fTiO2	u_pyrolyser_elc_heat001.fZnO	u_pyrolyser_elc_heat001.fZnS	u_pyrolyser_elc_heat001.fZrO2
%Error: 
System structurally singular, 51 equations depending

u_pyrolyser_elc_heat001.fdust_Fe2SiO4	u_pyrolyser_elc_heat001.fFe2SiO4	u_pyrolyser_elc_heat001.fdust_CaOH2	u_pyrolyser_elc_heat001.fdust_CaCO3
u_pyrolyser_elc_heat001.fCaCl2	u_pyrolyser_elc_heat001.fdust_Al2O3	u_pyrolyser_elc_heat001.fdust_Ash	u_pyrolyser_elc_heat001.fCaS
u_pyrolyser_elc_heat001.fCaO	u_pyrolyser_elc_heat001.fAsh	u_pyrolyser_elc_heat001.fCaAl2O4	u_pyrolyser_elc_heat001.fCaOH2
u_pyrolyser_elc_heat001.fCaCO3	u_pyrolyser_elc_heat001.fdust_CaCl2	u_pyrolyser_elc_heat001.fAl2O3	ASH.fmass
u_pyrolyser_elc_heat001.fdust_CaS	u_pyrolyser_elc_heat001.fdust_CaO	u_pyrolyser_elc_heat001.fdust_CaAl2O4	u_pyrolyser_elc_heat001.fCaSO4
u_pyrolyser_elc_heat001.fCo	u_pyrolyser_elc_heat001.fCoO	u_pyrolyser_elc_heat001.fCu	u_pyrolyser_elc_heat001.fCu2O
u_pyrolyser_elc_heat001.fCuO	u_pyrolyser_elc_heat001.fCuAl2O4	u_pyrolyser_elc_heat001.fCuS	u_pyrolyser_elc_heat001.fFe
u_pyrolyser_elc_heat001.fFeO	u_pyrolyser_elc_heat001.fFe3O4	u_pyrolyser_elc_heat001.fFe2O3	u_pyrolyser_elc_heat001.fK2O
u_pyrolyser_elc_heat001.fMgAl2O4	u_pyrolyser_elc_heat001.fMgCO3	u_pyrolyser_elc_heat001.fMgO	u_pyrolyser_elc_heat001.fMg2SiO4
u_pyrolyser_elc_heat001.fMn	u_pyrolyser_elc_heat001.fMnO	u_pyrolyser_elc_heat001.fMn3O4	u_pyrolyser_elc_heat001.fMn2O3
u_pyrolyser_elc_heat001.fMnO2	u_pyrolyser_elc_heat001.fNaCl	u_pyrolyser_elc_heat001.fNa2O	u_pyrolyser_elc_heat001.fNi
u_pyrolyser_elc_heat001.fNiO	u_pyrolyser_elc_heat001.fNiAl2O4	u_pyrolyser_elc_heat001.fSiO2	u_pyrolyser_elc_heat001.fTiO2
u_pyrolyser_elc_heat001.fZnO	u_pyrolyser_elc_heat001.fZnS	u_pyrolyser_elc_heat001.fZrO2
%Error: 
System structurally singular, 51 equations depending
	u_pyrolyser_elc_heat001.fdust_K2O
u_pyrolyser_elc_heat001.fK2O	u_pyrolyser_elc_heat001.fdust_CaOH2	u_pyrolyser_elc_heat001.fdust_CaCO3	u_pyrolyser_elc_heat001.fCaCl2
u_pyrolyser_elc_heat001.fdust_Al2O3	u_pyrolyser_elc_heat001.fdust_Ash	u_pyrolyser_elc_heat001.fCaS	u_pyrolyser_elc_heat001.fCaO
u_pyrolyser_elc_heat001.fAsh	u_pyrolyser_elc_heat001.fCaAl2O4	u_pyrolyser_elc_heat001.fCaOH2	u_pyrolyser_elc_heat001.fCaCO3
u_pyrolyser_elc_heat001.fdust_CaCl2	u_pyrolyser_elc_heat001.fAl2O3	ASH.fmass	u_pyrolyser_elc_heat001.fdust_CaS
u_pyrolyser_elc_heat001.fdust_CaO	u_pyrolyser_elc_heat001.fdust_CaAl2O4	u_pyrolyser_elc_heat001.fCaSO4	u_pyrolyser_elc_heat001.fCo
u_pyrolyser_elc_heat001.fCoO	u_pyrolyser_elc_heat001.fCu	u_pyrolyser_elc_heat001.fCu2O	u_pyrolyser_elc_heat001.fCuO
u_pyrolyser_elc_heat001.fCuAl2O4	u_pyrolyser_elc_heat001.fCuS	u_pyrolyser_elc_heat001.fFe	u_pyrolyser_elc_heat001.fFeO
u_pyrolyser_elc_heat001.fFe3O4	u_pyrolyser_elc_heat001.fFe2O3	u_pyrolyser_elc_heat001.fFe2SiO4	u_pyrolyser_elc_heat001.fMgAl2O4
u_pyrolyser_elc_heat001.fMgCO3	u_pyrolyser_elc_heat001.fMgO	u_pyrolyser_elc_heat001.fMg2SiO4	u_pyrolyser_elc_heat001.fMn
u_pyrolyser_elc_heat001.fMnO	u_pyrolyser_elc_heat001.fMn3O4	u_pyrolyser_elc_heat001.fMn2O3	u_pyrolyser_elc_heat001.fMnO2
u_pyrolyser_elc_heat001.fNaCl	u_pyrolyser_elc_heat001.fNa2O	u_pyrolyser_elc_heat001.fNi	u_pyrolyser_elc_heat001.fNiO
u_pyrolyser_elc_heat001.fNiAl2O4	u_pyrolyser_elc_heat001.fSiO2	u_pyrolyser_elc_heat001.fTiO2	u_pyrolyser_elc_heat001.fZnO
u_pyrolyser_elc_heat001.fZnS	u_pyrolyser_elc_heat001.fZrO2
%Error: 
System structurally singular, 51 equations depending
	u_pyrolyser_elc_heat001.fdust_MgAl2O4	u_pyrolyser_elc_heat001.fMgAl2O4
u_pyrolyser_elc_heat001.fdust_CaOH2	u_pyrolyser_elc_heat001.fdust_CaCO3	u_pyrolyser_elc_heat001.fCaCl2	u_pyrolyser_elc_heat001.fdust_Al2O3
u_pyrolyser_elc_heat001.fdust_Ash	u_pyrolyser_elc_heat001.fCaS	u_pyrolyser_elc_heat001.fCaO	u_pyrolyser_elc_heat001.fAsh
u_pyrolyser_elc_heat001.fCaAl2O4	u_pyrolyser_elc_heat001.fCaOH2	u_pyrolyser_elc_heat001.fCaCO3	u_pyrolyser_elc_heat001.fdust_CaCl2
u_pyrolyser_elc_heat001.fAl2O3	ASH.fmass	u_pyrolyser_elc_heat001.fdust_CaS	u_pyrolyser_elc_heat001.fdust_CaO
u_pyrolyser_elc_heat001.fdust_CaAl2O4	u_pyrolyser_elc_heat001.fCaSO4	u_pyrolyser_elc_heat001.fCo	u_pyrolyser_elc_heat001.fCoO
u_pyrolyser_elc_heat001.fCu	u_pyrolyser_elc_heat001.fCu2O	u_pyrolyser_elc_heat001.fCuO	u_pyrolyser_elc_heat001.fCuAl2O4
u_pyrolyser_elc_heat001.fCuS	u_pyrolyser_elc_heat001.fFe	u_pyrolyser_elc_heat001.fFeO	u_pyrolyser_elc_heat001.fFe3O4
u_pyrolyser_elc_heat001.fFe2O3	u_pyrolyser_elc_heat001.fFe2SiO4	u_pyrolyser_elc_heat001.fK2O	u_pyrolyser_elc_heat001.fMgCO3
u_pyrolyser_elc_heat001.fMgO	u_pyrolyser_elc_heat001.fMg2SiO4	u_pyrolyser_elc_heat001.fMn	u_pyrolyser_elc_heat001.fMnO
u_pyrolyser_elc_heat001.fMn3O4	u_pyrolyser_elc_heat001.fMn2O3	u_pyrolyser_elc_heat001.fMnO2	u_pyrolyser_elc_heat001.fNaCl
u_pyrolyser_elc_heat001.fNa2O	u_pyrolyser_elc_heat001.fNi	u_pyrolyser_elc_heat001.fNiO	u_pyrolyser_elc_heat001.fNiAl2O4
u_pyrolyser_elc_heat001.fSiO2	u_pyrolyser_elc_heat001.fTiO2	u_pyrolyser_elc_heat001.fZnO	u_pyrolyser_elc_heat001.fZnS
u_pyrolyser_elc_heat001.fZrO2
%Error: 
System structurally singular, 51 equations depending
	u_pyrolyser_elc_heat001.fdust_MgCO3	u_pyrolyser_elc_heat001.fMgCO3	u_pyrolyser_elc_heat001.fdust_CaOH2
u_pyrolyser_elc_heat001.fdust_CaCO3	u_pyrolyser_elc_heat001.fCaCl2	u_pyrolyser_elc_heat001.fdust_Al2O3	u_pyrolyser_elc_heat001.fdust_Ash
u_pyrolyser_elc_heat001.fCaS	u_pyrolyser_elc_heat001.fCaO	u_pyrolyser_elc_heat001.fAsh	u_pyrolyser_elc_heat001.fCaAl2O4
u_pyrolyser_elc_heat001.fCaOH2	u_pyrolyser_elc_heat001.fCaCO3	u_pyrolyser_elc_heat001.fdust_CaCl2	u_pyrolyser_elc_heat001.fAl2O3
ASH.fmass	u_pyrolyser_elc_heat001.fdust_CaS	u_pyrolyser_elc_heat001.fdust_CaO	u_pyrolyser_elc_heat001.fdust_CaAl2O4
u_pyrolyser_elc_heat001.fCaSO4	u_pyrolyser_elc_heat001.fCo	u_pyrolyser_elc_heat001.fCoO	u_pyrolyser_elc_heat001.fCu
u_pyrolyser_elc_heat001.fCu2O	u_pyrolyser_elc_heat001.fCuO	u_pyrolyser_elc_heat001.fCuAl2O4	u_pyrolyser_elc_heat001.fCuS
u_pyrolyser_elc_heat001.fFe	u_pyrolyser_elc_heat001.fFeO	u_pyrolyser_elc_heat001.fFe3O4	u_pyrolyser_elc_heat001.fFe2O3
u_pyrolyser_elc_heat001.fFe2SiO4	u_pyrolyser_elc_heat001.fK2O	u_pyrolyser_elc_heat001.fMgAl2O4	u_pyrolyser_elc_heat001.fMgO
u_pyrolyser_elc_heat001.fMg2SiO4	u_pyrolyser_elc_heat001.fMn	u_pyrolyser_elc_heat001.fMnO	u_pyrolyser_elc_heat001.fMn3O4
u_pyrolyser_elc_heat001.fMn2O3	u_pyrolyser_elc_heat001.fMnO2	u_pyrolyser_elc_heat001.fNaCl	u_pyrolyser_elc_heat001.fNa2O
u_pyrolyser_elc_heat001.fNi	u_pyrolyser_elc_heat001.fNiO	u_pyrolyser_elc_heat001.fNiAl2O4	u_pyrolyser_elc_heat001.fSiO2
u_pyrolyser_elc_heat001.fTiO2	u_pyrolyser_elc_heat001.fZnO	u_pyrolyser_elc_heat001.fZnS	u_pyrolyser_elc_heat001.fZrO2
%Error: 
System structurally singular, 51 equations depending

u_pyrolyser_elc_heat001.fdust_MgO	u_pyrolyser_elc_heat001.fMgO	u_pyrolyser_elc_heat001.fdust_CaOH2	u_pyrolyser_elc_heat001.fdust_CaCO3
u_pyrolyser_elc_heat001.fCaCl2	u_pyrolyser_elc_heat001.fdust_Al2O3	u_pyrolyser_elc_heat001.fdust_Ash	u_pyrolyser_elc_heat001.fCaS
u_pyrolyser_elc_heat001.fCaO	u_pyrolyser_elc_heat001.fAsh	u_pyrolyser_elc_heat001.fCaAl2O4	u_pyrolyser_elc_heat001.fCaOH2
u_pyrolyser_elc_heat001.fCaCO3	u_pyrolyser_elc_heat001.fdust_CaCl2	u_pyrolyser_elc_heat001.fAl2O3	ASH.fmass
u_pyrolyser_elc_heat001.fdust_CaS	u_pyrolyser_elc_heat001.fdust_CaO	u_pyrolyser_elc_heat001.fdust_CaAl2O4	u_pyrolyser_elc_heat001.fCaSO4
u_pyrolyser_elc_heat001.fCo	u_pyrolyser_elc_heat001.fCoO	u_pyrolyser_elc_heat001.fCu	u_pyrolyser_elc_heat001.fCu2O
u_pyrolyser_elc_heat001.fCuO	u_pyrolyser_elc_heat001.fCuAl2O4	u_pyrolyser_elc_heat001.fCuS	u_pyrolyser_elc_heat001.fFe
u_pyrolyser_elc_heat001.fFeO	u_pyrolyser_elc_heat001.fFe3O4	u_pyrolyser_elc_heat001.fFe2O3	u_pyrolyser_elc_heat001.fFe2SiO4
u_pyrolyser_elc_heat001.fK2O	u_pyrolyser_elc_heat001.fMgAl2O4	u_pyrolyser_elc_heat001.fMgCO3	u_pyrolyser_elc_heat001.fMg2SiO4
u_pyrolyser_elc_heat001.fMn	u_pyrolyser_elc_heat001.fMnO	u_pyrolyser_elc_heat001.fMn3O4	u_pyrolyser_elc_heat001.fMn2O3
u_pyrolyser_elc_heat001.fMnO2	u_pyrolyser_elc_heat001.fNaCl	u_pyrolyser_elc_heat001.fNa2O	u_pyrolyser_elc_heat001.fNi
u_pyrolyser_elc_heat001.fNiO	u_pyrolyser_elc_heat001.fNiAl2O4	u_pyrolyser_elc_heat001.fSiO2	u_pyrolyser_elc_heat001.fTiO2
u_pyrolyser_elc_heat001.fZnO	u_pyrolyser_elc_heat001.fZnS	u_pyrolyser_elc_heat001.fZrO2
%Error: 
System structurally singular, 51 equations depending
	u_pyrolyser_elc_heat001.fdust_Mg2SiO4
u_pyrolyser_elc_heat001.fMg2SiO4	u_pyrolyser_elc_heat001.fdust_CaOH2	u_pyrolyser_elc_heat001.fdust_CaCO3	u_pyrolyser_elc_heat001.fCaCl2
u_pyrolyser_elc_heat001.fdust_Al2O3	u_pyrolyser_elc_heat001.fdust_Ash	u_pyrolyser_elc_heat001.fCaS	u_pyrolyser_elc_heat001.fCaO
u_pyrolyser_elc_heat001.fAsh	u_pyrolyser_elc_heat001.fCaAl2O4	u_pyrolyser_elc_heat001.fCaOH2	u_pyrolyser_elc_heat001.fCaCO3
u_pyrolyser_elc_heat001.fdust_CaCl2	u_pyrolyser_elc_heat001.fAl2O3	ASH.fmass	u_pyrolyser_elc_heat001.fdust_CaS
u_pyrolyser_elc_heat001.fdust_CaO	u_pyrolyser_elc_heat001.fdust_CaAl2O4	u_pyrolyser_elc_heat001.fCaSO4	u_pyrolyser_elc_heat001.fCo
u_pyrolyser_elc_heat001.fCoO	u_pyrolyser_elc_heat001.fCu	u_pyrolyser_elc_heat001.fCu2O	u_pyrolyser_elc_heat001.fCuO
u_pyrolyser_elc_heat001.fCuAl2O4	u_pyrolyser_elc_heat001.fCuS	u_pyrolyser_elc_heat001.fFe	u_pyrolyser_elc_heat001.fFeO
u_pyrolyser_elc_heat001.fFe3O4	u_pyrolyser_elc_heat001.fFe2O3	u_pyrolyser_elc_heat001.fFe2SiO4	u_pyrolyser_elc_heat001.fK2O
u_pyrolyser_elc_heat001.fMgAl2O4	u_pyrolyser_elc_heat001.fMgCO3	u_pyrolyser_elc_heat001.fMgO	u_pyrolyser_elc_heat001.fMn
u_pyrolyser_elc_heat001.fMnO	u_pyrolyser_elc_heat001.fMn3O4	u_pyrolyser_elc_heat001.fMn2O3	u_pyrolyser_elc_heat001.fMnO2
u_pyrolyser_elc_heat001.fNaCl	u_pyrolyser_elc_heat001.fNa2O	u_pyrolyser_elc_heat001.fNi	u_pyrolyser_elc_heat001.fNiO
u_pyrolyser_elc_heat001.fNiAl2O4	u_pyrolyser_elc_heat001.fSiO2	u_pyrolyser_elc_heat001.fTiO2	u_pyrolyser_elc_heat001.fZnO
u_pyrolyser_elc_heat001.fZnS	u_pyrolyser_elc_heat001.fZrO2
%Error: 
System structurally singular, 51 equations depending
	u_pyrolyser_elc_heat001.fdust_Mn	u_pyrolyser_elc_heat001.fMn
u_pyrolyser_elc_heat001.fdust_CaOH2	u_pyrolyser_elc_heat001.fdust_CaCO3	u_pyrolyser_elc_heat001.fCaCl2	u_pyrolyser_elc_heat001.fdust_Al2O3
u_pyrolyser_elc_heat001.fdust_Ash	u_pyrolyser_elc_heat001.fCaS	u_pyrolyser_elc_heat001.fCaO	u_pyrolyser_elc_heat001.fAsh
u_pyrolyser_elc_heat001.fCaAl2O4	u_pyrolyser_elc_heat001.fCaOH2	u_pyrolyser_elc_heat001.fCaCO3	u_pyrolyser_elc_heat001.fdust_CaCl2
u_pyrolyser_elc_heat001.fAl2O3	ASH.fmass	u_pyrolyser_elc_heat001.fdust_CaS	u_pyrolyser_elc_heat001.fdust_CaO
u_pyrolyser_elc_heat001.fdust_CaAl2O4	u_pyrolyser_elc_heat001.fCaSO4	u_pyrolyser_elc_heat001.fCo	u_pyrolyser_elc_heat001.fCoO
u_pyrolyser_elc_heat001.fCu	u_pyrolyser_elc_heat001.fCu2O	u_pyrolyser_elc_heat001.fCuO	u_pyrolyser_elc_heat001.fCuAl2O4
u_pyrolyser_elc_heat001.fCuS	u_pyrolyser_elc_heat001.fFe	u_pyrolyser_elc_heat001.fFeO	u_pyrolyser_elc_heat001.fFe3O4
u_pyrolyser_elc_heat001.fFe2O3	u_pyrolyser_elc_heat001.fFe2SiO4	u_pyrolyser_elc_heat001.fK2O	u_pyrolyser_elc_heat001.fMgAl2O4
u_pyrolyser_elc_heat001.fMgCO3	u_pyrolyser_elc_heat001.fMgO	u_pyrolyser_elc_heat001.fMg2SiO4	u_pyrolyser_elc_heat001.fMnO
u_pyrolyser_elc_heat001.fMn3O4	u_pyrolyser_elc_heat001.fMn2O3	u_pyrolyser_elc_heat001.fMnO2	u_pyrolyser_elc_heat001.fNaCl
u_pyrolyser_elc_heat001.fNa2O	u_pyrolyser_elc_heat001.fNi	u_pyrolyser_elc_heat001.fNiO	u_pyrolyser_elc_heat001.fNiAl2O4
u_pyrolyser_elc_heat001.fSiO2	u_pyrolyser_elc_heat001.fTiO2	u_pyrolyser_elc_heat001.fZnO	u_pyrolyser_elc_heat001.fZnS
u_pyrolyser_elc_heat001.fZrO2
%Error: 
System structurally singular, 51 equations depending
	u_pyrolyser_elc_heat001.fdust_MnO	u_pyrolyser_elc_heat001.fMnO	u_pyrolyser_elc_heat001.fdust_CaOH2
u_pyrolyser_elc_heat001.fdust_CaCO3	u_pyrolyser_elc_heat001.fCaCl2	u_pyrolyser_elc_heat001.fdust_Al2O3	u_pyrolyser_elc_heat001.fdust_Ash
u_pyrolyser_elc_heat001.fCaS	u_pyrolyser_elc_heat001.fCaO	u_pyrolyser_elc_heat001.fAsh	u_pyrolyser_elc_heat001.fCaAl2O4
u_pyrolyser_elc_heat001.fCaOH2	u_pyrolyser_elc_heat001.fCaCO3	u_pyrolyser_elc_heat001.fdust_CaCl2	u_pyrolyser_elc_heat001.fAl2O3
ASH.fmass	u_pyrolyser_elc_heat001.fdust_CaS	u_pyrolyser_elc_heat001.fdust_CaO	u_pyrolyser_elc_heat001.fdust_CaAl2O4
u_pyrolyser_elc_heat001.fCaSO4	u_pyrolyser_elc_heat001.fCo	u_pyrolyser_elc_heat001.fCoO	u_pyrolyser_elc_heat001.fCu
u_pyrolyser_elc_heat001.fCu2O	u_pyrolyser_elc_heat001.fCuO	u_pyrolyser_elc_heat001.fCuAl2O4	u_pyrolyser_elc_heat001.fCuS
u_pyrolyser_elc_heat001.fFe	u_pyrolyser_elc_heat001.fFeO	u_pyrolyser_elc_heat001.fFe3O4	u_pyrolyser_elc_heat001.fFe2O3
u_pyrolyser_elc_heat001.fFe2SiO4	u_pyrolyser_elc_heat001.fK2O	u_pyrolyser_elc_heat001.fMgAl2O4	u_pyrolyser_elc_heat001.fMgCO3
u_pyrolyser_elc_heat001.fMgO	u_pyrolyser_elc_heat001.fMg2SiO4	u_pyrolyser_elc_heat001.fMn	u_pyrolyser_elc_heat001.fMn3O4
u_pyrolyser_elc_heat001.fMn2O3	u_pyrolyser_elc_heat001.fMnO2	u_pyrolyser_elc_heat001.fNaCl	u_pyrolyser_elc_heat001.fNa2O
u_pyrolyser_elc_heat001.fNi	u_pyrolyser_elc_heat001.fNiO	u_pyrolyser_elc_heat001.fNiAl2O4	u_pyrolyser_elc_heat001.fSiO2
u_pyrolyser_elc_heat001.fTiO2	u_pyrolyser_elc_heat001.fZnO	u_pyrolyser_elc_heat001.fZnS	u_pyrolyser_elc_heat001.fZrO2
%Error: 
System structurally singular, 51 equations depending

u_pyrolyser_elc_heat001.fdust_Mn3O4	u_pyrolyser_elc_heat001.fMn3O4	u_pyrolyser_elc_heat001.fdust_CaOH2	u_pyrolyser_elc_heat001.fdust_CaCO3
u_pyrolyser_elc_heat001.fCaCl2	u_pyrolyser_elc_heat001.fdust_Al2O3	u_pyrolyser_elc_heat001.fdust_Ash	u_pyrolyser_elc_heat001.fCaS
u_pyrolyser_elc_heat001.fCaO	u_pyrolyser_elc_heat001.fAsh	u_pyrolyser_elc_heat001.fCaAl2O4	u_pyrolyser_elc_heat001.fCaOH2
u_pyrolyser_elc_heat001.fCaCO3	u_pyrolyser_elc_heat001.fdust_CaCl2	u_pyrolyser_elc_heat001.fAl2O3	ASH.fmass
u_pyrolyser_elc_heat001.fdust_CaS	u_pyrolyser_elc_heat001.fdust_CaO	u_pyrolyser_elc_heat001.fdust_CaAl2O4	u_pyrolyser_elc_heat001.fCaSO4
u_pyrolyser_elc_heat001.fCo	u_pyrolyser_elc_heat001.fCoO	u_pyrolyser_elc_heat001.fCu	u_pyrolyser_elc_heat001.fCu2O
u_pyrolyser_elc_heat001.fCuO	u_pyrolyser_elc_heat001.fCuAl2O4	u_pyrolyser_elc_heat001.fCuS	u_pyrolyser_elc_heat001.fFe
u_pyrolyser_elc_heat001.fFeO	u_pyrolyser_elc_heat001.fFe3O4	u_pyrolyser_elc_heat001.fFe2O3	u_pyrolyser_elc_heat001.fFe2SiO4
u_pyrolyser_elc_heat001.fK2O	u_pyrolyser_elc_heat001.fMgAl2O4	u_pyrolyser_elc_heat001.fMgCO3	u_pyrolyser_elc_heat001.fMgO
u_pyrolyser_elc_heat001.fMg2SiO4	u_pyrolyser_elc_heat001.fMn	u_pyrolyser_elc_heat001.fMnO	u_pyrolyser_elc_heat001.fMn2O3
u_pyrolyser_elc_heat001.fMnO2	u_pyrolyser_elc_heat001.fNaCl	u_pyrolyser_elc_heat001.fNa2O	u_pyrolyser_elc_heat001.fNi
u_pyrolyser_elc_heat001.fNiO	u_pyrolyser_elc_heat001.fNiAl2O4	u_pyrolyser_elc_heat001.fSiO2	u_pyrolyser_elc_heat001.fTiO2
u_pyrolyser_elc_heat001.fZnO	u_pyrolyser_elc_heat001.fZnS	u_pyrolyser_elc_heat001.fZrO2
%Error: 
System structurally singular, 51 equations depending
	u_pyrolyser_elc_heat001.fdust_Mn2O3
u_pyrolyser_elc_heat001.fMn2O3	u_pyrolyser_elc_heat001.fdust_CaOH2	u_pyrolyser_elc_heat001.fdust_CaCO3	u_pyrolyser_elc_heat001.fCaCl2
u_pyrolyser_elc_heat001.fdust_Al2O3	u_pyrolyser_elc_heat001.fdust_Ash	u_pyrolyser_elc_heat001.fCaS	u_pyrolyser_elc_heat001.fCaO
u_pyrolyser_elc_heat001.fAsh	u_pyrolyser_elc_heat001.fCaAl2O4	u_pyrolyser_elc_heat001.fCaOH2	u_pyrolyser_elc_heat001.fCaCO3
u_pyrolyser_elc_heat001.fdust_CaCl2	u_pyrolyser_elc_heat001.fAl2O3	ASH.fmass	u_pyrolyser_elc_heat001.fdust_CaS
u_pyrolyser_elc_heat001.fdust_CaO	u_pyrolyser_elc_heat001.fdust_CaAl2O4	u_pyrolyser_elc_heat001.fCaSO4	u_pyrolyser_elc_heat001.fCo
u_pyrolyser_elc_heat001.fCoO	u_pyrolyser_elc_heat001.fCu	u_pyrolyser_elc_heat001.fCu2O	u_pyrolyser_elc_heat001.fCuO
u_pyrolyser_elc_heat001.fCuAl2O4	u_pyrolyser_elc_heat001.fCuS	u_pyrolyser_elc_heat001.fFe	u_pyrolyser_elc_heat001.fFeO
u_pyrolyser_elc_heat001.fFe3O4	u_pyrolyser_elc_heat001.fFe2O3	u_pyrolyser_elc_heat001.fFe2SiO4	u_pyrolyser_elc_heat001.fK2O
u_pyrolyser_elc_heat001.fMgAl2O4	u_pyrolyser_elc_heat001.fMgCO3	u_pyrolyser_elc_heat001.fMgO	u_pyrolyser_elc_heat001.fMg2SiO4
u_pyrolyser_elc_heat001.fMn	u_pyrolyser_elc_heat001.fMnO	u_pyrolyser_elc_heat001.fMn3O4	u_pyrolyser_elc_heat001.fMnO2
u_pyrolyser_elc_heat001.fNaCl	u_pyrolyser_elc_heat001.fNa2O	u_pyrolyser_elc_heat001.fNi	u_pyrolyser_elc_heat001.fNiO
u_pyrolyser_elc_heat001.fNiAl2O4	u_pyrolyser_elc_heat001.fSiO2	u_pyrolyser_elc_heat001.fTiO2	u_pyrolyser_elc_heat001.fZnO
u_pyrolyser_elc_heat001.fZnS	u_pyrolyser_elc_heat001.fZrO2
%Error: 
System structurally singular, 51 equations depending
	u_pyrolyser_elc_heat001.fdust_MnO2	u_pyrolyser_elc_heat001.fMnO2
u_pyrolyser_elc_heat001.fdust_CaOH2	u_pyrolyser_elc_heat001.fdust_CaCO3	u_pyrolyser_elc_heat001.fCaCl2	u_pyrolyser_elc_heat001.fdust_Al2O3
u_pyrolyser_elc_heat001.fdust_Ash	u_pyrolyser_elc_heat001.fCaS	u_pyrolyser_elc_heat001.fCaO	u_pyrolyser_elc_heat001.fAsh
u_pyrolyser_elc_heat001.fCaAl2O4	u_pyrolyser_elc_heat001.fCaOH2	u_pyrolyser_elc_heat001.fCaCO3	u_pyrolyser_elc_heat001.fdust_CaCl2
u_pyrolyser_elc_heat001.fAl2O3	ASH.fmass	u_pyrolyser_elc_heat001.fdust_CaS	u_pyrolyser_elc_heat001.fdust_CaO
u_pyrolyser_elc_heat001.fdust_CaAl2O4	u_pyrolyser_elc_heat001.fCaSO4	u_pyrolyser_elc_heat001.fCo	u_pyrolyser_elc_heat001.fCoO
u_pyrolyser_elc_heat001.fCu	u_pyrolyser_elc_heat001.fCu2O	u_pyrolyser_elc_heat001.fCuO	u_pyrolyser_elc_heat001.fCuAl2O4
u_pyrolyser_elc_heat001.fCuS	u_pyrolyser_elc_heat001.fFe	u_pyrolyser_elc_heat001.fFeO	u_pyrolyser_elc_heat001.fFe3O4
u_pyrolyser_elc_heat001.fFe2O3	u_pyrolyser_elc_heat001.fFe2SiO4	u_pyrolyser_elc_heat001.fK2O	u_pyrolyser_elc_heat001.fMgAl2O4
u_pyrolyser_elc_heat001.fMgCO3	u_pyrolyser_elc_heat001.fMgO	u_pyrolyser_elc_heat001.fMg2SiO4	u_pyrolyser_elc_heat001.fMn
u_pyrolyser_elc_heat001.fMnO	u_pyrolyser_elc_heat001.fMn3O4	u_pyrolyser_elc_heat001.fMn2O3	u_pyrolyser_elc_heat001.fNaCl
u_pyrolyser_elc_heat001.fNa2O	u_pyrolyser_elc_heat001.fNi	u_pyrolyser_elc_heat001.fNiO	u_pyrolyser_elc_heat001.fNiAl2O4
u_pyrolyser_elc_heat001.fSiO2	u_pyrolyser_elc_heat001.fTiO2	u_pyrolyser_elc_heat001.fZnO	u_pyrolyser_elc_heat001.fZnS
u_pyrolyser_elc_heat001.fZrO2
%Error: 
System structurally singular, 51 equations depending
	u_pyrolyser_elc_heat001.fdust_NaCl	u_pyrolyser_elc_heat001.fNaCl	u_pyrolyser_elc_heat001.fdust_CaOH2
u_pyrolyser_elc_heat001.fdust_CaCO3	u_pyrolyser_elc_heat001.fCaCl2	u_pyrolyser_elc_heat001.fdust_Al2O3	u_pyrolyser_elc_heat001.fdust_Ash
u_pyrolyser_elc_heat001.fCaS	u_pyrolyser_elc_heat001.fCaO	u_pyrolyser_elc_heat001.fAsh	u_pyrolyser_elc_heat001.fCaAl2O4
u_pyrolyser_elc_heat001.fCaOH2	u_pyrolyser_elc_heat001.fCaCO3	u_pyrolyser_elc_heat001.fdust_CaCl2	u_pyrolyser_elc_heat001.fAl2O3
ASH.fmass	u_pyrolyser_elc_heat001.fdust_CaS	u_pyrolyser_elc_heat001.fdust_CaO	u_pyrolyser_elc_heat001.fdust_CaAl2O4
u_pyrolyser_elc_heat001.fCaSO4	u_pyrolyser_elc_heat001.fCo	u_pyrolyser_elc_heat001.fCoO	u_pyrolyser_elc_heat001.fCu
u_pyrolyser_elc_heat001.fCu2O	u_pyrolyser_elc_heat001.fCuO	u_pyrolyser_elc_heat001.fCuAl2O4	u_pyrolyser_elc_heat001.fCuS
u_pyrolyser_elc_heat001.fFe	u_pyrolyser_elc_heat001.fFeO	u_pyrolyser_elc_heat001.fFe3O4	u_pyrolyser_elc_heat001.fFe2O3
u_pyrolyser_elc_heat001.fFe2SiO4	u_pyrolyser_elc_heat001.fK2O	u_pyrolyser_elc_heat001.fMgAl2O4	u_pyrolyser_elc_heat001.fMgCO3
u_pyrolyser_elc_heat001.fMgO	u_pyrolyser_elc_heat001.fMg2SiO4	u_pyrolyser_elc_heat001.fMn	u_pyrolyser_elc_heat001.fMnO
u_pyrolyser_elc_heat001.fMn3O4	u_pyrolyser_elc_heat001.fMn2O3	u_pyrolyser_elc_heat001.fMnO2	u_pyrolyser_elc_heat001.fNa2O
u_pyrolyser_elc_heat001.fNi	u_pyrolyser_elc_heat001.fNiO	u_pyrolyser_elc_heat001.fNiAl2O4	u_pyrolyser_elc_heat001.fSiO2
u_pyrolyser_elc_heat001.fTiO2	u_pyrolyser_elc_heat001.fZnO	u_pyrolyser_elc_heat001.fZnS	u_pyrolyser_elc_heat001.fZrO2
%Error: 
System structurally singular, 51 equations depending

u_pyrolyser_elc_heat001.fdust_Na2O	u_pyrolyser_elc_heat001.fNa2O	u_pyrolyser_elc_heat001.fdust_CaOH2	u_pyrolyser_elc_heat001.fdust_CaCO3
u_pyrolyser_elc_heat001.fCaCl2	u_pyrolyser_elc_heat001.fdust_Al2O3	u_pyrolyser_elc_heat001.fdust_Ash	u_pyrolyser_elc_heat001.fCaS
u_pyrolyser_elc_heat001.fCaO	u_pyrolyser_elc_heat001.fAsh	u_pyrolyser_elc_heat001.fCaAl2O4	u_pyrolyser_elc_heat001.fCaOH2
u_pyrolyser_elc_heat001.fCaCO3	u_pyrolyser_elc_heat001.fdust_CaCl2	u_pyrolyser_elc_heat001.fAl2O3	ASH.fmass
u_pyrolyser_elc_heat001.fdust_CaS	u_pyrolyser_elc_heat001.fdust_CaO	u_pyrolyser_elc_heat001.fdust_CaAl2O4	u_pyrolyser_elc_heat001.fCaSO4
u_pyrolyser_elc_heat001.fCo	u_pyrolyser_elc_heat001.fCoO	u_pyrolyser_elc_heat001.fCu	u_pyrolyser_elc_heat001.fCu2O
u_pyrolyser_elc_heat001.fCuO	u_pyrolyser_elc_heat001.fCuAl2O4	u_pyrolyser_elc_heat001.fCuS	u_pyrolyser_elc_heat001.fFe
u_pyrolyser_elc_heat001.fFeO	u_pyrolyser_elc_heat001.fFe3O4	u_pyrolyser_elc_heat001.fFe2O3	u_pyrolyser_elc_heat001.fFe2SiO4
u_pyrolyser_elc_heat001.fK2O	u_pyrolyser_elc_heat001.fMgAl2O4	u_pyrolyser_elc_heat001.fMgCO3	u_pyrolyser_elc_heat001.fMgO
u_pyrolyser_elc_heat001.fMg2SiO4	u_pyrolyser_elc_heat001.fMn	u_pyrolyser_elc_heat001.fMnO	u_pyrolyser_elc_heat001.fMn3O4
u_pyrolyser_elc_heat001.fMn2O3	u_pyrolyser_elc_heat001.fMnO2	u_pyrolyser_elc_heat001.fNaCl	u_pyrolyser_elc_heat001.fNi
u_pyrolyser_elc_heat001.fNiO	u_pyrolyser_elc_heat001.fNiAl2O4	u_pyrolyser_elc_heat001.fSiO2	u_pyrolyser_elc_heat001.fTiO2
u_pyrolyser_elc_heat001.fZnO	u_pyrolyser_elc_heat001.fZnS	u_pyrolyser_elc_heat001.fZrO2
%Error: 
System structurally singular, 51 equations depending
	u_pyrolyser_elc_heat001.fdust_Ni
u_pyrolyser_elc_heat001.fNi	u_pyrolyser_elc_heat001.fdust_CaOH2	u_pyrolyser_elc_heat001.fdust_CaCO3	u_pyrolyser_elc_heat001.fCaCl2
u_pyrolyser_elc_heat001.fdust_Al2O3	u_pyrolyser_elc_heat001.fdust_Ash	u_pyrolyser_elc_heat001.fCaS	u_pyrolyser_elc_heat001.fCaO
u_pyrolyser_elc_heat001.fAsh	u_pyrolyser_elc_heat001.fCaAl2O4	u_pyrolyser_elc_heat001.fCaOH2	u_pyrolyser_elc_heat001.fCaCO3
u_pyrolyser_elc_heat001.fdust_CaCl2	u_pyrolyser_elc_heat001.fAl2O3	ASH.fmass	u_pyrolyser_elc_heat001.fdust_CaS
u_pyrolyser_elc_heat001.fdust_CaO	u_pyrolyser_elc_heat001.fdust_CaAl2O4	u_pyrolyser_elc_heat001.fCaSO4	u_pyrolyser_elc_heat001.fCo
u_pyrolyser_elc_heat001.fCoO	u_pyrolyser_elc_heat001.fCu	u_pyrolyser_elc_heat001.fCu2O	u_pyrolyser_elc_heat001.fCuO
u_pyrolyser_elc_heat001.fCuAl2O4	u_pyrolyser_elc_heat001.fCuS	u_pyrolyser_elc_heat001.fFe	u_pyrolyser_elc_heat001.fFeO
u_pyrolyser_elc_heat001.fFe3O4	u_pyrolyser_elc_heat001.fFe2O3	u_pyrolyser_elc_heat001.fFe2SiO4	u_pyrolyser_elc_heat001.fK2O
u_pyrolyser_elc_heat001.fMgAl2O4	u_pyrolyser_elc_heat001.fMgCO3	u_pyrolyser_elc_heat001.fMgO	u_pyrolyser_elc_heat001.fMg2SiO4
u_pyrolyser_elc_heat001.fMn	u_pyrolyser_elc_heat001.fMnO	u_pyrolyser_elc_heat001.fMn3O4	u_pyrolyser_elc_heat001.fMn2O3
u_pyrolyser_elc_heat001.fMnO2	u_pyrolyser_elc_heat001.fNaCl	u_pyrolyser_elc_heat001.fNa2O	u_pyrolyser_elc_heat001.fNiO
u_pyrolyser_elc_heat001.fNiAl2O4	u_pyrolyser_elc_heat001.fSiO2	u_pyrolyser_elc_heat001.fTiO2	u_pyrolyser_elc_heat001.fZnO
u_pyrolyser_elc_heat001.fZnS	u_pyrolyser_elc_heat001.fZrO2
%Error: 
System structurally singular, 51 equations depending
	u_pyrolyser_elc_heat001.fdust_NiO	u_pyrolyser_elc_heat001.fNiO
u_pyrolyser_elc_heat001.fdust_CaOH2	u_pyrolyser_elc_heat001.fdust_CaCO3	u_pyrolyser_elc_heat001.fCaCl2	u_pyrolyser_elc_heat001.fdust_Al2O3
u_pyrolyser_elc_heat001.fdust_Ash	u_pyrolyser_elc_heat001.fCaS	u_pyrolyser_elc_heat001.fCaO	u_pyrolyser_elc_heat001.fAsh
u_pyrolyser_elc_heat001.fCaAl2O4	u_pyrolyser_elc_heat001.fCaOH2	u_pyrolyser_elc_heat001.fCaCO3	u_pyrolyser_elc_heat001.fdust_CaCl2
u_pyrolyser_elc_heat001.fAl2O3	ASH.fmass	u_pyrolyser_elc_heat001.fdust_CaS	u_pyrolyser_elc_heat001.fdust_CaO
u_pyrolyser_elc_heat001.fdust_CaAl2O4	u_pyrolyser_elc_heat001.fCaSO4	u_pyrolyser_elc_heat001.fCo	u_pyrolyser_elc_heat001.fCoO
u_pyrolyser_elc_heat001.fCu	u_pyrolyser_elc_heat001.fCu2O	u_pyrolyser_elc_heat001.fCuO	u_pyrolyser_elc_heat001.fCuAl2O4
u_pyrolyser_elc_heat001.fCuS	u_pyrolyser_elc_heat001.fFe	u_pyrolyser_elc_heat001.fFeO	u_pyrolyser_elc_heat001.fFe3O4
u_pyrolyser_elc_heat001.fFe2O3	u_pyrolyser_elc_heat001.fFe2SiO4	u_pyrolyser_elc_heat001.fK2O	u_pyrolyser_elc_heat001.fMgAl2O4
u_pyrolyser_elc_heat001.fMgCO3	u_pyrolyser_elc_heat001.fMgO	u_pyrolyser_elc_heat001.fMg2SiO4	u_pyrolyser_elc_heat001.fMn
u_pyrolyser_elc_heat001.fMnO	u_pyrolyser_elc_heat001.fMn3O4	u_pyrolyser_elc_heat001.fMn2O3	u_pyrolyser_elc_heat001.fMnO2
u_pyrolyser_elc_heat001.fNaCl	u_pyrolyser_elc_heat001.fNa2O	u_pyrolyser_elc_heat001.fNi	u_pyrolyser_elc_heat001.fNiAl2O4
u_pyrolyser_elc_heat001.fSiO2	u_pyrolyser_elc_heat001.fTiO2	u_pyrolyser_elc_heat001.fZnO	u_pyrolyser_elc_heat001.fZnS
u_pyrolyser_elc_heat001.fZrO2
%Error: 
System structurally singular, 51 equations depending
	u_pyrolyser_elc_heat001.fdust_NiAl2O4	u_pyrolyser_elc_heat001.fNiAl2O4	u_pyrolyser_elc_heat001.fdust_CaOH2
u_pyrolyser_elc_heat001.fdust_CaCO3	u_pyrolyser_elc_heat001.fCaCl2	u_pyrolyser_elc_heat001.fdust_Al2O3	u_pyrolyser_elc_heat001.fdust_Ash
u_pyrolyser_elc_heat001.fCaS	u_pyrolyser_elc_heat001.fCaO	u_pyrolyser_elc_heat001.fAsh	u_pyrolyser_elc_heat001.fCaAl2O4
u_pyrolyser_elc_heat001.fCaOH2	u_pyrolyser_elc_heat001.fCaCO3	u_pyrolyser_elc_heat001.fdust_CaCl2	u_pyrolyser_elc_heat001.fAl2O3
ASH.fmass	u_pyrolyser_elc_heat001.fdust_CaS	u_pyrolyser_elc_heat001.fdust_CaO	u_pyrolyser_elc_heat001.fdust_CaAl2O4
u_pyrolyser_elc_heat001.fCaSO4	u_pyrolyser_elc_heat001.fCo	u_pyrolyser_elc_heat001.fCoO	u_pyrolyser_elc_heat001.fCu
u_pyrolyser_elc_heat001.fCu2O	u_pyrolyser_elc_heat001.fCuO	u_pyrolyser_elc_heat001.fCuAl2O4	u_pyrolyser_elc_heat001.fCuS
u_pyrolyser_elc_heat001.fFe	u_pyrolyser_elc_heat001.fFeO	u_pyrolyser_elc_heat001.fFe3O4	u_pyrolyser_elc_heat001.fFe2O3
u_pyrolyser_elc_heat001.fFe2SiO4	u_pyrolyser_elc_heat001.fK2O	u_pyrolyser_elc_heat001.fMgAl2O4	u_pyrolyser_elc_heat001.fMgCO3
u_pyrolyser_elc_heat001.fMgO	u_pyrolyser_elc_heat001.fMg2SiO4	u_pyrolyser_elc_heat001.fMn	u_pyrolyser_elc_heat001.fMnO
u_pyrolyser_elc_heat001.fMn3O4	u_pyrolyser_elc_heat001.fMn2O3	u_pyrolyser_elc_heat001.fMnO2	u_pyrolyser_elc_heat001.fNaCl
u_pyrolyser_elc_heat001.fNa2O	u_pyrolyser_elc_heat001.fNi	u_pyrolyser_elc_heat001.fNiO	u_pyrolyser_elc_heat001.fSiO2
u_pyrolyser_elc_heat001.fTiO2	u_pyrolyser_elc_heat001.fZnO	u_pyrolyser_elc_heat001.fZnS	u_pyrolyser_elc_heat001.fZrO2
%Error: 
System structurally singular, 51 equations depending

u_pyrolyser_elc_heat001.fdust_SiO2	u_pyrolyser_elc_heat001.fSiO2	u_pyrolyser_elc_heat001.fdust_CaOH2	u_pyrolyser_elc_heat001.fdust_CaCO3
u_pyrolyser_elc_heat001.fCaCl2	u_pyrolyser_elc_heat001.fdust_Al2O3	u_pyrolyser_elc_heat001.fdust_Ash	u_pyrolyser_elc_heat001.fCaS
u_pyrolyser_elc_heat001.fCaO	u_pyrolyser_elc_heat001.fAsh	u_pyrolyser_elc_heat001.fCaAl2O4	u_pyrolyser_elc_heat001.fCaOH2
u_pyrolyser_elc_heat001.fCaCO3	u_pyrolyser_elc_heat001.fdust_CaCl2	u_pyrolyser_elc_heat001.fAl2O3	ASH.fmass
u_pyrolyser_elc_heat001.fdust_CaS	u_pyrolyser_elc_heat001.fdust_CaO	u_pyrolyser_elc_heat001.fdust_CaAl2O4	u_pyrolyser_elc_heat001.fCaSO4
u_pyrolyser_elc_heat001.fCo	u_pyrolyser_elc_heat001.fCoO	u_pyrolyser_elc_heat001.fCu	u_pyrolyser_elc_heat001.fCu2O
u_pyrolyser_elc_heat001.fCuO	u_pyrolyser_elc_heat001.fCuAl2O4	u_pyrolyser_elc_heat001.fCuS	u_pyrolyser_elc_heat001.fFe
u_pyrolyser_elc_heat001.fFeO	u_pyrolyser_elc_heat001.fFe3O4	u_pyrolyser_elc_heat001.fFe2O3	u_pyrolyser_elc_heat001.fFe2SiO4
u_pyrolyser_elc_heat001.fK2O	u_pyrolyser_elc_heat001.fMgAl2O4	u_pyrolyser_elc_heat001.fMgCO3	u_pyrolyser_elc_heat001.fMgO
u_pyrolyser_elc_heat001.fMg2SiO4	u_pyrolyser_elc_heat001.fMn	u_pyrolyser_elc_heat001.fMnO	u_pyrolyser_elc_heat001.fMn3O4
u_pyrolyser_elc_heat001.fMn2O3	u_pyrolyser_elc_heat001.fMnO2	u_pyrolyser_elc_heat001.fNaCl	u_pyrolyser_elc_heat001.fNa2O
u_pyrolyser_elc_heat001.fNi	u_pyrolyser_elc_heat001.fNiO	u_pyrolyser_elc_heat001.fNiAl2O4	u_pyrolyser_elc_heat001.fTiO2
u_pyrolyser_elc_heat001.fZnO	u_pyrolyser_elc_heat001.fZnS	u_pyrolyser_elc_heat001.fZrO2
%Error: 
System structurally singular, 51 equations depending
	u_pyrolyser_elc_heat001.fdust_TiO2
u_pyrolyser_elc_heat001.fTiO2	u_pyrolyser_elc_heat001.fdust_CaOH2	u_pyrolyser_elc_heat001.fdust_CaCO3	u_pyrolyser_elc_heat001.fCaCl2
u_pyrolyser_elc_heat001.fdust_Al2O3	u_pyrolyser_elc_heat001.fdust_Ash	u_pyrolyser_elc_heat001.fCaS	u_pyrolyser_elc_heat001.fCaO
u_pyrolyser_elc_heat001.fAsh	u_pyrolyser_elc_heat001.fCaAl2O4	u_pyrolyser_elc_heat001.fCaOH2	u_pyrolyser_elc_heat001.fCaCO3
u_pyrolyser_elc_heat001.fdust_CaCl2	u_pyrolyser_elc_heat001.fAl2O3	ASH.fmass	u_pyrolyser_elc_heat001.fdust_CaS
u_pyrolyser_elc_heat001.fdust_CaO	u_pyrolyser_elc_heat001.fdust_CaAl2O4	u_pyrolyser_elc_heat001.fCaSO4	u_pyrolyser_elc_heat001.fCo
u_pyrolyser_elc_heat001.fCoO	u_pyrolyser_elc_heat001.fCu	u_pyrolyser_elc_heat001.fCu2O	u_pyrolyser_elc_heat001.fCuO
u_pyrolyser_elc_heat001.fCuAl2O4	u_pyrolyser_elc_heat001.fCuS	u_pyrolyser_elc_heat001.fFe	u_pyrolyser_elc_heat001.fFeO
u_pyrolyser_elc_heat001.fFe3O4	u_pyrolyser_elc_heat001.fFe2O3	u_pyrolyser_elc_heat001.fFe2SiO4	u_pyrolyser_elc_heat001.fK2O
u_pyrolyser_elc_heat001.fMgAl2O4	u_pyrolyser_elc_heat001.fMgCO3	u_pyrolyser_elc_heat001.fMgO	u_pyrolyser_elc_heat001.fMg2SiO4
u_pyrolyser_elc_heat001.fMn	u_pyrolyser_elc_heat001.fMnO	u_pyrolyser_elc_heat001.fMn3O4	u_pyrolyser_elc_heat001.fMn2O3
u_pyrolyser_elc_heat001.fMnO2	u_pyrolyser_elc_heat001.fNaCl	u_pyrolyser_elc_heat001.fNa2O	u_pyrolyser_elc_heat001.fNi
u_pyrolyser_elc_heat001.fNiO	u_pyrolyser_elc_heat001.fNiAl2O4	u_pyrolyser_elc_heat001.fSiO2	u_pyrolyser_elc_heat001.fZnO
u_pyrolyser_elc_heat001.fZnS	u_pyrolyser_elc_heat001.fZrO2
%Error: 
System structurally singular, 51 equations depending
	u_pyrolyser_elc_heat001.fdust_ZnO	u_pyrolyser_elc_heat001.fZnO
u_pyrolyser_elc_heat001.fdust_CaOH2	u_pyrolyser_elc_heat001.fdust_CaCO3	u_pyrolyser_elc_heat001.fCaCl2	u_pyrolyser_elc_heat001.fdust_Al2O3
u_pyrolyser_elc_heat001.fdust_Ash	u_pyrolyser_elc_heat001.fCaS	u_pyrolyser_elc_heat001.fCaO	u_pyrolyser_elc_heat001.fAsh
u_pyrolyser_elc_heat001.fCaAl2O4	u_pyrolyser_elc_heat001.fCaOH2	u_pyrolyser_elc_heat001.fCaCO3	u_pyrolyser_elc_heat001.fdust_CaCl2
u_pyrolyser_elc_heat001.fAl2O3	ASH.fmass	u_pyrolyser_elc_heat001.fdust_CaS	u_pyrolyser_elc_heat001.fdust_CaO
u_pyrolyser_elc_heat001.fdust_CaAl2O4	u_pyrolyser_elc_heat001.fCaSO4	u_pyrolyser_elc_heat001.fCo	u_pyrolyser_elc_heat001.fCoO
u_pyrolyser_elc_heat001.fCu	u_pyrolyser_elc_heat001.fCu2O	u_pyrolyser_elc_heat001.fCuO	u_pyrolyser_elc_heat001.fCuAl2O4
u_pyrolyser_elc_heat001.fCuS	u_pyrolyser_elc_heat001.fFe	u_pyrolyser_elc_heat001.fFeO	u_pyrolyser_elc_heat001.fFe3O4
u_pyrolyser_elc_heat001.fFe2O3	u_pyrolyser_elc_heat001.fFe2SiO4	u_pyrolyser_elc_heat001.fK2O	u_pyrolyser_elc_heat001.fMgAl2O4
u_pyrolyser_elc_heat001.fMgCO3	u_pyrolyser_elc_heat001.fMgO	u_pyrolyser_elc_heat001.fMg2SiO4	u_pyrolyser_elc_heat001.fMn
u_pyrolyser_elc_heat001.fMnO	u_pyrolyser_elc_heat001.fMn3O4	u_pyrolyser_elc_heat001.fMn2O3	u_pyrolyser_elc_heat001.fMnO2
u_pyrolyser_elc_heat001.fNaCl	u_pyrolyser_elc_heat001.fNa2O	u_pyrolyser_elc_heat001.fNi	u_pyrolyser_elc_heat001.fNiO
u_pyrolyser_elc_heat001.fNiAl2O4	u_pyrolyser_elc_heat001.fSiO2	u_pyrolyser_elc_heat001.fTiO2	u_pyrolyser_elc_heat001.fZnS
u_pyrolyser_elc_heat001.fZrO2
%Error: 
System structurally singular, 51 equations depending
	u_pyrolyser_elc_heat001.fdust_ZnS	u_pyrolyser_elc_heat001.fZnS	u_pyrolyser_elc_heat001.fdust_CaOH2
u_pyrolyser_elc_heat001.fdust_CaCO3	u_pyrolyser_elc_heat001.fCaCl2	u_pyrolyser_elc_heat001.fdust_Al2O3	u_pyrolyser_elc_heat001.fdust_Ash
u_pyrolyser_elc_heat001.fCaS	u_pyrolyser_elc_heat001.fCaO	u_pyrolyser_elc_heat001.fAsh	u_pyrolyser_elc_heat001.fCaAl2O4
u_pyrolyser_elc_heat001.fCaOH2	u_pyrolyser_elc_heat001.fCaCO3	u_pyrolyser_elc_heat001.fdust_CaCl2	u_pyrolyser_elc_heat001.fAl2O3
ASH.fmass	u_pyrolyser_elc_heat001.fdust_CaS	u_pyrolyser_elc_heat001.fdust_CaO	u_pyrolyser_elc_heat001.fdust_CaAl2O4
u_pyrolyser_elc_heat001.fCaSO4	u_pyrolyser_elc_heat001.fCo	u_pyrolyser_elc_heat001.fCoO	u_pyrolyser_elc_heat001.fCu
u_pyrolyser_elc_heat001.fCu2O	u_pyrolyser_elc_heat001.fCuO	u_pyrolyser_elc_heat001.fCuAl2O4	u_pyrolyser_elc_heat001.fCuS
u_pyrolyser_elc_heat001.fFe	u_pyrolyser_elc_heat001.fFeO	u_pyrolyser_elc_heat001.fFe3O4	u_pyrolyser_elc_heat001.fFe2O3
u_pyrolyser_elc_heat001.fFe2SiO4	u_pyrolyser_elc_heat001.fK2O	u_pyrolyser_elc_heat001.fMgAl2O4	u_pyrolyser_elc_heat001.fMgCO3
u_pyrolyser_elc_heat001.fMgO	u_pyrolyser_elc_heat001.fMg2SiO4	u_pyrolyser_elc_heat001.fMn	u_pyrolyser_elc_heat001.fMnO
u_pyrolyser_elc_heat001.fMn3O4	u_pyrolyser_elc_heat001.fMn2O3	u_pyrolyser_elc_heat001.fMnO2	u_pyrolyser_elc_heat001.fNaCl
u_pyrolyser_elc_heat001.fNa2O	u_pyrolyser_elc_heat001.fNi	u_pyrolyser_elc_heat001.fNiO	u_pyrolyser_elc_heat001.fNiAl2O4
u_pyrolyser_elc_heat001.fSiO2	u_pyrolyser_elc_heat001.fTiO2	u_pyrolyser_elc_heat001.fZnO	u_pyrolyser_elc_heat001.fZrO2
%Error: 
System structurally singular, 51 equations depending

u_pyrolyser_elc_heat001.fdust_ZrO2	u_pyrolyser_elc_heat001.fZrO2	u_pyrolyser_elc_heat001.fdust_CaOH2	u_pyrolyser_elc_heat001.fdust_CaCO3
u_pyrolyser_elc_heat001.fCaCl2	u_pyrolyser_elc_heat001.fdust_Al2O3	u_pyrolyser_elc_heat001.fdust_Ash	u_pyrolyser_elc_heat001.fCaS
u_pyrolyser_elc_heat001.fCaO	u_pyrolyser_elc_heat001.fAsh	u_pyrolyser_elc_heat001.fCaAl2O4	u_pyrolyser_elc_heat001.fCaOH2
u_pyrolyser_elc_heat001.fCaCO3	u_pyrolyser_elc_heat001.fdust_CaCl2	u_pyrolyser_elc_heat001.fAl2O3	ASH.fmass
u_pyrolyser_elc_heat001.fdust_CaS	u_pyrolyser_elc_heat001.fdust_CaO	u_pyrolyser_elc_heat001.fdust_CaAl2O4	u_pyrolyser_elc_heat001.fCaSO4
u_pyrolyser_elc_heat001.fCo	u_pyrolyser_elc_heat001.fCoO	u_pyrolyser_elc_heat001.fCu	u_pyrolyser_elc_heat001.fCu2O
u_pyrolyser_elc_heat001.fCuO	u_pyrolyser_elc_heat001.fCuAl2O4	u_pyrolyser_elc_heat001.fCuS	u_pyrolyser_elc_heat001.fFe
u_pyrolyser_elc_heat001.fFeO	u_pyrolyser_elc_heat001.fFe3O4	u_pyrolyser_elc_heat001.fFe2O3	u_pyrolyser_elc_heat001.fFe2SiO4
u_pyrolyser_elc_heat001.fK2O	u_pyrolyser_elc_heat001.fMgAl2O4	u_pyrolyser_elc_heat001.fMgCO3	u_pyrolyser_elc_heat001.fMgO
u_pyrolyser_elc_heat001.fMg2SiO4	u_pyrolyser_elc_heat001.fMn	u_pyrolyser_elc_heat001.fMnO	u_pyrolyser_elc_heat001.fMn3O4
u_pyrolyser_elc_heat001.fMn2O3	u_pyrolyser_elc_heat001.fMnO2	u_pyrolyser_elc_heat001.fNaCl	u_pyrolyser_elc_heat001.fNa2O
u_pyrolyser_elc_heat001.fNi	u_pyrolyser_elc_heat001.fNiO	u_pyrolyser_elc_heat001.fNiAl2O4	u_pyrolyser_elc_heat001.fSiO2
u_pyrolyser_elc_heat001.fTiO2	u_pyrolyser_elc_heat001.fZnO	u_pyrolyser_elc_heat001.fZnS
%Error: System overspecified
Remove one of the following settings to reduce overspecification:	u_cmp_o_006.Al2O3

%Error: System overspecified
Remove one of the following settings to reduce overspecification:
u_cmp_o_006.CaAl2O4

%Error: System overspecified
Remove one of the following settings to reduce overspecification:
u_cmp_o_006.CaCl2

%Error: System overspecified
Remove one of the following settings to reduce overspecification:
u_cmp_o_006.CaCO3

%Error: System overspecified
Remove one of the following settings to reduce overspecification:
u_cmp_o_006.CaO

%Error: System overspecified
Remove one of the following settings to reduce overspecification:
u_cmp_o_006.CaOH2

%Error: System overspecified
Remove one of the following settings to reduce overspecification:
u_cmp_o_006.CaS

%Error: System overspecified
Remove one of the following settings to reduce overspecification:
u_cmp_o_006.CaSO4

%Error: System overspecified
Remove one of the following settings to reduce overspecification:
u_cmp_o_006.Co

%Error: System overspecified
Remove one of the following settings to reduce overspecification:
u_cmp_o_006.CoO

%Error: System overspecified
Remove one of the following settings to reduce overspecification:
u_cmp_o_006.Cu

%Error: System overspecified
Remove one of the following settings to reduce overspecification:
u_cmp_o_006.Cu2O

%Error: System overspecified
Remove one of the following settings to reduce overspecification:
u_cmp_o_006.CuO

%Error: System overspecified
Remove one of the following settings to reduce overspecification:
u_cmp_o_006.CuAl2O4

%Error: System overspecified
Remove one of the following settings to reduce overspecification:
u_cmp_o_006.CuS

%Error: System overspecified
Remove one of the following settings to reduce overspecification:
u_cmp_o_006.Fe

%Error: System overspecified
Remove one of the following settings to reduce overspecification:
u_cmp_o_006.FeO

%Error: System overspecified
Remove one of the following settings to reduce overspecification:
u_cmp_o_006.Fe3O4

%Error: System overspecified
Remove one of the following settings to reduce overspecification:
u_cmp_o_006.Fe2O3

%Error: System overspecified
Remove one of the following settings to reduce overspecification:
u_cmp_o_006.Fe2SiO4

%Error: System overspecified
Remove one of the following settings to reduce overspecification:
u_cmp_o_006.K2O

%Error: System overspecified
Remove one of the following settings to reduce overspecification:
u_cmp_o_006.MgAl2O4

%Error: System overspecified
Remove one of the following settings to reduce overspecification:
u_cmp_o_006.MgCO3

%Error: System overspecified
Remove one of the following settings to reduce overspecification:
u_cmp_o_006.MgO

%Error: System overspecified
Remove one of the following settings to reduce overspecification:
u_cmp_o_006.Mg2SiO4

%Error: System overspecified
Remove one of the following settings to reduce overspecification:
u_cmp_o_006.Mn

%Error: System overspecified
Remove one of the following settings to reduce overspecification:
u_cmp_o_006.MnO

%Error: System overspecified
Remove one of the following settings to reduce overspecification:
u_cmp_o_006.Mn3O4

%Error: System overspecified
Remove one of the following settings to reduce overspecification:
u_cmp_o_006.Mn2O3

%Error: System overspecified
Remove one of the following settings to reduce overspecification:
u_cmp_o_006.MnO2

%Error: System overspecified
Remove one of the following settings to reduce overspecification:
u_cmp_o_006.NaCl

%Error: System overspecified
Remove one of the following settings to reduce overspecification:
u_cmp_o_006.Na2O

%Error: System overspecified
Remove one of the following settings to reduce overspecification:
u_cmp_o_006.Ni

%Error: System overspecified
Remove one of the following settings to reduce overspecification:
u_cmp_o_006.NiO

%Error: System overspecified
Remove one of the following settings to reduce overspecification:
u_cmp_o_006.NiAl2O4

%Error: System overspecified
Remove one of the following settings to reduce overspecification:
u_cmp_o_006.SiO2

%Error: System overspecified
Remove one of the following settings to reduce overspecification:
u_cmp_o_006.TiO2

%Error: System overspecified
Remove one of the following settings to reduce overspecification:
u_cmp_o_006.ZnO

%Error: System overspecified
Remove one of the following settings to reduce overspecification:
u_cmp_o_006.ZnS

%Error: System overspecified
Remove one of the following settings to reduce overspecification:
u_cmp_o_006.ZrO2

%Error: System overspecified
Remove one of the following settings to reduce overspecification:
u_cmp_o_003.ash_content_wf	u_cmp_o_003.water_content

%Error: System overspecified
Remove one of the following settings to reduce overspecification:
u_cmp_o_001.water_content	u_pyrolyser_elc_heat001.fract_char_bed	u_cmp_o_003.water_content

%Error: System overspecified
Remove one of the following settings to reduce overspecification:
u_cmp_o_001.ash_content_wf	u_pyrolyser_elc_heat001.fract_char_bed	u_cmp_o_003.water_content

%Error: System overspecified
Remove one of the following settings to reduce overspecification:
u_source_o_001.massflow

%Error: System overspecified
Remove one of the following settings to reduce overspecification:
u_source_g_001.p	u_pyrolyser_elc_heat001.dp_feed_gas	u_pyrolyser_elc_heat001.dp_feed_org	u_source_o_001.p

========================================================================
Solution
Start:	Sep 09 2024, 10:47:20.963
End:  	Sep 09 2024, 10:47:21.156
Actual Time:	0.193000 seconds
CPU Time:   	0.187000 seconds
CPU Percentage:	25%
78 errors (0 recovered errors)
0 warnings (0 recovered warnings)
========================================================================
