========================================================================
||
||     PSStat - Static Solver
||     Version 8.0 U, Release 17, Build 2459, Aug 18 2023 08:49:32 
||
========================================================================

Loading system ...

System has been loaded successfully.
System analysis ...
========================================================================
System model contains 127 variables
60 variables set to fixed values
System to be solved contains 67 variables and 67 equations
67 groups found. Largest group contains 1 variables.
========================================================================
System analysis finished.


Starting system solution .... 
========================================================================
--------------------------------------------------
Solving group 1, a group with 1 elements

Group contains the following variables:
organic_compound.SubstNr

Group contains the following equations:
organic_compound.fSubstNr1

Initializing ...
Group converged with errf= 0 (<=8.87357e-05)
--------------------------------------------------
Solving group 2, a group with 1 elements

Group contains the following variables:
organic_compound.wC

Group contains the following equations:
organic_compound.fmass_sum

Initializing ...
Group converged with errf= 0 (<=8.87357e-05)
--------------------------------------------------
Solving group 3, a group with 1 elements

Group contains the following variables:
organic_compound.lhv

Group contains the following equations:
organic_compound.flhv_boie

Initializing ...
errf = 25319 (>8.87357e-05)


1. iteration step
errx = 0.999961 (>8.87357e-05)
Group converged with errf= 0 (<=8.87357e-05)
--------------------------------------------------
Solving group 4, a group with 1 elements

Group contains the following variables:
organic_compound.hhv

Group contains the following equations:
organic_compound.fhhv

Initializing ...
errf = 26628.7 (>8.87357e-05)


1. iteration step
errx = 0.999962 (>8.87357e-05)
Group converged with errf= 0 (<=8.87357e-05)
--------------------------------------------------
Solving group 5, a group with 1 elements

Group contains the following variables:
organic_compound.hf298

Group contains the following equations:
organic_compound.fhf1

Initializing ...
errf = 3201.98 (>8.87357e-05)


1. iteration step
errx = 1.00031 (>8.87357e-05)
Group converged with errf= 0 (<=8.87357e-05)
--------------------------------------------------
Solving group 6, a group with 1 elements

Group contains the following variables:
organic_compound.e_chem

Group contains the following equations:
organic_compound.fe_chem

Initializing ...
errf = 26628.7 (>8.87357e-05)


1. iteration step
errx = 0.999962 (>8.87357e-05)
Group converged with errf= 0 (<=8.87357e-05)
--------------------------------------------------
Solving group 7, a group with 1 elements

Group contains the following variables:
ash.wAsh

Group contains the following equations:
ash.fmass

Initializing ...
Group converged with errf= 0 (<=8.87357e-05)
--------------------------------------------------
Solving group 8, a group with 1 elements

Group contains the following variables:
ash.rho

Group contains the following equations:
ash.frho

Initializing ...
errf = 2649 (>8.87357e-05)


1. iteration step
errx = 2649 (>8.87357e-05)
Group converged with errf= 0 (<=8.87357e-05)
--------------------------------------------------
Solving group 9, a group with 1 elements

Group contains the following variables:
c_st_o_003.p

Group contains the following equations:
u_membrane001.fpress1

Initializing ...
errf = 1 (>8.87357e-05)


1. iteration step
errx = 0.5 (>8.87357e-05)
Group converged with errf= 0 (<=8.87357e-05)
--------------------------------------------------
Solving group 10, a group with 1 elements

Group contains the following variables:
c_st_o_003.t

Group contains the following equations:
u_membrane001.ftemp1

Initializing ...
errf = 49 (>8.87357e-05)


1. iteration step
errx = 0.98 (>8.87357e-05)
Group converged with errf= 0 (<=8.87357e-05)
--------------------------------------------------
Solving group 11, a group with 1 elements

Group contains the following variables:
c_st_o_003.rho

Group contains the following equations:
u_membrane001.fdens1

Initializing ...
errf = 999 (>8.87357e-05)


1. iteration step
errx = 0.999 (>8.87357e-05)
Group converged with errf= 0 (<=8.87357e-05)
--------------------------------------------------
Solving group 12, a group with 1 elements

Group contains the following variables:
c_st_o_003.h_waf

Group contains the following equations:
c_st_o_003.fh

Initializing ...
errf = 56.5134 (>8.87357e-05)


1. iteration step
errx = 0.982613 (>8.87357e-05)
Group converged with errf= 0 (<=8.87357e-05)
--------------------------------------------------
Solving group 13, a group with 1 elements

Group contains the following variables:
c_st_o_003.s_waf

Group contains the following equations:
c_st_o_003.fs

Initializing ...
errf = 0.203937 (>8.87357e-05)


1. iteration step
errx = 0.256183 (>8.87357e-05)
Group converged with errf= 0 (<=8.87357e-05)
--------------------------------------------------
Solving group 14, a group with 1 elements

Group contains the following variables:
c_st_o_003.e_waf

Group contains the following equations:
c_st_o_003.fe

Initializing ...
errf = 26629.9 (>8.87357e-05)


1. iteration step
errx = 0.999962 (>8.87357e-05)
Group converged with errf= 0 (<=8.87357e-05)
--------------------------------------------------
Solving group 15, a group with 1 elements

Group contains the following variables:
c_st_o_003.water_content

Group contains the following equations:
u_membrane001.fdrym1

Initializing ...
errf = 0.01 (>8.87357e-05)


1. iteration step
errx = 0.010101 (>8.87357e-05)
Group converged with errf= 0 (<=8.87357e-05)
--------------------------------------------------
Solving group 16, a group with 1 elements

Group contains the following variables:
c_st_o_003.h_total

Group contains the following equations:
c_st_o_003.fh_total2

Initializing ...
errf = 15636.5 (>8.87357e-05)


1. iteration step
errx = 1.00006 (>8.87357e-05)
Group converged with errf= 0 (<=8.87357e-05)
--------------------------------------------------
Solving group 17, a group with 1 elements

Group contains the following variables:
c_st_o_003.lhv

Group contains the following equations:
c_st_o_003.flhv

Initializing ...
errf = 2165.97 (>8.87357e-05)


1. iteration step
errx = 1.00046 (>8.87357e-05)
Group converged with errf= 0 (<=8.87357e-05)
--------------------------------------------------
Solving group 18, a group with 1 elements

Group contains the following variables:
c_st_o_003.hhv

Group contains the following equations:
c_st_o_003.fhhv

Initializing ...
errf = 265.297 (>8.87357e-05)


1. iteration step
errx = 0.996245 (>8.87357e-05)
Group converged with errf= 0 (<=8.87357e-05)
--------------------------------------------------
Solving group 19, a group with 1 elements

Group contains the following variables:
c_st_o_003.massflow

Group contains the following equations:
u_membrane001.fmass1

Initializing ...
errf = 9998.46 (>8.87357e-05)


1. iteration step
errx = 0.999846 (>8.87357e-05)
Group converged with errf= 1.81899e-12 (<=8.87357e-05)
--------------------------------------------------
Solving group 20, a group with 1 elements

Group contains the following variables:
c_st_o_003.volflow

Group contains the following equations:
c_st_o_003.fvolflow

Initializing ...
errf = 5500 (>8.87357e-05)


1. iteration step
errx = 0.846154 (>8.87357e-05)
Group converged with errf= 0 (<=8.87357e-05)
--------------------------------------------------
Solving group 21, a group with 1 elements

Group contains the following variables:
c_st_o_003.Energy

Group contains the following equations:
c_st_o_003.fEnergy2

Initializing ...
errf = 1.27241e+07 (>8.87357e-05)


1. iteration step
errx = 1.00028 (>8.87357e-05)
Group converged with errf= 0 (<=8.87357e-05)
--------------------------------------------------
Solving group 22, a group with 1 elements

Group contains the following variables:
c_st_o_003.Exergy

Group contains the following equations:
c_st_o_003.fExergy2

Initializing ...
errf = 1.76606e+06 (>8.87357e-05)


1. iteration step
errx = 0.997966 (>8.87357e-05)
Group converged with errf= 0 (<=8.87357e-05)
--------------------------------------------------
Solving group 23, a group with 1 elements

Group contains the following variables:
c_st_o_002.h_waf

Group contains the following equations:
c_st_o_002.fh

Initializing ...
errf = 56.5134 (>8.87357e-05)


1. iteration step
errx = 0.982613 (>8.87357e-05)
Group converged with errf= 0 (<=8.87357e-05)
--------------------------------------------------
Solving group 24, a group with 1 elements

Group contains the following variables:
c_st_o_002.s_waf

Group contains the following equations:
c_st_o_002.fs

Initializing ...
errf = 0.203937 (>8.87357e-05)


1. iteration step
errx = 0.256183 (>8.87357e-05)
Group converged with errf= 0 (<=8.87357e-05)
--------------------------------------------------
Solving group 25, a group with 1 elements

Group contains the following variables:
c_st_o_002.e_waf

Group contains the following equations:
c_st_o_002.fe

Initializing ...
errf = 26629.9 (>8.87357e-05)


1. iteration step
errx = 0.999962 (>8.87357e-05)
Group converged with errf= 0 (<=8.87357e-05)
--------------------------------------------------
Solving group 26, a group with 1 elements

Group contains the following variables:
c_st_o_002.h_total

Group contains the following equations:
c_st_o_002.fh_total2

Initializing ...
errf = 13568 (>8.87357e-05)


1. iteration step
errx = 1.00007 (>8.87357e-05)
Group converged with errf= 0 (<=8.87357e-05)
--------------------------------------------------
Solving group 27, a group with 1 elements

Group contains the following variables:
c_st_o_002.lhv

Group contains the following equations:
c_st_o_002.flhv

Initializing ...
errf = 2300.47 (>8.87357e-05)


1. iteration step
errx = 0.999565 (>8.87357e-05)
Group converged with errf= 0 (<=8.87357e-05)
--------------------------------------------------
Solving group 28, a group with 1 elements

Group contains the following variables:
c_st_o_002.hhv

Group contains the following equations:
c_st_o_002.fhhv

Initializing ...
errf = 4526.06 (>8.87357e-05)


1. iteration step
errx = 0.999779 (>8.87357e-05)
Group converged with errf= 0 (<=8.87357e-05)
--------------------------------------------------
Solving group 29, a group with 1 elements

Group contains the following variables:
c_st_o_002.volflow

Group contains the following equations:
c_st_o_002.fvolflow

Initializing ...
errf = 9000 (>8.87357e-05)


1. iteration step
errx = 0.9 (>8.87357e-05)
Group converged with errf= 0 (<=8.87357e-05)
--------------------------------------------------
Solving group 30, a group with 1 elements

Group contains the following variables:
c_st_o_002.Energy

Group contains the following equations:
c_st_o_002.fEnergy2

Initializing ...
errf = 2.48376e+07 (>8.87357e-05)


1. iteration step
errx = 0.999855 (>8.87357e-05)
Group converged with errf= 0 (<=8.87357e-05)
--------------------------------------------------
Solving group 31, a group with 1 elements

Group contains the following variables:
c_st_o_002.Exergy

Group contains the following equations:
c_st_o_002.fExergy2

Initializing ...
errf = 4.56615e+07 (>8.87357e-05)


1. iteration step
errx = 0.999921 (>8.87357e-05)
Group converged with errf= 0 (<=8.87357e-05)
--------------------------------------------------
Solving group 32, a group with 1 elements

Group contains the following variables:
c_st_o_001.p

Group contains the following equations:
u_membrane001.fpress2

Initializing ...
errf = 10 (>8.87357e-05)


1. iteration step
errx = 0.909091 (>8.87357e-05)
Group converged with errf= 0 (<=8.87357e-05)
--------------------------------------------------
Solving group 33, a group with 1 elements

Group contains the following variables:
c_st_o_001.t

Group contains the following equations:
u_membrane001.ftemp2

Initializing ...
errf = 49 (>8.87357e-05)


1. iteration step
errx = 0.98 (>8.87357e-05)
Group converged with errf= 0 (<=8.87357e-05)
--------------------------------------------------
Solving group 34, a group with 1 elements

Group contains the following variables:
c_st_o_001.rho

Group contains the following equations:
u_membrane001.fdens2

Initializing ...
errf = 999 (>8.87357e-05)


1. iteration step
errx = 0.999 (>8.87357e-05)
Group converged with errf= 0 (<=8.87357e-05)
--------------------------------------------------
Solving group 35, a group with 1 elements

Group contains the following variables:
c_st_o_001.h_waf

Group contains the following equations:
c_st_o_001.fh

Initializing ...
errf = 56.5134 (>8.87357e-05)


1. iteration step
errx = 0.982613 (>8.87357e-05)
Group converged with errf= 0 (<=8.87357e-05)
--------------------------------------------------
Solving group 36, a group with 1 elements

Group contains the following variables:
c_st_o_001.s_waf

Group contains the following equations:
c_st_o_001.fs

Initializing ...
errf = 0.203937 (>8.87357e-05)


1. iteration step
errx = 0.256183 (>8.87357e-05)
Group converged with errf= 0 (<=8.87357e-05)
--------------------------------------------------
Solving group 37, a group with 1 elements

Group contains the following variables:
c_st_o_001.e_waf

Group contains the following equations:
c_st_o_001.fe

Initializing ...
errf = 26629.9 (>8.87357e-05)


1. iteration step
errx = 0.999962 (>8.87357e-05)
Group converged with errf= 0 (<=8.87357e-05)
--------------------------------------------------
Solving group 38, a group with 1 elements

Group contains the following variables:
c_st_o_001.massflow

Group contains the following equations:
u_membrane001.fmass2

Initializing ...
errf = 3499 (>8.87357e-05)


1. iteration step
errx = 0.999714 (>8.87357e-05)
Group converged with errf= 0 (<=8.87357e-05)
--------------------------------------------------
Solving group 39, a group with 1 elements

Group contains the following variables:
c_st_o_001.water_content

Group contains the following equations:
u_membrane001.fmass3

Initializing ...
errf = 1735 (>8.87357e-05)


1. iteration step
errx = 0.983003 (>8.87357e-05)
Group converged with errf= 0 (<=8.87357e-05)
--------------------------------------------------
Solving group 40, a group with 1 elements

Group contains the following variables:
c_st_o_001.ash_content

Group contains the following equations:
u_membrane001.fmass4

Initializing ...
errf = 3400 (>8.87357e-05)


1. iteration step
errx = 34 (>8.87357e-05)
Group converged with errf= 1.42109e-14 (<=8.87357e-05)
--------------------------------------------------
Solving group 41, a group with 1 elements

Group contains the following variables:
c_st_o_001.h_total

Group contains the following equations:
c_st_o_001.fh_total2

Initializing ...
errf = 9728.09 (>8.87357e-05)


1. iteration step
errx = 1.0001 (>8.87357e-05)
Group converged with errf= 0 (<=8.87357e-05)
--------------------------------------------------
Solving group 42, a group with 1 elements

Group contains the following variables:
c_st_o_001.lhv

Group contains the following equations:
c_st_o_001.flhv

Initializing ...
errf = 10595.3 (>8.87357e-05)


1. iteration step
errx = 0.999906 (>8.87357e-05)
Group converged with errf= 0 (<=8.87357e-05)
--------------------------------------------------
Solving group 43, a group with 1 elements

Group contains the following variables:
c_st_o_001.hhv

Group contains the following equations:
c_st_o_001.fhhv

Initializing ...
errf = 12438.9 (>8.87357e-05)


1. iteration step
errx = 0.99992 (>8.87357e-05)
Group converged with errf= 0 (<=8.87357e-05)
--------------------------------------------------
Solving group 44, a group with 1 elements

Group contains the following variables:
c_st_o_001.volflow

Group contains the following equations:
c_st_o_001.fvolflow

Initializing ...
errf = 2500 (>8.87357e-05)


1. iteration step
errx = 0.714286 (>8.87357e-05)
Group converged with errf= 0 (<=8.87357e-05)
--------------------------------------------------
Solving group 45, a group with 1 elements

Group contains the following variables:
c_st_o_001.Energy

Group contains the following equations:
c_st_o_001.fEnergy2

Initializing ...
errf = 3.75524e+07 (>8.87357e-05)


1. iteration step
errx = 0.999904 (>8.87357e-05)
Group converged with errf= 0 (<=8.87357e-05)
--------------------------------------------------
Solving group 46, a group with 1 elements

Group contains the following variables:
c_st_o_001.Exergy

Group contains the following equations:
c_st_o_001.fExergy2

Initializing ...
errf = 4.38852e+07 (>8.87357e-05)


1. iteration step
errx = 0.999918 (>8.87357e-05)
Group converged with errf= 0 (<=8.87357e-05)
--------------------------------------------------
Solving group 47, a group with 1 elements

Group contains the following variables:
u_sink_o_002.massflow

Group contains the following equations:
u_sink_o_002.fmassflow

Initializing ...
errf = 3499 (>8.87357e-05)


1. iteration step
errx = 0.999714 (>8.87357e-05)
Group converged with errf= 0 (<=8.87357e-05)
--------------------------------------------------
Solving group 48, a group with 1 elements

Group contains the following variables:
u_sink_o_002.volflow

Group contains the following equations:
u_sink_o_002.fvolflow

Initializing ...
errf = 2.5 (>8.87357e-05)


1. iteration step
errx = 0.714286 (>8.87357e-05)
Group converged with errf= 0 (<=8.87357e-05)
--------------------------------------------------
Solving group 49, a group with 1 elements

Group contains the following variables:
u_sink_o_002.p

Group contains the following equations:
u_sink_o_002.fp

Initializing ...
errf = 10 (>8.87357e-05)


1. iteration step
errx = 0.909091 (>8.87357e-05)
Group converged with errf= 0 (<=8.87357e-05)
--------------------------------------------------
Solving group 50, a group with 1 elements

Group contains the following variables:
u_sink_o_002.t

Group contains the following equations:
u_sink_o_002.ft

Initializing ...
errf = 49 (>8.87357e-05)


1. iteration step
errx = 0.98 (>8.87357e-05)
Group converged with errf= 0 (<=8.87357e-05)
--------------------------------------------------
Solving group 51, a group with 1 elements

Group contains the following variables:
u_sink_o_001.massflow

Group contains the following equations:
u_sink_o_001.fmassflow

Initializing ...
errf = 6499 (>8.87357e-05)


1. iteration step
errx = 0.999846 (>8.87357e-05)
Group converged with errf= 0 (<=8.87357e-05)
--------------------------------------------------
Solving group 52, a group with 1 elements

Group contains the following variables:
u_sink_o_001.volflow

Group contains the following equations:
u_sink_o_001.fvolflow

Initializing ...
errf = 5.5 (>8.87357e-05)


1. iteration step
errx = 0.846154 (>8.87357e-05)
Group converged with errf= 0 (<=8.87357e-05)
--------------------------------------------------
Solving group 53, a group with 1 elements

Group contains the following variables:
u_sink_o_001.p

Group contains the following equations:
u_sink_o_001.fp

Initializing ...
errf = 1 (>8.87357e-05)


1. iteration step
errx = 0.5 (>8.87357e-05)
Group converged with errf= 0 (<=8.87357e-05)
--------------------------------------------------
Solving group 54, a group with 1 elements

Group contains the following variables:
u_sink_o_001.t

Group contains the following equations:
u_sink_o_001.ft

Initializing ...
errf = 49 (>8.87357e-05)


1. iteration step
errx = 0.98 (>8.87357e-05)
Group converged with errf= 0 (<=8.87357e-05)
--------------------------------------------------
Solving group 55, a group with 1 elements

Group contains the following variables:
u_source_o_001.massflow

Group contains the following equations:
u_source_o_001.fmassflow

Initializing ...
errf = 9999 (>8.87357e-05)


1. iteration step
errx = 0.9999 (>8.87357e-05)
Group converged with errf= 0 (<=8.87357e-05)
--------------------------------------------------
Solving group 56, a group with 1 elements

Group contains the following variables:
u_source_o_001.volflow

Group contains the following equations:
u_source_o_001.fvolflow

Initializing ...
errf = 9 (>8.87357e-05)


1. iteration step
errx = 0.9 (>8.87357e-05)
Group converged with errf= 0 (<=8.87357e-05)
--------------------------------------------------
Solving group 57, a group with 1 elements

Group contains the following variables:
u_source_o_001.p

Group contains the following equations:
u_source_o_001.fp

Initializing ...
errf = 11 (>8.87357e-05)


1. iteration step
errx = 0.916667 (>8.87357e-05)
Group converged with errf= 0 (<=8.87357e-05)
--------------------------------------------------
Solving group 58, a group with 1 elements

Group contains the following variables:
u_source_o_001.t

Group contains the following equations:
u_source_o_001.ft

Initializing ...
errf = 49 (>8.87357e-05)


1. iteration step
errx = 0.98 (>8.87357e-05)
Group converged with errf= 0 (<=8.87357e-05)
--------------------------------------------------
Solving group 59, a group with 1 elements

Group contains the following variables:
u_membrane001.spec_energy

Group contains the following equations:
u_membrane001.fenergy3

Initializing ...
errf = 0.105078 (>8.87357e-05)


1. iteration step
errx = 0.117416 (>8.87357e-05)
Group converged with errf= 0 (<=8.87357e-05)
--------------------------------------------------
Solving group 60, a group with 1 elements

Group contains the following variables:
u_membrane001.W_tot

Group contains the following equations:
u_membrane001.fenergy2

Initializing ...
errf = 4.81699 (>8.87357e-05)


1. iteration step
errx = 0.82809 (>8.87357e-05)
Group converged with errf= 0 (<=8.87357e-05)
--------------------------------------------------
Solving group 61, a group with 1 elements

Group contains the following variables:
u_membrane001.Q_loss

Group contains the following equations:
u_membrane001.fenergy1

Initializing ...
errf = 23042.2 (>8.87357e-05)


1. iteration step
errx = 0.864876 (>8.87357e-05)
Group converged with errf= 0 (<=8.87357e-05)
--------------------------------------------------
Solving group 62, a group with 1 elements

Group contains the following variables:
u_membrane001.flux

Group contains the following equations:
u_membrane001.area2

Initializing ...
errf = 143 (>8.87357e-05)


1. iteration step
errx = 0.993056 (>8.87357e-05)
Group converged with errf= 0 (<=8.87357e-05)
--------------------------------------------------
Solving group 63, a group with 1 elements

Group contains the following variables:
u_membrane001.membrane_area

Group contains the following equations:
u_membrane001.area1

Initializing ...
errf = 44.1389 (>8.87357e-05)


1. iteration step
errx = 0.977846 (>8.87357e-05)
Group converged with errf= 0 (<=8.87357e-05)
--------------------------------------------------
Solving group 64, a group with 1 elements

Group contains the following variables:
u_membrane001.drymatter_retentate

Group contains the following equations:
u_membrane001.fdrym2

Initializing ...
errf = 0.504286 (>8.87357e-05)


1. iteration step
errx = 1.01729 (>8.87357e-05)
Group converged with errf= 0 (<=8.87357e-05)
--------------------------------------------------
Solving group 65, a group with 1 elements

Group contains the following variables:
u_membrane001.enrichment_factor

Group contains the following equations:
u_membrane001.enrfac1

Initializing ...
errf = 0.944444 (>8.87357e-05)


1. iteration step
errx = 17 (>8.87357e-05)
Group converged with errf= 6.93889e-18 (<=8.87357e-05)
--------------------------------------------------
Solving group 66, a group with 1 elements

Group contains the following variables:
u_membrane001.retention_coefficient

Group contains the following equations:
u_membrane001.retcof1

Initializing ...
errf = 0.0555556 (>8.87357e-05)


1. iteration step
errx = 0.0588235 (>8.87357e-05)
Group converged with errf= 0 (<=8.87357e-05)
--------------------------------------------------
Solving group 67, a group with 1 elements

Group contains the following variables:
u_membrane001.separation_factor

Group contains the following equations:
u_membrane001.sepfac1

Initializing ...
errf = 0.953984 (>8.87357e-05)


1. iteration step
errx = 20.7317 (>8.87357e-05)
Group converged with errf= 1.38778e-17 (<=8.87357e-05)

========================================================================
System solution finished.


========================================================================
Results:

x[1]     <organic_compound.SubstNr>       =          1  converged
x[2]     <organic_compound.wC>            =       0.65  converged
x[3]     <organic_compound.wH>            =       0.06  set
x[4]     <organic_compound.wO>            =       0.28  set
x[5]     <organic_compound.wN>            =      0.006  set
x[6]     <organic_compound.wS>            =      0.003  set
x[7]     <organic_compound.wCl>           =      0.001  set
x[8]     <organic_compound.lhv>           =      25320  converged
x[9]     <organic_compound.hhv>           =      26630  converged
x[10]    <organic_compound.hf298>         =      -3201  converged
x[11]    <organic_compound.e_chem>        =      26630  converged
x[12]    <ash.wAsh>                       =          1  converged
x[13]    <ash.wAl2O3>                     =          0  set
x[14]    <ash.wCaAl2O4>                   =          0  set
x[15]    <ash.wCaCl2>                     =          0  set
x[16]    <ash.wCaCO3>                     =          0  set
x[17]    <ash.wCaO>                       =          0  set
x[18]    <ash.wCaOH2>                     =          0  set
x[19]    <ash.wCaS>                       =          0  set
x[20]    <ash.wCaSO4>                     =          0  set
x[21]    <ash.wCo>                        =          0  set
x[22]    <ash.wCoO>                       =          0  set
x[23]    <ash.wCu>                        =          0  set
x[24]    <ash.wCu2O>                      =          0  set
x[25]    <ash.wCuO>                       =          0  set
x[26]    <ash.wCuAl2O4>                   =          0  set
x[27]    <ash.wCuS>                       =          0  set
x[28]    <ash.wFe>                        =          0  set
x[29]    <ash.wFeO>                       =          0  set
x[30]    <ash.wFe3O4>                     =          0  set
x[31]    <ash.wFe2O3>                     =          0  set
x[32]    <ash.wFe2SiO4>                   =          0  set
x[33]    <ash.wK2O>                       =          0  set
x[34]    <ash.wMgAl2O4>                   =          0  set
x[35]    <ash.wMgCO3>                     =          0  set
x[36]    <ash.wMgO>                       =          0  set
x[37]    <ash.wMg2SiO4>                   =          0  set
x[38]    <ash.wMn>                        =          0  set
x[39]    <ash.wMnO>                       =          0  set
x[40]    <ash.wMn3O4>                     =          0  set
x[41]    <ash.wMn2O3>                     =          0  set
x[42]    <ash.wMnO2>                      =          0  set
x[43]    <ash.wNaCl>                      =          0  set
x[44]    <ash.wNa2O>                      =          0  set
x[45]    <ash.wNi>                        =          0  set
x[46]    <ash.wNiO>                       =          0  set
x[47]    <ash.wNiAl2O4>                   =          0  set
x[48]    <ash.wSiO2>                      =          0  set
x[49]    <ash.wTiO2>                      =          0  set
x[50]    <ash.wZnO>                       =          0  set
x[51]    <ash.wZnS>                       =          0  set
x[52]    <ash.wZrO2>                      =          0  set
x[53]    <ash.rho>                        =          1  converged
x[54]    <c_st_o_003.p>                   =          2  converged
x[55]    <c_st_o_003.t>                   =         50  converged
x[56]    <c_st_o_003.rho>                 =       1000  converged
x[57]    <c_st_o_003.h_waf>               =     57.513  converged
x[58]    <c_st_o_003.s_waf>               =    0.79606  converged
x[59]    <c_st_o_003.e_waf>               =      26631  converged
x[60]    <c_st_o_003.water_content>       =       0.99  converged
x[61]    <c_st_o_003.ash_content>         =          0  set
x[62]    <c_st_o_003.h_total>             =     -15636  converged
x[63]    <c_st_o_003.lhv>                 =      -2165  converged
x[64]    <c_st_o_003.hhv>                 =      266.3  converged
x[65]    <c_st_o_003.massflow>            =       6500  converged
x[66]    <c_st_o_003.volflow>             =        6.5  converged
x[67]    <c_st_o_003.Energy>              =    -3533.5  converged
x[68]    <c_st_o_003.Exergy>              =     491.57  converged
x[69]    <c_st_o_002.p>                   =         12  set
x[70]    <c_st_o_002.t>                   =         50  set
x[71]    <c_st_o_002.rho>                 =       1000  set
x[72]    <c_st_o_002.h_waf>               =     57.513  converged
x[73]    <c_st_o_002.s_waf>               =    0.79606  converged
x[74]    <c_st_o_002.e_waf>               =      26631  converged
x[75]    <c_st_o_002.water_content>       =       0.82  set
x[76]    <c_st_o_002.ash_content>         =       0.01  set
x[77]    <c_st_o_002.h_total>             =     -13567  converged
x[78]    <c_st_o_002.lhv>                 =     2301.5  converged
x[79]    <c_st_o_002.hhv>                 =     4527.1  converged
x[80]    <c_st_o_002.massflow>            =      10000  set
x[81]    <c_st_o_002.volflow>             =         10  converged
x[82]    <c_st_o_002.Energy>              =     6900.3  converged
x[83]    <c_st_o_002.Exergy>              =      12685  converged
x[84]    <c_st_o_001.p>                   =         11  converged
x[85]    <c_st_o_001.t>                   =         50  converged
x[86]    <c_st_o_001.rho>                 =       1000  converged
x[87]    <c_st_o_001.h_waf>               =     57.513  converged
x[88]    <c_st_o_001.s_waf>               =    0.79606  converged
x[89]    <c_st_o_001.e_waf>               =      26631  converged
x[90]    <c_st_o_001.water_content>       =    0.50429  converged
x[91]    <c_st_o_001.ash_content>         =   0.028571  converged
x[92]    <c_st_o_001.h_total>             =    -9727.1  converged
x[93]    <c_st_o_001.lhv>                 =      10596  converged
x[94]    <c_st_o_001.hhv>                 =      12440  converged
x[95]    <c_st_o_001.massflow>            =       3500  converged
x[96]    <c_st_o_001.volflow>             =        3.5  converged
x[97]    <c_st_o_001.Energy>              =      10432  converged
x[98]    <c_st_o_001.Exergy>              =      12191  converged
x[99]    <u_sink_o_002.massflow>          =       3500  converged
x[100]   <u_sink_o_002.volflow>           =        3.5  converged
x[101]   <u_sink_o_002.p>                 =         11  converged
x[102]   <u_sink_o_002.t>                 =         50  converged
x[103]   <u_sink_o_001.massflow>          =       6500  converged
x[104]   <u_sink_o_001.volflow>           =        6.5  converged
x[105]   <u_sink_o_001.p>                 =          2  converged
x[106]   <u_sink_o_001.t>                 =         50  converged
x[107]   <u_source_o_001.massflow>        =      10000  converged
x[108]   <u_source_o_001.volflow>         =         10  converged
x[109]   <u_source_o_001.p>               =         12  converged
x[110]   <u_source_o_001.t>               =         50  converged
x[111]   <u_membrane001.dp_permeate>      =         10  set
x[112]   <u_membrane001.dp_retentate>     =          1  set
x[113]   <u_membrane001.dT_permeate>      =          0  set
x[114]   <u_membrane001.dT_retentate>     =          0  set
x[115]   <u_membrane001.yield>            =       0.65  set
x[116]   <u_membrane001.spec_energy>      =    0.89492  converged
x[117]   <u_membrane001.W_tot>            =      5.817  converged
x[118]   <u_membrane001.eta_pump>         =       0.85  set
x[119]   <u_membrane001.Q_loss>           =     7.4006  converged
x[120]   <u_membrane001.flux>             =        144  converged
x[121]   <u_membrane001.membrane_area>    =     45.139  converged
x[122]   <u_membrane001.membrane_constant> =      4e-06  set
x[123]   <u_membrane001.drymatter_permeate> =       0.01  set
x[124]   <u_membrane001.drymatter_retentate> =    0.49571  converged
x[125]   <u_membrane001.enrichment_factor> =   0.055556  converged
x[126]   <u_membrane001.retention_coefficient> =    0.94444  converged
x[127]   <u_membrane001.separation_factor> =   0.046016  converged

========================================================================
Solution
Start:	May 08 2024, 16:24:58.701
End:  	May 08 2024, 16:24:58.978
Actual Time:	0.277000 seconds
CPU Time:   	0.156000 seconds
CPU Percentage:	13%
0 errors (0 recovered errors)
0 warnings (0 recovered warnings)
========================================================================
