========================================================================
||
||     PSStat - Static Solver
||     Version 8.0 U, Release 17, Build 2459, Aug 18 2023 08:49:32 
||
========================================================================

Loading system ...

System has been loaded successfully.
System analysis ...
========================================================================
System model contains 271 variables
65 variables set to fixed values
System to be solved contains 206 variables and 206 equations
158 groups found. Largest group contains 49 variables.
========================================================================
System analysis finished.


Starting system solution .... 
========================================================================
--------------------------------------------------
Solving group 1, a group with 1 elements

Group contains the following variables:
ash.wAsh

Group contains the following equations:
ash.fmass

Initializing ...
Group converged with errf= 0 (<=6.07457e-05)
--------------------------------------------------
Solving group 2, a group with 1 elements

Group contains the following variables:
c_st_o_002.water_content

Group contains the following equations:
u_cmp_o_003.f_water

Initializing ...
errf = 1 (>6.07457e-05)


1. iteration step
errx = 0.010101 (>6.07457e-05)
Group converged with errf= 0 (<=6.07457e-05)
--------------------------------------------------
Solving group 3, a group with 1 elements

Group contains the following variables:
c_st_o_002.ash_content

Group contains the following equations:
c_st_o_002.fash_cont

Initializing ...
errf = 1 (>6.07457e-05)


1. iteration step
errx = 1000 (>6.07457e-05)
Group converged with errf= 0 (<=6.07457e-05)
--------------------------------------------------
Solving group 4, a group with 1 elements

Group contains the following variables:
permeate.wH

Group contains the following equations:
u_cmp_o_003.fH_wf

Initializing ...
Group converged with errf= 0 (<=6.07457e-05)
--------------------------------------------------
Solving group 5, a group with 1 elements

Group contains the following variables:
c_st_o_001.water_content

Group contains the following equations:
u_cmp_o_001.f_water

Initializing ...
Group converged with errf= 0 (<=6.07457e-05)
--------------------------------------------------
Solving group 6, a group with 1 elements

Group contains the following variables:
c_st_o_001.ash_content

Group contains the following equations:
u_cmp_o_001.f_ash

Initializing ...
errf = 2 (>6.07457e-05)


1. iteration step
errx = 0.666667 (>6.07457e-05)
Group converged with errf= 4.44089e-16 (<=6.07457e-05)
--------------------------------------------------
Solving group 7, a group with 1 elements

Group contains the following variables:
feed.wH

Group contains the following equations:
u_cmp_o_001.fH_wf

Initializing ...
errf = 0.18 (>6.07457e-05)


1. iteration step
errx = 0.03 (>6.07457e-05)
Group converged with errf= 0 (<=6.07457e-05)
--------------------------------------------------
Solving group 8, a group with 1 elements

Group contains the following variables:
c_st_o_003.water_content

Group contains the following equations:
u_cmp_o_002.f_water

Initializing ...
errf = 32 (>6.07457e-05)


1. iteration step
errx = 0.470588 (>6.07457e-05)
Group converged with errf= 0 (<=6.07457e-05)
--------------------------------------------------
Solving group 9, a group with 1 elements

Group contains the following variables:
c_st_o_004.water_content

Group contains the following equations:
u_cmp_o_001.f_water_content

Initializing ...
errf = 0.2 (>6.07457e-05)


1. iteration step
errx = 0.25 (>6.07457e-05)
Group converged with errf= 0 (<=6.07457e-05)
--------------------------------------------------
Solving group 10, a group with 1 elements

Group contains the following variables:
c_st_o_004.ash_content

Group contains the following equations:
u_cmp_o_001.f_ash_content

Initializing ...
errf = 0.994 (>6.07457e-05)


1. iteration step
errx = 165.667 (>6.07457e-05)
Group converged with errf= 5.20417e-18 (<=6.07457e-05)
--------------------------------------------------
Solving group 11, a group with 1 elements

Group contains the following variables:
c_st_o_004.massflow

Group contains the following equations:
u_cmp_o_001.f_mass

Initializing ...
errf = 9999 (>6.07457e-05)


1. iteration step
errx = 0.9999 (>6.07457e-05)
Group converged with errf= 0 (<=6.07457e-05)
--------------------------------------------------
Solving group 12, a group with 1 elements

Group contains the following variables:
permeate.wO

Group contains the following equations:
u_cmp_o_003.fO_wf

Initializing ...
Group converged with errf= 0 (<=6.07457e-05)
--------------------------------------------------
Solving group 13, a group with 1 elements

Group contains the following variables:
feed.wO

Group contains the following equations:
u_cmp_o_001.fO_wf

Initializing ...
errf = 0.84 (>6.07457e-05)


1. iteration step
errx = 0.03 (>6.07457e-05)
Group converged with errf= 3.55271e-15 (<=6.07457e-05)
--------------------------------------------------
Solving group 14, a group with 1 elements

Group contains the following variables:
permeate.wN

Group contains the following equations:
u_cmp_o_003.fN_wf

Initializing ...
Group converged with errf= 0 (<=6.07457e-05)
--------------------------------------------------
Solving group 15, a group with 1 elements

Group contains the following variables:
feed.wN

Group contains the following equations:
u_cmp_o_001.fN_wf

Initializing ...
errf = 0.06 (>6.07457e-05)


1. iteration step
errx = 0.03 (>6.07457e-05)
Group converged with errf= 2.22045e-16 (<=6.07457e-05)
--------------------------------------------------
Solving group 16, a group with 1 elements

Group contains the following variables:
permeate.wS

Group contains the following equations:
u_cmp_o_003.fS_wf

Initializing ...
Group converged with errf= 0 (<=6.07457e-05)
--------------------------------------------------
Solving group 17, a group with 1 elements

Group contains the following variables:
feed.wS

Group contains the following equations:
u_cmp_o_001.fS_wf

Initializing ...
errf = 0.015 (>6.07457e-05)


1. iteration step
errx = 0.03 (>6.07457e-05)
Group converged with errf= 5.55112e-17 (<=6.07457e-05)
--------------------------------------------------
Solving group 18, a group with 1 elements

Group contains the following variables:
permeate.wCl

Group contains the following equations:
u_cmp_o_003.fCl_wf

Initializing ...
Group converged with errf= 0 (<=6.07457e-05)
--------------------------------------------------
Solving group 19, a group with 1 elements

Group contains the following variables:
feed.wCl

Group contains the following equations:
u_cmp_o_001.fCl_wf

Initializing ...
errf = 0.015 (>6.07457e-05)


1. iteration step
errx = 0.03 (>6.07457e-05)
Group converged with errf= 5.55112e-17 (<=6.07457e-05)
--------------------------------------------------
Solving group 20, a group with 1 elements

Group contains the following variables:
permeate.wC

Group contains the following equations:
permeate.fmass_sum

Initializing ...
Group converged with errf= 0 (<=6.07457e-05)
--------------------------------------------------
Solving group 21, a group with 1 elements

Group contains the following variables:
feed.wC

Group contains the following equations:
feed.fmass_sum

Initializing ...
errf = 0.0185567 (>6.07457e-05)


1. iteration step
errx = 0.03 (>6.07457e-05)
Group converged with errf= 0 (<=6.07457e-05)
--------------------------------------------------
Solving group 22, a group with 49 elements

Group contains the following variables:
ash_ret.wZrO2	ash_ret.wZnS	ash_ret.wZnO	ash_ret.wTiO2
ash_ret.wSiO2	ash_ret.wNiAl2O4	ash_ret.wNiO	ash_ret.wNi
ash_ret.wNa2O	ash_ret.wNaCl	ash_ret.wMnO2	ash_ret.wMn2O3
ash_ret.wMn3O4	ash_ret.wMnO	ash_ret.wMn	ash_ret.wMg2SiO4
ash_ret.wMgO	ash_ret.wMgCO3	ash_ret.wMgAl2O4	ash_ret.wK2O
ash_ret.wFe2SiO4	ash_ret.wFe2O3	ash_ret.wFe3O4	ash_ret.wFeO
ash_ret.wFe	ash_ret.wCuS	ash_ret.wCuAl2O4	ash_ret.wCuO
ash_ret.wCu2O	ash_ret.wCu	ash_ret.wCoO	ash_ret.wCo
ash_ret.wCaSO4	ash_ret.wCaS	ash_ret.wCaOH2	ash_ret.wCaO
ash_ret.wCaCO3	ash_ret.wCaCl2	ash_ret.wCaAl2O4	retentate.wCl
retentate.wS	retentate.wN	retentate.wO	retentate.wH
retentate.wC	c_st_o_003.massflow	c_st_o_003.ash_content	ash_ret.wAl2O3
ash_ret.wAsh

Group contains the following equations:
u_membrane001.fZrO2	u_membrane001.fZnS	u_membrane001.fZnO	u_membrane001.fTiO2
u_membrane001.fSiO2	u_membrane001.fNiAl2O4	u_membrane001.fNiO	u_membrane001.fNi
u_membrane001.fNa2O	u_membrane001.fNaCl	u_membrane001.fMnO2	u_membrane001.fMn2O3
u_membrane001.fMn3O4	u_membrane001.fMnO	u_membrane001.fMn	u_membrane001.fMg2SiO4
u_membrane001.fMgO	u_membrane001.fMgCO3	u_membrane001.fMgAl2O4	u_membrane001.fK2O
u_membrane001.fFe2SiO4	u_membrane001.fFe2O3	u_membrane001.fFe3O4	u_membrane001.fFeO
u_membrane001.fFe	u_membrane001.fCuS	u_membrane001.fCuAl2O4	u_membrane001.fCuO
u_membrane001.fCu2O	u_membrane001.fCu	u_membrane001.fCoO	u_membrane001.fCo
u_membrane001.fCaSO4	u_membrane001.fCaS	u_membrane001.fCaOH2	u_membrane001.fCaO
u_membrane001.fCaCO3	u_membrane001.fCaCl2	u_membrane001.fCaAl2O4	u_membrane001.f1Cl
u_membrane001.f1S	u_membrane001.f1N	u_membrane001.f1O	u_membrane001.f1H
retentate.fmass_sum	u_membrane001.f1C	u_membrane001.fAsh	u_membrane001.fAl2O3
ash_ret.fmass

Initializing ...
errf = 2661.28 (>0.00042522)


1. iteration step
errx = 2.82901 (>0.00042522)
errf = 1.45373e+10 (>0.00042522)


2. iteration step
errx = 39.9183 (>0.00042522)
errf = 3.47664e+08 (>0.00042522)


3. iteration step
errx = 6582.05 (>0.00042522)
errf = 1.06827e+06 (>0.00042522)


4. iteration step
errx = 15035.8 (>0.00042522)
errf = 0.745133 (>0.00042522)


5. iteration step
errx = 0.0103805 (>0.00042522)
Group converged with errf= 9.166e-13 (<=0.00042522)
--------------------------------------------------
Solving group 23, a group with 1 elements

Group contains the following variables:
ash_ret.rho

Group contains the following equations:
ash_ret.frho

Initializing ...
errf = 2649 (>6.07457e-05)


1. iteration step
errx = 2649 (>6.07457e-05)
Group converged with errf= 0 (<=6.07457e-05)
--------------------------------------------------
Solving group 24, a group with 1 elements

Group contains the following variables:
ash.rho

Group contains the following equations:
ash.frho

Initializing ...
errf = 2649 (>6.07457e-05)


1. iteration step
errx = 2649 (>6.07457e-05)
Group converged with errf= 0 (<=6.07457e-05)
--------------------------------------------------
Solving group 25, a group with 1 elements

Group contains the following variables:
retentate.SubstNr

Group contains the following equations:
retentate.fSubstNr1

Initializing ...
Group converged with errf= 0 (<=6.07457e-05)
--------------------------------------------------
Solving group 26, a group with 1 elements

Group contains the following variables:
retentate.lhv

Group contains the following equations:
retentate.flhv_boie

Initializing ...
errf = 37333.9 (>6.07457e-05)


1. iteration step
errx = 0.999973 (>6.07457e-05)
Group converged with errf= 0 (<=6.07457e-05)
--------------------------------------------------
Solving group 27, a group with 1 elements

Group contains the following variables:
retentate.hhv

Group contains the following equations:
retentate.fhhv

Initializing ...
errf = 38073.7 (>6.07457e-05)


1. iteration step
errx = 0.999974 (>6.07457e-05)
Group converged with errf= 0 (<=6.07457e-05)
--------------------------------------------------
Solving group 28, a group with 1 elements

Group contains the following variables:
retentate.hf298

Group contains the following equations:
retentate.fhf1

Initializing ...
errf = 1772.71 (>6.07457e-05)


1. iteration step
errx = 0.999436 (>6.07457e-05)
Group converged with errf= 0 (<=6.07457e-05)
--------------------------------------------------
Solving group 29, a group with 1 elements

Group contains the following variables:
retentate.e_chem

Group contains the following equations:
retentate.fe_chem

Initializing ...
errf = 38073.7 (>6.07457e-05)


1. iteration step
errx = 0.999974 (>6.07457e-05)
Group converged with errf= 0 (<=6.07457e-05)
--------------------------------------------------
Solving group 30, a group with 1 elements

Group contains the following variables:
permeate.SubstNr

Group contains the following equations:
permeate.fSubstNr1

Initializing ...
Group converged with errf= 0 (<=6.07457e-05)
--------------------------------------------------
Solving group 31, a group with 1 elements

Group contains the following variables:
permeate.lhv

Group contains the following equations:
permeate.flhv_boie

Initializing ...
errf = 20390.1 (>6.07457e-05)


1. iteration step
errx = 0.999951 (>6.07457e-05)
Group converged with errf= 0 (<=6.07457e-05)
--------------------------------------------------
Solving group 32, a group with 1 elements

Group contains the following variables:
permeate.hhv

Group contains the following equations:
permeate.fhhv

Initializing ...
errf = 22136.4 (>6.07457e-05)


1. iteration step
errx = 0.999955 (>6.07457e-05)
Group converged with errf= 0 (<=6.07457e-05)
--------------------------------------------------
Solving group 33, a group with 1 elements

Group contains the following variables:
permeate.hf298

Group contains the following equations:
permeate.fhf1

Initializing ...
errf = 5587.97 (>6.07457e-05)


1. iteration step
errx = 1.00018 (>6.07457e-05)
Group converged with errf= 0 (<=6.07457e-05)
--------------------------------------------------
Solving group 34, a group with 1 elements

Group contains the following variables:
permeate.e_chem

Group contains the following equations:
permeate.fe_chem

Initializing ...
errf = 22136.4 (>6.07457e-05)


1. iteration step
errx = 0.999955 (>6.07457e-05)
Group converged with errf= 0 (<=6.07457e-05)
--------------------------------------------------
Solving group 35, a group with 1 elements

Group contains the following variables:
feed.SubstNr

Group contains the following equations:
feed.fSubstNr1

Initializing ...
Group converged with errf= 0 (<=6.07457e-05)
--------------------------------------------------
Solving group 36, a group with 1 elements

Group contains the following variables:
feed.lhv

Group contains the following equations:
feed.flhv_boie

Initializing ...
errf = 24418.7 (>6.07457e-05)


1. iteration step
errx = 0.999959 (>6.07457e-05)
Group converged with errf= 0 (<=6.07457e-05)
--------------------------------------------------
Solving group 37, a group with 1 elements

Group contains the following variables:
feed.hhv

Group contains the following equations:
feed.fhhv

Initializing ...
errf = 25768.9 (>6.07457e-05)


1. iteration step
errx = 0.999961 (>6.07457e-05)
Group converged with errf= 0 (<=6.07457e-05)
--------------------------------------------------
Solving group 38, a group with 1 elements

Group contains the following variables:
feed.hf298

Group contains the following equations:
feed.fhf1

Initializing ...
errf = 3314.68 (>6.07457e-05)


1. iteration step
errx = 1.0003 (>6.07457e-05)
Group converged with errf= 0 (<=6.07457e-05)
--------------------------------------------------
Solving group 39, a group with 1 elements

Group contains the following variables:
feed.e_chem

Group contains the following equations:
feed.fe_chem

Initializing ...
errf = 25768.9 (>6.07457e-05)


1. iteration step
errx = 0.999961 (>6.07457e-05)
Group converged with errf= 0 (<=6.07457e-05)
--------------------------------------------------
Solving group 40, a group with 1 elements

Group contains the following variables:
c_st_o_004.p

Group contains the following equations:
u_cmp_o_001.f_press

Initializing ...
errf = 11 (>6.07457e-05)


1. iteration step
errx = 0.916667 (>6.07457e-05)
Group converged with errf= 0 (<=6.07457e-05)
--------------------------------------------------
Solving group 41, a group with 1 elements

Group contains the following variables:
c_st_o_002.p

Group contains the following equations:
u_membrane001.fpress1

Initializing ...
errf = 1 (>6.07457e-05)


1. iteration step
errx = 0.5 (>6.07457e-05)
Group converged with errf= 0 (<=6.07457e-05)
--------------------------------------------------
Solving group 42, a group with 1 elements

Group contains the following variables:
c_st_o_006.p

Group contains the following equations:
u_cmp_o_003.f_press

Initializing ...
errf = 1 (>6.07457e-05)


1. iteration step
errx = 0.5 (>6.07457e-05)
Group converged with errf= 0 (<=6.07457e-05)
--------------------------------------------------
Solving group 43, a group with 1 elements

Group contains the following variables:
c_st_o_004.t

Group contains the following equations:
u_cmp_o_001.f_temp

Initializing ...
errf = 49 (>6.07457e-05)


1. iteration step
errx = 0.98 (>6.07457e-05)
Group converged with errf= 0 (<=6.07457e-05)
--------------------------------------------------
Solving group 44, a group with 1 elements

Group contains the following variables:
c_st_o_002.t

Group contains the following equations:
u_membrane001.ftemp1

Initializing ...
errf = 44 (>6.07457e-05)


1. iteration step
errx = 0.977778 (>6.07457e-05)
Group converged with errf= 0 (<=6.07457e-05)
--------------------------------------------------
Solving group 45, a group with 1 elements

Group contains the following variables:
c_st_o_006.t

Group contains the following equations:
u_cmp_o_003.f_temp

Initializing ...
errf = 44 (>6.07457e-05)


1. iteration step
errx = 0.977778 (>6.07457e-05)
Group converged with errf= 0 (<=6.07457e-05)
--------------------------------------------------
Solving group 46, a group with 1 elements

Group contains the following variables:
c_st_o_004.rho

Group contains the following equations:
u_cmp_o_001.f_dens

Initializing ...
errf = 999 (>6.07457e-05)


1. iteration step
errx = 0.999 (>6.07457e-05)
Group converged with errf= 0 (<=6.07457e-05)
--------------------------------------------------
Solving group 47, a group with 1 elements

Group contains the following variables:
c_st_o_002.rho

Group contains the following equations:
u_membrane001.fdens1

Initializing ...
errf = 999 (>6.07457e-05)


1. iteration step
errx = 0.999 (>6.07457e-05)
Group converged with errf= 0 (<=6.07457e-05)
--------------------------------------------------
Solving group 48, a group with 1 elements

Group contains the following variables:
c_st_o_006.rho

Group contains the following equations:
u_cmp_o_003.f_dens

Initializing ...
errf = 999 (>6.07457e-05)


1. iteration step
errx = 0.999 (>6.07457e-05)
Group converged with errf= 0 (<=6.07457e-05)
--------------------------------------------------
Solving group 49, a group with 1 elements

Group contains the following variables:
c_st_o_006.h_waf

Group contains the following equations:
c_st_o_006.fh

Initializing ...
errf = 56.4357 (>6.07457e-05)


1. iteration step
errx = 0.982589 (>6.07457e-05)
Group converged with errf= 0 (<=6.07457e-05)
--------------------------------------------------
Solving group 50, a group with 1 elements

Group contains the following variables:
c_st_o_006.s_waf

Group contains the following equations:
c_st_o_006.fs

Initializing ...
errf = 0.214021 (>6.07457e-05)


1. iteration step
errx = 0.272298 (>6.07457e-05)
Group converged with errf= 0 (<=6.07457e-05)
--------------------------------------------------
Solving group 51, a group with 1 elements

Group contains the following variables:
c_st_o_006.e_waf

Group contains the following equations:
c_st_o_006.fe

Initializing ...
errf = 22137.2 (>6.07457e-05)


1. iteration step
errx = 0.999955 (>6.07457e-05)
Group converged with errf= 0 (<=6.07457e-05)
--------------------------------------------------
Solving group 52, a group with 1 elements

Group contains the following variables:
c_st_o_006.water_content

Group contains the following equations:
u_cmp_o_003.f_water_content

Initializing ...
errf = 0.01 (>6.07457e-05)


1. iteration step
errx = 0.010101 (>6.07457e-05)
Group converged with errf= 0 (<=6.07457e-05)
--------------------------------------------------
Solving group 53, a group with 1 elements

Group contains the following variables:
c_st_o_006.ash_content

Group contains the following equations:
c_st_o_006.fash_cont

Initializing ...
errf = 1 (>6.07457e-05)


1. iteration step
errx = 1000 (>6.07457e-05)
Group converged with errf= 0 (<=6.07457e-05)
--------------------------------------------------
Solving group 54, a group with 1 elements

Group contains the following variables:
c_st_o_006.h_total

Group contains the following equations:
c_st_o_006.fh_total1

Initializing ...
errf = 15681.1 (>6.07457e-05)


1. iteration step
errx = 1.00006 (>6.07457e-05)
Group converged with errf= 0 (<=6.07457e-05)
--------------------------------------------------
Solving group 55, a group with 1 elements

Group contains the following variables:
c_st_o_006.lhv

Group contains the following equations:
c_st_o_006.flhv

Initializing ...
errf = 2215.26 (>6.07457e-05)


1. iteration step
errx = 1.00045 (>6.07457e-05)
Group converged with errf= 0 (<=6.07457e-05)
--------------------------------------------------
Solving group 56, a group with 1 elements

Group contains the following variables:
c_st_o_006.hhv

Group contains the following equations:
c_st_o_006.fhhv

Initializing ...
errf = 220.374 (>6.07457e-05)


1. iteration step
errx = 0.995483 (>6.07457e-05)
Group converged with errf= 0 (<=6.07457e-05)
--------------------------------------------------
Solving group 57, a group with 1 elements

Group contains the following variables:
c_st_o_006.massflow

Group contains the following equations:
u_cmp_o_003.f_mass

Initializing ...
errf = 5999 (>6.07457e-05)


1. iteration step
errx = 0.999833 (>6.07457e-05)
Group converged with errf= 0 (<=6.07457e-05)
--------------------------------------------------
Solving group 58, a group with 1 elements

Group contains the following variables:
c_st_o_006.volflow

Group contains the following equations:
c_st_o_006.fvolflow

Initializing ...
errf = 5000 (>6.07457e-05)


1. iteration step
errx = 0.833333 (>6.07457e-05)
Group converged with errf= 0 (<=6.07457e-05)
--------------------------------------------------
Solving group 59, a group with 1 elements

Group contains the following variables:
c_st_o_006.Energy

Group contains the following equations:
c_st_o_006.fEnergy1

Initializing ...
errf = 1.21654e+07 (>6.07457e-05)


1. iteration step
errx = 1.0003 (>6.07457e-05)
Group converged with errf= 0 (<=6.07457e-05)
--------------------------------------------------
Solving group 60, a group with 1 elements

Group contains the following variables:
c_st_o_006.Exergy

Group contains the following equations:
c_st_o_006.fExergy1

Initializing ...
errf = 1.35159e+06 (>6.07457e-05)


1. iteration step
errx = 0.997344 (>6.07457e-05)
Group converged with errf= 0 (<=6.07457e-05)
--------------------------------------------------
Solving group 61, a group with 1 elements

Group contains the following variables:
c_st_o_002.h_waf

Group contains the following equations:
c_st_o_002.fh

Initializing ...
errf = 56.4357 (>6.07457e-05)


1. iteration step
errx = 0.982589 (>6.07457e-05)
Group converged with errf= 0 (<=6.07457e-05)
--------------------------------------------------
Solving group 62, a group with 1 elements

Group contains the following variables:
c_st_o_002.s_waf

Group contains the following equations:
c_st_o_002.fs

Initializing ...
errf = 0.214021 (>6.07457e-05)


1. iteration step
errx = 0.272298 (>6.07457e-05)
Group converged with errf= 0 (<=6.07457e-05)
--------------------------------------------------
Solving group 63, a group with 1 elements

Group contains the following variables:
c_st_o_002.e_waf

Group contains the following equations:
c_st_o_002.fe

Initializing ...
errf = 22137.2 (>6.07457e-05)


1. iteration step
errx = 0.999955 (>6.07457e-05)
Group converged with errf= 0 (<=6.07457e-05)
--------------------------------------------------
Solving group 64, a group with 1 elements

Group contains the following variables:
c_st_o_002.h_total

Group contains the following equations:
c_st_o_002.fh_total1

Initializing ...
errf = 15681.1 (>6.07457e-05)


1. iteration step
errx = 1.00006 (>6.07457e-05)
Group converged with errf= 0 (<=6.07457e-05)
--------------------------------------------------
Solving group 65, a group with 1 elements

Group contains the following variables:
c_st_o_002.lhv

Group contains the following equations:
c_st_o_002.flhv

Initializing ...
errf = 2215.26 (>6.07457e-05)


1. iteration step
errx = 1.00045 (>6.07457e-05)
Group converged with errf= 0 (<=6.07457e-05)
--------------------------------------------------
Solving group 66, a group with 1 elements

Group contains the following variables:
c_st_o_002.hhv

Group contains the following equations:
c_st_o_002.fhhv

Initializing ...
errf = 220.374 (>6.07457e-05)


1. iteration step
errx = 0.995483 (>6.07457e-05)
Group converged with errf= 0 (<=6.07457e-05)
--------------------------------------------------
Solving group 67, a group with 1 elements

Group contains the following variables:
c_st_o_002.volflow

Group contains the following equations:
c_st_o_002.fvolflow

Initializing ...
Group converged with errf= 0 (<=6.07457e-05)
--------------------------------------------------
Solving group 68, a group with 1 elements

Group contains the following variables:
c_st_o_002.Energy

Group contains the following equations:
c_st_o_002.fEnergy1

Initializing ...
errf = 1.21654e+07 (>6.07457e-05)


1. iteration step
errx = 1.0003 (>6.07457e-05)
Group converged with errf= 0 (<=6.07457e-05)
--------------------------------------------------
Solving group 69, a group with 1 elements

Group contains the following variables:
c_st_o_002.Exergy

Group contains the following equations:
c_st_o_002.fExergy1

Initializing ...
errf = 1.35159e+06 (>6.07457e-05)


1. iteration step
errx = 0.997344 (>6.07457e-05)
Group converged with errf= 0 (<=6.07457e-05)
--------------------------------------------------
Solving group 70, a group with 1 elements

Group contains the following variables:
c_st_o_003.p

Group contains the following equations:
u_membrane001.fpress2

Initializing ...
errf = 9 (>6.07457e-05)


1. iteration step
errx = 0.9 (>6.07457e-05)
Group converged with errf= 0 (<=6.07457e-05)
--------------------------------------------------
Solving group 71, a group with 1 elements

Group contains the following variables:
c_st_o_005.p

Group contains the following equations:
u_cmp_o_002.f_press

Initializing ...
errf = 9 (>6.07457e-05)


1. iteration step
errx = 0.9 (>6.07457e-05)
Group converged with errf= 0 (<=6.07457e-05)
--------------------------------------------------
Solving group 72, a group with 1 elements

Group contains the following variables:
c_st_o_003.t

Group contains the following equations:
u_membrane001.ftemp2

Initializing ...
errf = 44 (>6.07457e-05)


1. iteration step
errx = 0.977778 (>6.07457e-05)
Group converged with errf= 0 (<=6.07457e-05)
--------------------------------------------------
Solving group 73, a group with 1 elements

Group contains the following variables:
c_st_o_005.t

Group contains the following equations:
u_cmp_o_002.f_temp

Initializing ...
errf = 44 (>6.07457e-05)


1. iteration step
errx = 0.977778 (>6.07457e-05)
Group converged with errf= 0 (<=6.07457e-05)
--------------------------------------------------
Solving group 74, a group with 1 elements

Group contains the following variables:
c_st_o_003.rho

Group contains the following equations:
u_membrane001.fdens2

Initializing ...
errf = 999 (>6.07457e-05)


1. iteration step
errx = 0.999 (>6.07457e-05)
Group converged with errf= 0 (<=6.07457e-05)
--------------------------------------------------
Solving group 75, a group with 1 elements

Group contains the following variables:
c_st_o_005.rho

Group contains the following equations:
u_cmp_o_002.f_dens

Initializing ...
errf = 999 (>6.07457e-05)


1. iteration step
errx = 0.999 (>6.07457e-05)
Group converged with errf= 0 (<=6.07457e-05)
--------------------------------------------------
Solving group 76, a group with 1 elements

Group contains the following variables:
c_st_o_005.h_waf

Group contains the following equations:
c_st_o_005.fh

Initializing ...
errf = 43.3362 (>6.07457e-05)


1. iteration step
errx = 0.977445 (>6.07457e-05)
Group converged with errf= 0 (<=6.07457e-05)
--------------------------------------------------
Solving group 77, a group with 1 elements

Group contains the following variables:
c_st_o_005.s_waf

Group contains the following equations:
c_st_o_005.fs

Initializing ...
errf = 0.23363 (>6.07457e-05)


1. iteration step
errx = 0.304853 (>6.07457e-05)
Group converged with errf= 0 (<=6.07457e-05)
--------------------------------------------------
Solving group 78, a group with 1 elements

Group contains the following variables:
c_st_o_005.e_waf

Group contains the following equations:
c_st_o_005.fe

Initializing ...
errf = 38074.4 (>6.07457e-05)


1. iteration step
errx = 0.999974 (>6.07457e-05)
Group converged with errf= 0 (<=6.07457e-05)
--------------------------------------------------
Solving group 79, a group with 1 elements

Group contains the following variables:
c_st_o_005.water_content

Group contains the following equations:
u_cmp_o_002.f_water_content

Initializing ...
errf = 0.32 (>6.07457e-05)


1. iteration step
errx = 0.470588 (>6.07457e-05)
Group converged with errf= 0 (<=6.07457e-05)
--------------------------------------------------
Solving group 80, a group with 1 elements

Group contains the following variables:
c_st_o_005.ash_content

Group contains the following equations:
u_cmp_o_002.f_ash_content

Initializing ...
errf = 0.985 (>6.07457e-05)


1. iteration step
errx = 65.6667 (>6.07457e-05)
Group converged with errf= 3.46945e-18 (<=6.07457e-05)
--------------------------------------------------
Solving group 81, a group with 1 elements

Group contains the following variables:
c_st_o_005.h_total

Group contains the following equations:
c_st_o_005.fh_total2

Initializing ...
errf = 10341.7 (>6.07457e-05)


1. iteration step
errx = 1.0001 (>6.07457e-05)
Group converged with errf= 0 (<=6.07457e-05)
--------------------------------------------------
Solving group 82, a group with 1 elements

Group contains the following variables:
c_st_o_005.lhv

Group contains the following equations:
c_st_o_005.flhv

Initializing ...
errf = 9725.18 (>6.07457e-05)


1. iteration step
errx = 0.999897 (>6.07457e-05)
Group converged with errf= 0 (<=6.07457e-05)
--------------------------------------------------
Solving group 83, a group with 1 elements

Group contains the following variables:
c_st_o_005.hhv

Group contains the following equations:
c_st_o_005.fhhv

Initializing ...
errf = 11611.8 (>6.07457e-05)


1. iteration step
errx = 0.999914 (>6.07457e-05)
Group converged with errf= 0 (<=6.07457e-05)
--------------------------------------------------
Solving group 84, a group with 1 elements

Group contains the following variables:
c_st_o_005.massflow

Group contains the following equations:
u_cmp_o_002.f_mass

Initializing ...
errf = 3999 (>6.07457e-05)


1. iteration step
errx = 0.99975 (>6.07457e-05)
Group converged with errf= 0 (<=6.07457e-05)
--------------------------------------------------
Solving group 85, a group with 1 elements

Group contains the following variables:
c_st_o_005.volflow

Group contains the following equations:
c_st_o_005.fvolflow

Initializing ...
errf = 3000 (>6.07457e-05)


1. iteration step
errx = 0.75 (>6.07457e-05)
Group converged with errf= 0 (<=6.07457e-05)
--------------------------------------------------
Solving group 86, a group with 1 elements

Group contains the following variables:
c_st_o_005.Energy

Group contains the following equations:
c_st_o_005.fEnergy2

Initializing ...
errf = 3.94722e+07 (>6.07457e-05)


1. iteration step
errx = 0.999909 (>6.07457e-05)
Group converged with errf= 0 (<=6.07457e-05)
--------------------------------------------------
Solving group 87, a group with 1 elements

Group contains the following variables:
c_st_o_005.Exergy

Group contains the following equations:
c_st_o_005.fExergy2

Initializing ...
errf = 4.66639e+07 (>6.07457e-05)


1. iteration step
errx = 0.999923 (>6.07457e-05)
Group converged with errf= 0 (<=6.07457e-05)
--------------------------------------------------
Solving group 88, a group with 1 elements

Group contains the following variables:
c_st_o_003.h_waf

Group contains the following equations:
c_st_o_003.fh

Initializing ...
errf = 43.3362 (>6.07457e-05)


1. iteration step
errx = 0.977445 (>6.07457e-05)
Group converged with errf= 0 (<=6.07457e-05)
--------------------------------------------------
Solving group 89, a group with 1 elements

Group contains the following variables:
c_st_o_003.s_waf

Group contains the following equations:
c_st_o_003.fs

Initializing ...
errf = 0.23363 (>6.07457e-05)


1. iteration step
errx = 0.304853 (>6.07457e-05)
Group converged with errf= 0 (<=6.07457e-05)
--------------------------------------------------
Solving group 90, a group with 1 elements

Group contains the following variables:
c_st_o_003.e_waf

Group contains the following equations:
c_st_o_003.fe

Initializing ...
errf = 38074.4 (>6.07457e-05)


1. iteration step
errx = 0.999974 (>6.07457e-05)
Group converged with errf= 0 (<=6.07457e-05)
--------------------------------------------------
Solving group 91, a group with 1 elements

Group contains the following variables:
c_st_o_003.h_total

Group contains the following equations:
c_st_o_003.fh_total2

Initializing ...
errf = 10341.7 (>6.07457e-05)


1. iteration step
errx = 1.0001 (>6.07457e-05)
Group converged with errf= 0 (<=6.07457e-05)
--------------------------------------------------
Solving group 92, a group with 1 elements

Group contains the following variables:
c_st_o_003.lhv

Group contains the following equations:
c_st_o_003.flhv

Initializing ...
errf = 9725.18 (>6.07457e-05)


1. iteration step
errx = 0.999897 (>6.07457e-05)
Group converged with errf= 0 (<=6.07457e-05)
--------------------------------------------------
Solving group 93, a group with 1 elements

Group contains the following variables:
c_st_o_003.hhv

Group contains the following equations:
c_st_o_003.fhhv

Initializing ...
errf = 11611.8 (>6.07457e-05)


1. iteration step
errx = 0.999914 (>6.07457e-05)
Group converged with errf= 0 (<=6.07457e-05)
--------------------------------------------------
Solving group 94, a group with 1 elements

Group contains the following variables:
c_st_o_003.volflow

Group contains the following equations:
c_st_o_003.fvolflow

Initializing ...
errf = 3000 (>6.07457e-05)


1. iteration step
errx = 0.75 (>6.07457e-05)
Group converged with errf= 0 (<=6.07457e-05)
--------------------------------------------------
Solving group 95, a group with 1 elements

Group contains the following variables:
c_st_o_003.Energy

Group contains the following equations:
c_st_o_003.fEnergy2

Initializing ...
errf = 3.94722e+07 (>6.07457e-05)


1. iteration step
errx = 0.999909 (>6.07457e-05)
Group converged with errf= 0 (<=6.07457e-05)
--------------------------------------------------
Solving group 96, a group with 1 elements

Group contains the following variables:
c_st_o_003.Exergy

Group contains the following equations:
c_st_o_003.fExergy2

Initializing ...
errf = 4.66639e+07 (>6.07457e-05)


1. iteration step
errx = 0.999923 (>6.07457e-05)
Group converged with errf= 0 (<=6.07457e-05)
--------------------------------------------------
Solving group 97, a group with 1 elements

Group contains the following variables:
c_st_o_004.h_waf

Group contains the following equations:
c_st_o_004.fh

Initializing ...
errf = 56.9468 (>6.07457e-05)


1. iteration step
errx = 0.982743 (>6.07457e-05)
Group converged with errf= 0 (<=6.07457e-05)
--------------------------------------------------
Solving group 98, a group with 1 elements

Group contains the following variables:
c_st_o_004.s_waf

Group contains the following equations:
c_st_o_004.fs

Initializing ...
errf = 0.203213 (>6.07457e-05)


1. iteration step
errx = 0.255041 (>6.07457e-05)
Group converged with errf= 0 (<=6.07457e-05)
--------------------------------------------------
Solving group 99, a group with 1 elements

Group contains the following variables:
c_st_o_004.e_waf

Group contains the following equations:
c_st_o_004.fe

Initializing ...
errf = 25770.1 (>6.07457e-05)


1. iteration step
errx = 0.999961 (>6.07457e-05)
Group converged with errf= 0 (<=6.07457e-05)
--------------------------------------------------
Solving group 100, a group with 1 elements

Group contains the following variables:
c_st_o_004.h_total

Group contains the following equations:
c_st_o_004.fh_total2

Initializing ...
errf = 13309 (>6.07457e-05)


1. iteration step
errx = 1.00008 (>6.07457e-05)
Group converged with errf= 0 (<=6.07457e-05)
--------------------------------------------------
Solving group 101, a group with 1 elements

Group contains the following variables:
c_st_o_004.lhv

Group contains the following equations:
c_st_o_004.flhv

Initializing ...
errf = 2782.34 (>6.07457e-05)


1. iteration step
errx = 0.999641 (>6.07457e-05)
Group converged with errf= 0 (<=6.07457e-05)
--------------------------------------------------
Solving group 102, a group with 1 elements

Group contains the following variables:
c_st_o_004.hhv

Group contains the following equations:
c_st_o_004.fhhv

Initializing ...
errf = 4998.37 (>6.07457e-05)


1. iteration step
errx = 0.9998 (>6.07457e-05)
Group converged with errf= 0 (<=6.07457e-05)
--------------------------------------------------
Solving group 103, a group with 1 elements

Group contains the following variables:
c_st_o_004.volflow

Group contains the following equations:
c_st_o_004.fvolflow

Initializing ...
errf = 9000 (>6.07457e-05)


1. iteration step
errx = 0.9 (>6.07457e-05)
Group converged with errf= 0 (<=6.07457e-05)
--------------------------------------------------
Solving group 104, a group with 1 elements

Group contains the following variables:
c_st_o_004.Energy

Group contains the following equations:
c_st_o_004.fEnergy2

Initializing ...
errf = 2.96274e+07 (>6.07457e-05)


1. iteration step
errx = 0.999879 (>6.07457e-05)
Group converged with errf= 3.72529e-09 (<=6.07457e-05)
--------------------------------------------------
Solving group 105, a group with 1 elements

Group contains the following variables:
c_st_o_004.Exergy

Group contains the following equations:
c_st_o_004.fExergy2

Initializing ...
errf = 5.02495e+07 (>6.07457e-05)


1. iteration step
errx = 0.999928 (>6.07457e-05)
Group converged with errf= 0 (<=6.07457e-05)
--------------------------------------------------
Solving group 106, a group with 1 elements

Group contains the following variables:
c_st_o_001.h_waf

Group contains the following equations:
c_st_o_001.fh

Initializing ...
errf = 56.9468 (>6.07457e-05)


1. iteration step
errx = 0.982743 (>6.07457e-05)
Group converged with errf= 0 (<=6.07457e-05)
--------------------------------------------------
Solving group 107, a group with 1 elements

Group contains the following variables:
c_st_o_001.s_waf

Group contains the following equations:
c_st_o_001.fs

Initializing ...
errf = 0.203213 (>6.07457e-05)


1. iteration step
errx = 0.255041 (>6.07457e-05)
Group converged with errf= 0 (<=6.07457e-05)
--------------------------------------------------
Solving group 108, a group with 1 elements

Group contains the following variables:
c_st_o_001.e_waf

Group contains the following equations:
c_st_o_001.fe

Initializing ...
errf = 25770.1 (>6.07457e-05)


1. iteration step
errx = 0.999961 (>6.07457e-05)
Group converged with errf= 0 (<=6.07457e-05)
--------------------------------------------------
Solving group 109, a group with 1 elements

Group contains the following variables:
c_st_o_001.h_total

Group contains the following equations:
c_st_o_001.fh_total2

Initializing ...
errf = 13309 (>6.07457e-05)


1. iteration step
errx = 1.00008 (>6.07457e-05)
Group converged with errf= 0 (<=6.07457e-05)
--------------------------------------------------
Solving group 110, a group with 1 elements

Group contains the following variables:
c_st_o_001.lhv

Group contains the following equations:
c_st_o_001.flhv

Initializing ...
errf = 2782.34 (>6.07457e-05)


1. iteration step
errx = 0.999641 (>6.07457e-05)
Group converged with errf= 0 (<=6.07457e-05)
--------------------------------------------------
Solving group 111, a group with 1 elements

Group contains the following variables:
c_st_o_001.hhv

Group contains the following equations:
c_st_o_001.fhhv

Initializing ...
errf = 4998.37 (>6.07457e-05)


1. iteration step
errx = 0.9998 (>6.07457e-05)
Group converged with errf= 0 (<=6.07457e-05)
--------------------------------------------------
Solving group 112, a group with 1 elements

Group contains the following variables:
c_st_o_001.volflow

Group contains the following equations:
c_st_o_001.fvolflow

Initializing ...
Group converged with errf= 0 (<=6.07457e-05)
--------------------------------------------------
Solving group 113, a group with 1 elements

Group contains the following variables:
c_st_o_001.Energy

Group contains the following equations:
c_st_o_001.fEnergy2

Initializing ...
errf = 2.96274e+07 (>6.07457e-05)


1. iteration step
errx = 0.999879 (>6.07457e-05)
Group converged with errf= 3.72529e-09 (<=6.07457e-05)
--------------------------------------------------
Solving group 114, a group with 1 elements

Group contains the following variables:
c_st_o_001.Exergy

Group contains the following equations:
c_st_o_001.fExergy2

Initializing ...
errf = 5.02495e+07 (>6.07457e-05)


1. iteration step
errx = 0.999928 (>6.07457e-05)
Group converged with errf= 0 (<=6.07457e-05)
--------------------------------------------------
Solving group 115, a group with 1 elements

Group contains the following variables:
u_cmp_o_003.ash_content_wf

Group contains the following equations:
u_cmp_o_003.f_ash

Initializing ...
errf = 1 (>6.07457e-05)


1. iteration step
errx = 1000 (>6.07457e-05)
Group converged with errf= 0 (<=6.07457e-05)
--------------------------------------------------
Solving group 116, a group with 1 elements

Group contains the following variables:
u_cmp_o_003.C_wf

Group contains the following equations:
u_cmp_o_003.fC_wf

Initializing ...
Group converged with errf= 0 (<=6.07457e-05)
--------------------------------------------------
Solving group 117, a group with 1 elements

Group contains the following variables:
u_cmp_o_003.lhv_wf

Group contains the following equations:
u_cmp_o_003.flhv_wf

Initializing ...
errf = 20390.1 (>6.07457e-05)


1. iteration step
errx = 0.999951 (>6.07457e-05)
Group converged with errf= 0 (<=6.07457e-05)
--------------------------------------------------
Solving group 118, a group with 1 elements

Group contains the following variables:
u_cmp_o_003.hhv_wf

Group contains the following equations:
u_cmp_o_003.fhhv_wf

Initializing ...
errf = 22136.4 (>6.07457e-05)


1. iteration step
errx = 0.999955 (>6.07457e-05)
Group converged with errf= 0 (<=6.07457e-05)
--------------------------------------------------
Solving group 119, a group with 1 elements

Group contains the following variables:
u_cmp_o_002.ash_content_wf

Group contains the following equations:
u_cmp_o_002.f_ash

Initializing ...
errf = 0.6875 (>6.07457e-05)


1. iteration step
errx = 0.146667 (>6.07457e-05)
Group converged with errf= 0 (<=6.07457e-05)
--------------------------------------------------
Solving group 120, a group with 1 elements

Group contains the following variables:
u_cmp_o_002.C_wf

Group contains the following equations:
u_cmp_o_002.fC_wf

Initializing ...
errf = 31.4062 (>6.07457e-05)


1. iteration step
errx = 0.34359 (>6.07457e-05)
Group converged with errf= 0 (<=6.07457e-05)
--------------------------------------------------
Solving group 121, a group with 1 elements

Group contains the following variables:
u_cmp_o_002.H_wf

Group contains the following equations:
u_cmp_o_002.fH_wf

Initializing ...
errf = 0.769758 (>6.07457e-05)


1. iteration step
errx = 0.238297 (>6.07457e-05)
Group converged with errf= 0 (<=6.07457e-05)
--------------------------------------------------
Solving group 122, a group with 1 elements

Group contains the following variables:
u_cmp_o_002.O_wf

Group contains the following equations:
u_cmp_o_002.fO_wf

Initializing ...
errf = 29.0115 (>6.07457e-05)


1. iteration step
errx = 7.2321 (>6.07457e-05)
Group converged with errf= 8.88178e-16 (<=6.07457e-05)
--------------------------------------------------
Solving group 123, a group with 1 elements

Group contains the following variables:
u_cmp_o_002.N_wf

Group contains the following equations:
u_cmp_o_002.fN_wf

Initializing ...
errf = 1.125 (>6.07457e-05)


1. iteration step
errx = 0.36 (>6.07457e-05)
Group converged with errf= 0 (<=6.07457e-05)
--------------------------------------------------
Solving group 124, a group with 1 elements

Group contains the following variables:
u_cmp_o_002.S_wf

Group contains the following equations:
u_cmp_o_002.fS_wf

Initializing ...
errf = 0.28125 (>6.07457e-05)


1. iteration step
errx = 0.36 (>6.07457e-05)
Group converged with errf= 0 (<=6.07457e-05)
--------------------------------------------------
Solving group 125, a group with 1 elements

Group contains the following variables:
u_cmp_o_002.Cl_wf

Group contains the following equations:
u_cmp_o_002.fCl_wf

Initializing ...
errf = 0.28125 (>6.07457e-05)


1. iteration step
errx = 0.36 (>6.07457e-05)
Group converged with errf= 0 (<=6.07457e-05)
--------------------------------------------------
Solving group 126, a group with 1 elements

Group contains the following variables:
u_cmp_o_002.lhv_wf

Group contains the following equations:
u_cmp_o_002.flhv_wf

Initializing ...
errf = 35583.8 (>6.07457e-05)


1. iteration step
errx = 0.999972 (>6.07457e-05)
Group converged with errf= 0 (<=6.07457e-05)
--------------------------------------------------
Solving group 127, a group with 1 elements

Group contains the following variables:
u_cmp_o_002.hhv_wf

Group contains the following equations:
u_cmp_o_002.fhhv_wf

Initializing ...
errf = 36289 (>6.07457e-05)


1. iteration step
errx = 0.999972 (>6.07457e-05)
Group converged with errf= 0 (<=6.07457e-05)
--------------------------------------------------
Solving group 128, a group with 1 elements

Group contains the following variables:
u_cmp_o_001.C_wf

Group contains the following equations:
u_cmp_o_001.fC_wf

Initializing ...
Group converged with errf= 7.10543e-15 (<=6.07457e-05)
--------------------------------------------------
Solving group 129, a group with 1 elements

Group contains the following variables:
u_cmp_o_001.lhv_wf

Group contains the following equations:
u_cmp_o_001.flhv_wf

Initializing ...
errf = 23686.1 (>6.07457e-05)


1. iteration step
errx = 0.999958 (>6.07457e-05)
Group converged with errf= 0 (<=6.07457e-05)
--------------------------------------------------
Solving group 130, a group with 1 elements

Group contains the following variables:
u_cmp_o_001.hhv_wf

Group contains the following equations:
u_cmp_o_001.fhhv_wf

Initializing ...
errf = 24995.8 (>6.07457e-05)


1. iteration step
errx = 0.99996 (>6.07457e-05)
Group converged with errf= 0 (<=6.07457e-05)
--------------------------------------------------
Solving group 131, a group with 1 elements

Group contains the following variables:
u_sink_o_002.massflow

Group contains the following equations:
u_sink_o_002.fmassflow

Initializing ...
errf = 5999 (>6.07457e-05)


1. iteration step
errx = 0.999833 (>6.07457e-05)
Group converged with errf= 0 (<=6.07457e-05)
--------------------------------------------------
Solving group 132, a group with 1 elements

Group contains the following variables:
u_sink_o_002.volflow

Group contains the following equations:
u_sink_o_002.fvolflow

Initializing ...
errf = 5 (>6.07457e-05)


1. iteration step
errx = 0.833333 (>6.07457e-05)
Group converged with errf= 0 (<=6.07457e-05)
--------------------------------------------------
Solving group 133, a group with 1 elements

Group contains the following variables:
u_sink_o_002.p

Group contains the following equations:
u_sink_o_002.fp

Initializing ...
errf = 1 (>6.07457e-05)


1. iteration step
errx = 0.5 (>6.07457e-05)
Group converged with errf= 0 (<=6.07457e-05)
--------------------------------------------------
Solving group 134, a group with 1 elements

Group contains the following variables:
u_sink_o_002.t

Group contains the following equations:
u_sink_o_002.ft

Initializing ...
errf = 44 (>6.07457e-05)


1. iteration step
errx = 0.977778 (>6.07457e-05)
Group converged with errf= 0 (<=6.07457e-05)
--------------------------------------------------
Solving group 135, a group with 1 elements

Group contains the following variables:
u_sink_o_001.massflow

Group contains the following equations:
u_sink_o_001.fmassflow

Initializing ...
errf = 3999 (>6.07457e-05)


1. iteration step
errx = 0.99975 (>6.07457e-05)
Group converged with errf= 0 (<=6.07457e-05)
--------------------------------------------------
Solving group 136, a group with 1 elements

Group contains the following variables:
u_sink_o_001.volflow

Group contains the following equations:
u_sink_o_001.fvolflow

Initializing ...
errf = 3 (>6.07457e-05)


1. iteration step
errx = 0.75 (>6.07457e-05)
Group converged with errf= 0 (<=6.07457e-05)
--------------------------------------------------
Solving group 137, a group with 1 elements

Group contains the following variables:
u_sink_o_001.p

Group contains the following equations:
u_sink_o_001.fp

Initializing ...
errf = 9 (>6.07457e-05)


1. iteration step
errx = 0.9 (>6.07457e-05)
Group converged with errf= 0 (<=6.07457e-05)
--------------------------------------------------
Solving group 138, a group with 1 elements

Group contains the following variables:
u_sink_o_001.t

Group contains the following equations:
u_sink_o_001.ft

Initializing ...
errf = 44 (>6.07457e-05)


1. iteration step
errx = 0.977778 (>6.07457e-05)
Group converged with errf= 0 (<=6.07457e-05)
--------------------------------------------------
Solving group 139, a group with 1 elements

Group contains the following variables:
u_source_o_001.massflow

Group contains the following equations:
u_source_o_001.fmassflow

Initializing ...
errf = 9999 (>6.07457e-05)


1. iteration step
errx = 0.9999 (>6.07457e-05)
Group converged with errf= 0 (<=6.07457e-05)
--------------------------------------------------
Solving group 140, a group with 1 elements

Group contains the following variables:
u_source_o_001.volflow

Group contains the following equations:
u_source_o_001.fvolflow

Initializing ...
errf = 9 (>6.07457e-05)


1. iteration step
errx = 0.9 (>6.07457e-05)
Group converged with errf= 0 (<=6.07457e-05)
--------------------------------------------------
Solving group 141, a group with 1 elements

Group contains the following variables:
u_source_o_001.p

Group contains the following equations:
u_source_o_001.fp

Initializing ...
errf = 11 (>6.07457e-05)


1. iteration step
errx = 0.916667 (>6.07457e-05)
Group converged with errf= 0 (<=6.07457e-05)
--------------------------------------------------
Solving group 142, a group with 1 elements

Group contains the following variables:
u_source_o_001.t

Group contains the following equations:
u_source_o_001.ft

Initializing ...
errf = 49 (>6.07457e-05)


1. iteration step
errx = 0.98 (>6.07457e-05)
Group converged with errf= 0 (<=6.07457e-05)
--------------------------------------------------
Solving group 143, a group with 1 elements

Group contains the following variables:
u_membrane001.W_tot

Group contains the following equations:
u_membrane001.fenergy2

Initializing ...
errf = 59 (>6.07457e-05)


1. iteration step
errx = 0.983333 (>6.07457e-05)
Group converged with errf= 0 (<=6.07457e-05)
--------------------------------------------------
Solving group 144, a group with 1 elements

Group contains the following variables:
u_membrane001.Q_loss

Group contains the following equations:
u_membrane001.fenergy1

Initializing ...
errf = 2.57564e+06 (>6.07457e-05)


1. iteration step
errx = 0.998604 (>6.07457e-05)
Group converged with errf= 0 (<=6.07457e-05)
--------------------------------------------------
Solving group 145, a group with 1 elements

Group contains the following variables:
u_membrane001.flux

Group contains the following equations:
u_membrane001.farea2

Initializing ...
errf = 27.8 (>6.07457e-05)


1. iteration step
errx = 0.965278 (>6.07457e-05)
Group converged with errf= 0 (<=6.07457e-05)
--------------------------------------------------
Solving group 146, a group with 1 elements

Group contains the following variables:
u_membrane001.membrane_area

Group contains the following equations:
u_membrane001.farea1

Initializing ...
errf = 207.333 (>6.07457e-05)


1. iteration step
errx = 0.9952 (>6.07457e-05)
Group converged with errf= 0 (<=6.07457e-05)
--------------------------------------------------
Solving group 147, a group with 1 elements

Group contains the following variables:
u_membrane001.enrichment_factor_C

Group contains the following equations:
u_membrane001.enrfacC

Initializing ...
errf = 0.958333 (>6.07457e-05)


1. iteration step
errx = 23 (>6.07457e-05)
Group converged with errf= 2.77556e-17 (<=6.07457e-05)
--------------------------------------------------
Solving group 148, a group with 1 elements

Group contains the following variables:
u_membrane001.enrichment_factor_H

Group contains the following equations:
u_membrane001.enrfacH

Initializing ...
errf = 0.933333 (>6.07457e-05)


1. iteration step
errx = 14 (>6.07457e-05)
Group converged with errf= 2.77556e-17 (<=6.07457e-05)
--------------------------------------------------
Solving group 149, a group with 1 elements

Group contains the following variables:
u_membrane001.enrichment_factor_O

Group contains the following equations:
u_membrane001.enrfacO

Initializing ...
errf = 0.925 (>6.07457e-05)


1. iteration step
errx = 12.3333 (>6.07457e-05)
Group converged with errf= 1.38778e-17 (<=6.07457e-05)
--------------------------------------------------
Solving group 150, a group with 1 elements

Group contains the following variables:
u_membrane001.enrichment_factor_N

Group contains the following equations:
u_membrane001.enrfacN

Initializing ...
errf = 1 (>6.07457e-05)


1. iteration step
errx = 1000 (>6.07457e-05)
Group converged with errf= 0 (<=6.07457e-05)
--------------------------------------------------
Solving group 151, a group with 1 elements

Group contains the following variables:
u_membrane001.enrichment_factor_S

Group contains the following equations:
u_membrane001.enrfacS

Initializing ...
errf = 1 (>6.07457e-05)


1. iteration step
errx = 1000 (>6.07457e-05)
Group converged with errf= 0 (<=6.07457e-05)
--------------------------------------------------
Solving group 152, a group with 1 elements

Group contains the following variables:
u_membrane001.enrichment_factor_Cl

Group contains the following equations:
u_membrane001.enrfacCl

Initializing ...
errf = 1 (>6.07457e-05)


1. iteration step
errx = 1000 (>6.07457e-05)
Group converged with errf= 0 (<=6.07457e-05)
--------------------------------------------------
Solving group 153, a group with 1 elements

Group contains the following variables:
u_membrane001.retention_coefficient_C

Group contains the following equations:
u_membrane001.retcoeffC

Initializing ...
errf = 0.491667 (>6.07457e-05)


1. iteration step
errx = 0.967213 (>6.07457e-05)
Group converged with errf= 0 (<=6.07457e-05)
--------------------------------------------------
Solving group 154, a group with 1 elements

Group contains the following variables:
u_membrane001.retention_coefficient_H

Group contains the following equations:
u_membrane001.retcoeffH

Initializing ...
errf = 0.186667 (>6.07457e-05)


1. iteration step
errx = 0.229508 (>6.07457e-05)
Group converged with errf= 0 (<=6.07457e-05)
--------------------------------------------------
Solving group 155, a group with 1 elements

Group contains the following variables:
u_membrane001.retention_coefficient_O

Group contains the following equations:
u_membrane001.retcoeffO

Initializing ...
errf = 0.085 (>6.07457e-05)


1. iteration step
errx = 0.0928962 (>6.07457e-05)
Group converged with errf= 0 (<=6.07457e-05)
--------------------------------------------------
Solving group 156, a group with 1 elements

Group contains the following variables:
u_membrane001.retention_coefficient_N

Group contains the following equations:
u_membrane001.retcoeffN

Initializing ...
errf = 1 (>6.07457e-05)


1. iteration step
errx = 1000 (>6.07457e-05)
Group converged with errf= 0 (<=6.07457e-05)
--------------------------------------------------
Solving group 157, a group with 1 elements

Group contains the following variables:
u_membrane001.retention_coefficient_S

Group contains the following equations:
u_membrane001.retcoeffS

Initializing ...
errf = 1 (>6.07457e-05)


1. iteration step
errx = 1000 (>6.07457e-05)
Group converged with errf= 0 (<=6.07457e-05)
--------------------------------------------------
Solving group 158, a group with 1 elements

Group contains the following variables:
u_membrane001.retention_coefficient_Cl

Group contains the following equations:
u_membrane001.retcoeffCl

Initializing ...
errf = 1 (>6.07457e-05)


1. iteration step
errx = 1000 (>6.07457e-05)
Group converged with errf= 0 (<=6.07457e-05)

========================================================================
System solution finished.


%Warning: Test condition for g_cmp_org_ retentate not satisfied:
tmin_O:	"wO < 0.0"

========================================================================
Results:

x[1]     <ash_ret.wAsh>                   =          1  converged
x[2]     <ash_ret.wAl2O3>                 =          0  converged
x[3]     <ash_ret.wCaAl2O4>               =          0  converged
x[4]     <ash_ret.wCaCl2>                 =          0  converged
x[5]     <ash_ret.wCaCO3>                 =          0  converged
x[6]     <ash_ret.wCaO>                   =          0  converged
x[7]     <ash_ret.wCaOH2>                 =          0  converged
x[8]     <ash_ret.wCaS>                   =          0  converged
x[9]     <ash_ret.wCaSO4>                 =          0  converged
x[10]    <ash_ret.wCo>                    =          0  converged
x[11]    <ash_ret.wCoO>                   =          0  converged
x[12]    <ash_ret.wCu>                    =          0  converged
x[13]    <ash_ret.wCu2O>                  =          0  converged
x[14]    <ash_ret.wCuO>                   =          0  converged
x[15]    <ash_ret.wCuAl2O4>               =          0  converged
x[16]    <ash_ret.wCuS>                   =          0  converged
x[17]    <ash_ret.wFe>                    =          0  converged
x[18]    <ash_ret.wFeO>                   =          0  converged
x[19]    <ash_ret.wFe3O4>                 =          0  converged
x[20]    <ash_ret.wFe2O3>                 =          0  converged
x[21]    <ash_ret.wFe2SiO4>               =          0  converged
x[22]    <ash_ret.wK2O>                   =          0  converged
x[23]    <ash_ret.wMgAl2O4>               =          0  converged
x[24]    <ash_ret.wMgCO3>                 =          0  converged
x[25]    <ash_ret.wMgO>                   =          0  converged
x[26]    <ash_ret.wMg2SiO4>               =          0  converged
x[27]    <ash_ret.wMn>                    =          0  converged
x[28]    <ash_ret.wMnO>                   =          0  converged
x[29]    <ash_ret.wMn3O4>                 =          0  converged
x[30]    <ash_ret.wMn2O3>                 =          0  converged
x[31]    <ash_ret.wMnO2>                  =          0  converged
x[32]    <ash_ret.wNaCl>                  =          0  converged
x[33]    <ash_ret.wNa2O>                  =          0  converged
x[34]    <ash_ret.wNi>                    =          0  converged
x[35]    <ash_ret.wNiO>                   =          0  converged
x[36]    <ash_ret.wNiAl2O4>               =          0  converged
x[37]    <ash_ret.wSiO2>                  =          0  converged
x[38]    <ash_ret.wTiO2>                  =          0  converged
x[39]    <ash_ret.wZnO>                   =          0  converged
x[40]    <ash_ret.wZnS>                   =          0  converged
x[41]    <ash_ret.wZrO2>                  =          0  converged
x[42]    <ash_ret.rho>                    =          1  converged
x[43]    <ash.wAsh>                       =          1  converged
x[44]    <ash.wAl2O3>                     =          0  set
x[45]    <ash.wCaAl2O4>                   =          0  set
x[46]    <ash.wCaCl2>                     =          0  set
x[47]    <ash.wCaCO3>                     =          0  set
x[48]    <ash.wCaO>                       =          0  set
x[49]    <ash.wCaOH2>                     =          0  set
x[50]    <ash.wCaS>                       =          0  set
x[51]    <ash.wCaSO4>                     =          0  set
x[52]    <ash.wCo>                        =          0  set
x[53]    <ash.wCoO>                       =          0  set
x[54]    <ash.wCu>                        =          0  set
x[55]    <ash.wCu2O>                      =          0  set
x[56]    <ash.wCuO>                       =          0  set
x[57]    <ash.wCuAl2O4>                   =          0  set
x[58]    <ash.wCuS>                       =          0  set
x[59]    <ash.wFe>                        =          0  set
x[60]    <ash.wFeO>                       =          0  set
x[61]    <ash.wFe3O4>                     =          0  set
x[62]    <ash.wFe2O3>                     =          0  set
x[63]    <ash.wFe2SiO4>                   =          0  set
x[64]    <ash.wK2O>                       =          0  set
x[65]    <ash.wMgAl2O4>                   =          0  set
x[66]    <ash.wMgCO3>                     =          0  set
x[67]    <ash.wMgO>                       =          0  set
x[68]    <ash.wMg2SiO4>                   =          0  set
x[69]    <ash.wMn>                        =          0  set
x[70]    <ash.wMnO>                       =          0  set
x[71]    <ash.wMn3O4>                     =          0  set
x[72]    <ash.wMn2O3>                     =          0  set
x[73]    <ash.wMnO2>                      =          0  set
x[74]    <ash.wNaCl>                      =          0  set
x[75]    <ash.wNa2O>                      =          0  set
x[76]    <ash.wNi>                        =          0  set
x[77]    <ash.wNiO>                       =          0  set
x[78]    <ash.wNiAl2O4>                   =          0  set
x[79]    <ash.wSiO2>                      =          0  set
x[80]    <ash.wTiO2>                      =          0  set
x[81]    <ash.wZnO>                       =          0  set
x[82]    <ash.wZnS>                       =          0  set
x[83]    <ash.wZrO2>                      =          0  set
x[84]    <ash.rho>                        =          1  converged
x[85]    <retentate.SubstNr>              =          1  converged
x[86]    <retentate.wC>                   =    0.95902  converged
x[87]    <retentate.wH>                   =   0.033891  converged
x[88]    <retentate.wO>                   =  -0.042088  converged
x[89]    <retentate.wN>                   =   0.032787  converged
x[90]    <retentate.wS>                   =  0.0081967  converged
x[91]    <retentate.wCl>                  =  0.0081967  converged
x[92]    <retentate.lhv>                  =      37335  converged
x[93]    <retentate.hhv>                  =      38075  converged
x[94]    <retentate.hf298>                =     1773.7  converged
x[95]    <retentate.e_chem>               =      38075  converged
x[96]    <permeate.SubstNr>               =          1  converged
x[97]    <permeate.wC>                    =        0.5  converged
x[98]    <permeate.wH>                    =       0.08  converged
x[99]    <permeate.wO>                    =       0.42  converged
x[100]   <permeate.wN>                    =          0  converged
x[101]   <permeate.wS>                    =          0  converged
x[102]   <permeate.wCl>                   =          0  converged
x[103]   <permeate.lhv>                   =      20391  converged
x[104]   <permeate.hhv>                   =      22137  converged
x[105]   <permeate.hf298>                 =      -5587  converged
x[106]   <permeate.e_chem>                =      22137  converged
x[107]   <feed.SubstNr>                   =          1  converged
x[108]   <feed.wC>                        =    0.61856  converged
x[109]   <feed.wH>                        =   0.061856  converged
x[110]   <feed.wO>                        =    0.28866  converged
x[111]   <feed.wN>                        =   0.020619  converged
x[112]   <feed.wS>                        =  0.0051546  converged
x[113]   <feed.wCl>                       =  0.0051546  converged
x[114]   <feed.lhv>                       =      24420  converged
x[115]   <feed.hhv>                       =      25770  converged
x[116]   <feed.hf298>                     =    -3313.7  converged
x[117]   <feed.e_chem>                    =      25770  converged
x[118]   <c_st_o_006.p>                   =          2  converged
x[119]   <c_st_o_006.t>                   =         45  converged
x[120]   <c_st_o_006.rho>                 =       1000  converged
x[121]   <c_st_o_006.h_waf>               =     57.436  converged
x[122]   <c_st_o_006.s_waf>               =    0.78598  converged
x[123]   <c_st_o_006.e_waf>               =      22138  converged
x[124]   <c_st_o_006.water_content>       =       0.99  converged
x[125]   <c_st_o_006.ash_content>         =          0  converged
x[126]   <c_st_o_006.h_total>             =     -15680  converged
x[127]   <c_st_o_006.lhv>                 =    -2214.3  converged
x[128]   <c_st_o_006.hhv>                 =     221.37  converged
x[129]   <c_st_o_006.massflow>            =       6000  converged
x[130]   <c_st_o_006.volflow>             =          6  converged
x[131]   <c_st_o_006.Energy>              =    -3378.3  converged
x[132]   <c_st_o_006.Exergy>              =     376.44  converged
x[133]   <c_st_o_002.p>                   =          2  converged
x[134]   <c_st_o_002.t>                   =         45  converged
x[135]   <c_st_o_002.rho>                 =       1000  converged
x[136]   <c_st_o_002.h_waf>               =     57.436  converged
x[137]   <c_st_o_002.s_waf>               =    0.78598  converged
x[138]   <c_st_o_002.e_waf>               =      22138  converged
x[139]   <c_st_o_002.water_content>       =       0.99  converged
x[140]   <c_st_o_002.ash_content>         =          0  converged
x[141]   <c_st_o_002.h_total>             =     -15680  converged
x[142]   <c_st_o_002.lhv>                 =    -2214.3  converged
x[143]   <c_st_o_002.hhv>                 =     221.37  converged
x[144]   <c_st_o_002.massflow>            =       6000  set
x[145]   <c_st_o_002.volflow>             =          6  converged
x[146]   <c_st_o_002.Energy>              =    -3378.3  converged
x[147]   <c_st_o_002.Exergy>              =     376.44  converged
x[148]   <c_st_o_005.p>                   =         10  converged
x[149]   <c_st_o_005.t>                   =         45  converged
x[150]   <c_st_o_005.rho>                 =       1000  converged
x[151]   <c_st_o_005.h_waf>               =     44.336  converged
x[152]   <c_st_o_005.s_waf>               =    0.76637  converged
x[153]   <c_st_o_005.e_waf>               =      38075  converged
x[154]   <c_st_o_005.water_content>       =       0.68  converged
x[155]   <c_st_o_005.ash_content>         =      0.015  converged
x[156]   <c_st_o_005.h_total>             =     -10341  converged
x[157]   <c_st_o_005.lhv>                 =     9726.2  converged
x[158]   <c_st_o_005.hhv>                 =      11613  converged
x[159]   <c_st_o_005.massflow>            =       4000  converged
x[160]   <c_st_o_005.volflow>             =          4  converged
x[161]   <c_st_o_005.Energy>              =      10965  converged
x[162]   <c_st_o_005.Exergy>              =      12963  converged
x[163]   <c_st_o_003.p>                   =         10  converged
x[164]   <c_st_o_003.t>                   =         45  converged
x[165]   <c_st_o_003.rho>                 =       1000  converged
x[166]   <c_st_o_003.h_waf>               =     44.336  converged
x[167]   <c_st_o_003.s_waf>               =    0.76637  converged
x[168]   <c_st_o_003.e_waf>               =      38075  converged
x[169]   <c_st_o_003.water_content>       =       0.68  converged
x[170]   <c_st_o_003.ash_content>         =      0.015  converged
x[171]   <c_st_o_003.h_total>             =     -10341  converged
x[172]   <c_st_o_003.lhv>                 =     9726.2  converged
x[173]   <c_st_o_003.hhv>                 =      11613  converged
x[174]   <c_st_o_003.massflow>            =       4000  converged
x[175]   <c_st_o_003.volflow>             =          4  converged
x[176]   <c_st_o_003.Energy>              =      10965  converged
x[177]   <c_st_o_003.Exergy>              =      12963  converged
x[178]   <c_st_o_004.p>                   =         12  converged
x[179]   <c_st_o_004.t>                   =         50  converged
x[180]   <c_st_o_004.rho>                 =       1000  converged
x[181]   <c_st_o_004.h_waf>               =     57.947  converged
x[182]   <c_st_o_004.s_waf>               =    0.79679  converged
x[183]   <c_st_o_004.e_waf>               =      25771  converged
x[184]   <c_st_o_004.water_content>       =        0.8  converged
x[185]   <c_st_o_004.ash_content>         =      0.006  converged
x[186]   <c_st_o_004.h_total>             =     -13308  converged
x[187]   <c_st_o_004.lhv>                 =     2783.3  converged
x[188]   <c_st_o_004.hhv>                 =     4999.4  converged
x[189]   <c_st_o_004.massflow>            =      10000  converged
x[190]   <c_st_o_004.volflow>             =         10  converged
x[191]   <c_st_o_004.Energy>              =     8230.8  converged
x[192]   <c_st_o_004.Exergy>              =      13959  converged
x[193]   <c_st_o_001.p>                   =         12  set
x[194]   <c_st_o_001.t>                   =         50  set
x[195]   <c_st_o_001.rho>                 =       1000  set
x[196]   <c_st_o_001.h_waf>               =     57.947  converged
x[197]   <c_st_o_001.s_waf>               =    0.79679  converged
x[198]   <c_st_o_001.e_waf>               =      25771  converged
x[199]   <c_st_o_001.water_content>       =        0.8  converged
x[200]   <c_st_o_001.ash_content>         =      0.006  converged
x[201]   <c_st_o_001.h_total>             =     -13308  converged
x[202]   <c_st_o_001.lhv>                 =     2783.3  converged
x[203]   <c_st_o_001.hhv>                 =     4999.4  converged
x[204]   <c_st_o_001.massflow>            =      10000  set
x[205]   <c_st_o_001.volflow>             =         10  converged
x[206]   <c_st_o_001.Energy>              =     8230.8  converged
x[207]   <c_st_o_001.Exergy>              =      13959  converged
x[208]   <u_cmp_o_003.water_content>      =         99  set
x[209]   <u_cmp_o_003.ash_content_wf>     =          0  converged
x[210]   <u_cmp_o_003.C_wf>               =         50  converged
x[211]   <u_cmp_o_003.H_wf>               =          8  set
x[212]   <u_cmp_o_003.O_wf>               =         42  set
x[213]   <u_cmp_o_003.N_wf>               =          0  set
x[214]   <u_cmp_o_003.S_wf>               =          0  set
x[215]   <u_cmp_o_003.Cl_wf>              =          0  set
x[216]   <u_cmp_o_003.lhv_wf>             =      20391  converged
x[217]   <u_cmp_o_003.hhv_wf>             =      22137  converged
x[218]   <u_cmp_o_002.water_content>      =         68  set
x[219]   <u_cmp_o_002.ash_content_wf>     =     4.6875  converged
x[220]   <u_cmp_o_002.C_wf>               =     91.406  converged
x[221]   <u_cmp_o_002.H_wf>               =     3.2302  converged
x[222]   <u_cmp_o_002.O_wf>               =    -4.0115  converged
x[223]   <u_cmp_o_002.N_wf>               =      3.125  converged
x[224]   <u_cmp_o_002.S_wf>               =    0.78125  converged
x[225]   <u_cmp_o_002.Cl_wf>              =    0.78125  converged
x[226]   <u_cmp_o_002.lhv_wf>             =      35585  converged
x[227]   <u_cmp_o_002.hhv_wf>             =      36290  converged
x[228]   <u_cmp_o_001.water_content>      =         80  set
x[229]   <u_cmp_o_001.ash_content_wf>     =          3  set
x[230]   <u_cmp_o_001.C_wf>               =         60  converged
x[231]   <u_cmp_o_001.H_wf>               =          6  set
x[232]   <u_cmp_o_001.O_wf>               =         28  set
x[233]   <u_cmp_o_001.N_wf>               =          2  set
x[234]   <u_cmp_o_001.S_wf>               =        0.5  set
x[235]   <u_cmp_o_001.Cl_wf>              =        0.5  set
x[236]   <u_cmp_o_001.lhv_wf>             =      23687  converged
x[237]   <u_cmp_o_001.hhv_wf>             =      24997  converged
x[238]   <u_sink_o_002.massflow>          =       6000  converged
x[239]   <u_sink_o_002.volflow>           =          6  converged
x[240]   <u_sink_o_002.p>                 =          2  converged
x[241]   <u_sink_o_002.t>                 =         45  converged
x[242]   <u_sink_o_001.massflow>          =       4000  converged
x[243]   <u_sink_o_001.volflow>           =          4  converged
x[244]   <u_sink_o_001.p>                 =         10  converged
x[245]   <u_sink_o_001.t>                 =         45  converged
x[246]   <u_source_o_001.massflow>        =      10000  converged
x[247]   <u_source_o_001.volflow>         =         10  converged
x[248]   <u_source_o_001.p>               =         12  converged
x[249]   <u_source_o_001.t>               =         50  converged
x[250]   <u_membrane001.dp_permeate>      =         10  set
x[251]   <u_membrane001.dp_retentate>     =          2  set
x[252]   <u_membrane001.dT_permeate>      =          5  set
x[253]   <u_membrane001.dT_retentate>     =          5  set
x[254]   <u_membrane001.spec_energy>      =         10  set
x[255]   <u_membrane001.W_tot>            =         60  converged
x[256]   <u_membrane001.Q_loss>           =     716.45  converged
x[257]   <u_membrane001.flux>             =       28.8  converged
x[258]   <u_membrane001.membrane_area>    =     208.33  converged
x[259]   <u_membrane001.membrane_constant> =      8e-07  set
x[260]   <u_membrane001.enrichment_factor_C> =   0.041667  converged
x[261]   <u_membrane001.enrichment_factor_H> =   0.066667  converged
x[262]   <u_membrane001.enrichment_factor_O> =      0.075  converged
x[263]   <u_membrane001.enrichment_factor_N> =          0  converged
x[264]   <u_membrane001.enrichment_factor_S> =          0  converged
x[265]   <u_membrane001.enrichment_factor_Cl> =          0  converged
x[266]   <u_membrane001.retention_coefficient_C> =    0.50833  converged
x[267]   <u_membrane001.retention_coefficient_H> =    0.81333  converged
x[268]   <u_membrane001.retention_coefficient_O> =      0.915  converged
x[269]   <u_membrane001.retention_coefficient_N> =          0  converged
x[270]   <u_membrane001.retention_coefficient_S> =          0  converged
x[271]   <u_membrane001.retention_coefficient_Cl> =          0  converged

%Error: BaseMessageHandler::SendError: Invalide Error Code : >4116

========================================================================
Solution
Start:	May 26 2024, 17:20:18.572
End:  	May 26 2024, 17:20:18.878
Actual Time:	0.306000 seconds
CPU Time:   	0.296000 seconds
CPU Percentage:	23%
1 errors (0 recovered errors)
1 warnings (0 recovered warnings)
========================================================================
